<?xml version="1.0" encoding="UTF-8"?>
<!-- Generated by org.testng.reporters.JUnitXMLReporter -->
<testsuite ignored="0" hostname="SPCOKLAP-5140" failures="0" tests="31" name="Default test" time="425.291" errors="0" timestamp="2025-01-07T20:37:15 IST">
  <testcase classname="com.test.CallCenter_AccountFiltration_Module.AllScenarios_CallCenter_AccountFiltrationModule" name="Login_to_call_centre_application_and_take_account_filtration_page" time="9.999"/>
  <testcase classname="com.test.CallCenter_AccountFiltration_Module.AllScenarios_CallCenter_AccountFiltrationModule" name="Allocated_To_dropdown_mandatory_checking" time="8.729"/>
  <testcase classname="com.test.CallCenter_AccountFiltration_Module.AllScenarios_CallCenter_AccountFiltrationModule" name="Asset_category_dropdown_mandatory_checking" time="8.756"/>
  <testcase classname="com.test.CallCenter_AccountFiltration_Module.AllScenarios_CallCenter_AccountFiltrationModule" name="Select_SMA_and_NPA_Categories" time="12.238"/>
  <testcase classname="com.test.CallCenter_AccountFiltration_Module.AllScenarios_CallCenter_AccountFiltrationModule" name="SMA_Category_Selection" time="3.56"/>
  <testcase classname="com.test.CallCenter_AccountFiltration_Module.AllScenarios_CallCenter_AccountFiltrationModule" name="NPA_Category_Selection" time="3.549"/>
  <testcase classname="com.test.CallCenter_AccountFiltration_Module.AllScenarios_CallCenter_AccountFiltrationModule" name="Allocation_Type_Selection__Auto" time="4.106"/>
  <testcase classname="com.test.CallCenter_AccountFiltration_Module.AllScenarios_CallCenter_AccountFiltrationModule" name="Perform_Search_with_Valid_Data" time="10.381"/>
  <testcase classname="com.test.CallCenter_AccountFiltration_Module.AllScenarios_CallCenter_AccountFiltrationModule" name="Login_to_beacon_fcm_core_application_Verify_Auto_Allocation_Page_Load" time="74.766"/>
  <testcase classname="com.test.CallCenter_AccountFiltration_Module.AllScenarios_CallCenter_AccountFiltrationModule" name="Verify_Fields_and_Buttons_on_Auto_Allocation_Page" time="3.619"/>
  <testcase classname="com.test.CallCenter_AccountFiltration_Module.AllScenarios_CallCenter_AccountFiltrationModule" name="Enter_Allocation_Name_with_Alphabets" time="7.12"/>
  <testcase classname="com.test.CallCenter_AccountFiltration_Module.AllScenarios_CallCenter_AccountFiltrationModule" name="Select_effect_Date_from_Date_Picker" time="3.398"/>
  <testcase classname="com.test.CallCenter_AccountFiltration_Module.AllScenarios_CallCenter_AccountFiltrationModule" name="Select_NPA_and_SMA_Category_Checkbox" time="49.735"/>
  <testcase classname="com.test.CallCenter_AccountFiltration_Module.AllScenarios_CallCenter_AccountFiltrationModule" name="Select_Zone_from_Dropdown" time="8.403"/>
  <testcase classname="com.test.CallCenter_AccountFiltration_Module.AllScenarios_CallCenter_AccountFiltrationModule" name="Select_Processing_Interval_from_Dropdown" time="8.448"/>
  <testcase classname="com.test.CallCenter_AccountFiltration_Module.AllScenarios_CallCenter_AccountFiltrationModule" name="Select_To_Dropdown" time="8.458"/>
  <testcase classname="com.test.CallCenter_AccountFiltration_Module.AllScenarios_CallCenter_AccountFiltrationModule" name="Add_New_Allocation_Name" time="21.432"/>
  <testcase classname="com.test.CallCenter_AccountFiltration_Module.AllScenarios_CallCenter_AccountFiltrationModule" name="Verify_Allocation_Name_Status_After_Creation" time="4.107"/>
  <testcase classname="com.test.CallCenter_AccountFiltration_Module.AllScenarios_CallCenter_AccountFiltrationModule" name="Deactivate_Allocation_Name" time="20.972"/>
  <testcase classname="com.test.CallCenter_AccountFiltration_Module.AllScenarios_CallCenter_AccountFiltrationModule" name="Reactivate_Allocation_Name" time="15.9"/>
  <testcase classname="com.test.CallCenter_AccountFiltration_Module.AllScenarios_CallCenter_AccountFiltrationModule" name="Run_Database_Package_and_Verify_Accounts_Insertion" time="31.406"/>
  <testcase classname="com.test.CallCenter_AccountFiltration_Module.AllScenarios_CallCenter_AccountFiltrationModule" name="Login_to_call_centre_application_and_take_account_filtration_pages" time="50.526"/>
  <testcase classname="com.test.CallCenter_AccountFiltration_Module.AllScenarios_CallCenter_AccountFiltrationModule" name="Select_SMA_and_NPA_Categorie" time="12.793"/>
  <testcase classname="com.test.CallCenter_AccountFiltration_Module.AllScenarios_CallCenter_AccountFiltrationModule" name="SMA_Category_Selections" time="3.541"/>
  <testcase classname="com.test.CallCenter_AccountFiltration_Module.AllScenarios_CallCenter_AccountFiltrationModule" name="NPA_Category_Selections" time="4.202"/>
  <testcase classname="com.test.CallCenter_AccountFiltration_Module.AllScenarios_CallCenter_AccountFiltrationModule" name="Allocation_Type_Selections__Auto" time="4.144"/>
  <testcase classname="com.test.CallCenter_AccountFiltration_Module.AllScenarios_CallCenter_AccountFiltrationModule" name="Allocated_To_Selection__Call_Centre" time="3.565"/>
  <testcase classname="com.test.CallCenter_AccountFiltration_Module.AllScenarios_CallCenter_AccountFiltrationModule" name="Perform_Search_with_Valid_Datas" time="11.349"/>
  <testcase classname="com.test.CallCenter_AccountFiltration_Module.AllScenarios_CallCenter_AccountFiltrationModule" name="Verify_Total_Account_and_Amount_in_Grid" time="3.053"/>
  <testcase classname="com.test.CallCenter_AccountFiltration_Module.AllScenarios_CallCenter_AccountFiltrationModule" name="Download_File__List_of_Accounts" time="8.094"/>
  <testcase classname="com.test.CallCenter_AccountFiltration_Module.AllScenarios_CallCenter_AccountFiltrationModule" name="Verify_Downloaded_File" time="3.188"/>
</testsuite> <!-- Default test -->
