<?xml version="1.0" encoding="UTF-8"?>
<!-- Generated by org.testng.reporters.JUnitXMLReporter -->
<testsuite ignored="0" hostname="SPCOKLAP-5140" failures="0" tests="14" name="Default test" time="406.169" errors="0" timestamp="2024-12-16T20:51:34 IST">
  <testcase classname="com.test.Updation_of_DispositionModule.AllScenarios_Updation_of_DispositionModule" name="Open_Updation_of_Disposition_Screen" time="5.294"/>
  <testcase classname="com.test.Updation_of_DispositionModule.AllScenarios_Updation_of_DispositionModule" name="Account_Number_Field__ECP_Validations" time="3.768"/>
  <testcase classname="com.test.Updation_of_DispositionModule.AllScenarios_Updation_of_DispositionModule" name="Attempt_to_Enter_More_than_25_Characters" time="3.619"/>
  <testcase classname="com.test.Updation_of_DispositionModule.AllScenarios_Updation_of_DispositionModule" name="Enter_Invalid_Account_Number_and_Search" time="50.637"/>
  <testcase classname="com.test.Updation_of_DispositionModule.AllScenarios_Updation_of_DispositionModule" name="Search_with_Empty_Account_Number_Field" time="29.477"/>
  <testcase classname="com.test.Updation_of_DispositionModule.AllScenarios_Updation_of_DispositionModule" name="Enter_invalid_Account_Number_which_is_user_not_assigned_branches_and_Search" time="87.088"/>
  <testcase classname="com.test.Updation_of_DispositionModule.AllScenarios_Updation_of_DispositionModule" name="Enter_Valid_Account_Number_and_Search" time="58.679"/>
  <testcase classname="com.test.Updation_of_DispositionModule.AllScenarios_Updation_of_DispositionModule" name="Add_New_Interaction_Details__All_Fields_Missing_Validation" time="5.989"/>
  <testcase classname="com.test.Updation_of_DispositionModule.AllScenarios_Updation_of_DispositionModule" name="Add_New_Interaction_Details__Disposition_Missing_Validation" time="6.249"/>
  <testcase classname="com.test.Updation_of_DispositionModule.AllScenarios_Updation_of_DispositionModule" name="Add_New_Interaction_Details__Sub_Disposition_Missing_Validation" time="17.142"/>
  <testcase classname="com.test.Updation_of_DispositionModule.AllScenarios_Updation_of_DispositionModule" name="Add_New_Interaction_Details__NextAction_Date_Missing_Validation" time="6.701"/>
  <testcase classname="com.test.Updation_of_DispositionModule.AllScenarios_Updation_of_DispositionModule" name="Add_New_Interaction_Details__Remark_Missing_Validation" time="45.488"/>
  <testcase classname="com.test.Updation_of_DispositionModule.AllScenarios_Updation_of_DispositionModule" name="Add_New_Interaction_Details__Successful_Form_Submission" time="32.705"/>
  <testcase classname="com.test.Updation_of_DispositionModule.AllScenarios_Updation_of_DispositionModule" name="Verify_successfully_saved_interaction_in_history_of_interaction_details_section" time="49.644"/>
</testsuite> <!-- Default test -->
