<?xml version="1.0" encoding="UTF-8"?>
<testng-results ignored="0" total="23" passed="23" failed="0" skipped="0">
  <reporter-output>
  </reporter-output>
  <suite started-at="2025-03-21T10:33:56 IST" name="Default suite" finished-at="2025-03-21T10:39:16 IST" duration-ms="319594">
    <groups>
    </groups>
    <test started-at="2025-03-21T10:33:56 IST" name="Default test" finished-at="2025-03-21T10:39:16 IST" duration-ms="319594">
      <class name="core.AlertsandNotifications.AlertsNotificationManagement_TestClass">
        <test-method is-config="true" signature="SetUp()[pri:0, instance:core.AlertsandNotifications.AlertsNotificationManagement_TestClass@24aed80c]" started-at="2025-03-21T10:33:56 IST" name="SetUp" finished-at="2025-03-21T10:33:56 IST" duration-ms="21" status="PASS">
          <reporter-output>
          </reporter-output>
        </test-method> <!-- SetUp -->
        <test-method is-config="true" signature="setupTest(java.lang.reflect.Method)[pri:0, instance:core.AlertsandNotifications.AlertsNotificationManagement_TestClass@24aed80c]" started-at="2025-03-21T10:33:56 IST" name="setupTest" finished-at="2025-03-21T10:33:57 IST" duration-ms="696" status="PASS">
          <params>
            <param index="0">
              <value>
                <![CDATA[public void core.AlertsandNotifications.AlertsNotificationManagement_TestClass.Test_Login_with_Valid_Credentials() throws java.lang.Exception]]>
              </value>
            </param>
          </params>
          <reporter-output>
          </reporter-output>
        </test-method> <!-- setupTest -->
        <test-method signature="Test_Login_with_Valid_Credentials()[pri:1, instance:core.AlertsandNotifications.AlertsNotificationManagement_TestClass@24aed80c]" started-at="2025-03-21T10:33:57 IST" name="Test_Login_with_Valid_Credentials" finished-at="2025-03-21T10:36:01 IST" duration-ms="123931" status="PASS">
          <reporter-output>
          </reporter-output>
        </test-method> <!-- Test_Login_with_Valid_Credentials -->
        <test-method is-config="true" signature="takeScreenshotOnFailure(org.testng.ITestResult)[pri:0, instance:core.AlertsandNotifications.AlertsNotificationManagement_TestClass@24aed80c]" started-at="2025-03-21T10:36:01 IST" name="takeScreenshotOnFailure" finished-at="2025-03-21T10:36:01 IST" duration-ms="3" status="PASS">
          <params>
            <param index="0">
              <value>
                <![CDATA[[TestResult name=Test_Login_with_Valid_Credentials status=SUCCESS method=AlertsNotificationManagement_TestClass.Test_Login_with_Valid_Credentials()[pri:1, instance:core.AlertsandNotifications.AlertsNotificationManagement_TestClass@24aed80c] output={null}]]]>
              </value>
            </param>
          </params>
          <reporter-output>
          </reporter-output>
        </test-method> <!-- takeScreenshotOnFailure -->
        <test-method is-config="true" signature="setupTest(java.lang.reflect.Method)[pri:0, instance:core.AlertsandNotifications.AlertsNotificationManagement_TestClass@24aed80c]" started-at="2025-03-21T10:36:01 IST" name="setupTest" finished-at="2025-03-21T10:36:01 IST" duration-ms="3" status="PASS">
          <params>
            <param index="0">
              <value>
                <![CDATA[public void core.AlertsandNotifications.AlertsNotificationManagement_TestClass.Display_Alerts_and_Notifications_Menu_Option() throws java.lang.InterruptedException]]>
              </value>
            </param>
          </params>
          <reporter-output>
          </reporter-output>
        </test-method> <!-- setupTest -->
        <test-method signature="Display_Alerts_and_Notifications_Menu_Option()[pri:2, instance:core.AlertsandNotifications.AlertsNotificationManagement_TestClass@24aed80c]" started-at="2025-03-21T10:36:01 IST" name="Display_Alerts_and_Notifications_Menu_Option" finished-at="2025-03-21T10:36:09 IST" duration-ms="8127" status="PASS">
          <reporter-output>
          </reporter-output>
        </test-method> <!-- Display_Alerts_and_Notifications_Menu_Option -->
        <test-method is-config="true" signature="takeScreenshotOnFailure(org.testng.ITestResult)[pri:0, instance:core.AlertsandNotifications.AlertsNotificationManagement_TestClass@24aed80c]" started-at="2025-03-21T10:36:09 IST" name="takeScreenshotOnFailure" finished-at="2025-03-21T10:36:09 IST" duration-ms="1" status="PASS">
          <params>
            <param index="0">
              <value>
                <![CDATA[[TestResult name=Display_Alerts_and_Notifications_Menu_Option status=SUCCESS method=AlertsNotificationManagement_TestClass.Display_Alerts_and_Notifications_Menu_Option()[pri:2, instance:core.AlertsandNotifications.AlertsNotificationManagement_TestClass@24aed80c] output={null}]]]>
              </value>
            </param>
          </params>
          <reporter-output>
          </reporter-output>
        </test-method> <!-- takeScreenshotOnFailure -->
        <test-method is-config="true" signature="setupTest(java.lang.reflect.Method)[pri:0, instance:core.AlertsandNotifications.AlertsNotificationManagement_TestClass@24aed80c]" started-at="2025-03-21T10:36:09 IST" name="setupTest" finished-at="2025-03-21T10:36:09 IST" duration-ms="4" status="PASS">
          <params>
            <param index="0">
              <value>
                <![CDATA[public void core.AlertsandNotifications.AlertsNotificationManagement_TestClass.Access_Alerts_and_Notifications_Page() throws java.lang.InterruptedException]]>
              </value>
            </param>
          </params>
          <reporter-output>
          </reporter-output>
        </test-method> <!-- setupTest -->
        <test-method signature="Access_Alerts_and_Notifications_Page()[pri:3, instance:core.AlertsandNotifications.AlertsNotificationManagement_TestClass@24aed80c]" started-at="2025-03-21T10:36:09 IST" name="Access_Alerts_and_Notifications_Page" finished-at="2025-03-21T10:36:12 IST" duration-ms="3171" status="PASS">
          <reporter-output>
          </reporter-output>
        </test-method> <!-- Access_Alerts_and_Notifications_Page -->
        <test-method is-config="true" signature="takeScreenshotOnFailure(org.testng.ITestResult)[pri:0, instance:core.AlertsandNotifications.AlertsNotificationManagement_TestClass@24aed80c]" started-at="2025-03-21T10:36:12 IST" name="takeScreenshotOnFailure" finished-at="2025-03-21T10:36:12 IST" duration-ms="1" status="PASS">
          <params>
            <param index="0">
              <value>
                <![CDATA[[TestResult name=Access_Alerts_and_Notifications_Page status=SUCCESS method=AlertsNotificationManagement_TestClass.Access_Alerts_and_Notifications_Page()[pri:3, instance:core.AlertsandNotifications.AlertsNotificationManagement_TestClass@24aed80c] output={null}]]]>
              </value>
            </param>
          </params>
          <reporter-output>
          </reporter-output>
        </test-method> <!-- takeScreenshotOnFailure -->
        <test-method is-config="true" signature="setupTest(java.lang.reflect.Method)[pri:0, instance:core.AlertsandNotifications.AlertsNotificationManagement_TestClass@24aed80c]" started-at="2025-03-21T10:36:12 IST" name="setupTest" finished-at="2025-03-21T10:36:12 IST" duration-ms="4" status="PASS">
          <params>
            <param index="0">
              <value>
                <![CDATA[public void core.AlertsandNotifications.AlertsNotificationManagement_TestClass.Verify_Notification_Management_Menu_Display() throws java.lang.InterruptedException]]>
              </value>
            </param>
          </params>
          <reporter-output>
          </reporter-output>
        </test-method> <!-- setupTest -->
        <test-method signature="Verify_Notification_Management_Menu_Display()[pri:4, instance:core.AlertsandNotifications.AlertsNotificationManagement_TestClass@24aed80c]" started-at="2025-03-21T10:36:12 IST" name="Verify_Notification_Management_Menu_Display" finished-at="2025-03-21T10:36:43 IST" duration-ms="31016" status="PASS">
          <reporter-output>
          </reporter-output>
        </test-method> <!-- Verify_Notification_Management_Menu_Display -->
        <test-method is-config="true" signature="takeScreenshotOnFailure(org.testng.ITestResult)[pri:0, instance:core.AlertsandNotifications.AlertsNotificationManagement_TestClass@24aed80c]" started-at="2025-03-21T10:36:43 IST" name="takeScreenshotOnFailure" finished-at="2025-03-21T10:36:43 IST" duration-ms="0" status="PASS">
          <params>
            <param index="0">
              <value>
                <![CDATA[[TestResult name=Verify_Notification_Management_Menu_Display status=SUCCESS method=AlertsNotificationManagement_TestClass.Verify_Notification_Management_Menu_Display()[pri:4, instance:core.AlertsandNotifications.AlertsNotificationManagement_TestClass@24aed80c] output={null}]]]>
              </value>
            </param>
          </params>
          <reporter-output>
          </reporter-output>
        </test-method> <!-- takeScreenshotOnFailure -->
        <test-method is-config="true" signature="setupTest(java.lang.reflect.Method)[pri:0, instance:core.AlertsandNotifications.AlertsNotificationManagement_TestClass@24aed80c]" started-at="2025-03-21T10:36:43 IST" name="setupTest" finished-at="2025-03-21T10:36:43 IST" duration-ms="5" status="PASS">
          <params>
            <param index="0">
              <value>
                <![CDATA[public void core.AlertsandNotifications.AlertsNotificationManagement_TestClass.Verify_Notification_Management_Type_Fields() throws java.lang.InterruptedException]]>
              </value>
            </param>
          </params>
          <reporter-output>
          </reporter-output>
        </test-method> <!-- setupTest -->
        <test-method signature="Verify_Notification_Management_Type_Fields()[pri:5, instance:core.AlertsandNotifications.AlertsNotificationManagement_TestClass@24aed80c]" started-at="2025-03-21T10:36:43 IST" name="Verify_Notification_Management_Type_Fields" finished-at="2025-03-21T10:36:46 IST" duration-ms="3248" status="PASS">
          <reporter-output>
          </reporter-output>
        </test-method> <!-- Verify_Notification_Management_Type_Fields -->
        <test-method is-config="true" signature="takeScreenshotOnFailure(org.testng.ITestResult)[pri:0, instance:core.AlertsandNotifications.AlertsNotificationManagement_TestClass@24aed80c]" started-at="2025-03-21T10:36:46 IST" name="takeScreenshotOnFailure" finished-at="2025-03-21T10:36:46 IST" duration-ms="1" status="PASS">
          <params>
            <param index="0">
              <value>
                <![CDATA[[TestResult name=Verify_Notification_Management_Type_Fields status=SUCCESS method=AlertsNotificationManagement_TestClass.Verify_Notification_Management_Type_Fields()[pri:5, instance:core.AlertsandNotifications.AlertsNotificationManagement_TestClass@24aed80c] output={null}]]]>
              </value>
            </param>
          </params>
          <reporter-output>
          </reporter-output>
        </test-method> <!-- takeScreenshotOnFailure -->
        <test-method is-config="true" signature="setupTest(java.lang.reflect.Method)[pri:0, instance:core.AlertsandNotifications.AlertsNotificationManagement_TestClass@24aed80c]" started-at="2025-03-21T10:36:46 IST" name="setupTest" finished-at="2025-03-21T10:36:46 IST" duration-ms="5" status="PASS">
          <params>
            <param index="0">
              <value>
                <![CDATA[public void core.AlertsandNotifications.AlertsNotificationManagement_TestClass.Verify_Category_Fields() throws java.lang.InterruptedException]]>
              </value>
            </param>
          </params>
          <reporter-output>
          </reporter-output>
        </test-method> <!-- setupTest -->
        <test-method signature="Verify_Category_Fields()[pri:6, instance:core.AlertsandNotifications.AlertsNotificationManagement_TestClass@24aed80c]" started-at="2025-03-21T10:36:46 IST" name="Verify_Category_Fields" finished-at="2025-03-21T10:36:50 IST" duration-ms="3245" status="PASS">
          <reporter-output>
          </reporter-output>
        </test-method> <!-- Verify_Category_Fields -->
        <test-method is-config="true" signature="takeScreenshotOnFailure(org.testng.ITestResult)[pri:0, instance:core.AlertsandNotifications.AlertsNotificationManagement_TestClass@24aed80c]" started-at="2025-03-21T10:36:50 IST" name="takeScreenshotOnFailure" finished-at="2025-03-21T10:36:50 IST" duration-ms="2" status="PASS">
          <params>
            <param index="0">
              <value>
                <![CDATA[[TestResult name=Verify_Category_Fields status=SUCCESS method=AlertsNotificationManagement_TestClass.Verify_Category_Fields()[pri:6, instance:core.AlertsandNotifications.AlertsNotificationManagement_TestClass@24aed80c] output={null}]]]>
              </value>
            </param>
          </params>
          <reporter-output>
          </reporter-output>
        </test-method> <!-- takeScreenshotOnFailure -->
        <test-method is-config="true" signature="setupTest(java.lang.reflect.Method)[pri:0, instance:core.AlertsandNotifications.AlertsNotificationManagement_TestClass@24aed80c]" started-at="2025-03-21T10:36:50 IST" name="setupTest" finished-at="2025-03-21T10:36:50 IST" duration-ms="4" status="PASS">
          <params>
            <param index="0">
              <value>
                <![CDATA[public void core.AlertsandNotifications.AlertsNotificationManagement_TestClass.Verify_Schedule_Type_Fields() throws java.lang.InterruptedException]]>
              </value>
            </param>
          </params>
          <reporter-output>
          </reporter-output>
        </test-method> <!-- setupTest -->
        <test-method signature="Verify_Schedule_Type_Fields()[pri:7, instance:core.AlertsandNotifications.AlertsNotificationManagement_TestClass@24aed80c]" started-at="2025-03-21T10:36:50 IST" name="Verify_Schedule_Type_Fields" finished-at="2025-03-21T10:36:53 IST" duration-ms="3307" status="PASS">
          <reporter-output>
          </reporter-output>
        </test-method> <!-- Verify_Schedule_Type_Fields -->
        <test-method is-config="true" signature="takeScreenshotOnFailure(org.testng.ITestResult)[pri:0, instance:core.AlertsandNotifications.AlertsNotificationManagement_TestClass@24aed80c]" started-at="2025-03-21T10:36:53 IST" name="takeScreenshotOnFailure" finished-at="2025-03-21T10:36:53 IST" duration-ms="1" status="PASS">
          <params>
            <param index="0">
              <value>
                <![CDATA[[TestResult name=Verify_Schedule_Type_Fields status=SUCCESS method=AlertsNotificationManagement_TestClass.Verify_Schedule_Type_Fields()[pri:7, instance:core.AlertsandNotifications.AlertsNotificationManagement_TestClass@24aed80c] output={null}]]]>
              </value>
            </param>
          </params>
          <reporter-output>
          </reporter-output>
        </test-method> <!-- takeScreenshotOnFailure -->
        <test-method is-config="true" signature="setupTest(java.lang.reflect.Method)[pri:0, instance:core.AlertsandNotifications.AlertsNotificationManagement_TestClass@24aed80c]" started-at="2025-03-21T10:36:53 IST" name="setupTest" finished-at="2025-03-21T10:36:53 IST" duration-ms="2" status="PASS">
          <params>
            <param index="0">
              <value>
                <![CDATA[public void core.AlertsandNotifications.AlertsNotificationManagement_TestClass.Verify_Status_Fields() throws java.lang.InterruptedException]]>
              </value>
            </param>
          </params>
          <reporter-output>
          </reporter-output>
        </test-method> <!-- setupTest -->
        <test-method signature="Verify_Status_Fields()[pri:8, instance:core.AlertsandNotifications.AlertsNotificationManagement_TestClass@24aed80c]" started-at="2025-03-21T10:36:53 IST" name="Verify_Status_Fields" finished-at="2025-03-21T10:36:56 IST" duration-ms="3224" status="PASS">
          <reporter-output>
          </reporter-output>
        </test-method> <!-- Verify_Status_Fields -->
        <test-method is-config="true" signature="takeScreenshotOnFailure(org.testng.ITestResult)[pri:0, instance:core.AlertsandNotifications.AlertsNotificationManagement_TestClass@24aed80c]" started-at="2025-03-21T10:36:56 IST" name="takeScreenshotOnFailure" finished-at="2025-03-21T10:36:56 IST" duration-ms="1" status="PASS">
          <params>
            <param index="0">
              <value>
                <![CDATA[[TestResult name=Verify_Status_Fields status=SUCCESS method=AlertsNotificationManagement_TestClass.Verify_Status_Fields()[pri:8, instance:core.AlertsandNotifications.AlertsNotificationManagement_TestClass@24aed80c] output={null}]]]>
              </value>
            </param>
          </params>
          <reporter-output>
          </reporter-output>
        </test-method> <!-- takeScreenshotOnFailure -->
        <test-method is-config="true" signature="setupTest(java.lang.reflect.Method)[pri:0, instance:core.AlertsandNotifications.AlertsNotificationManagement_TestClass@24aed80c]" started-at="2025-03-21T10:36:56 IST" name="setupTest" finished-at="2025-03-21T10:36:56 IST" duration-ms="3" status="PASS">
          <params>
            <param index="0">
              <value>
                <![CDATA[public void core.AlertsandNotifications.AlertsNotificationManagement_TestClass.Verify_Schedule_Type_Column_Display() throws java.lang.InterruptedException]]>
              </value>
            </param>
          </params>
          <reporter-output>
          </reporter-output>
        </test-method> <!-- setupTest -->
        <test-method signature="Verify_Schedule_Type_Column_Display()[pri:9, instance:core.AlertsandNotifications.AlertsNotificationManagement_TestClass@24aed80c]" started-at="2025-03-21T10:36:56 IST" name="Verify_Schedule_Type_Column_Display" finished-at="2025-03-21T10:36:59 IST" duration-ms="3078" status="PASS">
          <reporter-output>
          </reporter-output>
        </test-method> <!-- Verify_Schedule_Type_Column_Display -->
        <test-method is-config="true" signature="takeScreenshotOnFailure(org.testng.ITestResult)[pri:0, instance:core.AlertsandNotifications.AlertsNotificationManagement_TestClass@24aed80c]" started-at="2025-03-21T10:36:59 IST" name="takeScreenshotOnFailure" finished-at="2025-03-21T10:36:59 IST" duration-ms="0" status="PASS">
          <params>
            <param index="0">
              <value>
                <![CDATA[[TestResult name=Verify_Schedule_Type_Column_Display status=SUCCESS method=AlertsNotificationManagement_TestClass.Verify_Schedule_Type_Column_Display()[pri:9, instance:core.AlertsandNotifications.AlertsNotificationManagement_TestClass@24aed80c] output={null}]]]>
              </value>
            </param>
          </params>
          <reporter-output>
          </reporter-output>
        </test-method> <!-- takeScreenshotOnFailure -->
        <test-method is-config="true" signature="setupTest(java.lang.reflect.Method)[pri:0, instance:core.AlertsandNotifications.AlertsNotificationManagement_TestClass@24aed80c]" started-at="2025-03-21T10:36:59 IST" name="setupTest" finished-at="2025-03-21T10:36:59 IST" duration-ms="0" status="PASS">
          <params>
            <param index="0">
              <value>
                <![CDATA[public void core.AlertsandNotifications.AlertsNotificationManagement_TestClass.Verify_Template_Name_Column_Display() throws java.lang.InterruptedException]]>
              </value>
            </param>
          </params>
          <reporter-output>
          </reporter-output>
        </test-method> <!-- setupTest -->
        <test-method signature="Verify_Template_Name_Column_Display()[pri:10, instance:core.AlertsandNotifications.AlertsNotificationManagement_TestClass@24aed80c]" started-at="2025-03-21T10:36:59 IST" name="Verify_Template_Name_Column_Display" finished-at="2025-03-21T10:37:02 IST" duration-ms="3040" status="PASS">
          <reporter-output>
          </reporter-output>
        </test-method> <!-- Verify_Template_Name_Column_Display -->
        <test-method is-config="true" signature="takeScreenshotOnFailure(org.testng.ITestResult)[pri:0, instance:core.AlertsandNotifications.AlertsNotificationManagement_TestClass@24aed80c]" started-at="2025-03-21T10:37:02 IST" name="takeScreenshotOnFailure" finished-at="2025-03-21T10:37:02 IST" duration-ms="1" status="PASS">
          <params>
            <param index="0">
              <value>
                <![CDATA[[TestResult name=Verify_Template_Name_Column_Display status=SUCCESS method=AlertsNotificationManagement_TestClass.Verify_Template_Name_Column_Display()[pri:10, instance:core.AlertsandNotifications.AlertsNotificationManagement_TestClass@24aed80c] output={null}]]]>
              </value>
            </param>
          </params>
          <reporter-output>
          </reporter-output>
        </test-method> <!-- takeScreenshotOnFailure -->
        <test-method is-config="true" signature="setupTest(java.lang.reflect.Method)[pri:0, instance:core.AlertsandNotifications.AlertsNotificationManagement_TestClass@24aed80c]" started-at="2025-03-21T10:37:02 IST" name="setupTest" finished-at="2025-03-21T10:37:02 IST" duration-ms="3" status="PASS">
          <params>
            <param index="0">
              <value>
                <![CDATA[public void core.AlertsandNotifications.AlertsNotificationManagement_TestClass.Verify_Schedule_Start_Column_Display() throws java.lang.InterruptedException]]>
              </value>
            </param>
          </params>
          <reporter-output>
          </reporter-output>
        </test-method> <!-- setupTest -->
        <test-method signature="Verify_Schedule_Start_Column_Display()[pri:11, instance:core.AlertsandNotifications.AlertsNotificationManagement_TestClass@24aed80c]" started-at="2025-03-21T10:37:02 IST" name="Verify_Schedule_Start_Column_Display" finished-at="2025-03-21T10:37:06 IST" duration-ms="3158" status="PASS">
          <reporter-output>
          </reporter-output>
        </test-method> <!-- Verify_Schedule_Start_Column_Display -->
        <test-method is-config="true" signature="takeScreenshotOnFailure(org.testng.ITestResult)[pri:0, instance:core.AlertsandNotifications.AlertsNotificationManagement_TestClass@24aed80c]" started-at="2025-03-21T10:37:06 IST" name="takeScreenshotOnFailure" finished-at="2025-03-21T10:37:06 IST" duration-ms="1" status="PASS">
          <params>
            <param index="0">
              <value>
                <![CDATA[[TestResult name=Verify_Schedule_Start_Column_Display status=SUCCESS method=AlertsNotificationManagement_TestClass.Verify_Schedule_Start_Column_Display()[pri:11, instance:core.AlertsandNotifications.AlertsNotificationManagement_TestClass@24aed80c] output={null}]]]>
              </value>
            </param>
          </params>
          <reporter-output>
          </reporter-output>
        </test-method> <!-- takeScreenshotOnFailure -->
        <test-method is-config="true" signature="setupTest(java.lang.reflect.Method)[pri:0, instance:core.AlertsandNotifications.AlertsNotificationManagement_TestClass@24aed80c]" started-at="2025-03-21T10:37:06 IST" name="setupTest" finished-at="2025-03-21T10:37:06 IST" duration-ms="3" status="PASS">
          <params>
            <param index="0">
              <value>
                <![CDATA[public void core.AlertsandNotifications.AlertsNotificationManagement_TestClass.Verify_Schedule_End_Column_Display() throws java.lang.InterruptedException]]>
              </value>
            </param>
          </params>
          <reporter-output>
          </reporter-output>
        </test-method> <!-- setupTest -->
        <test-method signature="Verify_Schedule_End_Column_Display()[pri:12, instance:core.AlertsandNotifications.AlertsNotificationManagement_TestClass@24aed80c]" started-at="2025-03-21T10:37:06 IST" name="Verify_Schedule_End_Column_Display" finished-at="2025-03-21T10:37:09 IST" duration-ms="3171" status="PASS">
          <reporter-output>
          </reporter-output>
        </test-method> <!-- Verify_Schedule_End_Column_Display -->
        <test-method is-config="true" signature="takeScreenshotOnFailure(org.testng.ITestResult)[pri:0, instance:core.AlertsandNotifications.AlertsNotificationManagement_TestClass@24aed80c]" started-at="2025-03-21T10:37:09 IST" name="takeScreenshotOnFailure" finished-at="2025-03-21T10:37:09 IST" duration-ms="1" status="PASS">
          <params>
            <param index="0">
              <value>
                <![CDATA[[TestResult name=Verify_Schedule_End_Column_Display status=SUCCESS method=AlertsNotificationManagement_TestClass.Verify_Schedule_End_Column_Display()[pri:12, instance:core.AlertsandNotifications.AlertsNotificationManagement_TestClass@24aed80c] output={null}]]]>
              </value>
            </param>
          </params>
          <reporter-output>
          </reporter-output>
        </test-method> <!-- takeScreenshotOnFailure -->
        <test-method is-config="true" signature="setupTest(java.lang.reflect.Method)[pri:0, instance:core.AlertsandNotifications.AlertsNotificationManagement_TestClass@24aed80c]" started-at="2025-03-21T10:37:09 IST" name="setupTest" finished-at="2025-03-21T10:37:09 IST" duration-ms="1" status="PASS">
          <params>
            <param index="0">
              <value>
                <![CDATA[public void core.AlertsandNotifications.AlertsNotificationManagement_TestClass.Verify_Time_Column_Display() throws java.lang.InterruptedException]]>
              </value>
            </param>
          </params>
          <reporter-output>
          </reporter-output>
        </test-method> <!-- setupTest -->
        <test-method signature="Verify_Time_Column_Display()[pri:13, instance:core.AlertsandNotifications.AlertsNotificationManagement_TestClass@24aed80c]" started-at="2025-03-21T10:37:09 IST" name="Verify_Time_Column_Display" finished-at="2025-03-21T10:37:12 IST" duration-ms="3070" status="PASS">
          <reporter-output>
          </reporter-output>
        </test-method> <!-- Verify_Time_Column_Display -->
        <test-method is-config="true" signature="takeScreenshotOnFailure(org.testng.ITestResult)[pri:0, instance:core.AlertsandNotifications.AlertsNotificationManagement_TestClass@24aed80c]" started-at="2025-03-21T10:37:12 IST" name="takeScreenshotOnFailure" finished-at="2025-03-21T10:37:12 IST" duration-ms="0" status="PASS">
          <params>
            <param index="0">
              <value>
                <![CDATA[[TestResult name=Verify_Time_Column_Display status=SUCCESS method=AlertsNotificationManagement_TestClass.Verify_Time_Column_Display()[pri:13, instance:core.AlertsandNotifications.AlertsNotificationManagement_TestClass@24aed80c] output={null}]]]>
              </value>
            </param>
          </params>
          <reporter-output>
          </reporter-output>
        </test-method> <!-- takeScreenshotOnFailure -->
        <test-method is-config="true" signature="setupTest(java.lang.reflect.Method)[pri:0, instance:core.AlertsandNotifications.AlertsNotificationManagement_TestClass@24aed80c]" started-at="2025-03-21T10:37:12 IST" name="setupTest" finished-at="2025-03-21T10:37:12 IST" duration-ms="4" status="PASS">
          <params>
            <param index="0">
              <value>
                <![CDATA[public void core.AlertsandNotifications.AlertsNotificationManagement_TestClass.Verify_Recurrence_Column_Display() throws java.lang.InterruptedException]]>
              </value>
            </param>
          </params>
          <reporter-output>
          </reporter-output>
        </test-method> <!-- setupTest -->
        <test-method signature="Verify_Recurrence_Column_Display()[pri:14, instance:core.AlertsandNotifications.AlertsNotificationManagement_TestClass@24aed80c]" started-at="2025-03-21T10:37:12 IST" name="Verify_Recurrence_Column_Display" finished-at="2025-03-21T10:37:15 IST" duration-ms="3056" status="PASS">
          <reporter-output>
          </reporter-output>
        </test-method> <!-- Verify_Recurrence_Column_Display -->
        <test-method is-config="true" signature="takeScreenshotOnFailure(org.testng.ITestResult)[pri:0, instance:core.AlertsandNotifications.AlertsNotificationManagement_TestClass@24aed80c]" started-at="2025-03-21T10:37:15 IST" name="takeScreenshotOnFailure" finished-at="2025-03-21T10:37:15 IST" duration-ms="0" status="PASS">
          <params>
            <param index="0">
              <value>
                <![CDATA[[TestResult name=Verify_Recurrence_Column_Display status=SUCCESS method=AlertsNotificationManagement_TestClass.Verify_Recurrence_Column_Display()[pri:14, instance:core.AlertsandNotifications.AlertsNotificationManagement_TestClass@24aed80c] output={null}]]]>
              </value>
            </param>
          </params>
          <reporter-output>
          </reporter-output>
        </test-method> <!-- takeScreenshotOnFailure -->
        <test-method is-config="true" signature="setupTest(java.lang.reflect.Method)[pri:0, instance:core.AlertsandNotifications.AlertsNotificationManagement_TestClass@24aed80c]" started-at="2025-03-21T10:37:15 IST" name="setupTest" finished-at="2025-03-21T10:37:15 IST" duration-ms="5" status="PASS">
          <params>
            <param index="0">
              <value>
                <![CDATA[public void core.AlertsandNotifications.AlertsNotificationManagement_TestClass.Verify_Day_of_Week_Column_Display() throws java.lang.InterruptedException]]>
              </value>
            </param>
          </params>
          <reporter-output>
          </reporter-output>
        </test-method> <!-- setupTest -->
        <test-method signature="Verify_Day_of_Week_Column_Display()[pri:15, instance:core.AlertsandNotifications.AlertsNotificationManagement_TestClass@24aed80c]" started-at="2025-03-21T10:37:15 IST" name="Verify_Day_of_Week_Column_Display" finished-at="2025-03-21T10:37:18 IST" duration-ms="3079" status="PASS">
          <reporter-output>
          </reporter-output>
        </test-method> <!-- Verify_Day_of_Week_Column_Display -->
        <test-method is-config="true" signature="takeScreenshotOnFailure(org.testng.ITestResult)[pri:0, instance:core.AlertsandNotifications.AlertsNotificationManagement_TestClass@24aed80c]" started-at="2025-03-21T10:37:18 IST" name="takeScreenshotOnFailure" finished-at="2025-03-21T10:37:18 IST" duration-ms="1" status="PASS">
          <params>
            <param index="0">
              <value>
                <![CDATA[[TestResult name=Verify_Day_of_Week_Column_Display status=SUCCESS method=AlertsNotificationManagement_TestClass.Verify_Day_of_Week_Column_Display()[pri:15, instance:core.AlertsandNotifications.AlertsNotificationManagement_TestClass@24aed80c] output={null}]]]>
              </value>
            </param>
          </params>
          <reporter-output>
          </reporter-output>
        </test-method> <!-- takeScreenshotOnFailure -->
        <test-method is-config="true" signature="setupTest(java.lang.reflect.Method)[pri:0, instance:core.AlertsandNotifications.AlertsNotificationManagement_TestClass@24aed80c]" started-at="2025-03-21T10:37:18 IST" name="setupTest" finished-at="2025-03-21T10:37:18 IST" duration-ms="4" status="PASS">
          <params>
            <param index="0">
              <value>
                <![CDATA[public void core.AlertsandNotifications.AlertsNotificationManagement_TestClass.Verify_Day_of_Month_Column_Display() throws java.lang.InterruptedException]]>
              </value>
            </param>
          </params>
          <reporter-output>
          </reporter-output>
        </test-method> <!-- setupTest -->
        <test-method signature="Verify_Day_of_Month_Column_Display()[pri:16, instance:core.AlertsandNotifications.AlertsNotificationManagement_TestClass@24aed80c]" started-at="2025-03-21T10:37:18 IST" name="Verify_Day_of_Month_Column_Display" finished-at="2025-03-21T10:37:21 IST" duration-ms="3060" status="PASS">
          <reporter-output>
          </reporter-output>
        </test-method> <!-- Verify_Day_of_Month_Column_Display -->
        <test-method is-config="true" signature="takeScreenshotOnFailure(org.testng.ITestResult)[pri:0, instance:core.AlertsandNotifications.AlertsNotificationManagement_TestClass@24aed80c]" started-at="2025-03-21T10:37:21 IST" name="takeScreenshotOnFailure" finished-at="2025-03-21T10:37:21 IST" duration-ms="1" status="PASS">
          <params>
            <param index="0">
              <value>
                <![CDATA[[TestResult name=Verify_Day_of_Month_Column_Display status=SUCCESS method=AlertsNotificationManagement_TestClass.Verify_Day_of_Month_Column_Display()[pri:16, instance:core.AlertsandNotifications.AlertsNotificationManagement_TestClass@24aed80c] output={null}]]]>
              </value>
            </param>
          </params>
          <reporter-output>
          </reporter-output>
        </test-method> <!-- takeScreenshotOnFailure -->
        <test-method is-config="true" signature="setupTest(java.lang.reflect.Method)[pri:0, instance:core.AlertsandNotifications.AlertsNotificationManagement_TestClass@24aed80c]" started-at="2025-03-21T10:37:21 IST" name="setupTest" finished-at="2025-03-21T10:37:21 IST" duration-ms="3" status="PASS">
          <params>
            <param index="0">
              <value>
                <![CDATA[public void core.AlertsandNotifications.AlertsNotificationManagement_TestClass.Verify_Status_Column_Display() throws java.lang.InterruptedException]]>
              </value>
            </param>
          </params>
          <reporter-output>
          </reporter-output>
        </test-method> <!-- setupTest -->
        <test-method signature="Verify_Status_Column_Display()[pri:17, instance:core.AlertsandNotifications.AlertsNotificationManagement_TestClass@24aed80c]" started-at="2025-03-21T10:37:21 IST" name="Verify_Status_Column_Display" finished-at="2025-03-21T10:37:24 IST" duration-ms="3062" status="PASS">
          <reporter-output>
          </reporter-output>
        </test-method> <!-- Verify_Status_Column_Display -->
        <test-method is-config="true" signature="takeScreenshotOnFailure(org.testng.ITestResult)[pri:0, instance:core.AlertsandNotifications.AlertsNotificationManagement_TestClass@24aed80c]" started-at="2025-03-21T10:37:24 IST" name="takeScreenshotOnFailure" finished-at="2025-03-21T10:37:24 IST" duration-ms="0" status="PASS">
          <params>
            <param index="0">
              <value>
                <![CDATA[[TestResult name=Verify_Status_Column_Display status=SUCCESS method=AlertsNotificationManagement_TestClass.Verify_Status_Column_Display()[pri:17, instance:core.AlertsandNotifications.AlertsNotificationManagement_TestClass@24aed80c] output={null}]]]>
              </value>
            </param>
          </params>
          <reporter-output>
          </reporter-output>
        </test-method> <!-- takeScreenshotOnFailure -->
        <test-method is-config="true" signature="setupTest(java.lang.reflect.Method)[pri:0, instance:core.AlertsandNotifications.AlertsNotificationManagement_TestClass@24aed80c]" started-at="2025-03-21T10:37:24 IST" name="setupTest" finished-at="2025-03-21T10:37:24 IST" duration-ms="4" status="PASS">
          <params>
            <param index="0">
              <value>
                <![CDATA[public void core.AlertsandNotifications.AlertsNotificationManagement_TestClass.Verify_the_pagination() throws java.lang.InterruptedException]]>
              </value>
            </param>
          </params>
          <reporter-output>
          </reporter-output>
        </test-method> <!-- setupTest -->
        <test-method signature="Verify_the_pagination()[pri:18, instance:core.AlertsandNotifications.AlertsNotificationManagement_TestClass@24aed80c]" started-at="2025-03-21T10:37:24 IST" name="Verify_the_pagination" finished-at="2025-03-21T10:37:27 IST" duration-ms="3101" status="PASS">
          <reporter-output>
          </reporter-output>
        </test-method> <!-- Verify_the_pagination -->
        <test-method is-config="true" signature="takeScreenshotOnFailure(org.testng.ITestResult)[pri:0, instance:core.AlertsandNotifications.AlertsNotificationManagement_TestClass@24aed80c]" started-at="2025-03-21T10:37:27 IST" name="takeScreenshotOnFailure" finished-at="2025-03-21T10:37:27 IST" duration-ms="0" status="PASS">
          <params>
            <param index="0">
              <value>
                <![CDATA[[TestResult name=Verify_the_pagination status=SUCCESS method=AlertsNotificationManagement_TestClass.Verify_the_pagination()[pri:18, instance:core.AlertsandNotifications.AlertsNotificationManagement_TestClass@24aed80c] output={null}]]]>
              </value>
            </param>
          </params>
          <reporter-output>
          </reporter-output>
        </test-method> <!-- takeScreenshotOnFailure -->
        <test-method is-config="true" signature="setupTest(java.lang.reflect.Method)[pri:0, instance:core.AlertsandNotifications.AlertsNotificationManagement_TestClass@24aed80c]" started-at="2025-03-21T10:37:28 IST" name="setupTest" finished-at="2025-03-21T10:37:28 IST" duration-ms="2" status="PASS">
          <params>
            <param index="0">
              <value>
                <![CDATA[public void core.AlertsandNotifications.AlertsNotificationManagement_TestClass.Verify_the_functionality_of_search_button(java.util.Map) throws java.lang.InterruptedException]]>
              </value>
            </param>
          </params>
          <reporter-output>
          </reporter-output>
        </test-method> <!-- setupTest -->
        <test-method signature="Verify_the_functionality_of_search_button(java.util.Map)[pri:19, instance:core.AlertsandNotifications.AlertsNotificationManagement_TestClass@24aed80c]" started-at="2025-03-21T10:37:28 IST" name="Verify_the_functionality_of_search_button" data-provider="TestData" finished-at="2025-03-21T10:38:13 IST" duration-ms="44797" status="PASS">
          <params>
            <param index="0">
              <value>
                <![CDATA[{Run=Yes, ScheduleType=One Time, TestScenario=AlertsNotificationManagement}]]>
              </value>
            </param>
          </params>
          <reporter-output>
          </reporter-output>
        </test-method> <!-- Verify_the_functionality_of_search_button -->
        <test-method is-config="true" signature="takeScreenshotOnFailure(org.testng.ITestResult)[pri:0, instance:core.AlertsandNotifications.AlertsNotificationManagement_TestClass@24aed80c]" started-at="2025-03-21T10:38:13 IST" name="takeScreenshotOnFailure" finished-at="2025-03-21T10:38:13 IST" duration-ms="1" status="PASS">
          <params>
            <param index="0">
              <value>
                <![CDATA[[TestResult name=Verify_the_functionality_of_search_button status=SUCCESS method=AlertsNotificationManagement_TestClass.Verify_the_functionality_of_search_button(java.util.Map)[pri:19, instance:core.AlertsandNotifications.AlertsNotificationManagement_TestClass@24aed80c] output={null}]]]>
              </value>
            </param>
          </params>
          <reporter-output>
          </reporter-output>
        </test-method> <!-- takeScreenshotOnFailure -->
        <test-method is-config="true" signature="setupTest(java.lang.reflect.Method)[pri:0, instance:core.AlertsandNotifications.AlertsNotificationManagement_TestClass@24aed80c]" started-at="2025-03-21T10:38:13 IST" name="setupTest" finished-at="2025-03-21T10:38:13 IST" duration-ms="4" status="PASS">
          <params>
            <param index="0">
              <value>
                <![CDATA[public void core.AlertsandNotifications.AlertsNotificationManagement_TestClass.Verify_the_functionality_of_cross_button_in_input_fields() throws java.lang.InterruptedException]]>
              </value>
            </param>
          </params>
          <reporter-output>
          </reporter-output>
        </test-method> <!-- setupTest -->
        <test-method signature="Verify_the_functionality_of_cross_button_in_input_fields()[pri:20, instance:core.AlertsandNotifications.AlertsNotificationManagement_TestClass@24aed80c]" started-at="2025-03-21T10:38:13 IST" name="Verify_the_functionality_of_cross_button_in_input_fields" finished-at="2025-03-21T10:38:16 IST" duration-ms="3173" status="PASS">
          <reporter-output>
          </reporter-output>
        </test-method> <!-- Verify_the_functionality_of_cross_button_in_input_fields -->
        <test-method is-config="true" signature="takeScreenshotOnFailure(org.testng.ITestResult)[pri:0, instance:core.AlertsandNotifications.AlertsNotificationManagement_TestClass@24aed80c]" started-at="2025-03-21T10:38:16 IST" name="takeScreenshotOnFailure" finished-at="2025-03-21T10:38:16 IST" duration-ms="1" status="PASS">
          <params>
            <param index="0">
              <value>
                <![CDATA[[TestResult name=Verify_the_functionality_of_cross_button_in_input_fields status=SUCCESS method=AlertsNotificationManagement_TestClass.Verify_the_functionality_of_cross_button_in_input_fields()[pri:20, instance:core.AlertsandNotifications.AlertsNotificationManagement_TestClass@24aed80c] output={null}]]]>
              </value>
            </param>
          </params>
          <reporter-output>
          </reporter-output>
        </test-method> <!-- takeScreenshotOnFailure -->
        <test-method is-config="true" signature="setupTest(java.lang.reflect.Method)[pri:0, instance:core.AlertsandNotifications.AlertsNotificationManagement_TestClass@24aed80c]" started-at="2025-03-21T10:38:16 IST" name="setupTest" finished-at="2025-03-21T10:38:16 IST" duration-ms="4" status="PASS">
          <params>
            <param index="0">
              <value>
                <![CDATA[public void core.AlertsandNotifications.AlertsNotificationManagement_TestClass.Verify_Configure_Button_Click() throws java.lang.InterruptedException]]>
              </value>
            </param>
          </params>
          <reporter-output>
          </reporter-output>
        </test-method> <!-- setupTest -->
        <test-method signature="Verify_Configure_Button_Click()[pri:21, instance:core.AlertsandNotifications.AlertsNotificationManagement_TestClass@24aed80c]" started-at="2025-03-21T10:38:16 IST" name="Verify_Configure_Button_Click" finished-at="2025-03-21T10:38:20 IST" duration-ms="3258" status="PASS">
          <reporter-output>
          </reporter-output>
        </test-method> <!-- Verify_Configure_Button_Click -->
        <test-method is-config="true" signature="takeScreenshotOnFailure(org.testng.ITestResult)[pri:0, instance:core.AlertsandNotifications.AlertsNotificationManagement_TestClass@24aed80c]" started-at="2025-03-21T10:38:20 IST" name="takeScreenshotOnFailure" finished-at="2025-03-21T10:38:20 IST" duration-ms="0" status="PASS">
          <params>
            <param index="0">
              <value>
                <![CDATA[[TestResult name=Verify_Configure_Button_Click status=SUCCESS method=AlertsNotificationManagement_TestClass.Verify_Configure_Button_Click()[pri:21, instance:core.AlertsandNotifications.AlertsNotificationManagement_TestClass@24aed80c] output={null}]]]>
              </value>
            </param>
          </params>
          <reporter-output>
          </reporter-output>
        </test-method> <!-- takeScreenshotOnFailure -->
        <test-method is-config="true" signature="setupTest(java.lang.reflect.Method)[pri:0, instance:core.AlertsandNotifications.AlertsNotificationManagement_TestClass@24aed80c]" started-at="2025-03-21T10:38:20 IST" name="setupTest" finished-at="2025-03-21T10:38:20 IST" duration-ms="2" status="PASS">
          <params>
            <param index="0">
              <value>
                <![CDATA[public void core.AlertsandNotifications.AlertsNotificationManagement_TestClass.Verify_UI_Elements_Presence() throws java.lang.InterruptedException]]>
              </value>
            </param>
          </params>
          <reporter-output>
          </reporter-output>
        </test-method> <!-- setupTest -->
        <test-method signature="Verify_UI_Elements_Presence()[pri:22, instance:core.AlertsandNotifications.AlertsNotificationManagement_TestClass@24aed80c]" started-at="2025-03-21T10:38:20 IST" name="Verify_UI_Elements_Presence" finished-at="2025-03-21T10:38:42 IST" duration-ms="21917" status="PASS">
          <reporter-output>
          </reporter-output>
        </test-method> <!-- Verify_UI_Elements_Presence -->
        <test-method is-config="true" signature="takeScreenshotOnFailure(org.testng.ITestResult)[pri:0, instance:core.AlertsandNotifications.AlertsNotificationManagement_TestClass@24aed80c]" started-at="2025-03-21T10:38:42 IST" name="takeScreenshotOnFailure" finished-at="2025-03-21T10:38:42 IST" duration-ms="1" status="PASS">
          <params>
            <param index="0">
              <value>
                <![CDATA[[TestResult name=Verify_UI_Elements_Presence status=SUCCESS method=AlertsNotificationManagement_TestClass.Verify_UI_Elements_Presence()[pri:22, instance:core.AlertsandNotifications.AlertsNotificationManagement_TestClass@24aed80c] output={null}]]]>
              </value>
            </param>
          </params>
          <reporter-output>
          </reporter-output>
        </test-method> <!-- takeScreenshotOnFailure -->
        <test-method is-config="true" signature="setupTest(java.lang.reflect.Method)[pri:0, instance:core.AlertsandNotifications.AlertsNotificationManagement_TestClass@24aed80c]" started-at="2025-03-21T10:38:42 IST" name="setupTest" finished-at="2025-03-21T10:38:42 IST" duration-ms="4" status="PASS">
          <params>
            <param index="0">
              <value>
                <![CDATA[public void core.AlertsandNotifications.AlertsNotificationManagement_TestClass.Verify_Edit_Button_Functionality() throws java.lang.InterruptedException]]>
              </value>
            </param>
          </params>
          <reporter-output>
          </reporter-output>
        </test-method> <!-- setupTest -->
        <test-method signature="Verify_Edit_Button_Functionality()[pri:23, instance:core.AlertsandNotifications.AlertsNotificationManagement_TestClass@24aed80c]" started-at="2025-03-21T10:38:42 IST" name="Verify_Edit_Button_Functionality" finished-at="2025-03-21T10:39:15 IST" duration-ms="33045" status="PASS">
          <reporter-output>
          </reporter-output>
        </test-method> <!-- Verify_Edit_Button_Functionality -->
        <test-method is-config="true" signature="takeScreenshotOnFailure(org.testng.ITestResult)[pri:0, instance:core.AlertsandNotifications.AlertsNotificationManagement_TestClass@24aed80c]" started-at="2025-03-21T10:39:15 IST" name="takeScreenshotOnFailure" finished-at="2025-03-21T10:39:15 IST" duration-ms="1" status="PASS">
          <params>
            <param index="0">
              <value>
                <![CDATA[[TestResult name=Verify_Edit_Button_Functionality status=SUCCESS method=AlertsNotificationManagement_TestClass.Verify_Edit_Button_Functionality()[pri:23, instance:core.AlertsandNotifications.AlertsNotificationManagement_TestClass@24aed80c] output={null}]]]>
              </value>
            </param>
          </params>
          <reporter-output>
          </reporter-output>
        </test-method> <!-- takeScreenshotOnFailure -->
        <test-method is-config="true" signature="afterEachTest()[pri:0, instance:core.AlertsandNotifications.AlertsNotificationManagement_TestClass@24aed80c]" started-at="2025-03-21T10:39:15 IST" name="afterEachTest" finished-at="2025-03-21T10:39:16 IST" duration-ms="1057" status="PASS">
          <reporter-output>
          </reporter-output>
        </test-method> <!-- afterEachTest -->
      </class> <!-- core.AlertsandNotifications.AlertsNotificationManagement_TestClass -->
    </test> <!-- Default test -->
  </suite> <!-- Default suite -->
</testng-results>
