<?xml version="1.0" encoding="UTF-8"?>
<testng-results ignored="0" total="7" passed="7" failed="0" skipped="0">
  <reporter-output>
  </reporter-output>
  <suite started-at="2024-12-11T15:45:06 IST" name="Default suite" finished-at="2024-12-11T15:47:46 IST" duration-ms="159015">
    <groups>
    </groups>
    <test started-at="2024-12-11T15:45:06 IST" name="Default test" finished-at="2024-12-11T15:47:46 IST" duration-ms="159015">
      <class name="com.test.Updation_of_DispositionModule.AllScenarios_Updation_of_DispositionModule">
        <test-method is-config="true" signature="SetUp()[pri:0, instance:com.test.Updation_of_DispositionModule.AllScenarios_Updation_of_DispositionModule@ba2f4ec]" started-at="2024-12-11T15:42:13 IST" name="SetUp" finished-at="2024-12-11T15:45:06 IST" duration-ms="173349" status="PASS">
          <reporter-output>
          </reporter-output>
        </test-method> <!-- SetUp -->
        <test-method is-config="true" signature="setupTest(java.lang.reflect.Method)[pri:0, instance:com.test.Updation_of_DispositionModule.AllScenarios_Updation_of_DispositionModule@ba2f4ec]" started-at="2024-12-11T15:45:07 IST" name="setupTest" finished-at="2024-12-11T15:45:07 IST" duration-ms="171" status="PASS">
          <params>
            <param index="0">
              <value>
                <![CDATA[public void com.test.Updation_of_DispositionModule.AllScenarios_Updation_of_DispositionModule.Open_Updation_of_Disposition_Screen() throws java.lang.InterruptedException]]>
              </value>
            </param>
          </params>
          <reporter-output>
          </reporter-output>
        </test-method> <!-- setupTest -->
        <test-method signature="Open_Updation_of_Disposition_Screen()[pri:1, instance:com.test.Updation_of_DispositionModule.AllScenarios_Updation_of_DispositionModule@ba2f4ec]" started-at="2024-12-11T15:45:07 IST" name="Open_Updation_of_Disposition_Screen" finished-at="2024-12-11T15:45:13 IST" duration-ms="6739" status="PASS">
          <reporter-output>
          </reporter-output>
        </test-method> <!-- Open_Updation_of_Disposition_Screen -->
        <test-method is-config="true" signature="takeScreenshotOnFailure(org.testng.ITestResult)[pri:0, instance:com.test.Updation_of_DispositionModule.AllScenarios_Updation_of_DispositionModule@ba2f4ec]" started-at="2024-12-11T15:45:13 IST" name="takeScreenshotOnFailure" finished-at="2024-12-11T15:45:13 IST" duration-ms="3" status="PASS">
          <params>
            <param index="0">
              <value>
                <![CDATA[[TestResult name=Open_Updation_of_Disposition_Screen status=SUCCESS method=AllScenarios_Updation_of_DispositionModule.Open_Updation_of_Disposition_Screen()[pri:1, instance:com.test.Updation_of_DispositionModule.AllScenarios_Updation_of_DispositionModule@ba2f4ec] output={null}]]]>
              </value>
            </param>
          </params>
          <reporter-output>
          </reporter-output>
        </test-method> <!-- takeScreenshotOnFailure -->
        <test-method is-config="true" signature="setupTest(java.lang.reflect.Method)[pri:0, instance:com.test.Updation_of_DispositionModule.AllScenarios_Updation_of_DispositionModule@ba2f4ec]" started-at="2024-12-11T15:45:14 IST" name="setupTest" finished-at="2024-12-11T15:45:14 IST" duration-ms="0" status="PASS">
          <params>
            <param index="0">
              <value>
                <![CDATA[public void com.test.Updation_of_DispositionModule.AllScenarios_Updation_of_DispositionModule.Account_Number_Field__ECP_Validations(java.util.Map) throws java.lang.InterruptedException]]>
              </value>
            </param>
          </params>
          <reporter-output>
          </reporter-output>
        </test-method> <!-- setupTest -->
        <test-method signature="Account_Number_Field__ECP_Validations(java.util.Map)[pri:2, instance:com.test.Updation_of_DispositionModule.AllScenarios_Updation_of_DispositionModule@ba2f4ec]" started-at="2024-12-11T15:45:14 IST" name="Account_Number_Field__ECP_Validations" data-provider="TestData" finished-at="2024-12-11T15:45:18 IST" duration-ms="3243" status="PASS">
          <params>
            <param index="0">
              <value>
                <![CDATA[{AccountNumberwithmorethan25characters=12345678901234500000000000000, InvalidAccountNumber=1231232123123210000000000, InvalidAccountNumbers=abcdefgh | !@#$%^&*(), Run=Yes, TestScenario=Updation_of_Disposition}]]>
              </value>
            </param>
          </params>
          <reporter-output>
          </reporter-output>
        </test-method> <!-- Account_Number_Field__ECP_Validations -->
        <test-method is-config="true" signature="takeScreenshotOnFailure(org.testng.ITestResult)[pri:0, instance:com.test.Updation_of_DispositionModule.AllScenarios_Updation_of_DispositionModule@ba2f4ec]" started-at="2024-12-11T15:45:18 IST" name="takeScreenshotOnFailure" finished-at="2024-12-11T15:45:18 IST" duration-ms="1" status="PASS">
          <params>
            <param index="0">
              <value>
                <![CDATA[[TestResult name=Account_Number_Field__ECP_Validations status=SUCCESS method=AllScenarios_Updation_of_DispositionModule.Account_Number_Field__ECP_Validations(java.util.Map)[pri:2, instance:com.test.Updation_of_DispositionModule.AllScenarios_Updation_of_DispositionModule@ba2f4ec] output={null}]]]>
              </value>
            </param>
          </params>
          <reporter-output>
          </reporter-output>
        </test-method> <!-- takeScreenshotOnFailure -->
        <test-method signature="Attempt_to_Enter_More_than_25_Characters(java.util.Map)[pri:3, instance:com.test.Updation_of_DispositionModule.AllScenarios_Updation_of_DispositionModule@ba2f4ec]" started-at="2024-12-11T15:45:18 IST" name="Attempt_to_Enter_More_than_25_Characters" data-provider="TestData" finished-at="2024-12-11T15:45:21 IST" duration-ms="3139" status="PASS">
          <params>
            <param index="0">
              <value>
                <![CDATA[{AccountNumberwithmorethan25characters=12345678901234500000000000000, InvalidAccountNumber=1231232123123210000000000, InvalidAccountNumbers=abcdefgh | !@#$%^&*(), Run=Yes, TestScenario=Updation_of_Disposition}]]>
              </value>
            </param>
          </params>
          <reporter-output>
          </reporter-output>
        </test-method> <!-- Attempt_to_Enter_More_than_25_Characters -->
        <test-method is-config="true" signature="setupTest(java.lang.reflect.Method)[pri:0, instance:com.test.Updation_of_DispositionModule.AllScenarios_Updation_of_DispositionModule@ba2f4ec]" started-at="2024-12-11T15:45:18 IST" name="setupTest" finished-at="2024-12-11T15:45:18 IST" duration-ms="0" status="PASS">
          <params>
            <param index="0">
              <value>
                <![CDATA[public void com.test.Updation_of_DispositionModule.AllScenarios_Updation_of_DispositionModule.Attempt_to_Enter_More_than_25_Characters(java.util.Map) throws java.lang.InterruptedException]]>
              </value>
            </param>
          </params>
          <reporter-output>
          </reporter-output>
        </test-method> <!-- setupTest -->
        <test-method is-config="true" signature="takeScreenshotOnFailure(org.testng.ITestResult)[pri:0, instance:com.test.Updation_of_DispositionModule.AllScenarios_Updation_of_DispositionModule@ba2f4ec]" started-at="2024-12-11T15:45:21 IST" name="takeScreenshotOnFailure" finished-at="2024-12-11T15:45:21 IST" duration-ms="1" status="PASS">
          <params>
            <param index="0">
              <value>
                <![CDATA[[TestResult name=Attempt_to_Enter_More_than_25_Characters status=SUCCESS method=AllScenarios_Updation_of_DispositionModule.Attempt_to_Enter_More_than_25_Characters(java.util.Map)[pri:3, instance:com.test.Updation_of_DispositionModule.AllScenarios_Updation_of_DispositionModule@ba2f4ec] output={null}]]]>
              </value>
            </param>
          </params>
          <reporter-output>
          </reporter-output>
        </test-method> <!-- takeScreenshotOnFailure -->
        <test-method is-config="true" signature="setupTest(java.lang.reflect.Method)[pri:0, instance:com.test.Updation_of_DispositionModule.AllScenarios_Updation_of_DispositionModule@ba2f4ec]" started-at="2024-12-11T15:45:21 IST" name="setupTest" finished-at="2024-12-11T15:45:21 IST" duration-ms="1" status="PASS">
          <params>
            <param index="0">
              <value>
                <![CDATA[public void com.test.Updation_of_DispositionModule.AllScenarios_Updation_of_DispositionModule.Enter_Invalid_Account_Number_and_Search(java.util.Map) throws java.lang.InterruptedException]]>
              </value>
            </param>
          </params>
          <reporter-output>
          </reporter-output>
        </test-method> <!-- setupTest -->
        <test-method signature="Enter_Invalid_Account_Number_and_Search(java.util.Map)[pri:4, instance:com.test.Updation_of_DispositionModule.AllScenarios_Updation_of_DispositionModule@ba2f4ec]" started-at="2024-12-11T15:45:21 IST" name="Enter_Invalid_Account_Number_and_Search" data-provider="TestData" finished-at="2024-12-11T15:46:08 IST" duration-ms="47212" status="PASS">
          <params>
            <param index="0">
              <value>
                <![CDATA[{AccountNumberwithmorethan25characters=12345678901234500000000000000, InvalidAccountNumber=1231232123123210000000000, InvalidAccountNumbers=abcdefgh | !@#$%^&*(), Run=Yes, TestScenario=Updation_of_Disposition}]]>
              </value>
            </param>
          </params>
          <reporter-output>
          </reporter-output>
        </test-method> <!-- Enter_Invalid_Account_Number_and_Search -->
        <test-method is-config="true" signature="takeScreenshotOnFailure(org.testng.ITestResult)[pri:0, instance:com.test.Updation_of_DispositionModule.AllScenarios_Updation_of_DispositionModule@ba2f4ec]" started-at="2024-12-11T15:46:08 IST" name="takeScreenshotOnFailure" finished-at="2024-12-11T15:46:08 IST" duration-ms="1" status="PASS">
          <params>
            <param index="0">
              <value>
                <![CDATA[[TestResult name=Enter_Invalid_Account_Number_and_Search status=SUCCESS method=AllScenarios_Updation_of_DispositionModule.Enter_Invalid_Account_Number_and_Search(java.util.Map)[pri:4, instance:com.test.Updation_of_DispositionModule.AllScenarios_Updation_of_DispositionModule@ba2f4ec] output={null}]]]>
              </value>
            </param>
          </params>
          <reporter-output>
          </reporter-output>
        </test-method> <!-- takeScreenshotOnFailure -->
        <test-method is-config="true" signature="setupTest(java.lang.reflect.Method)[pri:0, instance:com.test.Updation_of_DispositionModule.AllScenarios_Updation_of_DispositionModule@ba2f4ec]" started-at="2024-12-11T15:46:08 IST" name="setupTest" finished-at="2024-12-11T15:46:08 IST" duration-ms="1" status="PASS">
          <params>
            <param index="0">
              <value>
                <![CDATA[public void com.test.Updation_of_DispositionModule.AllScenarios_Updation_of_DispositionModule.Search_with_Empty_Account_Number_Field() throws java.lang.InterruptedException]]>
              </value>
            </param>
          </params>
          <reporter-output>
          </reporter-output>
        </test-method> <!-- setupTest -->
        <test-method signature="Search_with_Empty_Account_Number_Field()[pri:5, instance:com.test.Updation_of_DispositionModule.AllScenarios_Updation_of_DispositionModule@ba2f4ec]" started-at="2024-12-11T15:46:08 IST" name="Search_with_Empty_Account_Number_Field" finished-at="2024-12-11T15:46:35 IST" duration-ms="26468" status="PASS">
          <reporter-output>
          </reporter-output>
        </test-method> <!-- Search_with_Empty_Account_Number_Field -->
        <test-method is-config="true" signature="takeScreenshotOnFailure(org.testng.ITestResult)[pri:0, instance:com.test.Updation_of_DispositionModule.AllScenarios_Updation_of_DispositionModule@ba2f4ec]" started-at="2024-12-11T15:46:35 IST" name="takeScreenshotOnFailure" finished-at="2024-12-11T15:46:35 IST" duration-ms="1" status="PASS">
          <params>
            <param index="0">
              <value>
                <![CDATA[[TestResult name=Search_with_Empty_Account_Number_Field status=SUCCESS method=AllScenarios_Updation_of_DispositionModule.Search_with_Empty_Account_Number_Field()[pri:5, instance:com.test.Updation_of_DispositionModule.AllScenarios_Updation_of_DispositionModule@ba2f4ec] output={null}]]]>
              </value>
            </param>
          </params>
          <reporter-output>
          </reporter-output>
        </test-method> <!-- takeScreenshotOnFailure -->
        <test-method is-config="true" signature="setupTest(java.lang.reflect.Method)[pri:0, instance:com.test.Updation_of_DispositionModule.AllScenarios_Updation_of_DispositionModule@ba2f4ec]" started-at="2024-12-11T15:46:35 IST" name="setupTest" finished-at="2024-12-11T15:46:35 IST" duration-ms="1" status="PASS">
          <params>
            <param index="0">
              <value>
                <![CDATA[public void com.test.Updation_of_DispositionModule.AllScenarios_Updation_of_DispositionModule.Enter_Valid_Account_Number_and_Search() throws java.lang.InterruptedException]]>
              </value>
            </param>
          </params>
          <reporter-output>
          </reporter-output>
        </test-method> <!-- setupTest -->
        <test-method signature="Enter_Valid_Account_Number_and_Search()[pri:6, instance:com.test.Updation_of_DispositionModule.AllScenarios_Updation_of_DispositionModule@ba2f4ec]" started-at="2024-12-11T15:46:35 IST" name="Enter_Valid_Account_Number_and_Search" finished-at="2024-12-11T15:47:40 IST" duration-ms="65393" status="PASS">
          <reporter-output>
          </reporter-output>
        </test-method> <!-- Enter_Valid_Account_Number_and_Search -->
        <test-method is-config="true" signature="takeScreenshotOnFailure(org.testng.ITestResult)[pri:0, instance:com.test.Updation_of_DispositionModule.AllScenarios_Updation_of_DispositionModule@ba2f4ec]" started-at="2024-12-11T15:47:40 IST" name="takeScreenshotOnFailure" finished-at="2024-12-11T15:47:40 IST" duration-ms="1" status="PASS">
          <params>
            <param index="0">
              <value>
                <![CDATA[[TestResult name=Enter_Valid_Account_Number_and_Search status=SUCCESS method=AllScenarios_Updation_of_DispositionModule.Enter_Valid_Account_Number_and_Search()[pri:6, instance:com.test.Updation_of_DispositionModule.AllScenarios_Updation_of_DispositionModule@ba2f4ec] output={null}]]]>
              </value>
            </param>
          </params>
          <reporter-output>
          </reporter-output>
        </test-method> <!-- takeScreenshotOnFailure -->
        <test-method is-config="true" signature="setupTest(java.lang.reflect.Method)[pri:0, instance:com.test.Updation_of_DispositionModule.AllScenarios_Updation_of_DispositionModule@ba2f4ec]" started-at="2024-12-11T15:47:40 IST" name="setupTest" finished-at="2024-12-11T15:47:40 IST" duration-ms="1" status="PASS">
          <params>
            <param index="0">
              <value>
                <![CDATA[public void com.test.Updation_of_DispositionModule.AllScenarios_Updation_of_DispositionModule.testAllFieldsMissingValidation() throws java.lang.InterruptedException]]>
              </value>
            </param>
          </params>
          <reporter-output>
          </reporter-output>
        </test-method> <!-- setupTest -->
        <test-method signature="testAllFieldsMissingValidation()[pri:7, instance:com.test.Updation_of_DispositionModule.AllScenarios_Updation_of_DispositionModule@ba2f4ec]" started-at="2024-12-11T15:47:40 IST" name="testAllFieldsMissingValidation" finished-at="2024-12-11T15:47:46 IST" duration-ms="5517" status="PASS">
          <reporter-output>
          </reporter-output>
        </test-method> <!-- testAllFieldsMissingValidation -->
        <test-method is-config="true" signature="takeScreenshotOnFailure(org.testng.ITestResult)[pri:0, instance:com.test.Updation_of_DispositionModule.AllScenarios_Updation_of_DispositionModule@ba2f4ec]" started-at="2024-12-11T15:47:46 IST" name="takeScreenshotOnFailure" finished-at="2024-12-11T15:47:46 IST" duration-ms="1" status="PASS">
          <params>
            <param index="0">
              <value>
                <![CDATA[[TestResult name=testAllFieldsMissingValidation status=SUCCESS method=AllScenarios_Updation_of_DispositionModule.testAllFieldsMissingValidation()[pri:7, instance:com.test.Updation_of_DispositionModule.AllScenarios_Updation_of_DispositionModule@ba2f4ec] output={null}]]]>
              </value>
            </param>
          </params>
          <reporter-output>
          </reporter-output>
        </test-method> <!-- takeScreenshotOnFailure -->
        <test-method is-config="true" signature="afterEachTest()[pri:0, instance:com.test.Updation_of_DispositionModule.AllScenarios_Updation_of_DispositionModule@ba2f4ec]" started-at="2024-12-11T15:47:46 IST" name="afterEachTest" finished-at="2024-12-11T15:47:46 IST" duration-ms="518" status="PASS">
          <reporter-output>
          </reporter-output>
        </test-method> <!-- afterEachTest -->
      </class> <!-- com.test.Updation_of_DispositionModule.AllScenarios_Updation_of_DispositionModule -->
    </test> <!-- Default test -->
  </suite> <!-- Default suite -->
</testng-results>
