<?xml version="1.0" encoding="UTF-8"?>
<testng-results ignored="0" total="14" passed="14" failed="0" skipped="0">
  <reporter-output>
  </reporter-output>
  <suite started-at="2024-12-16T17:49:04 IST" name="Default suite" finished-at="2024-12-16T17:54:25 IST" duration-ms="320516">
    <groups>
    </groups>
    <test started-at="2024-12-16T17:49:04 IST" name="Default test" finished-at="2024-12-16T17:54:25 IST" duration-ms="320516">
      <class name="com.test.Updation_of_DispositionModule.AllScenarios_Updation_of_DispositionModule">
        <test-method is-config="true" signature="SetUp()[pri:0, instance:com.test.Updation_of_DispositionModule.AllScenarios_Updation_of_DispositionModule@24269709]" started-at="2024-12-16T17:47:28 IST" name="SetUp" finished-at="2024-12-16T17:49:04 IST" duration-ms="96342" status="PASS">
          <reporter-output>
          </reporter-output>
        </test-method> <!-- SetUp -->
        <test-method is-config="true" signature="setupTest(java.lang.reflect.Method)[pri:0, instance:com.test.Updation_of_DispositionModule.AllScenarios_Updation_of_DispositionModule@24269709]" started-at="2024-12-16T17:49:04 IST" name="setupTest" finished-at="2024-12-16T17:49:04 IST" duration-ms="133" status="PASS">
          <params>
            <param index="0">
              <value>
                <![CDATA[public void com.test.Updation_of_DispositionModule.AllScenarios_Updation_of_DispositionModule.Open_Updation_of_Disposition_Screen() throws java.lang.InterruptedException]]>
              </value>
            </param>
          </params>
          <reporter-output>
          </reporter-output>
        </test-method> <!-- setupTest -->
        <test-method signature="Open_Updation_of_Disposition_Screen()[pri:1, instance:com.test.Updation_of_DispositionModule.AllScenarios_Updation_of_DispositionModule@24269709]" started-at="2024-12-16T17:49:04 IST" name="Open_Updation_of_Disposition_Screen" finished-at="2024-12-16T17:49:24 IST" duration-ms="19311" status="PASS">
          <reporter-output>
          </reporter-output>
        </test-method> <!-- Open_Updation_of_Disposition_Screen -->
        <test-method is-config="true" signature="takeScreenshotOnFailure(org.testng.ITestResult)[pri:0, instance:com.test.Updation_of_DispositionModule.AllScenarios_Updation_of_DispositionModule@24269709]" started-at="2024-12-16T17:49:24 IST" name="takeScreenshotOnFailure" finished-at="2024-12-16T17:49:24 IST" duration-ms="2" status="PASS">
          <params>
            <param index="0">
              <value>
                <![CDATA[[TestResult name=Open_Updation_of_Disposition_Screen status=SUCCESS method=AllScenarios_Updation_of_DispositionModule.Open_Updation_of_Disposition_Screen()[pri:1, instance:com.test.Updation_of_DispositionModule.AllScenarios_Updation_of_DispositionModule@24269709] output={null}]]]>
              </value>
            </param>
          </params>
          <reporter-output>
          </reporter-output>
        </test-method> <!-- takeScreenshotOnFailure -->
        <test-method signature="Account_Number_Field__ECP_Validations(java.util.Map)[pri:2, instance:com.test.Updation_of_DispositionModule.AllScenarios_Updation_of_DispositionModule@24269709]" started-at="2024-12-16T17:49:24 IST" name="Account_Number_Field__ECP_Validations" data-provider="TestData" finished-at="2024-12-16T17:49:28 IST" duration-ms="3242" status="PASS">
          <params>
            <param index="0">
              <value>
                <![CDATA[{AccountNumberwithmorethan25characters=12345678901234500000000000000, ActionOwner=Internal User, Date=18, Disposition=My bank, Interactiondetailsdate=18-Dec-2024, InvalidAccountNumber=1231232123123210000000000, InvalidAccountNumbers=abcdefgh | !@#$%^&*(), Remarks=test, Run=Yes, Subdisposition=android, TestScenario=Updation_of_Disposition}]]>
              </value>
            </param>
          </params>
          <reporter-output>
          </reporter-output>
        </test-method> <!-- Account_Number_Field__ECP_Validations -->
        <test-method is-config="true" signature="setupTest(java.lang.reflect.Method)[pri:0, instance:com.test.Updation_of_DispositionModule.AllScenarios_Updation_of_DispositionModule@24269709]" started-at="2024-12-16T17:49:24 IST" name="setupTest" finished-at="2024-12-16T17:49:24 IST" duration-ms="0" status="PASS">
          <params>
            <param index="0">
              <value>
                <![CDATA[public void com.test.Updation_of_DispositionModule.AllScenarios_Updation_of_DispositionModule.Account_Number_Field__ECP_Validations(java.util.Map) throws java.lang.InterruptedException]]>
              </value>
            </param>
          </params>
          <reporter-output>
          </reporter-output>
        </test-method> <!-- setupTest -->
        <test-method is-config="true" signature="takeScreenshotOnFailure(org.testng.ITestResult)[pri:0, instance:com.test.Updation_of_DispositionModule.AllScenarios_Updation_of_DispositionModule@24269709]" started-at="2024-12-16T17:49:28 IST" name="takeScreenshotOnFailure" finished-at="2024-12-16T17:49:28 IST" duration-ms="1" status="PASS">
          <params>
            <param index="0">
              <value>
                <![CDATA[[TestResult name=Account_Number_Field__ECP_Validations status=SUCCESS method=AllScenarios_Updation_of_DispositionModule.Account_Number_Field__ECP_Validations(java.util.Map)[pri:2, instance:com.test.Updation_of_DispositionModule.AllScenarios_Updation_of_DispositionModule@24269709] output={null}]]]>
              </value>
            </param>
          </params>
          <reporter-output>
          </reporter-output>
        </test-method> <!-- takeScreenshotOnFailure -->
        <test-method is-config="true" signature="setupTest(java.lang.reflect.Method)[pri:0, instance:com.test.Updation_of_DispositionModule.AllScenarios_Updation_of_DispositionModule@24269709]" started-at="2024-12-16T17:49:28 IST" name="setupTest" finished-at="2024-12-16T17:49:28 IST" duration-ms="0" status="PASS">
          <params>
            <param index="0">
              <value>
                <![CDATA[public void com.test.Updation_of_DispositionModule.AllScenarios_Updation_of_DispositionModule.Attempt_to_Enter_More_than_25_Characters(java.util.Map) throws java.lang.InterruptedException]]>
              </value>
            </param>
          </params>
          <reporter-output>
          </reporter-output>
        </test-method> <!-- setupTest -->
        <test-method signature="Attempt_to_Enter_More_than_25_Characters(java.util.Map)[pri:3, instance:com.test.Updation_of_DispositionModule.AllScenarios_Updation_of_DispositionModule@24269709]" started-at="2024-12-16T17:49:28 IST" name="Attempt_to_Enter_More_than_25_Characters" data-provider="TestData" finished-at="2024-12-16T17:49:31 IST" duration-ms="3146" status="PASS">
          <params>
            <param index="0">
              <value>
                <![CDATA[{AccountNumberwithmorethan25characters=12345678901234500000000000000, ActionOwner=Internal User, Date=18, Disposition=My bank, Interactiondetailsdate=18-Dec-2024, InvalidAccountNumber=1231232123123210000000000, InvalidAccountNumbers=abcdefgh | !@#$%^&*(), Remarks=test, Run=Yes, Subdisposition=android, TestScenario=Updation_of_Disposition}]]>
              </value>
            </param>
          </params>
          <reporter-output>
          </reporter-output>
        </test-method> <!-- Attempt_to_Enter_More_than_25_Characters -->
        <test-method is-config="true" signature="takeScreenshotOnFailure(org.testng.ITestResult)[pri:0, instance:com.test.Updation_of_DispositionModule.AllScenarios_Updation_of_DispositionModule@24269709]" started-at="2024-12-16T17:49:31 IST" name="takeScreenshotOnFailure" finished-at="2024-12-16T17:49:31 IST" duration-ms="1" status="PASS">
          <params>
            <param index="0">
              <value>
                <![CDATA[[TestResult name=Attempt_to_Enter_More_than_25_Characters status=SUCCESS method=AllScenarios_Updation_of_DispositionModule.Attempt_to_Enter_More_than_25_Characters(java.util.Map)[pri:3, instance:com.test.Updation_of_DispositionModule.AllScenarios_Updation_of_DispositionModule@24269709] output={null}]]]>
              </value>
            </param>
          </params>
          <reporter-output>
          </reporter-output>
        </test-method> <!-- takeScreenshotOnFailure -->
        <test-method is-config="true" signature="setupTest(java.lang.reflect.Method)[pri:0, instance:com.test.Updation_of_DispositionModule.AllScenarios_Updation_of_DispositionModule@24269709]" started-at="2024-12-16T17:49:31 IST" name="setupTest" finished-at="2024-12-16T17:49:31 IST" duration-ms="0" status="PASS">
          <params>
            <param index="0">
              <value>
                <![CDATA[public void com.test.Updation_of_DispositionModule.AllScenarios_Updation_of_DispositionModule.Enter_Invalid_Account_Number_and_Search(java.util.Map) throws java.lang.InterruptedException]]>
              </value>
            </param>
          </params>
          <reporter-output>
          </reporter-output>
        </test-method> <!-- setupTest -->
        <test-method signature="Enter_Invalid_Account_Number_and_Search(java.util.Map)[pri:4, instance:com.test.Updation_of_DispositionModule.AllScenarios_Updation_of_DispositionModule@24269709]" started-at="2024-12-16T17:49:31 IST" name="Enter_Invalid_Account_Number_and_Search" data-provider="TestData" finished-at="2024-12-16T17:50:18 IST" duration-ms="47240" status="PASS">
          <params>
            <param index="0">
              <value>
                <![CDATA[{AccountNumberwithmorethan25characters=12345678901234500000000000000, ActionOwner=Internal User, Date=18, Disposition=My bank, Interactiondetailsdate=18-Dec-2024, InvalidAccountNumber=1231232123123210000000000, InvalidAccountNumbers=abcdefgh | !@#$%^&*(), Remarks=test, Run=Yes, Subdisposition=android, TestScenario=Updation_of_Disposition}]]>
              </value>
            </param>
          </params>
          <reporter-output>
          </reporter-output>
        </test-method> <!-- Enter_Invalid_Account_Number_and_Search -->
        <test-method is-config="true" signature="takeScreenshotOnFailure(org.testng.ITestResult)[pri:0, instance:com.test.Updation_of_DispositionModule.AllScenarios_Updation_of_DispositionModule@24269709]" started-at="2024-12-16T17:50:18 IST" name="takeScreenshotOnFailure" finished-at="2024-12-16T17:50:18 IST" duration-ms="0" status="PASS">
          <params>
            <param index="0">
              <value>
                <![CDATA[[TestResult name=Enter_Invalid_Account_Number_and_Search status=SUCCESS method=AllScenarios_Updation_of_DispositionModule.Enter_Invalid_Account_Number_and_Search(java.util.Map)[pri:4, instance:com.test.Updation_of_DispositionModule.AllScenarios_Updation_of_DispositionModule@24269709] output={null}]]]>
              </value>
            </param>
          </params>
          <reporter-output>
          </reporter-output>
        </test-method> <!-- takeScreenshotOnFailure -->
        <test-method is-config="true" signature="setupTest(java.lang.reflect.Method)[pri:0, instance:com.test.Updation_of_DispositionModule.AllScenarios_Updation_of_DispositionModule@24269709]" started-at="2024-12-16T17:50:18 IST" name="setupTest" finished-at="2024-12-16T17:50:18 IST" duration-ms="1" status="PASS">
          <params>
            <param index="0">
              <value>
                <![CDATA[public void com.test.Updation_of_DispositionModule.AllScenarios_Updation_of_DispositionModule.Search_with_Empty_Account_Number_Field() throws java.lang.InterruptedException]]>
              </value>
            </param>
          </params>
          <reporter-output>
          </reporter-output>
        </test-method> <!-- setupTest -->
        <test-method signature="Search_with_Empty_Account_Number_Field()[pri:5, instance:com.test.Updation_of_DispositionModule.AllScenarios_Updation_of_DispositionModule@24269709]" started-at="2024-12-16T17:50:18 IST" name="Search_with_Empty_Account_Number_Field" finished-at="2024-12-16T17:50:46 IST" duration-ms="28176" status="PASS">
          <reporter-output>
          </reporter-output>
        </test-method> <!-- Search_with_Empty_Account_Number_Field -->
        <test-method is-config="true" signature="takeScreenshotOnFailure(org.testng.ITestResult)[pri:0, instance:com.test.Updation_of_DispositionModule.AllScenarios_Updation_of_DispositionModule@24269709]" started-at="2024-12-16T17:50:46 IST" name="takeScreenshotOnFailure" finished-at="2024-12-16T17:50:46 IST" duration-ms="0" status="PASS">
          <params>
            <param index="0">
              <value>
                <![CDATA[[TestResult name=Search_with_Empty_Account_Number_Field status=SUCCESS method=AllScenarios_Updation_of_DispositionModule.Search_with_Empty_Account_Number_Field()[pri:5, instance:com.test.Updation_of_DispositionModule.AllScenarios_Updation_of_DispositionModule@24269709] output={null}]]]>
              </value>
            </param>
          </params>
          <reporter-output>
          </reporter-output>
        </test-method> <!-- takeScreenshotOnFailure -->
        <test-method is-config="true" signature="setupTest(java.lang.reflect.Method)[pri:0, instance:com.test.Updation_of_DispositionModule.AllScenarios_Updation_of_DispositionModule@24269709]" started-at="2024-12-16T17:50:46 IST" name="setupTest" finished-at="2024-12-16T17:50:46 IST" duration-ms="1" status="PASS">
          <params>
            <param index="0">
              <value>
                <![CDATA[public void com.test.Updation_of_DispositionModule.AllScenarios_Updation_of_DispositionModule.Enter_invalid_Account_Number_which_is_user_not_assigned_branches_and_Search() throws java.lang.InterruptedException]]>
              </value>
            </param>
          </params>
          <reporter-output>
          </reporter-output>
        </test-method> <!-- setupTest -->
        <test-method signature="Enter_invalid_Account_Number_which_is_user_not_assigned_branches_and_Search()[pri:6, instance:com.test.Updation_of_DispositionModule.AllScenarios_Updation_of_DispositionModule@24269709]" started-at="2024-12-16T17:50:46 IST" name="Enter_invalid_Account_Number_which_is_user_not_assigned_branches_and_Search" finished-at="2024-12-16T17:51:46 IST" duration-ms="59282" status="PASS">
          <reporter-output>
          </reporter-output>
        </test-method> <!-- Enter_invalid_Account_Number_which_is_user_not_assigned_branches_and_Search -->
        <test-method is-config="true" signature="takeScreenshotOnFailure(org.testng.ITestResult)[pri:0, instance:com.test.Updation_of_DispositionModule.AllScenarios_Updation_of_DispositionModule@24269709]" started-at="2024-12-16T17:51:46 IST" name="takeScreenshotOnFailure" finished-at="2024-12-16T17:51:46 IST" duration-ms="0" status="PASS">
          <params>
            <param index="0">
              <value>
                <![CDATA[[TestResult name=Enter_invalid_Account_Number_which_is_user_not_assigned_branches_and_Search status=SUCCESS method=AllScenarios_Updation_of_DispositionModule.Enter_invalid_Account_Number_which_is_user_not_assigned_branches_and_Search()[pri:6, instance:com.test.Updation_of_DispositionModule.AllScenarios_Updation_of_DispositionModule@24269709] output={null}]]]>
              </value>
            </param>
          </params>
          <reporter-output>
          </reporter-output>
        </test-method> <!-- takeScreenshotOnFailure -->
        <test-method signature="Enter_Valid_Account_Number_and_Search()[pri:7, instance:com.test.Updation_of_DispositionModule.AllScenarios_Updation_of_DispositionModule@24269709]" started-at="2024-12-16T17:51:46 IST" name="Enter_Valid_Account_Number_and_Search" finished-at="2024-12-16T17:51:57 IST" duration-ms="11228" status="PASS">
          <reporter-output>
          </reporter-output>
        </test-method> <!-- Enter_Valid_Account_Number_and_Search -->
        <test-method is-config="true" signature="setupTest(java.lang.reflect.Method)[pri:0, instance:com.test.Updation_of_DispositionModule.AllScenarios_Updation_of_DispositionModule@24269709]" started-at="2024-12-16T17:51:46 IST" name="setupTest" finished-at="2024-12-16T17:51:46 IST" duration-ms="0" status="PASS">
          <params>
            <param index="0">
              <value>
                <![CDATA[public void com.test.Updation_of_DispositionModule.AllScenarios_Updation_of_DispositionModule.Enter_Valid_Account_Number_and_Search() throws java.lang.InterruptedException]]>
              </value>
            </param>
          </params>
          <reporter-output>
          </reporter-output>
        </test-method> <!-- setupTest -->
        <test-method is-config="true" signature="takeScreenshotOnFailure(org.testng.ITestResult)[pri:0, instance:com.test.Updation_of_DispositionModule.AllScenarios_Updation_of_DispositionModule@24269709]" started-at="2024-12-16T17:51:57 IST" name="takeScreenshotOnFailure" finished-at="2024-12-16T17:51:57 IST" duration-ms="1" status="PASS">
          <params>
            <param index="0">
              <value>
                <![CDATA[[TestResult name=Enter_Valid_Account_Number_and_Search status=SUCCESS method=AllScenarios_Updation_of_DispositionModule.Enter_Valid_Account_Number_and_Search()[pri:7, instance:com.test.Updation_of_DispositionModule.AllScenarios_Updation_of_DispositionModule@24269709] output={null}]]]>
              </value>
            </param>
          </params>
          <reporter-output>
          </reporter-output>
        </test-method> <!-- takeScreenshotOnFailure -->
        <test-method is-config="true" signature="setupTest(java.lang.reflect.Method)[pri:0, instance:com.test.Updation_of_DispositionModule.AllScenarios_Updation_of_DispositionModule@24269709]" started-at="2024-12-16T17:51:57 IST" name="setupTest" finished-at="2024-12-16T17:51:57 IST" duration-ms="1" status="PASS">
          <params>
            <param index="0">
              <value>
                <![CDATA[public void com.test.Updation_of_DispositionModule.AllScenarios_Updation_of_DispositionModule.Add_New_Interaction_Details__All_Fields_Missing_Validation() throws java.lang.InterruptedException]]>
              </value>
            </param>
          </params>
          <reporter-output>
          </reporter-output>
        </test-method> <!-- setupTest -->
        <test-method signature="Add_New_Interaction_Details__All_Fields_Missing_Validation()[pri:8, instance:com.test.Updation_of_DispositionModule.AllScenarios_Updation_of_DispositionModule@24269709]" started-at="2024-12-16T17:51:57 IST" name="Add_New_Interaction_Details__All_Fields_Missing_Validation" finished-at="2024-12-16T17:52:02 IST" duration-ms="5393" status="PASS">
          <reporter-output>
          </reporter-output>
        </test-method> <!-- Add_New_Interaction_Details__All_Fields_Missing_Validation -->
        <test-method is-config="true" signature="takeScreenshotOnFailure(org.testng.ITestResult)[pri:0, instance:com.test.Updation_of_DispositionModule.AllScenarios_Updation_of_DispositionModule@24269709]" started-at="2024-12-16T17:52:02 IST" name="takeScreenshotOnFailure" finished-at="2024-12-16T17:52:02 IST" duration-ms="1" status="PASS">
          <params>
            <param index="0">
              <value>
                <![CDATA[[TestResult name=Add_New_Interaction_Details__All_Fields_Missing_Validation status=SUCCESS method=AllScenarios_Updation_of_DispositionModule.Add_New_Interaction_Details__All_Fields_Missing_Validation()[pri:8, instance:com.test.Updation_of_DispositionModule.AllScenarios_Updation_of_DispositionModule@24269709] output={null}]]]>
              </value>
            </param>
          </params>
          <reporter-output>
          </reporter-output>
        </test-method> <!-- takeScreenshotOnFailure -->
        <test-method is-config="true" signature="setupTest(java.lang.reflect.Method)[pri:0, instance:com.test.Updation_of_DispositionModule.AllScenarios_Updation_of_DispositionModule@24269709]" started-at="2024-12-16T17:52:02 IST" name="setupTest" finished-at="2024-12-16T17:52:02 IST" duration-ms="1" status="PASS">
          <params>
            <param index="0">
              <value>
                <![CDATA[public void com.test.Updation_of_DispositionModule.AllScenarios_Updation_of_DispositionModule.Add_New_Interaction_Details__Disposition_Missing_Validation(java.util.Map) throws java.lang.InterruptedException]]>
              </value>
            </param>
          </params>
          <reporter-output>
          </reporter-output>
        </test-method> <!-- setupTest -->
        <test-method signature="Add_New_Interaction_Details__Disposition_Missing_Validation(java.util.Map)[pri:9, instance:com.test.Updation_of_DispositionModule.AllScenarios_Updation_of_DispositionModule@24269709]" started-at="2024-12-16T17:52:02 IST" name="Add_New_Interaction_Details__Disposition_Missing_Validation" data-provider="TestData" finished-at="2024-12-16T17:52:08 IST" duration-ms="5773" status="PASS">
          <params>
            <param index="0">
              <value>
                <![CDATA[{AccountNumberwithmorethan25characters=12345678901234500000000000000, ActionOwner=Internal User, Date=18, Disposition=My bank, Interactiondetailsdate=18-Dec-2024, InvalidAccountNumber=1231232123123210000000000, InvalidAccountNumbers=abcdefgh | !@#$%^&*(), Remarks=test, Run=Yes, Subdisposition=android, TestScenario=Updation_of_Disposition}]]>
              </value>
            </param>
          </params>
          <reporter-output>
          </reporter-output>
        </test-method> <!-- Add_New_Interaction_Details__Disposition_Missing_Validation -->
        <test-method is-config="true" signature="takeScreenshotOnFailure(org.testng.ITestResult)[pri:0, instance:com.test.Updation_of_DispositionModule.AllScenarios_Updation_of_DispositionModule@24269709]" started-at="2024-12-16T17:52:08 IST" name="takeScreenshotOnFailure" finished-at="2024-12-16T17:52:08 IST" duration-ms="1" status="PASS">
          <params>
            <param index="0">
              <value>
                <![CDATA[[TestResult name=Add_New_Interaction_Details__Disposition_Missing_Validation status=SUCCESS method=AllScenarios_Updation_of_DispositionModule.Add_New_Interaction_Details__Disposition_Missing_Validation(java.util.Map)[pri:9, instance:com.test.Updation_of_DispositionModule.AllScenarios_Updation_of_DispositionModule@24269709] output={null}]]]>
              </value>
            </param>
          </params>
          <reporter-output>
          </reporter-output>
        </test-method> <!-- takeScreenshotOnFailure -->
        <test-method signature="Add_New_Interaction_Details__Sub_Disposition_Missing_Validation(java.util.Map)[pri:10, instance:com.test.Updation_of_DispositionModule.AllScenarios_Updation_of_DispositionModule@24269709]" started-at="2024-12-16T17:52:08 IST" name="Add_New_Interaction_Details__Sub_Disposition_Missing_Validation" data-provider="TestData" finished-at="2024-12-16T17:52:21 IST" duration-ms="12393" status="PASS">
          <params>
            <param index="0">
              <value>
                <![CDATA[{AccountNumberwithmorethan25characters=12345678901234500000000000000, ActionOwner=Internal User, Date=18, Disposition=My bank, Interactiondetailsdate=18-Dec-2024, InvalidAccountNumber=1231232123123210000000000, InvalidAccountNumbers=abcdefgh | !@#$%^&*(), Remarks=test, Run=Yes, Subdisposition=android, TestScenario=Updation_of_Disposition}]]>
              </value>
            </param>
          </params>
          <reporter-output>
          </reporter-output>
        </test-method> <!-- Add_New_Interaction_Details__Sub_Disposition_Missing_Validation -->
        <test-method is-config="true" signature="setupTest(java.lang.reflect.Method)[pri:0, instance:com.test.Updation_of_DispositionModule.AllScenarios_Updation_of_DispositionModule@24269709]" started-at="2024-12-16T17:52:08 IST" name="setupTest" finished-at="2024-12-16T17:52:08 IST" duration-ms="0" status="PASS">
          <params>
            <param index="0">
              <value>
                <![CDATA[public void com.test.Updation_of_DispositionModule.AllScenarios_Updation_of_DispositionModule.Add_New_Interaction_Details__Sub_Disposition_Missing_Validation(java.util.Map) throws java.lang.InterruptedException]]>
              </value>
            </param>
          </params>
          <reporter-output>
          </reporter-output>
        </test-method> <!-- setupTest -->
        <test-method is-config="true" signature="takeScreenshotOnFailure(org.testng.ITestResult)[pri:0, instance:com.test.Updation_of_DispositionModule.AllScenarios_Updation_of_DispositionModule@24269709]" started-at="2024-12-16T17:52:21 IST" name="takeScreenshotOnFailure" finished-at="2024-12-16T17:52:21 IST" duration-ms="1" status="PASS">
          <params>
            <param index="0">
              <value>
                <![CDATA[[TestResult name=Add_New_Interaction_Details__Sub_Disposition_Missing_Validation status=SUCCESS method=AllScenarios_Updation_of_DispositionModule.Add_New_Interaction_Details__Sub_Disposition_Missing_Validation(java.util.Map)[pri:10, instance:com.test.Updation_of_DispositionModule.AllScenarios_Updation_of_DispositionModule@24269709] output={null}]]]>
              </value>
            </param>
          </params>
          <reporter-output>
          </reporter-output>
        </test-method> <!-- takeScreenshotOnFailure -->
        <test-method is-config="true" signature="setupTest(java.lang.reflect.Method)[pri:0, instance:com.test.Updation_of_DispositionModule.AllScenarios_Updation_of_DispositionModule@24269709]" started-at="2024-12-16T17:52:21 IST" name="setupTest" finished-at="2024-12-16T17:52:21 IST" duration-ms="1" status="PASS">
          <params>
            <param index="0">
              <value>
                <![CDATA[public void com.test.Updation_of_DispositionModule.AllScenarios_Updation_of_DispositionModule.Add_New_Interaction_Details__NextAction_Date_Missing_Validation(java.util.Map) throws java.lang.InterruptedException]]>
              </value>
            </param>
          </params>
          <reporter-output>
          </reporter-output>
        </test-method> <!-- setupTest -->
        <test-method signature="Add_New_Interaction_Details__NextAction_Date_Missing_Validation(java.util.Map)[pri:11, instance:com.test.Updation_of_DispositionModule.AllScenarios_Updation_of_DispositionModule@24269709]" started-at="2024-12-16T17:52:21 IST" name="Add_New_Interaction_Details__NextAction_Date_Missing_Validation" data-provider="TestData" finished-at="2024-12-16T17:52:26 IST" duration-ms="5768" status="PASS">
          <params>
            <param index="0">
              <value>
                <![CDATA[{AccountNumberwithmorethan25characters=12345678901234500000000000000, ActionOwner=Internal User, Date=18, Disposition=My bank, Interactiondetailsdate=18-Dec-2024, InvalidAccountNumber=1231232123123210000000000, InvalidAccountNumbers=abcdefgh | !@#$%^&*(), Remarks=test, Run=Yes, Subdisposition=android, TestScenario=Updation_of_Disposition}]]>
              </value>
            </param>
          </params>
          <reporter-output>
          </reporter-output>
        </test-method> <!-- Add_New_Interaction_Details__NextAction_Date_Missing_Validation -->
        <test-method is-config="true" signature="takeScreenshotOnFailure(org.testng.ITestResult)[pri:0, instance:com.test.Updation_of_DispositionModule.AllScenarios_Updation_of_DispositionModule@24269709]" started-at="2024-12-16T17:52:26 IST" name="takeScreenshotOnFailure" finished-at="2024-12-16T17:52:26 IST" duration-ms="0" status="PASS">
          <params>
            <param index="0">
              <value>
                <![CDATA[[TestResult name=Add_New_Interaction_Details__NextAction_Date_Missing_Validation status=SUCCESS method=AllScenarios_Updation_of_DispositionModule.Add_New_Interaction_Details__NextAction_Date_Missing_Validation(java.util.Map)[pri:11, instance:com.test.Updation_of_DispositionModule.AllScenarios_Updation_of_DispositionModule@24269709] output={null}]]]>
              </value>
            </param>
          </params>
          <reporter-output>
          </reporter-output>
        </test-method> <!-- takeScreenshotOnFailure -->
        <test-method is-config="true" signature="setupTest(java.lang.reflect.Method)[pri:0, instance:com.test.Updation_of_DispositionModule.AllScenarios_Updation_of_DispositionModule@24269709]" started-at="2024-12-16T17:52:26 IST" name="setupTest" finished-at="2024-12-16T17:52:26 IST" duration-ms="1" status="PASS">
          <params>
            <param index="0">
              <value>
                <![CDATA[public void com.test.Updation_of_DispositionModule.AllScenarios_Updation_of_DispositionModule.Add_New_Interaction_Details__Remark_Missing_Validation(java.util.Map) throws java.lang.InterruptedException]]>
              </value>
            </param>
          </params>
          <reporter-output>
          </reporter-output>
        </test-method> <!-- setupTest -->
        <test-method signature="Add_New_Interaction_Details__Remark_Missing_Validation(java.util.Map)[pri:12, instance:com.test.Updation_of_DispositionModule.AllScenarios_Updation_of_DispositionModule@24269709]" started-at="2024-12-16T17:52:26 IST" name="Add_New_Interaction_Details__Remark_Missing_Validation" data-provider="TestData" finished-at="2024-12-16T17:52:55 IST" duration-ms="28692" status="PASS">
          <params>
            <param index="0">
              <value>
                <![CDATA[{AccountNumberwithmorethan25characters=12345678901234500000000000000, ActionOwner=Internal User, Date=18, Disposition=My bank, Interactiondetailsdate=18-Dec-2024, InvalidAccountNumber=1231232123123210000000000, InvalidAccountNumbers=abcdefgh | !@#$%^&*(), Remarks=test, Run=Yes, Subdisposition=android, TestScenario=Updation_of_Disposition}]]>
              </value>
            </param>
          </params>
          <reporter-output>
          </reporter-output>
        </test-method> <!-- Add_New_Interaction_Details__Remark_Missing_Validation -->
        <test-method is-config="true" signature="takeScreenshotOnFailure(org.testng.ITestResult)[pri:0, instance:com.test.Updation_of_DispositionModule.AllScenarios_Updation_of_DispositionModule@24269709]" started-at="2024-12-16T17:52:55 IST" name="takeScreenshotOnFailure" finished-at="2024-12-16T17:52:55 IST" duration-ms="0" status="PASS">
          <params>
            <param index="0">
              <value>
                <![CDATA[[TestResult name=Add_New_Interaction_Details__Remark_Missing_Validation status=SUCCESS method=AllScenarios_Updation_of_DispositionModule.Add_New_Interaction_Details__Remark_Missing_Validation(java.util.Map)[pri:12, instance:com.test.Updation_of_DispositionModule.AllScenarios_Updation_of_DispositionModule@24269709] output={null}]]]>
              </value>
            </param>
          </params>
          <reporter-output>
          </reporter-output>
        </test-method> <!-- takeScreenshotOnFailure -->
        <test-method is-config="true" signature="setupTest(java.lang.reflect.Method)[pri:0, instance:com.test.Updation_of_DispositionModule.AllScenarios_Updation_of_DispositionModule@24269709]" started-at="2024-12-16T17:52:55 IST" name="setupTest" finished-at="2024-12-16T17:52:55 IST" duration-ms="0" status="PASS">
          <params>
            <param index="0">
              <value>
                <![CDATA[public void com.test.Updation_of_DispositionModule.AllScenarios_Updation_of_DispositionModule.Add_New_Interaction_Details__Successful_Form_Submission(java.util.Map) throws java.lang.InterruptedException]]>
              </value>
            </param>
          </params>
          <reporter-output>
          </reporter-output>
        </test-method> <!-- setupTest -->
        <test-method signature="Add_New_Interaction_Details__Successful_Form_Submission(java.util.Map)[pri:13, instance:com.test.Updation_of_DispositionModule.AllScenarios_Updation_of_DispositionModule@24269709]" started-at="2024-12-16T17:52:55 IST" name="Add_New_Interaction_Details__Successful_Form_Submission" data-provider="TestData" finished-at="2024-12-16T17:53:33 IST" duration-ms="37794" status="PASS">
          <params>
            <param index="0">
              <value>
                <![CDATA[{AccountNumberwithmorethan25characters=12345678901234500000000000000, ActionOwner=Internal User, Date=18, Disposition=My bank, Interactiondetailsdate=18-Dec-2024, InvalidAccountNumber=1231232123123210000000000, InvalidAccountNumbers=abcdefgh | !@#$%^&*(), Remarks=test, Run=Yes, Subdisposition=android, TestScenario=Updation_of_Disposition}]]>
              </value>
            </param>
          </params>
          <reporter-output>
          </reporter-output>
        </test-method> <!-- Add_New_Interaction_Details__Successful_Form_Submission -->
        <test-method is-config="true" signature="takeScreenshotOnFailure(org.testng.ITestResult)[pri:0, instance:com.test.Updation_of_DispositionModule.AllScenarios_Updation_of_DispositionModule@24269709]" started-at="2024-12-16T17:53:33 IST" name="takeScreenshotOnFailure" finished-at="2024-12-16T17:53:33 IST" duration-ms="0" status="PASS">
          <params>
            <param index="0">
              <value>
                <![CDATA[[TestResult name=Add_New_Interaction_Details__Successful_Form_Submission status=SUCCESS method=AllScenarios_Updation_of_DispositionModule.Add_New_Interaction_Details__Successful_Form_Submission(java.util.Map)[pri:13, instance:com.test.Updation_of_DispositionModule.AllScenarios_Updation_of_DispositionModule@24269709] output={null}]]]>
              </value>
            </param>
          </params>
          <reporter-output>
          </reporter-output>
        </test-method> <!-- takeScreenshotOnFailure -->
        <test-method is-config="true" signature="setupTest(java.lang.reflect.Method)[pri:0, instance:com.test.Updation_of_DispositionModule.AllScenarios_Updation_of_DispositionModule@24269709]" started-at="2024-12-16T17:53:33 IST" name="setupTest" finished-at="2024-12-16T17:53:33 IST" duration-ms="0" status="PASS">
          <params>
            <param index="0">
              <value>
                <![CDATA[public void com.test.Updation_of_DispositionModule.AllScenarios_Updation_of_DispositionModule.Verify_successfully_saved_interaction_in_history_of_interaction_details_section(java.util.Map) throws java.lang.InterruptedException]]>
              </value>
            </param>
          </params>
          <reporter-output>
          </reporter-output>
        </test-method> <!-- setupTest -->
        <test-method signature="Verify_successfully_saved_interaction_in_history_of_interaction_details_section(java.util.Map)[pri:14, instance:com.test.Updation_of_DispositionModule.AllScenarios_Updation_of_DispositionModule@24269709]" started-at="2024-12-16T17:53:33 IST" name="Verify_successfully_saved_interaction_in_history_of_interaction_details_section" data-provider="TestData" finished-at="2024-12-16T17:54:25 IST" duration-ms="51546" status="PASS">
          <params>
            <param index="0">
              <value>
                <![CDATA[{AccountNumberwithmorethan25characters=12345678901234500000000000000, ActionOwner=Internal User, Date=18, Disposition=My bank, Interactiondetailsdate=18-Dec-2024, InvalidAccountNumber=1231232123123210000000000, InvalidAccountNumbers=abcdefgh | !@#$%^&*(), Remarks=test, Run=Yes, Subdisposition=android, TestScenario=Updation_of_Disposition}]]>
              </value>
            </param>
          </params>
          <reporter-output>
          </reporter-output>
        </test-method> <!-- Verify_successfully_saved_interaction_in_history_of_interaction_details_section -->
        <test-method is-config="true" signature="takeScreenshotOnFailure(org.testng.ITestResult)[pri:0, instance:com.test.Updation_of_DispositionModule.AllScenarios_Updation_of_DispositionModule@24269709]" started-at="2024-12-16T17:54:25 IST" name="takeScreenshotOnFailure" finished-at="2024-12-16T17:54:25 IST" duration-ms="1" status="PASS">
          <params>
            <param index="0">
              <value>
                <![CDATA[[TestResult name=Verify_successfully_saved_interaction_in_history_of_interaction_details_section status=SUCCESS method=AllScenarios_Updation_of_DispositionModule.Verify_successfully_saved_interaction_in_history_of_interaction_details_section(java.util.Map)[pri:14, instance:com.test.Updation_of_DispositionModule.AllScenarios_Updation_of_DispositionModule@24269709] output={null}]]]>
              </value>
            </param>
          </params>
          <reporter-output>
          </reporter-output>
        </test-method> <!-- takeScreenshotOnFailure -->
        <test-method is-config="true" signature="afterEachTest()[pri:0, instance:com.test.Updation_of_DispositionModule.AllScenarios_Updation_of_DispositionModule@24269709]" started-at="2024-12-16T17:54:25 IST" name="afterEachTest" finished-at="2024-12-16T17:54:26 IST" duration-ms="1047" status="PASS">
          <reporter-output>
          </reporter-output>
        </test-method> <!-- afterEachTest -->
      </class> <!-- com.test.Updation_of_DispositionModule.AllScenarios_Updation_of_DispositionModule -->
    </test> <!-- Default test -->
  </suite> <!-- Default suite -->
</testng-results>
