<?xml version="1.0" encoding="UTF-8"?>
<testng-results ignored="0" total="11" passed="11" failed="0" skipped="0">
  <reporter-output>
  </reporter-output>
  <suite started-at="2025-04-02T19:19:28 IST" name="Default suite" finished-at="2025-04-02T19:29:39 IST" duration-ms="611362">
    <groups>
    </groups>
    <test started-at="2025-04-02T19:19:28 IST" name="Default test" finished-at="2025-04-02T19:29:39 IST" duration-ms="611362">
      <class name="core.AlertsandNotifications.AlertsMaskAcAndMaskingAutho_TestClass">
        <test-method is-config="true" signature="SetUp()[pri:0, instance:core.AlertsandNotifications.AlertsMaskAcAndMaskingAutho_TestClass@2cd76f31]" started-at="2025-04-02T19:19:28 IST" name="SetUp" finished-at="2025-04-02T19:19:28 IST" duration-ms="22" status="PASS">
          <reporter-output>
          </reporter-output>
        </test-method> <!-- SetUp -->
        <test-method is-config="true" signature="setupTest(java.lang.reflect.Method)[pri:0, instance:core.AlertsandNotifications.AlertsMaskAcAndMaskingAutho_TestClass@2cd76f31]" started-at="2025-04-02T19:19:28 IST" name="setupTest" finished-at="2025-04-02T19:19:29 IST" duration-ms="736" status="PASS">
          <params>
            <param index="0">
              <value>
                <![CDATA[public void core.AlertsandNotifications.AlertsMaskAcAndMaskingAutho_TestClass.Login_and_Navigate_to_Mask_Account_Window() throws java.lang.Exception]]>
              </value>
            </param>
          </params>
          <reporter-output>
          </reporter-output>
        </test-method> <!-- setupTest -->
        <test-method signature="Login_and_Navigate_to_Mask_Account_Window()[pri:1, instance:core.AlertsandNotifications.AlertsMaskAcAndMaskingAutho_TestClass@2cd76f31]" started-at="2025-04-02T19:19:29 IST" name="Login_and_Navigate_to_Mask_Account_Window" finished-at="2025-04-02T19:20:53 IST" duration-ms="83840" status="PASS">
          <reporter-output>
          </reporter-output>
        </test-method> <!-- Login_and_Navigate_to_Mask_Account_Window -->
        <test-method is-config="true" signature="takeScreenshotOnFailure(org.testng.ITestResult)[pri:0, instance:core.AlertsandNotifications.AlertsMaskAcAndMaskingAutho_TestClass@2cd76f31]" started-at="2025-04-02T19:20:53 IST" name="takeScreenshotOnFailure" finished-at="2025-04-02T19:20:53 IST" duration-ms="2" status="PASS">
          <params>
            <param index="0">
              <value>
                <![CDATA[[TestResult name=Login_and_Navigate_to_Mask_Account_Window status=SUCCESS method=AlertsMaskAcAndMaskingAutho_TestClass.Login_and_Navigate_to_Mask_Account_Window()[pri:1, instance:core.AlertsandNotifications.AlertsMaskAcAndMaskingAutho_TestClass@2cd76f31] output={null}]]]>
              </value>
            </param>
          </params>
          <reporter-output>
          </reporter-output>
        </test-method> <!-- takeScreenshotOnFailure -->
        <test-method is-config="true" signature="setupTest(java.lang.reflect.Method)[pri:0, instance:core.AlertsandNotifications.AlertsMaskAcAndMaskingAutho_TestClass@2cd76f31]" started-at="2025-04-02T19:20:54 IST" name="setupTest" finished-at="2025-04-02T19:20:54 IST" duration-ms="2" status="PASS">
          <params>
            <param index="0">
              <value>
                <![CDATA[public void core.AlertsandNotifications.AlertsMaskAcAndMaskingAutho_TestClass.Mask_Account_with_Valid_Details(java.util.Map) throws java.lang.Throwable]]>
              </value>
            </param>
          </params>
          <reporter-output>
          </reporter-output>
        </test-method> <!-- setupTest -->
        <test-method signature="Mask_Account_with_Valid_Details(java.util.Map)[pri:2, instance:core.AlertsandNotifications.AlertsMaskAcAndMaskingAutho_TestClass@2cd76f31]" started-at="2025-04-02T19:20:54 IST" name="Mask_Account_with_Valid_Details" data-provider="TestData" finished-at="2025-04-02T19:21:23 IST" duration-ms="28668" status="PASS">
          <params>
            <param index="0">
              <value>
                <![CDATA[{InvalidAccountNumber=1234, NotificationType=EMAIL, Reason=Test, Run=Yes, Status=Mask, Status2=Unmask, Template=Email 2, TestScenario=CoreAlertsMaskAcAndMaskingAutho}]]>
              </value>
            </param>
          </params>
          <reporter-output>
          </reporter-output>
        </test-method> <!-- Mask_Account_with_Valid_Details -->
        <test-method is-config="true" signature="takeScreenshotOnFailure(org.testng.ITestResult)[pri:0, instance:core.AlertsandNotifications.AlertsMaskAcAndMaskingAutho_TestClass@2cd76f31]" started-at="2025-04-02T19:21:23 IST" name="takeScreenshotOnFailure" finished-at="2025-04-02T19:21:23 IST" duration-ms="1" status="PASS">
          <params>
            <param index="0">
              <value>
                <![CDATA[[TestResult name=Mask_Account_with_Valid_Details status=SUCCESS method=AlertsMaskAcAndMaskingAutho_TestClass.Mask_Account_with_Valid_Details(java.util.Map)[pri:2, instance:core.AlertsandNotifications.AlertsMaskAcAndMaskingAutho_TestClass@2cd76f31] output={null}]]]>
              </value>
            </param>
          </params>
          <reporter-output>
          </reporter-output>
        </test-method> <!-- takeScreenshotOnFailure -->
        <test-method is-config="true" signature="setupTest(java.lang.reflect.Method)[pri:0, instance:core.AlertsandNotifications.AlertsMaskAcAndMaskingAutho_TestClass@2cd76f31]" started-at="2025-04-02T19:21:23 IST" name="setupTest" finished-at="2025-04-02T19:21:23 IST" duration-ms="2" status="PASS">
          <params>
            <param index="0">
              <value>
                <![CDATA[public void core.AlertsandNotifications.AlertsMaskAcAndMaskingAutho_TestClass.Approve_Masking_Request() throws java.lang.Exception]]>
              </value>
            </param>
          </params>
          <reporter-output>
          </reporter-output>
        </test-method> <!-- setupTest -->
        <test-method signature="Approve_Masking_Request()[pri:3, instance:core.AlertsandNotifications.AlertsMaskAcAndMaskingAutho_TestClass@2cd76f31]" started-at="2025-04-02T19:21:23 IST" name="Approve_Masking_Request" finished-at="2025-04-02T19:23:25 IST" duration-ms="122222" status="PASS">
          <reporter-output>
          </reporter-output>
        </test-method> <!-- Approve_Masking_Request -->
        <test-method is-config="true" signature="takeScreenshotOnFailure(org.testng.ITestResult)[pri:0, instance:core.AlertsandNotifications.AlertsMaskAcAndMaskingAutho_TestClass@2cd76f31]" started-at="2025-04-02T19:23:25 IST" name="takeScreenshotOnFailure" finished-at="2025-04-02T19:23:25 IST" duration-ms="1" status="PASS">
          <params>
            <param index="0">
              <value>
                <![CDATA[[TestResult name=Approve_Masking_Request status=SUCCESS method=AlertsMaskAcAndMaskingAutho_TestClass.Approve_Masking_Request()[pri:3, instance:core.AlertsandNotifications.AlertsMaskAcAndMaskingAutho_TestClass@2cd76f31] output={null}]]]>
              </value>
            </param>
          </params>
          <reporter-output>
          </reporter-output>
        </test-method> <!-- takeScreenshotOnFailure -->
        <test-method is-config="true" signature="setupTest(java.lang.reflect.Method)[pri:0, instance:core.AlertsandNotifications.AlertsMaskAcAndMaskingAutho_TestClass@2cd76f31]" started-at="2025-04-02T19:23:25 IST" name="setupTest" finished-at="2025-04-02T19:23:25 IST" duration-ms="2" status="PASS">
          <params>
            <param index="0">
              <value>
                <![CDATA[public void core.AlertsandNotifications.AlertsMaskAcAndMaskingAutho_TestClass.Validate_Masked_Account_in_Notification_Management(java.util.Map) throws java.lang.Exception]]>
              </value>
            </param>
          </params>
          <reporter-output>
          </reporter-output>
        </test-method> <!-- setupTest -->
        <test-method signature="Validate_Masked_Account_in_Notification_Management(java.util.Map)[pri:4, instance:core.AlertsandNotifications.AlertsMaskAcAndMaskingAutho_TestClass@2cd76f31]" started-at="2025-04-02T19:23:25 IST" name="Validate_Masked_Account_in_Notification_Management" data-provider="TestData" finished-at="2025-04-02T19:25:36 IST" duration-ms="130794" status="PASS">
          <params>
            <param index="0">
              <value>
                <![CDATA[{InvalidAccountNumber=1234, NotificationType=EMAIL, Reason=Test, Run=Yes, Status=Mask, Status2=Unmask, Template=Email 2, TestScenario=CoreAlertsMaskAcAndMaskingAutho}]]>
              </value>
            </param>
          </params>
          <reporter-output>
          </reporter-output>
        </test-method> <!-- Validate_Masked_Account_in_Notification_Management -->
        <test-method is-config="true" signature="takeScreenshotOnFailure(org.testng.ITestResult)[pri:0, instance:core.AlertsandNotifications.AlertsMaskAcAndMaskingAutho_TestClass@2cd76f31]" started-at="2025-04-02T19:25:36 IST" name="takeScreenshotOnFailure" finished-at="2025-04-02T19:25:36 IST" duration-ms="1" status="PASS">
          <params>
            <param index="0">
              <value>
                <![CDATA[[TestResult name=Validate_Masked_Account_in_Notification_Management status=SUCCESS method=AlertsMaskAcAndMaskingAutho_TestClass.Validate_Masked_Account_in_Notification_Management(java.util.Map)[pri:4, instance:core.AlertsandNotifications.AlertsMaskAcAndMaskingAutho_TestClass@2cd76f31] output={null}]]]>
              </value>
            </param>
          </params>
          <reporter-output>
          </reporter-output>
        </test-method> <!-- takeScreenshotOnFailure -->
        <test-method is-config="true" signature="setupTest(java.lang.reflect.Method)[pri:0, instance:core.AlertsandNotifications.AlertsMaskAcAndMaskingAutho_TestClass@2cd76f31]" started-at="2025-04-02T19:25:36 IST" name="setupTest" finished-at="2025-04-02T19:25:36 IST" duration-ms="2" status="PASS">
          <params>
            <param index="0">
              <value>
                <![CDATA[public void core.AlertsandNotifications.AlertsMaskAcAndMaskingAutho_TestClass.Unmask_Account(java.util.Map) throws java.lang.InterruptedException]]>
              </value>
            </param>
          </params>
          <reporter-output>
          </reporter-output>
        </test-method> <!-- setupTest -->
        <test-method signature="Unmask_Account(java.util.Map)[pri:5, instance:core.AlertsandNotifications.AlertsMaskAcAndMaskingAutho_TestClass@2cd76f31]" started-at="2025-04-02T19:25:36 IST" name="Unmask_Account" data-provider="TestData" finished-at="2025-04-02T19:26:02 IST" duration-ms="25573" status="PASS">
          <params>
            <param index="0">
              <value>
                <![CDATA[{InvalidAccountNumber=1234, NotificationType=EMAIL, Reason=Test, Run=Yes, Status=Mask, Status2=Unmask, Template=Email 2, TestScenario=CoreAlertsMaskAcAndMaskingAutho}]]>
              </value>
            </param>
          </params>
          <reporter-output>
          </reporter-output>
        </test-method> <!-- Unmask_Account -->
        <test-method is-config="true" signature="takeScreenshotOnFailure(org.testng.ITestResult)[pri:0, instance:core.AlertsandNotifications.AlertsMaskAcAndMaskingAutho_TestClass@2cd76f31]" started-at="2025-04-02T19:26:02 IST" name="takeScreenshotOnFailure" finished-at="2025-04-02T19:26:02 IST" duration-ms="2" status="PASS">
          <params>
            <param index="0">
              <value>
                <![CDATA[[TestResult name=Unmask_Account status=SUCCESS method=AlertsMaskAcAndMaskingAutho_TestClass.Unmask_Account(java.util.Map)[pri:5, instance:core.AlertsandNotifications.AlertsMaskAcAndMaskingAutho_TestClass@2cd76f31] output={null}]]]>
              </value>
            </param>
          </params>
          <reporter-output>
          </reporter-output>
        </test-method> <!-- takeScreenshotOnFailure -->
        <test-method is-config="true" signature="setupTest(java.lang.reflect.Method)[pri:0, instance:core.AlertsandNotifications.AlertsMaskAcAndMaskingAutho_TestClass@2cd76f31]" started-at="2025-04-02T19:26:02 IST" name="setupTest" finished-at="2025-04-02T19:26:02 IST" duration-ms="4" status="PASS">
          <params>
            <param index="0">
              <value>
                <![CDATA[public void core.AlertsandNotifications.AlertsMaskAcAndMaskingAutho_TestClass.Approve_Unmask_Request() throws java.lang.Exception]]>
              </value>
            </param>
          </params>
          <reporter-output>
          </reporter-output>
        </test-method> <!-- setupTest -->
        <test-method signature="Approve_Unmask_Request()[pri:6, instance:core.AlertsandNotifications.AlertsMaskAcAndMaskingAutho_TestClass@2cd76f31]" started-at="2025-04-02T19:26:02 IST" name="Approve_Unmask_Request" finished-at="2025-04-02T19:28:05 IST" duration-ms="122625" status="PASS">
          <reporter-output>
          </reporter-output>
        </test-method> <!-- Approve_Unmask_Request -->
        <test-method is-config="true" signature="takeScreenshotOnFailure(org.testng.ITestResult)[pri:0, instance:core.AlertsandNotifications.AlertsMaskAcAndMaskingAutho_TestClass@2cd76f31]" started-at="2025-04-02T19:28:05 IST" name="takeScreenshotOnFailure" finished-at="2025-04-02T19:28:05 IST" duration-ms="1" status="PASS">
          <params>
            <param index="0">
              <value>
                <![CDATA[[TestResult name=Approve_Unmask_Request status=SUCCESS method=AlertsMaskAcAndMaskingAutho_TestClass.Approve_Unmask_Request()[pri:6, instance:core.AlertsandNotifications.AlertsMaskAcAndMaskingAutho_TestClass@2cd76f31] output={null}]]]>
              </value>
            </param>
          </params>
          <reporter-output>
          </reporter-output>
        </test-method> <!-- takeScreenshotOnFailure -->
        <test-method is-config="true" signature="setupTest(java.lang.reflect.Method)[pri:0, instance:core.AlertsandNotifications.AlertsMaskAcAndMaskingAutho_TestClass@2cd76f31]" started-at="2025-04-02T19:28:05 IST" name="setupTest" finished-at="2025-04-02T19:28:05 IST" duration-ms="2" status="PASS">
          <params>
            <param index="0">
              <value>
                <![CDATA[public void core.AlertsandNotifications.AlertsMaskAcAndMaskingAutho_TestClass.Account_Number_Field_BVA_Validations() throws java.lang.InterruptedException]]>
              </value>
            </param>
          </params>
          <reporter-output>
          </reporter-output>
        </test-method> <!-- setupTest -->
        <test-method signature="Account_Number_Field_BVA_Validations()[pri:7, instance:core.AlertsandNotifications.AlertsMaskAcAndMaskingAutho_TestClass@2cd76f31]" started-at="2025-04-02T19:28:05 IST" name="Account_Number_Field_BVA_Validations" finished-at="2025-04-02T19:28:32 IST" duration-ms="27356" status="PASS">
          <reporter-output>
          </reporter-output>
        </test-method> <!-- Account_Number_Field_BVA_Validations -->
        <test-method is-config="true" signature="takeScreenshotOnFailure(org.testng.ITestResult)[pri:0, instance:core.AlertsandNotifications.AlertsMaskAcAndMaskingAutho_TestClass@2cd76f31]" started-at="2025-04-02T19:28:32 IST" name="takeScreenshotOnFailure" finished-at="2025-04-02T19:28:32 IST" duration-ms="2" status="PASS">
          <params>
            <param index="0">
              <value>
                <![CDATA[[TestResult name=Account_Number_Field_BVA_Validations status=SUCCESS method=AlertsMaskAcAndMaskingAutho_TestClass.Account_Number_Field_BVA_Validations()[pri:7, instance:core.AlertsandNotifications.AlertsMaskAcAndMaskingAutho_TestClass@2cd76f31] output={null}]]]>
              </value>
            </param>
          </params>
          <reporter-output>
          </reporter-output>
        </test-method> <!-- takeScreenshotOnFailure -->
        <test-method is-config="true" signature="setupTest(java.lang.reflect.Method)[pri:0, instance:core.AlertsandNotifications.AlertsMaskAcAndMaskingAutho_TestClass@2cd76f31]" started-at="2025-04-02T19:28:32 IST" name="setupTest" finished-at="2025-04-02T19:28:32 IST" duration-ms="3" status="PASS">
          <params>
            <param index="0">
              <value>
                <![CDATA[public void core.AlertsandNotifications.AlertsMaskAcAndMaskingAutho_TestClass.Account_Number_Field_ECP_Validations() throws java.lang.InterruptedException]]>
              </value>
            </param>
          </params>
          <reporter-output>
          </reporter-output>
        </test-method> <!-- setupTest -->
        <test-method signature="Account_Number_Field_ECP_Validations()[pri:8, instance:core.AlertsandNotifications.AlertsMaskAcAndMaskingAutho_TestClass@2cd76f31]" started-at="2025-04-02T19:28:32 IST" name="Account_Number_Field_ECP_Validations" finished-at="2025-04-02T19:28:51 IST" duration-ms="19002" status="PASS">
          <reporter-output>
          </reporter-output>
        </test-method> <!-- Account_Number_Field_ECP_Validations -->
        <test-method is-config="true" signature="takeScreenshotOnFailure(org.testng.ITestResult)[pri:0, instance:core.AlertsandNotifications.AlertsMaskAcAndMaskingAutho_TestClass@2cd76f31]" started-at="2025-04-02T19:28:51 IST" name="takeScreenshotOnFailure" finished-at="2025-04-02T19:28:51 IST" duration-ms="1" status="PASS">
          <params>
            <param index="0">
              <value>
                <![CDATA[[TestResult name=Account_Number_Field_ECP_Validations status=SUCCESS method=AlertsMaskAcAndMaskingAutho_TestClass.Account_Number_Field_ECP_Validations()[pri:8, instance:core.AlertsandNotifications.AlertsMaskAcAndMaskingAutho_TestClass@2cd76f31] output={null}]]]>
              </value>
            </param>
          </params>
          <reporter-output>
          </reporter-output>
        </test-method> <!-- takeScreenshotOnFailure -->
        <test-method is-config="true" signature="setupTest(java.lang.reflect.Method)[pri:0, instance:core.AlertsandNotifications.AlertsMaskAcAndMaskingAutho_TestClass@2cd76f31]" started-at="2025-04-02T19:28:51 IST" name="setupTest" finished-at="2025-04-02T19:28:51 IST" duration-ms="1" status="PASS">
          <params>
            <param index="0">
              <value>
                <![CDATA[public void core.AlertsandNotifications.AlertsMaskAcAndMaskingAutho_TestClass.Enter_Invalid_Account_Number(java.util.Map) throws java.lang.InterruptedException]]>
              </value>
            </param>
          </params>
          <reporter-output>
          </reporter-output>
        </test-method> <!-- setupTest -->
        <test-method signature="Enter_Invalid_Account_Number(java.util.Map)[pri:9, instance:core.AlertsandNotifications.AlertsMaskAcAndMaskingAutho_TestClass@2cd76f31]" started-at="2025-04-02T19:28:51 IST" name="Enter_Invalid_Account_Number" data-provider="TestData" finished-at="2025-04-02T19:29:07 IST" duration-ms="15623" status="PASS">
          <params>
            <param index="0">
              <value>
                <![CDATA[{InvalidAccountNumber=1234, NotificationType=EMAIL, Reason=Test, Run=Yes, Status=Mask, Status2=Unmask, Template=Email 2, TestScenario=CoreAlertsMaskAcAndMaskingAutho}]]>
              </value>
            </param>
          </params>
          <reporter-output>
          </reporter-output>
        </test-method> <!-- Enter_Invalid_Account_Number -->
        <test-method is-config="true" signature="takeScreenshotOnFailure(org.testng.ITestResult)[pri:0, instance:core.AlertsandNotifications.AlertsMaskAcAndMaskingAutho_TestClass@2cd76f31]" started-at="2025-04-02T19:29:07 IST" name="takeScreenshotOnFailure" finished-at="2025-04-02T19:29:07 IST" duration-ms="1" status="PASS">
          <params>
            <param index="0">
              <value>
                <![CDATA[[TestResult name=Enter_Invalid_Account_Number status=SUCCESS method=AlertsMaskAcAndMaskingAutho_TestClass.Enter_Invalid_Account_Number(java.util.Map)[pri:9, instance:core.AlertsandNotifications.AlertsMaskAcAndMaskingAutho_TestClass@2cd76f31] output={null}]]]>
              </value>
            </param>
          </params>
          <reporter-output>
          </reporter-output>
        </test-method> <!-- takeScreenshotOnFailure -->
        <test-method is-config="true" signature="setupTest(java.lang.reflect.Method)[pri:0, instance:core.AlertsandNotifications.AlertsMaskAcAndMaskingAutho_TestClass@2cd76f31]" started-at="2025-04-02T19:29:07 IST" name="setupTest" finished-at="2025-04-02T19:29:07 IST" duration-ms="2" status="PASS">
          <params>
            <param index="0">
              <value>
                <![CDATA[public void core.AlertsandNotifications.AlertsMaskAcAndMaskingAutho_TestClass.Leave_Account_Number_Empty() throws java.lang.InterruptedException]]>
              </value>
            </param>
          </params>
          <reporter-output>
          </reporter-output>
        </test-method> <!-- setupTest -->
        <test-method signature="Leave_Account_Number_Empty()[pri:10, instance:core.AlertsandNotifications.AlertsMaskAcAndMaskingAutho_TestClass@2cd76f31]" started-at="2025-04-02T19:29:07 IST" name="Leave_Account_Number_Empty" finished-at="2025-04-02T19:29:20 IST" duration-ms="13577" status="PASS">
          <reporter-output>
          </reporter-output>
        </test-method> <!-- Leave_Account_Number_Empty -->
        <test-method is-config="true" signature="takeScreenshotOnFailure(org.testng.ITestResult)[pri:0, instance:core.AlertsandNotifications.AlertsMaskAcAndMaskingAutho_TestClass@2cd76f31]" started-at="2025-04-02T19:29:20 IST" name="takeScreenshotOnFailure" finished-at="2025-04-02T19:29:20 IST" duration-ms="1" status="PASS">
          <params>
            <param index="0">
              <value>
                <![CDATA[[TestResult name=Leave_Account_Number_Empty status=SUCCESS method=AlertsMaskAcAndMaskingAutho_TestClass.Leave_Account_Number_Empty()[pri:10, instance:core.AlertsandNotifications.AlertsMaskAcAndMaskingAutho_TestClass@2cd76f31] output={null}]]]>
              </value>
            </param>
          </params>
          <reporter-output>
          </reporter-output>
        </test-method> <!-- takeScreenshotOnFailure -->
        <test-method is-config="true" signature="setupTest(java.lang.reflect.Method)[pri:0, instance:core.AlertsandNotifications.AlertsMaskAcAndMaskingAutho_TestClass@2cd76f31]" started-at="2025-04-02T19:29:21 IST" name="setupTest" finished-at="2025-04-02T19:29:21 IST" duration-ms="2" status="PASS">
          <params>
            <param index="0">
              <value>
                <![CDATA[public void core.AlertsandNotifications.AlertsMaskAcAndMaskingAutho_TestClass.Confirm_Masking_Without_Reason(java.util.Map) throws java.lang.InterruptedException]]>
              </value>
            </param>
          </params>
          <reporter-output>
          </reporter-output>
        </test-method> <!-- setupTest -->
        <test-method signature="Confirm_Masking_Without_Reason(java.util.Map)[pri:11, instance:core.AlertsandNotifications.AlertsMaskAcAndMaskingAutho_TestClass@2cd76f31]" started-at="2025-04-02T19:29:21 IST" name="Confirm_Masking_Without_Reason" data-provider="TestData" finished-at="2025-04-02T19:29:35 IST" duration-ms="14784" status="PASS">
          <params>
            <param index="0">
              <value>
                <![CDATA[{InvalidAccountNumber=1234, NotificationType=EMAIL, Reason=Test, Run=Yes, Status=Mask, Status2=Unmask, Template=Email 2, TestScenario=CoreAlertsMaskAcAndMaskingAutho}]]>
              </value>
            </param>
          </params>
          <reporter-output>
          </reporter-output>
        </test-method> <!-- Confirm_Masking_Without_Reason -->
        <test-method is-config="true" signature="takeScreenshotOnFailure(org.testng.ITestResult)[pri:0, instance:core.AlertsandNotifications.AlertsMaskAcAndMaskingAutho_TestClass@2cd76f31]" started-at="2025-04-02T19:29:35 IST" name="takeScreenshotOnFailure" finished-at="2025-04-02T19:29:35 IST" duration-ms="1" status="PASS">
          <params>
            <param index="0">
              <value>
                <![CDATA[[TestResult name=Confirm_Masking_Without_Reason status=SUCCESS method=AlertsMaskAcAndMaskingAutho_TestClass.Confirm_Masking_Without_Reason(java.util.Map)[pri:11, instance:core.AlertsandNotifications.AlertsMaskAcAndMaskingAutho_TestClass@2cd76f31] output={null}]]]>
              </value>
            </param>
          </params>
          <reporter-output>
          </reporter-output>
        </test-method> <!-- takeScreenshotOnFailure -->
        <test-method is-config="true" signature="afterEachTest()[pri:0, instance:core.AlertsandNotifications.AlertsMaskAcAndMaskingAutho_TestClass@2cd76f31]" started-at="2025-04-02T19:29:35 IST" name="afterEachTest" finished-at="2025-04-02T19:29:39 IST" duration-ms="4125" status="PASS">
          <reporter-output>
          </reporter-output>
        </test-method> <!-- afterEachTest -->
      </class> <!-- core.AlertsandNotifications.AlertsMaskAcAndMaskingAutho_TestClass -->
    </test> <!-- Default test -->
  </suite> <!-- Default suite -->
</testng-results>
