<?xml version="1.0" encoding="UTF-8"?>
<testng-results ignored="0" total="45" passed="45" failed="0" skipped="0">
  <reporter-output>
  </reporter-output>
  <suite started-at="2024-12-09T16:17:49 IST" name="Default suite" finished-at="2024-12-09T16:27:09 IST" duration-ms="559865">
    <groups>
    </groups>
    <test started-at="2024-12-09T16:17:49 IST" name="Default test" finished-at="2024-12-09T16:27:09 IST" duration-ms="559865">
      <class name="com.test.Disposition_masterModule.AllScenarios_Disposition_masterModule">
        <test-method is-config="true" signature="SetUp()[pri:0, instance:com.test.Disposition_masterModule.AllScenarios_Disposition_masterModule@70325e14]" started-at="2024-12-09T16:15:13 IST" name="SetUp" finished-at="2024-12-09T16:17:49 IST" duration-ms="155901" status="PASS">
          <reporter-output>
          </reporter-output>
        </test-method> <!-- SetUp -->
        <test-method is-config="true" signature="setupTest(java.lang.reflect.Method)[pri:0, instance:com.test.Disposition_masterModule.AllScenarios_Disposition_masterModule@70325e14]" started-at="2024-12-09T16:17:49 IST" name="setupTest" finished-at="2024-12-09T16:17:50 IST" duration-ms="161" status="PASS">
          <params>
            <param index="0">
              <value>
                <![CDATA[public void com.test.Disposition_masterModule.AllScenarios_Disposition_masterModule.Verify_Disposition_Master_Navigation() throws java.lang.InterruptedException]]>
              </value>
            </param>
          </params>
          <reporter-output>
          </reporter-output>
        </test-method> <!-- setupTest -->
        <test-method signature="Verify_Disposition_Master_Navigation()[pri:1, instance:com.test.Disposition_masterModule.AllScenarios_Disposition_masterModule@70325e14]" started-at="2024-12-09T16:17:50 IST" name="Verify_Disposition_Master_Navigation" finished-at="2024-12-09T16:17:53 IST" duration-ms="3691" status="PASS">
          <reporter-output>
          </reporter-output>
        </test-method> <!-- Verify_Disposition_Master_Navigation -->
        <test-method is-config="true" signature="takeScreenshotOnFailure(org.testng.ITestResult)[pri:0, instance:com.test.Disposition_masterModule.AllScenarios_Disposition_masterModule@70325e14]" started-at="2024-12-09T16:17:53 IST" name="takeScreenshotOnFailure" finished-at="2024-12-09T16:17:53 IST" duration-ms="4" status="PASS">
          <params>
            <param index="0">
              <value>
                <![CDATA[[TestResult name=Verify_Disposition_Master_Navigation status=SUCCESS method=AllScenarios_Disposition_masterModule.Verify_Disposition_Master_Navigation()[pri:1, instance:com.test.Disposition_masterModule.AllScenarios_Disposition_masterModule@70325e14] output={null}]]]>
              </value>
            </param>
          </params>
          <reporter-output>
          </reporter-output>
        </test-method> <!-- takeScreenshotOnFailure -->
        <test-method is-config="true" signature="setupTest(java.lang.reflect.Method)[pri:0, instance:com.test.Disposition_masterModule.AllScenarios_Disposition_masterModule@70325e14]" started-at="2024-12-09T16:17:53 IST" name="setupTest" finished-at="2024-12-09T16:17:53 IST" duration-ms="2" status="PASS">
          <params>
            <param index="0">
              <value>
                <![CDATA[public void com.test.Disposition_masterModule.AllScenarios_Disposition_masterModule.Verify_Initial_Load_of_Active_Dispositions() throws java.lang.InterruptedException]]>
              </value>
            </param>
          </params>
          <reporter-output>
          </reporter-output>
        </test-method> <!-- setupTest -->
        <test-method signature="Verify_Initial_Load_of_Active_Dispositions()[pri:2, instance:com.test.Disposition_masterModule.AllScenarios_Disposition_masterModule@70325e14]" started-at="2024-12-09T16:17:53 IST" name="Verify_Initial_Load_of_Active_Dispositions" finished-at="2024-12-09T16:18:27 IST" duration-ms="33809" status="PASS">
          <reporter-output>
          </reporter-output>
        </test-method> <!-- Verify_Initial_Load_of_Active_Dispositions -->
        <test-method is-config="true" signature="takeScreenshotOnFailure(org.testng.ITestResult)[pri:0, instance:com.test.Disposition_masterModule.AllScenarios_Disposition_masterModule@70325e14]" started-at="2024-12-09T16:18:27 IST" name="takeScreenshotOnFailure" finished-at="2024-12-09T16:18:27 IST" duration-ms="1" status="PASS">
          <params>
            <param index="0">
              <value>
                <![CDATA[[TestResult name=Verify_Initial_Load_of_Active_Dispositions status=SUCCESS method=AllScenarios_Disposition_masterModule.Verify_Initial_Load_of_Active_Dispositions()[pri:2, instance:com.test.Disposition_masterModule.AllScenarios_Disposition_masterModule@70325e14] output={null}]]]>
              </value>
            </param>
          </params>
          <reporter-output>
          </reporter-output>
        </test-method> <!-- takeScreenshotOnFailure -->
        <test-method is-config="true" signature="setupTest(java.lang.reflect.Method)[pri:0, instance:com.test.Disposition_masterModule.AllScenarios_Disposition_masterModule@70325e14]" started-at="2024-12-09T16:18:27 IST" name="setupTest" finished-at="2024-12-09T16:18:27 IST" duration-ms="1" status="PASS">
          <params>
            <param index="0">
              <value>
                <![CDATA[public void com.test.Disposition_masterModule.AllScenarios_Disposition_masterModule.Action_Owner_Dropdown_Selections() throws java.io.IOException,java.lang.InterruptedException]]>
              </value>
            </param>
          </params>
          <reporter-output>
          </reporter-output>
        </test-method> <!-- setupTest -->
        <test-method signature="Action_Owner_Dropdown_Selections()[pri:3, instance:com.test.Disposition_masterModule.AllScenarios_Disposition_masterModule@70325e14]" started-at="2024-12-09T16:18:27 IST" name="Action_Owner_Dropdown_Selections" finished-at="2024-12-09T16:18:31 IST" duration-ms="3540" status="PASS">
          <reporter-output>
          </reporter-output>
        </test-method> <!-- Action_Owner_Dropdown_Selections -->
        <test-method is-config="true" signature="takeScreenshotOnFailure(org.testng.ITestResult)[pri:0, instance:com.test.Disposition_masterModule.AllScenarios_Disposition_masterModule@70325e14]" started-at="2024-12-09T16:18:31 IST" name="takeScreenshotOnFailure" finished-at="2024-12-09T16:18:31 IST" duration-ms="1" status="PASS">
          <params>
            <param index="0">
              <value>
                <![CDATA[[TestResult name=Action_Owner_Dropdown_Selections status=SUCCESS method=AllScenarios_Disposition_masterModule.Action_Owner_Dropdown_Selections()[pri:3, instance:com.test.Disposition_masterModule.AllScenarios_Disposition_masterModule@70325e14] output={null}]]]>
              </value>
            </param>
          </params>
          <reporter-output>
          </reporter-output>
        </test-method> <!-- takeScreenshotOnFailure -->
        <test-method is-config="true" signature="setupTest(java.lang.reflect.Method)[pri:0, instance:com.test.Disposition_masterModule.AllScenarios_Disposition_masterModule@70325e14]" started-at="2024-12-09T16:18:31 IST" name="setupTest" finished-at="2024-12-09T16:18:31 IST" duration-ms="1" status="PASS">
          <params>
            <param index="0">
              <value>
                <![CDATA[public void com.test.Disposition_masterModule.AllScenarios_Disposition_masterModule.Verify_Is_Active_Checkbox_Default_State() throws java.lang.InterruptedException]]>
              </value>
            </param>
          </params>
          <reporter-output>
          </reporter-output>
        </test-method> <!-- setupTest -->
        <test-method signature="Verify_Is_Active_Checkbox_Default_State()[pri:4, instance:com.test.Disposition_masterModule.AllScenarios_Disposition_masterModule@70325e14]" started-at="2024-12-09T16:18:31 IST" name="Verify_Is_Active_Checkbox_Default_State" finished-at="2024-12-09T16:18:34 IST" duration-ms="3072" status="PASS">
          <reporter-output>
          </reporter-output>
        </test-method> <!-- Verify_Is_Active_Checkbox_Default_State -->
        <test-method is-config="true" signature="takeScreenshotOnFailure(org.testng.ITestResult)[pri:0, instance:com.test.Disposition_masterModule.AllScenarios_Disposition_masterModule@70325e14]" started-at="2024-12-09T16:18:34 IST" name="takeScreenshotOnFailure" finished-at="2024-12-09T16:18:34 IST" duration-ms="1" status="PASS">
          <params>
            <param index="0">
              <value>
                <![CDATA[[TestResult name=Verify_Is_Active_Checkbox_Default_State status=SUCCESS method=AllScenarios_Disposition_masterModule.Verify_Is_Active_Checkbox_Default_State()[pri:4, instance:com.test.Disposition_masterModule.AllScenarios_Disposition_masterModule@70325e14] output={null}]]]>
              </value>
            </param>
          </params>
          <reporter-output>
          </reporter-output>
        </test-method> <!-- takeScreenshotOnFailure -->
        <test-method is-config="true" signature="setupTest(java.lang.reflect.Method)[pri:0, instance:com.test.Disposition_masterModule.AllScenarios_Disposition_masterModule@70325e14]" started-at="2024-12-09T16:18:34 IST" name="setupTest" finished-at="2024-12-09T16:18:34 IST" duration-ms="2" status="PASS">
          <params>
            <param index="0">
              <value>
                <![CDATA[public void com.test.Disposition_masterModule.AllScenarios_Disposition_masterModule.Verify_Action_Column_Options() throws java.lang.InterruptedException]]>
              </value>
            </param>
          </params>
          <reporter-output>
          </reporter-output>
        </test-method> <!-- setupTest -->
        <test-method signature="Verify_Action_Column_Options()[pri:5, instance:com.test.Disposition_masterModule.AllScenarios_Disposition_masterModule@70325e14]" started-at="2024-12-09T16:18:34 IST" name="Verify_Action_Column_Options" finished-at="2024-12-09T16:18:37 IST" duration-ms="3239" status="PASS">
          <reporter-output>
          </reporter-output>
        </test-method> <!-- Verify_Action_Column_Options -->
        <test-method is-config="true" signature="takeScreenshotOnFailure(org.testng.ITestResult)[pri:0, instance:com.test.Disposition_masterModule.AllScenarios_Disposition_masterModule@70325e14]" started-at="2024-12-09T16:18:37 IST" name="takeScreenshotOnFailure" finished-at="2024-12-09T16:18:37 IST" duration-ms="1" status="PASS">
          <params>
            <param index="0">
              <value>
                <![CDATA[[TestResult name=Verify_Action_Column_Options status=SUCCESS method=AllScenarios_Disposition_masterModule.Verify_Action_Column_Options()[pri:5, instance:com.test.Disposition_masterModule.AllScenarios_Disposition_masterModule@70325e14] output={null}]]]>
              </value>
            </param>
          </params>
          <reporter-output>
          </reporter-output>
        </test-method> <!-- takeScreenshotOnFailure -->
        <test-method is-config="true" signature="setupTest(java.lang.reflect.Method)[pri:0, instance:com.test.Disposition_masterModule.AllScenarios_Disposition_masterModule@70325e14]" started-at="2024-12-09T16:18:37 IST" name="setupTest" finished-at="2024-12-09T16:18:37 IST" duration-ms="1" status="PASS">
          <params>
            <param index="0">
              <value>
                <![CDATA[public void com.test.Disposition_masterModule.AllScenarios_Disposition_masterModule.Verify_Status_Column_Appearance() throws java.lang.InterruptedException]]>
              </value>
            </param>
          </params>
          <reporter-output>
          </reporter-output>
        </test-method> <!-- setupTest -->
        <test-method signature="Verify_Status_Column_Appearance()[pri:6, instance:com.test.Disposition_masterModule.AllScenarios_Disposition_masterModule@70325e14]" started-at="2024-12-09T16:18:37 IST" name="Verify_Status_Column_Appearance" finished-at="2024-12-09T16:18:40 IST" duration-ms="3181" status="PASS">
          <reporter-output>
          </reporter-output>
        </test-method> <!-- Verify_Status_Column_Appearance -->
        <test-method is-config="true" signature="takeScreenshotOnFailure(org.testng.ITestResult)[pri:0, instance:com.test.Disposition_masterModule.AllScenarios_Disposition_masterModule@70325e14]" started-at="2024-12-09T16:18:40 IST" name="takeScreenshotOnFailure" finished-at="2024-12-09T16:18:40 IST" duration-ms="1" status="PASS">
          <params>
            <param index="0">
              <value>
                <![CDATA[[TestResult name=Verify_Status_Column_Appearance status=SUCCESS method=AllScenarios_Disposition_masterModule.Verify_Status_Column_Appearance()[pri:6, instance:com.test.Disposition_masterModule.AllScenarios_Disposition_masterModule@70325e14] output={null}]]]>
              </value>
            </param>
          </params>
          <reporter-output>
          </reporter-output>
        </test-method> <!-- takeScreenshotOnFailure -->
        <test-method is-config="true" signature="setupTest(java.lang.reflect.Method)[pri:0, instance:com.test.Disposition_masterModule.AllScenarios_Disposition_masterModule@70325e14]" started-at="2024-12-09T16:18:40 IST" name="setupTest" finished-at="2024-12-09T16:18:40 IST" duration-ms="2" status="PASS">
          <params>
            <param index="0">
              <value>
                <![CDATA[public void com.test.Disposition_masterModule.AllScenarios_Disposition_masterModule.Validate_Pagination__Initial_Load() throws java.lang.InterruptedException]]>
              </value>
            </param>
          </params>
          <reporter-output>
          </reporter-output>
        </test-method> <!-- setupTest -->
        <test-method signature="Validate_Pagination__Initial_Load()[pri:7, instance:com.test.Disposition_masterModule.AllScenarios_Disposition_masterModule@70325e14]" started-at="2024-12-09T16:18:40 IST" name="Validate_Pagination__Initial_Load" finished-at="2024-12-09T16:18:43 IST" duration-ms="3194" status="PASS">
          <reporter-output>
          </reporter-output>
        </test-method> <!-- Validate_Pagination__Initial_Load -->
        <test-method is-config="true" signature="takeScreenshotOnFailure(org.testng.ITestResult)[pri:0, instance:com.test.Disposition_masterModule.AllScenarios_Disposition_masterModule@70325e14]" started-at="2024-12-09T16:18:43 IST" name="takeScreenshotOnFailure" finished-at="2024-12-09T16:18:43 IST" duration-ms="1" status="PASS">
          <params>
            <param index="0">
              <value>
                <![CDATA[[TestResult name=Validate_Pagination__Initial_Load status=SUCCESS method=AllScenarios_Disposition_masterModule.Validate_Pagination__Initial_Load()[pri:7, instance:com.test.Disposition_masterModule.AllScenarios_Disposition_masterModule@70325e14] output={null}]]]>
              </value>
            </param>
          </params>
          <reporter-output>
          </reporter-output>
        </test-method> <!-- takeScreenshotOnFailure -->
        <test-method is-config="true" signature="setupTest(java.lang.reflect.Method)[pri:0, instance:com.test.Disposition_masterModule.AllScenarios_Disposition_masterModule@70325e14]" started-at="2024-12-09T16:18:43 IST" name="setupTest" finished-at="2024-12-09T16:18:43 IST" duration-ms="0" status="PASS">
          <params>
            <param index="0">
              <value>
                <![CDATA[public void com.test.Disposition_masterModule.AllScenarios_Disposition_masterModule.Validate_Next_Button() throws java.lang.InterruptedException]]>
              </value>
            </param>
          </params>
          <reporter-output>
          </reporter-output>
        </test-method> <!-- setupTest -->
        <test-method signature="Validate_Next_Button()[pri:8, instance:com.test.Disposition_masterModule.AllScenarios_Disposition_masterModule@70325e14]" started-at="2024-12-09T16:18:43 IST" name="Validate_Next_Button" finished-at="2024-12-09T16:18:48 IST" duration-ms="4400" status="PASS">
          <reporter-output>
          </reporter-output>
        </test-method> <!-- Validate_Next_Button -->
        <test-method is-config="true" signature="takeScreenshotOnFailure(org.testng.ITestResult)[pri:0, instance:com.test.Disposition_masterModule.AllScenarios_Disposition_masterModule@70325e14]" started-at="2024-12-09T16:18:48 IST" name="takeScreenshotOnFailure" finished-at="2024-12-09T16:18:48 IST" duration-ms="1" status="PASS">
          <params>
            <param index="0">
              <value>
                <![CDATA[[TestResult name=Validate_Next_Button status=SUCCESS method=AllScenarios_Disposition_masterModule.Validate_Next_Button()[pri:8, instance:com.test.Disposition_masterModule.AllScenarios_Disposition_masterModule@70325e14] output={null}]]]>
              </value>
            </param>
          </params>
          <reporter-output>
          </reporter-output>
        </test-method> <!-- takeScreenshotOnFailure -->
        <test-method is-config="true" signature="setupTest(java.lang.reflect.Method)[pri:0, instance:com.test.Disposition_masterModule.AllScenarios_Disposition_masterModule@70325e14]" started-at="2024-12-09T16:18:48 IST" name="setupTest" finished-at="2024-12-09T16:18:48 IST" duration-ms="1" status="PASS">
          <params>
            <param index="0">
              <value>
                <![CDATA[public void com.test.Disposition_masterModule.AllScenarios_Disposition_masterModule.Validate_Previous_Button() throws java.lang.InterruptedException]]>
              </value>
            </param>
          </params>
          <reporter-output>
          </reporter-output>
        </test-method> <!-- setupTest -->
        <test-method signature="Validate_Previous_Button()[pri:9, instance:com.test.Disposition_masterModule.AllScenarios_Disposition_masterModule@70325e14]" started-at="2024-12-09T16:18:48 IST" name="Validate_Previous_Button" finished-at="2024-12-09T16:18:52 IST" duration-ms="3864" status="PASS">
          <reporter-output>
          </reporter-output>
        </test-method> <!-- Validate_Previous_Button -->
        <test-method is-config="true" signature="takeScreenshotOnFailure(org.testng.ITestResult)[pri:0, instance:com.test.Disposition_masterModule.AllScenarios_Disposition_masterModule@70325e14]" started-at="2024-12-09T16:18:52 IST" name="takeScreenshotOnFailure" finished-at="2024-12-09T16:18:52 IST" duration-ms="1" status="PASS">
          <params>
            <param index="0">
              <value>
                <![CDATA[[TestResult name=Validate_Previous_Button status=SUCCESS method=AllScenarios_Disposition_masterModule.Validate_Previous_Button()[pri:9, instance:com.test.Disposition_masterModule.AllScenarios_Disposition_masterModule@70325e14] output={null}]]]>
              </value>
            </param>
          </params>
          <reporter-output>
          </reporter-output>
        </test-method> <!-- takeScreenshotOnFailure -->
        <test-method is-config="true" signature="setupTest(java.lang.reflect.Method)[pri:0, instance:com.test.Disposition_masterModule.AllScenarios_Disposition_masterModule@70325e14]" started-at="2024-12-09T16:18:52 IST" name="setupTest" finished-at="2024-12-09T16:18:52 IST" duration-ms="2" status="PASS">
          <params>
            <param index="0">
              <value>
                <![CDATA[public void com.test.Disposition_masterModule.AllScenarios_Disposition_masterModule.Validate_Button__Jump_to_Last_Page() throws java.lang.InterruptedException]]>
              </value>
            </param>
          </params>
          <reporter-output>
          </reporter-output>
        </test-method> <!-- setupTest -->
        <test-method signature="Validate_Button__Jump_to_Last_Page()[pri:10, instance:com.test.Disposition_masterModule.AllScenarios_Disposition_masterModule@70325e14]" started-at="2024-12-09T16:18:52 IST" name="Validate_Button__Jump_to_Last_Page" finished-at="2024-12-09T16:19:14 IST" duration-ms="22838" status="PASS">
          <reporter-output>
          </reporter-output>
        </test-method> <!-- Validate_Button__Jump_to_Last_Page -->
        <test-method is-config="true" signature="takeScreenshotOnFailure(org.testng.ITestResult)[pri:0, instance:com.test.Disposition_masterModule.AllScenarios_Disposition_masterModule@70325e14]" started-at="2024-12-09T16:19:14 IST" name="takeScreenshotOnFailure" finished-at="2024-12-09T16:19:14 IST" duration-ms="1" status="PASS">
          <params>
            <param index="0">
              <value>
                <![CDATA[[TestResult name=Validate_Button__Jump_to_Last_Page status=SUCCESS method=AllScenarios_Disposition_masterModule.Validate_Button__Jump_to_Last_Page()[pri:10, instance:com.test.Disposition_masterModule.AllScenarios_Disposition_masterModule@70325e14] output={null}]]]>
              </value>
            </param>
          </params>
          <reporter-output>
          </reporter-output>
        </test-method> <!-- takeScreenshotOnFailure -->
        <test-method is-config="true" signature="setupTest(java.lang.reflect.Method)[pri:0, instance:com.test.Disposition_masterModule.AllScenarios_Disposition_masterModule@70325e14]" started-at="2024-12-09T16:19:14 IST" name="setupTest" finished-at="2024-12-09T16:19:14 IST" duration-ms="2" status="PASS">
          <params>
            <param index="0">
              <value>
                <![CDATA[public void com.test.Disposition_masterModule.AllScenarios_Disposition_masterModule.Validate_Button__Jump_to_First_Page() throws java.lang.InterruptedException]]>
              </value>
            </param>
          </params>
          <reporter-output>
          </reporter-output>
        </test-method> <!-- setupTest -->
        <test-method signature="Validate_Button__Jump_to_First_Page()[pri:11, instance:com.test.Disposition_masterModule.AllScenarios_Disposition_masterModule@70325e14]" started-at="2024-12-09T16:19:14 IST" name="Validate_Button__Jump_to_First_Page" finished-at="2024-12-09T16:19:32 IST" duration-ms="17758" status="PASS">
          <reporter-output>
          </reporter-output>
        </test-method> <!-- Validate_Button__Jump_to_First_Page -->
        <test-method is-config="true" signature="takeScreenshotOnFailure(org.testng.ITestResult)[pri:0, instance:com.test.Disposition_masterModule.AllScenarios_Disposition_masterModule@70325e14]" started-at="2024-12-09T16:19:32 IST" name="takeScreenshotOnFailure" finished-at="2024-12-09T16:19:32 IST" duration-ms="1" status="PASS">
          <params>
            <param index="0">
              <value>
                <![CDATA[[TestResult name=Validate_Button__Jump_to_First_Page status=SUCCESS method=AllScenarios_Disposition_masterModule.Validate_Button__Jump_to_First_Page()[pri:11, instance:com.test.Disposition_masterModule.AllScenarios_Disposition_masterModule@70325e14] output={null}]]]>
              </value>
            </param>
          </params>
          <reporter-output>
          </reporter-output>
        </test-method> <!-- takeScreenshotOnFailure -->
        <test-method is-config="true" signature="setupTest(java.lang.reflect.Method)[pri:0, instance:com.test.Disposition_masterModule.AllScenarios_Disposition_masterModule@70325e14]" started-at="2024-12-09T16:19:32 IST" name="setupTest" finished-at="2024-12-09T16:19:32 IST" duration-ms="1" status="PASS">
          <params>
            <param index="0">
              <value>
                <![CDATA[public void com.test.Disposition_masterModule.AllScenarios_Disposition_masterModule.Open_Add_Disposition_Form() throws java.lang.InterruptedException]]>
              </value>
            </param>
          </params>
          <reporter-output>
          </reporter-output>
        </test-method> <!-- setupTest -->
        <test-method signature="Open_Add_Disposition_Form()[pri:12, instance:com.test.Disposition_masterModule.AllScenarios_Disposition_masterModule@70325e14]" started-at="2024-12-09T16:19:32 IST" name="Open_Add_Disposition_Form" finished-at="2024-12-09T16:19:36 IST" duration-ms="3428" status="PASS">
          <reporter-output>
          </reporter-output>
        </test-method> <!-- Open_Add_Disposition_Form -->
        <test-method is-config="true" signature="takeScreenshotOnFailure(org.testng.ITestResult)[pri:0, instance:com.test.Disposition_masterModule.AllScenarios_Disposition_masterModule@70325e14]" started-at="2024-12-09T16:19:36 IST" name="takeScreenshotOnFailure" finished-at="2024-12-09T16:19:36 IST" duration-ms="1" status="PASS">
          <params>
            <param index="0">
              <value>
                <![CDATA[[TestResult name=Open_Add_Disposition_Form status=SUCCESS method=AllScenarios_Disposition_masterModule.Open_Add_Disposition_Form()[pri:12, instance:com.test.Disposition_masterModule.AllScenarios_Disposition_masterModule@70325e14] output={null}]]]>
              </value>
            </param>
          </params>
          <reporter-output>
          </reporter-output>
        </test-method> <!-- takeScreenshotOnFailure -->
        <test-method is-config="true" signature="setupTest(java.lang.reflect.Method)[pri:0, instance:com.test.Disposition_masterModule.AllScenarios_Disposition_masterModule@70325e14]" started-at="2024-12-09T16:19:36 IST" name="setupTest" finished-at="2024-12-09T16:19:36 IST" duration-ms="0" status="PASS">
          <params>
            <param index="0">
              <value>
                <![CDATA[public void com.test.Disposition_masterModule.AllScenarios_Disposition_masterModule.Close_Add_Disposition_Form() throws java.lang.InterruptedException]]>
              </value>
            </param>
          </params>
          <reporter-output>
          </reporter-output>
        </test-method> <!-- setupTest -->
        <test-method signature="Close_Add_Disposition_Form()[pri:13, instance:com.test.Disposition_masterModule.AllScenarios_Disposition_masterModule@70325e14]" started-at="2024-12-09T16:19:36 IST" name="Close_Add_Disposition_Form" finished-at="2024-12-09T16:19:39 IST" duration-ms="3227" status="PASS">
          <reporter-output>
          </reporter-output>
        </test-method> <!-- Close_Add_Disposition_Form -->
        <test-method is-config="true" signature="takeScreenshotOnFailure(org.testng.ITestResult)[pri:0, instance:com.test.Disposition_masterModule.AllScenarios_Disposition_masterModule@70325e14]" started-at="2024-12-09T16:19:39 IST" name="takeScreenshotOnFailure" finished-at="2024-12-09T16:19:39 IST" duration-ms="1" status="PASS">
          <params>
            <param index="0">
              <value>
                <![CDATA[[TestResult name=Close_Add_Disposition_Form status=SUCCESS method=AllScenarios_Disposition_masterModule.Close_Add_Disposition_Form()[pri:13, instance:com.test.Disposition_masterModule.AllScenarios_Disposition_masterModule@70325e14] output={null}]]]>
              </value>
            </param>
          </params>
          <reporter-output>
          </reporter-output>
        </test-method> <!-- takeScreenshotOnFailure -->
        <test-method signature="Add_Disposition__Submit_with_All_Fields_Valid(java.util.Map)[pri:14, instance:com.test.Disposition_masterModule.AllScenarios_Disposition_masterModule@70325e14]" started-at="2024-12-09T16:19:40 IST" name="Add_Disposition__Submit_with_All_Fields_Valid" data-provider="TestData" finished-at="2024-12-09T16:19:57 IST" duration-ms="17560" status="PASS">
          <params>
            <param index="0">
              <value>
                <![CDATA[{ActionOwner=Internal User, ActionOwnerforsubdisposition=Call Centre, ActionOwners=Internal User | Collection Agency | Call Centre, ActionOwnerSearch=Call Centre, ActionOwnerUpdate=Call Centre, ActiveActionOwnerforsubdispositionSearch=Call Centre, ActiveDisposistionforsubdispositionSearch=Aaron, AssetCategories=NPA Category | SMA Category, AssetCategory=NPA Category, AssetCategoryUpdate=SMA Category, DeactivatedActionOwnerforsubdispositionSearch=Call Centre, DeactivatedDisposistionforsubdispositionSearch=Aaron, Disposistionforsubdisposition=Aaron, ExistingName=Irfan, ExistingNameforsubdisposition=abc, Name=Zephyr3, Nameforsubdisposition=Kael3, NameUpdate=Orion3, project=Beacon FCM, Run=Yes, TestScenario=Disposition_master, UpdateExistingName=Liora3, UpdateExistingNameofsubdispositiontoNew=Nyx3}]]>
              </value>
            </param>
          </params>
          <reporter-output>
          </reporter-output>
        </test-method> <!-- Add_Disposition__Submit_with_All_Fields_Valid -->
        <test-method is-config="true" signature="setupTest(java.lang.reflect.Method)[pri:0, instance:com.test.Disposition_masterModule.AllScenarios_Disposition_masterModule@70325e14]" started-at="2024-12-09T16:19:40 IST" name="setupTest" finished-at="2024-12-09T16:19:40 IST" duration-ms="0" status="PASS">
          <params>
            <param index="0">
              <value>
                <![CDATA[public void com.test.Disposition_masterModule.AllScenarios_Disposition_masterModule.Add_Disposition__Submit_with_All_Fields_Valid(java.util.Map) throws java.lang.InterruptedException]]>
              </value>
            </param>
          </params>
          <reporter-output>
          </reporter-output>
        </test-method> <!-- setupTest -->
        <test-method is-config="true" signature="takeScreenshotOnFailure(org.testng.ITestResult)[pri:0, instance:com.test.Disposition_masterModule.AllScenarios_Disposition_masterModule@70325e14]" started-at="2024-12-09T16:19:57 IST" name="takeScreenshotOnFailure" finished-at="2024-12-09T16:19:57 IST" duration-ms="1" status="PASS">
          <params>
            <param index="0">
              <value>
                <![CDATA[[TestResult name=Add_Disposition__Submit_with_All_Fields_Valid status=SUCCESS method=AllScenarios_Disposition_masterModule.Add_Disposition__Submit_with_All_Fields_Valid(java.util.Map)[pri:14, instance:com.test.Disposition_masterModule.AllScenarios_Disposition_masterModule@70325e14] output={null}]]]>
              </value>
            </param>
          </params>
          <reporter-output>
          </reporter-output>
        </test-method> <!-- takeScreenshotOnFailure -->
        <test-method is-config="true" signature="setupTest(java.lang.reflect.Method)[pri:0, instance:com.test.Disposition_masterModule.AllScenarios_Disposition_masterModule@70325e14]" started-at="2024-12-09T16:19:58 IST" name="setupTest" finished-at="2024-12-09T16:19:58 IST" duration-ms="1" status="PASS">
          <params>
            <param index="0">
              <value>
                <![CDATA[public void com.test.Disposition_masterModule.AllScenarios_Disposition_masterModule.Test_Disposition_Grid_Visibility(java.util.Map) throws java.lang.InterruptedException]]>
              </value>
            </param>
          </params>
          <reporter-output>
          </reporter-output>
        </test-method> <!-- setupTest -->
        <test-method signature="Test_Disposition_Grid_Visibility(java.util.Map)[pri:15, instance:com.test.Disposition_masterModule.AllScenarios_Disposition_masterModule@70325e14]" started-at="2024-12-09T16:19:58 IST" name="Test_Disposition_Grid_Visibility" data-provider="TestData" finished-at="2024-12-09T16:20:11 IST" duration-ms="13838" status="PASS">
          <params>
            <param index="0">
              <value>
                <![CDATA[{ActionOwner=Internal User, ActionOwnerforsubdisposition=Call Centre, ActionOwners=Internal User | Collection Agency | Call Centre, ActionOwnerSearch=Call Centre, ActionOwnerUpdate=Call Centre, ActiveActionOwnerforsubdispositionSearch=Call Centre, ActiveDisposistionforsubdispositionSearch=Aaron, AssetCategories=NPA Category | SMA Category, AssetCategory=NPA Category, AssetCategoryUpdate=SMA Category, DeactivatedActionOwnerforsubdispositionSearch=Call Centre, DeactivatedDisposistionforsubdispositionSearch=Aaron, Disposistionforsubdisposition=Aaron, ExistingName=Irfan, ExistingNameforsubdisposition=abc, Name=Zephyr3, Nameforsubdisposition=Kael3, NameUpdate=Orion3, project=Beacon FCM, Run=Yes, TestScenario=Disposition_master, UpdateExistingName=Liora3, UpdateExistingNameofsubdispositiontoNew=Nyx3}]]>
              </value>
            </param>
          </params>
          <reporter-output>
          </reporter-output>
        </test-method> <!-- Test_Disposition_Grid_Visibility -->
        <test-method is-config="true" signature="takeScreenshotOnFailure(org.testng.ITestResult)[pri:0, instance:com.test.Disposition_masterModule.AllScenarios_Disposition_masterModule@70325e14]" started-at="2024-12-09T16:20:11 IST" name="takeScreenshotOnFailure" finished-at="2024-12-09T16:20:11 IST" duration-ms="1" status="PASS">
          <params>
            <param index="0">
              <value>
                <![CDATA[[TestResult name=Test_Disposition_Grid_Visibility status=SUCCESS method=AllScenarios_Disposition_masterModule.Test_Disposition_Grid_Visibility(java.util.Map)[pri:15, instance:com.test.Disposition_masterModule.AllScenarios_Disposition_masterModule@70325e14] output={null}]]]>
              </value>
            </param>
          </params>
          <reporter-output>
          </reporter-output>
        </test-method> <!-- takeScreenshotOnFailure -->
        <test-method is-config="true" signature="setupTest(java.lang.reflect.Method)[pri:0, instance:com.test.Disposition_masterModule.AllScenarios_Disposition_masterModule@70325e14]" started-at="2024-12-09T16:20:11 IST" name="setupTest" finished-at="2024-12-09T16:20:11 IST" duration-ms="1" status="PASS">
          <params>
            <param index="0">
              <value>
                <![CDATA[public void com.test.Disposition_masterModule.AllScenarios_Disposition_masterModule.Action_Owner_Multi_select_Functionality(java.util.Map) throws java.lang.InterruptedException]]>
              </value>
            </param>
          </params>
          <reporter-output>
          </reporter-output>
        </test-method> <!-- setupTest -->
        <test-method signature="Action_Owner_Multi_select_Functionality(java.util.Map)[pri:16, instance:com.test.Disposition_masterModule.AllScenarios_Disposition_masterModule@70325e14]" started-at="2024-12-09T16:20:11 IST" name="Action_Owner_Multi_select_Functionality" data-provider="TestData" finished-at="2024-12-09T16:20:22 IST" duration-ms="10989" status="PASS">
          <params>
            <param index="0">
              <value>
                <![CDATA[{ActionOwner=Internal User, ActionOwnerforsubdisposition=Call Centre, ActionOwners=Internal User | Collection Agency | Call Centre, ActionOwnerSearch=Call Centre, ActionOwnerUpdate=Call Centre, ActiveActionOwnerforsubdispositionSearch=Call Centre, ActiveDisposistionforsubdispositionSearch=Aaron, AssetCategories=NPA Category | SMA Category, AssetCategory=NPA Category, AssetCategoryUpdate=SMA Category, DeactivatedActionOwnerforsubdispositionSearch=Call Centre, DeactivatedDisposistionforsubdispositionSearch=Aaron, Disposistionforsubdisposition=Aaron, ExistingName=Irfan, ExistingNameforsubdisposition=abc, Name=Zephyr3, Nameforsubdisposition=Kael3, NameUpdate=Orion3, project=Beacon FCM, Run=Yes, TestScenario=Disposition_master, UpdateExistingName=Liora3, UpdateExistingNameofsubdispositiontoNew=Nyx3}]]>
              </value>
            </param>
          </params>
          <reporter-output>
          </reporter-output>
        </test-method> <!-- Action_Owner_Multi_select_Functionality -->
        <test-method is-config="true" signature="takeScreenshotOnFailure(org.testng.ITestResult)[pri:0, instance:com.test.Disposition_masterModule.AllScenarios_Disposition_masterModule@70325e14]" started-at="2024-12-09T16:20:22 IST" name="takeScreenshotOnFailure" finished-at="2024-12-09T16:20:22 IST" duration-ms="1" status="PASS">
          <params>
            <param index="0">
              <value>
                <![CDATA[[TestResult name=Action_Owner_Multi_select_Functionality status=SUCCESS method=AllScenarios_Disposition_masterModule.Action_Owner_Multi_select_Functionality(java.util.Map)[pri:16, instance:com.test.Disposition_masterModule.AllScenarios_Disposition_masterModule@70325e14] output={null}]]]>
              </value>
            </param>
          </params>
          <reporter-output>
          </reporter-output>
        </test-method> <!-- takeScreenshotOnFailure -->
        <test-method is-config="true" signature="setupTest(java.lang.reflect.Method)[pri:0, instance:com.test.Disposition_masterModule.AllScenarios_Disposition_masterModule@70325e14]" started-at="2024-12-09T16:20:23 IST" name="setupTest" finished-at="2024-12-09T16:20:23 IST" duration-ms="0" status="PASS">
          <params>
            <param index="0">
              <value>
                <![CDATA[public void com.test.Disposition_masterModule.AllScenarios_Disposition_masterModule.Asset_Category_Multi_select_Functionality(java.util.Map) throws java.lang.InterruptedException]]>
              </value>
            </param>
          </params>
          <reporter-output>
          </reporter-output>
        </test-method> <!-- setupTest -->
        <test-method signature="Asset_Category_Multi_select_Functionality(java.util.Map)[pri:17, instance:com.test.Disposition_masterModule.AllScenarios_Disposition_masterModule@70325e14]" started-at="2024-12-09T16:20:23 IST" name="Asset_Category_Multi_select_Functionality" data-provider="TestData" finished-at="2024-12-09T16:20:26 IST" duration-ms="3366" status="PASS">
          <params>
            <param index="0">
              <value>
                <![CDATA[{ActionOwner=Internal User, ActionOwnerforsubdisposition=Call Centre, ActionOwners=Internal User | Collection Agency | Call Centre, ActionOwnerSearch=Call Centre, ActionOwnerUpdate=Call Centre, ActiveActionOwnerforsubdispositionSearch=Call Centre, ActiveDisposistionforsubdispositionSearch=Aaron, AssetCategories=NPA Category | SMA Category, AssetCategory=NPA Category, AssetCategoryUpdate=SMA Category, DeactivatedActionOwnerforsubdispositionSearch=Call Centre, DeactivatedDisposistionforsubdispositionSearch=Aaron, Disposistionforsubdisposition=Aaron, ExistingName=Irfan, ExistingNameforsubdisposition=abc, Name=Zephyr3, Nameforsubdisposition=Kael3, NameUpdate=Orion3, project=Beacon FCM, Run=Yes, TestScenario=Disposition_master, UpdateExistingName=Liora3, UpdateExistingNameofsubdispositiontoNew=Nyx3}]]>
              </value>
            </param>
          </params>
          <reporter-output>
          </reporter-output>
        </test-method> <!-- Asset_Category_Multi_select_Functionality -->
        <test-method is-config="true" signature="takeScreenshotOnFailure(org.testng.ITestResult)[pri:0, instance:com.test.Disposition_masterModule.AllScenarios_Disposition_masterModule@70325e14]" started-at="2024-12-09T16:20:26 IST" name="takeScreenshotOnFailure" finished-at="2024-12-09T16:20:26 IST" duration-ms="1" status="PASS">
          <params>
            <param index="0">
              <value>
                <![CDATA[[TestResult name=Asset_Category_Multi_select_Functionality status=SUCCESS method=AllScenarios_Disposition_masterModule.Asset_Category_Multi_select_Functionality(java.util.Map)[pri:17, instance:com.test.Disposition_masterModule.AllScenarios_Disposition_masterModule@70325e14] output={null}]]]>
              </value>
            </param>
          </params>
          <reporter-output>
          </reporter-output>
        </test-method> <!-- takeScreenshotOnFailure -->
        <test-method is-config="true" signature="setupTest(java.lang.reflect.Method)[pri:0, instance:com.test.Disposition_masterModule.AllScenarios_Disposition_masterModule@70325e14]" started-at="2024-12-09T16:20:26 IST" name="setupTest" finished-at="2024-12-09T16:20:26 IST" duration-ms="1" status="PASS">
          <params>
            <param index="0">
              <value>
                <![CDATA[public void com.test.Disposition_masterModule.AllScenarios_Disposition_masterModule.Select_All_Functionality__Action_Owner() throws java.lang.InterruptedException]]>
              </value>
            </param>
          </params>
          <reporter-output>
          </reporter-output>
        </test-method> <!-- setupTest -->
        <test-method signature="Select_All_Functionality__Action_Owner()[pri:18, instance:com.test.Disposition_masterModule.AllScenarios_Disposition_masterModule@70325e14]" started-at="2024-12-09T16:20:26 IST" name="Select_All_Functionality__Action_Owner" finished-at="2024-12-09T16:20:36 IST" duration-ms="9637" status="PASS">
          <reporter-output>
          </reporter-output>
        </test-method> <!-- Select_All_Functionality__Action_Owner -->
        <test-method is-config="true" signature="takeScreenshotOnFailure(org.testng.ITestResult)[pri:0, instance:com.test.Disposition_masterModule.AllScenarios_Disposition_masterModule@70325e14]" started-at="2024-12-09T16:20:36 IST" name="takeScreenshotOnFailure" finished-at="2024-12-09T16:20:36 IST" duration-ms="1" status="PASS">
          <params>
            <param index="0">
              <value>
                <![CDATA[[TestResult name=Select_All_Functionality__Action_Owner status=SUCCESS method=AllScenarios_Disposition_masterModule.Select_All_Functionality__Action_Owner()[pri:18, instance:com.test.Disposition_masterModule.AllScenarios_Disposition_masterModule@70325e14] output={null}]]]>
              </value>
            </param>
          </params>
          <reporter-output>
          </reporter-output>
        </test-method> <!-- takeScreenshotOnFailure -->
        <test-method is-config="true" signature="setupTest(java.lang.reflect.Method)[pri:0, instance:com.test.Disposition_masterModule.AllScenarios_Disposition_masterModule@70325e14]" started-at="2024-12-09T16:20:36 IST" name="setupTest" finished-at="2024-12-09T16:20:36 IST" duration-ms="1" status="PASS">
          <params>
            <param index="0">
              <value>
                <![CDATA[public void com.test.Disposition_masterModule.AllScenarios_Disposition_masterModule.Deselecting_Via_Multi_select__Action_Owner() throws java.lang.InterruptedException]]>
              </value>
            </param>
          </params>
          <reporter-output>
          </reporter-output>
        </test-method> <!-- setupTest -->
        <test-method signature="Deselecting_Via_Multi_select__Action_Owner()[pri:19, instance:com.test.Disposition_masterModule.AllScenarios_Disposition_masterModule@70325e14]" started-at="2024-12-09T16:20:36 IST" name="Deselecting_Via_Multi_select__Action_Owner" finished-at="2024-12-09T16:20:39 IST" duration-ms="3136" status="PASS">
          <reporter-output>
          </reporter-output>
        </test-method> <!-- Deselecting_Via_Multi_select__Action_Owner -->
        <test-method is-config="true" signature="takeScreenshotOnFailure(org.testng.ITestResult)[pri:0, instance:com.test.Disposition_masterModule.AllScenarios_Disposition_masterModule@70325e14]" started-at="2024-12-09T16:20:39 IST" name="takeScreenshotOnFailure" finished-at="2024-12-09T16:20:39 IST" duration-ms="0" status="PASS">
          <params>
            <param index="0">
              <value>
                <![CDATA[[TestResult name=Deselecting_Via_Multi_select__Action_Owner status=SUCCESS method=AllScenarios_Disposition_masterModule.Deselecting_Via_Multi_select__Action_Owner()[pri:19, instance:com.test.Disposition_masterModule.AllScenarios_Disposition_masterModule@70325e14] output={null}]]]>
              </value>
            </param>
          </params>
          <reporter-output>
          </reporter-output>
        </test-method> <!-- takeScreenshotOnFailure -->
        <test-method is-config="true" signature="setupTest(java.lang.reflect.Method)[pri:0, instance:com.test.Disposition_masterModule.AllScenarios_Disposition_masterModule@70325e14]" started-at="2024-12-09T16:20:39 IST" name="setupTest" finished-at="2024-12-09T16:20:39 IST" duration-ms="2" status="PASS">
          <params>
            <param index="0">
              <value>
                <![CDATA[public void com.test.Disposition_masterModule.AllScenarios_Disposition_masterModule.Select_All_Functionality__Asset_Category() throws java.lang.InterruptedException]]>
              </value>
            </param>
          </params>
          <reporter-output>
          </reporter-output>
        </test-method> <!-- setupTest -->
        <test-method signature="Select_All_Functionality__Asset_Category()[pri:20, instance:com.test.Disposition_masterModule.AllScenarios_Disposition_masterModule@70325e14]" started-at="2024-12-09T16:20:39 IST" name="Select_All_Functionality__Asset_Category" finished-at="2024-12-09T16:20:42 IST" duration-ms="3275" status="PASS">
          <reporter-output>
          </reporter-output>
        </test-method> <!-- Select_All_Functionality__Asset_Category -->
        <test-method is-config="true" signature="takeScreenshotOnFailure(org.testng.ITestResult)[pri:0, instance:com.test.Disposition_masterModule.AllScenarios_Disposition_masterModule@70325e14]" started-at="2024-12-09T16:20:42 IST" name="takeScreenshotOnFailure" finished-at="2024-12-09T16:20:42 IST" duration-ms="0" status="PASS">
          <params>
            <param index="0">
              <value>
                <![CDATA[[TestResult name=Select_All_Functionality__Asset_Category status=SUCCESS method=AllScenarios_Disposition_masterModule.Select_All_Functionality__Asset_Category()[pri:20, instance:com.test.Disposition_masterModule.AllScenarios_Disposition_masterModule@70325e14] output={null}]]]>
              </value>
            </param>
          </params>
          <reporter-output>
          </reporter-output>
        </test-method> <!-- takeScreenshotOnFailure -->
        <test-method is-config="true" signature="setupTest(java.lang.reflect.Method)[pri:0, instance:com.test.Disposition_masterModule.AllScenarios_Disposition_masterModule@70325e14]" started-at="2024-12-09T16:20:42 IST" name="setupTest" finished-at="2024-12-09T16:20:42 IST" duration-ms="1" status="PASS">
          <params>
            <param index="0">
              <value>
                <![CDATA[public void com.test.Disposition_masterModule.AllScenarios_Disposition_masterModule.Deselecting_Via_Multi_select__Asset_Category() throws java.lang.InterruptedException]]>
              </value>
            </param>
          </params>
          <reporter-output>
          </reporter-output>
        </test-method> <!-- setupTest -->
        <test-method signature="Deselecting_Via_Multi_select__Asset_Category()[pri:21, instance:com.test.Disposition_masterModule.AllScenarios_Disposition_masterModule@70325e14]" started-at="2024-12-09T16:20:42 IST" name="Deselecting_Via_Multi_select__Asset_Category" finished-at="2024-12-09T16:20:45 IST" duration-ms="3139" status="PASS">
          <reporter-output>
          </reporter-output>
        </test-method> <!-- Deselecting_Via_Multi_select__Asset_Category -->
        <test-method is-config="true" signature="takeScreenshotOnFailure(org.testng.ITestResult)[pri:0, instance:com.test.Disposition_masterModule.AllScenarios_Disposition_masterModule@70325e14]" started-at="2024-12-09T16:20:45 IST" name="takeScreenshotOnFailure" finished-at="2024-12-09T16:20:45 IST" duration-ms="2" status="PASS">
          <params>
            <param index="0">
              <value>
                <![CDATA[[TestResult name=Deselecting_Via_Multi_select__Asset_Category status=SUCCESS method=AllScenarios_Disposition_masterModule.Deselecting_Via_Multi_select__Asset_Category()[pri:21, instance:com.test.Disposition_masterModule.AllScenarios_Disposition_masterModule@70325e14] output={null}]]]>
              </value>
            </param>
          </params>
          <reporter-output>
          </reporter-output>
        </test-method> <!-- takeScreenshotOnFailure -->
        <test-method is-config="true" signature="setupTest(java.lang.reflect.Method)[pri:0, instance:com.test.Disposition_masterModule.AllScenarios_Disposition_masterModule@70325e14]" started-at="2024-12-09T16:20:45 IST" name="setupTest" finished-at="2024-12-09T16:20:45 IST" duration-ms="1" status="PASS">
          <params>
            <param index="0">
              <value>
                <![CDATA[public void com.test.Disposition_masterModule.AllScenarios_Disposition_masterModule.Verify_Add_Disposition_without_Selection() throws java.lang.InterruptedException]]>
              </value>
            </param>
          </params>
          <reporter-output>
          </reporter-output>
        </test-method> <!-- setupTest -->
        <test-method signature="Verify_Add_Disposition_without_Selection()[pri:22, instance:com.test.Disposition_masterModule.AllScenarios_Disposition_masterModule@70325e14]" started-at="2024-12-09T16:20:45 IST" name="Verify_Add_Disposition_without_Selection" finished-at="2024-12-09T16:21:01 IST" duration-ms="15385" status="PASS">
          <reporter-output>
          </reporter-output>
        </test-method> <!-- Verify_Add_Disposition_without_Selection -->
        <test-method is-config="true" signature="takeScreenshotOnFailure(org.testng.ITestResult)[pri:0, instance:com.test.Disposition_masterModule.AllScenarios_Disposition_masterModule@70325e14]" started-at="2024-12-09T16:21:01 IST" name="takeScreenshotOnFailure" finished-at="2024-12-09T16:21:01 IST" duration-ms="1" status="PASS">
          <params>
            <param index="0">
              <value>
                <![CDATA[[TestResult name=Verify_Add_Disposition_without_Selection status=SUCCESS method=AllScenarios_Disposition_masterModule.Verify_Add_Disposition_without_Selection()[pri:22, instance:com.test.Disposition_masterModule.AllScenarios_Disposition_masterModule@70325e14] output={null}]]]>
              </value>
            </param>
          </params>
          <reporter-output>
          </reporter-output>
        </test-method> <!-- takeScreenshotOnFailure -->
        <test-method is-config="true" signature="setupTest(java.lang.reflect.Method)[pri:0, instance:com.test.Disposition_masterModule.AllScenarios_Disposition_masterModule@70325e14]" started-at="2024-12-09T16:21:01 IST" name="setupTest" finished-at="2024-12-09T16:21:01 IST" duration-ms="1" status="PASS">
          <params>
            <param index="0">
              <value>
                <![CDATA[public void com.test.Disposition_masterModule.AllScenarios_Disposition_masterModule.Add_Disposition_with_Existing_Name(java.util.Map) throws java.lang.InterruptedException]]>
              </value>
            </param>
          </params>
          <reporter-output>
          </reporter-output>
        </test-method> <!-- setupTest -->
        <test-method signature="Add_Disposition_with_Existing_Name(java.util.Map)[pri:23, instance:com.test.Disposition_masterModule.AllScenarios_Disposition_masterModule@70325e14]" started-at="2024-12-09T16:21:01 IST" name="Add_Disposition_with_Existing_Name" data-provider="TestData" finished-at="2024-12-09T16:21:13 IST" duration-ms="12160" status="PASS">
          <params>
            <param index="0">
              <value>
                <![CDATA[{ActionOwner=Internal User, ActionOwnerforsubdisposition=Call Centre, ActionOwners=Internal User | Collection Agency | Call Centre, ActionOwnerSearch=Call Centre, ActionOwnerUpdate=Call Centre, ActiveActionOwnerforsubdispositionSearch=Call Centre, ActiveDisposistionforsubdispositionSearch=Aaron, AssetCategories=NPA Category | SMA Category, AssetCategory=NPA Category, AssetCategoryUpdate=SMA Category, DeactivatedActionOwnerforsubdispositionSearch=Call Centre, DeactivatedDisposistionforsubdispositionSearch=Aaron, Disposistionforsubdisposition=Aaron, ExistingName=Irfan, ExistingNameforsubdisposition=abc, Name=Zephyr3, Nameforsubdisposition=Kael3, NameUpdate=Orion3, project=Beacon FCM, Run=Yes, TestScenario=Disposition_master, UpdateExistingName=Liora3, UpdateExistingNameofsubdispositiontoNew=Nyx3}]]>
              </value>
            </param>
          </params>
          <reporter-output>
          </reporter-output>
        </test-method> <!-- Add_Disposition_with_Existing_Name -->
        <test-method is-config="true" signature="takeScreenshotOnFailure(org.testng.ITestResult)[pri:0, instance:com.test.Disposition_masterModule.AllScenarios_Disposition_masterModule@70325e14]" started-at="2024-12-09T16:21:13 IST" name="takeScreenshotOnFailure" finished-at="2024-12-09T16:21:13 IST" duration-ms="1" status="PASS">
          <params>
            <param index="0">
              <value>
                <![CDATA[[TestResult name=Add_Disposition_with_Existing_Name status=SUCCESS method=AllScenarios_Disposition_masterModule.Add_Disposition_with_Existing_Name(java.util.Map)[pri:23, instance:com.test.Disposition_masterModule.AllScenarios_Disposition_masterModule@70325e14] output={null}]]]>
              </value>
            </param>
          </params>
          <reporter-output>
          </reporter-output>
        </test-method> <!-- takeScreenshotOnFailure -->
        <test-method is-config="true" signature="setupTest(java.lang.reflect.Method)[pri:0, instance:com.test.Disposition_masterModule.AllScenarios_Disposition_masterModule@70325e14]" started-at="2024-12-09T16:21:13 IST" name="setupTest" finished-at="2024-12-09T16:21:13 IST" duration-ms="1" status="PASS">
          <params>
            <param index="0">
              <value>
                <![CDATA[public void com.test.Disposition_masterModule.AllScenarios_Disposition_masterModule.Edit_Disposition_Popup_Display() throws java.lang.InterruptedException]]>
              </value>
            </param>
          </params>
          <reporter-output>
          </reporter-output>
        </test-method> <!-- setupTest -->
        <test-method signature="Edit_Disposition_Popup_Display()[pri:24, instance:com.test.Disposition_masterModule.AllScenarios_Disposition_masterModule@70325e14]" started-at="2024-12-09T16:21:13 IST" name="Edit_Disposition_Popup_Display" finished-at="2024-12-09T16:21:25 IST" duration-ms="12276" status="PASS">
          <reporter-output>
          </reporter-output>
        </test-method> <!-- Edit_Disposition_Popup_Display -->
        <test-method is-config="true" signature="takeScreenshotOnFailure(org.testng.ITestResult)[pri:0, instance:com.test.Disposition_masterModule.AllScenarios_Disposition_masterModule@70325e14]" started-at="2024-12-09T16:21:25 IST" name="takeScreenshotOnFailure" finished-at="2024-12-09T16:21:25 IST" duration-ms="1" status="PASS">
          <params>
            <param index="0">
              <value>
                <![CDATA[[TestResult name=Edit_Disposition_Popup_Display status=SUCCESS method=AllScenarios_Disposition_masterModule.Edit_Disposition_Popup_Display()[pri:24, instance:com.test.Disposition_masterModule.AllScenarios_Disposition_masterModule@70325e14] output={null}]]]>
              </value>
            </param>
          </params>
          <reporter-output>
          </reporter-output>
        </test-method> <!-- takeScreenshotOnFailure -->
        <test-method is-config="true" signature="setupTest(java.lang.reflect.Method)[pri:0, instance:com.test.Disposition_masterModule.AllScenarios_Disposition_masterModule@70325e14]" started-at="2024-12-09T16:21:25 IST" name="setupTest" finished-at="2024-12-09T16:21:25 IST" duration-ms="1" status="PASS">
          <params>
            <param index="0">
              <value>
                <![CDATA[public void com.test.Disposition_masterModule.AllScenarios_Disposition_masterModule.Update_Without_Changes() throws java.lang.InterruptedException]]>
              </value>
            </param>
          </params>
          <reporter-output>
          </reporter-output>
        </test-method> <!-- setupTest -->
        <test-method signature="Update_Without_Changes()[pri:25, instance:com.test.Disposition_masterModule.AllScenarios_Disposition_masterModule@70325e14]" started-at="2024-12-09T16:21:25 IST" name="Update_Without_Changes" finished-at="2024-12-09T16:21:36 IST" duration-ms="11319" status="PASS">
          <reporter-output>
          </reporter-output>
        </test-method> <!-- Update_Without_Changes -->
        <test-method is-config="true" signature="takeScreenshotOnFailure(org.testng.ITestResult)[pri:0, instance:com.test.Disposition_masterModule.AllScenarios_Disposition_masterModule@70325e14]" started-at="2024-12-09T16:21:36 IST" name="takeScreenshotOnFailure" finished-at="2024-12-09T16:21:36 IST" duration-ms="0" status="PASS">
          <params>
            <param index="0">
              <value>
                <![CDATA[[TestResult name=Update_Without_Changes status=SUCCESS method=AllScenarios_Disposition_masterModule.Update_Without_Changes()[pri:25, instance:com.test.Disposition_masterModule.AllScenarios_Disposition_masterModule@70325e14] output={null}]]]>
              </value>
            </param>
          </params>
          <reporter-output>
          </reporter-output>
        </test-method> <!-- takeScreenshotOnFailure -->
        <test-method is-config="true" signature="setupTest(java.lang.reflect.Method)[pri:0, instance:com.test.Disposition_masterModule.AllScenarios_Disposition_masterModule@70325e14]" started-at="2024-12-09T16:21:36 IST" name="setupTest" finished-at="2024-12-09T16:21:36 IST" duration-ms="0" status="PASS">
          <params>
            <param index="0">
              <value>
                <![CDATA[public void com.test.Disposition_masterModule.AllScenarios_Disposition_masterModule.Verify_Add_Disposition_with_Valid_Data(java.util.Map) throws java.lang.InterruptedException]]>
              </value>
            </param>
          </params>
          <reporter-output>
          </reporter-output>
        </test-method> <!-- setupTest -->
        <test-method signature="Verify_Add_Disposition_with_Valid_Data(java.util.Map)[pri:26, instance:com.test.Disposition_masterModule.AllScenarios_Disposition_masterModule@70325e14]" started-at="2024-12-09T16:21:36 IST" name="Verify_Add_Disposition_with_Valid_Data" data-provider="TestData" finished-at="2024-12-09T16:21:48 IST" duration-ms="11134" status="PASS">
          <params>
            <param index="0">
              <value>
                <![CDATA[{ActionOwner=Internal User, ActionOwnerforsubdisposition=Call Centre, ActionOwners=Internal User | Collection Agency | Call Centre, ActionOwnerSearch=Call Centre, ActionOwnerUpdate=Call Centre, ActiveActionOwnerforsubdispositionSearch=Call Centre, ActiveDisposistionforsubdispositionSearch=Aaron, AssetCategories=NPA Category | SMA Category, AssetCategory=NPA Category, AssetCategoryUpdate=SMA Category, DeactivatedActionOwnerforsubdispositionSearch=Call Centre, DeactivatedDisposistionforsubdispositionSearch=Aaron, Disposistionforsubdisposition=Aaron, ExistingName=Irfan, ExistingNameforsubdisposition=abc, Name=Zephyr3, Nameforsubdisposition=Kael3, NameUpdate=Orion3, project=Beacon FCM, Run=Yes, TestScenario=Disposition_master, UpdateExistingName=Liora3, UpdateExistingNameofsubdispositiontoNew=Nyx3}]]>
              </value>
            </param>
          </params>
          <reporter-output>
          </reporter-output>
        </test-method> <!-- Verify_Add_Disposition_with_Valid_Data -->
        <test-method is-config="true" signature="takeScreenshotOnFailure(org.testng.ITestResult)[pri:0, instance:com.test.Disposition_masterModule.AllScenarios_Disposition_masterModule@70325e14]" started-at="2024-12-09T16:21:48 IST" name="takeScreenshotOnFailure" finished-at="2024-12-09T16:21:48 IST" duration-ms="1" status="PASS">
          <params>
            <param index="0">
              <value>
                <![CDATA[[TestResult name=Verify_Add_Disposition_with_Valid_Data status=SUCCESS method=AllScenarios_Disposition_masterModule.Verify_Add_Disposition_with_Valid_Data(java.util.Map)[pri:26, instance:com.test.Disposition_masterModule.AllScenarios_Disposition_masterModule@70325e14] output={null}]]]>
              </value>
            </param>
          </params>
          <reporter-output>
          </reporter-output>
        </test-method> <!-- takeScreenshotOnFailure -->
        <test-method is-config="true" signature="setupTest(java.lang.reflect.Method)[pri:0, instance:com.test.Disposition_masterModule.AllScenarios_Disposition_masterModule@70325e14]" started-at="2024-12-09T16:21:48 IST" name="setupTest" finished-at="2024-12-09T16:21:48 IST" duration-ms="0" status="PASS">
          <params>
            <param index="0">
              <value>
                <![CDATA[public void com.test.Disposition_masterModule.AllScenarios_Disposition_masterModule.Change_Name_to_Existing_and_Update(java.util.Map) throws java.lang.InterruptedException]]>
              </value>
            </param>
          </params>
          <reporter-output>
          </reporter-output>
        </test-method> <!-- setupTest -->
        <test-method signature="Change_Name_to_Existing_and_Update(java.util.Map)[pri:27, instance:com.test.Disposition_masterModule.AllScenarios_Disposition_masterModule@70325e14]" started-at="2024-12-09T16:21:48 IST" name="Change_Name_to_Existing_and_Update" data-provider="TestData" finished-at="2024-12-09T16:22:11 IST" duration-ms="23777" status="PASS">
          <params>
            <param index="0">
              <value>
                <![CDATA[{ActionOwner=Internal User, ActionOwnerforsubdisposition=Call Centre, ActionOwners=Internal User | Collection Agency | Call Centre, ActionOwnerSearch=Call Centre, ActionOwnerUpdate=Call Centre, ActiveActionOwnerforsubdispositionSearch=Call Centre, ActiveDisposistionforsubdispositionSearch=Aaron, AssetCategories=NPA Category | SMA Category, AssetCategory=NPA Category, AssetCategoryUpdate=SMA Category, DeactivatedActionOwnerforsubdispositionSearch=Call Centre, DeactivatedDisposistionforsubdispositionSearch=Aaron, Disposistionforsubdisposition=Aaron, ExistingName=Irfan, ExistingNameforsubdisposition=abc, Name=Zephyr3, Nameforsubdisposition=Kael3, NameUpdate=Orion3, project=Beacon FCM, Run=Yes, TestScenario=Disposition_master, UpdateExistingName=Liora3, UpdateExistingNameofsubdispositiontoNew=Nyx3}]]>
              </value>
            </param>
          </params>
          <reporter-output>
          </reporter-output>
        </test-method> <!-- Change_Name_to_Existing_and_Update -->
        <test-method is-config="true" signature="takeScreenshotOnFailure(org.testng.ITestResult)[pri:0, instance:com.test.Disposition_masterModule.AllScenarios_Disposition_masterModule@70325e14]" started-at="2024-12-09T16:22:11 IST" name="takeScreenshotOnFailure" finished-at="2024-12-09T16:22:11 IST" duration-ms="1" status="PASS">
          <params>
            <param index="0">
              <value>
                <![CDATA[[TestResult name=Change_Name_to_Existing_and_Update status=SUCCESS method=AllScenarios_Disposition_masterModule.Change_Name_to_Existing_and_Update(java.util.Map)[pri:27, instance:com.test.Disposition_masterModule.AllScenarios_Disposition_masterModule@70325e14] output={null}]]]>
              </value>
            </param>
          </params>
          <reporter-output>
          </reporter-output>
        </test-method> <!-- takeScreenshotOnFailure -->
        <test-method signature="Edit_and_Verify_Disposition_Changes(java.util.Map)[pri:28, instance:com.test.Disposition_masterModule.AllScenarios_Disposition_masterModule@70325e14]" started-at="2024-12-09T16:22:12 IST" name="Edit_and_Verify_Disposition_Changes" data-provider="TestData" finished-at="2024-12-09T16:22:24 IST" duration-ms="12286" status="PASS">
          <params>
            <param index="0">
              <value>
                <![CDATA[{ActionOwner=Internal User, ActionOwnerforsubdisposition=Call Centre, ActionOwners=Internal User | Collection Agency | Call Centre, ActionOwnerSearch=Call Centre, ActionOwnerUpdate=Call Centre, ActiveActionOwnerforsubdispositionSearch=Call Centre, ActiveDisposistionforsubdispositionSearch=Aaron, AssetCategories=NPA Category | SMA Category, AssetCategory=NPA Category, AssetCategoryUpdate=SMA Category, DeactivatedActionOwnerforsubdispositionSearch=Call Centre, DeactivatedDisposistionforsubdispositionSearch=Aaron, Disposistionforsubdisposition=Aaron, ExistingName=Irfan, ExistingNameforsubdisposition=abc, Name=Zephyr3, Nameforsubdisposition=Kael3, NameUpdate=Orion3, project=Beacon FCM, Run=Yes, TestScenario=Disposition_master, UpdateExistingName=Liora3, UpdateExistingNameofsubdispositiontoNew=Nyx3}]]>
              </value>
            </param>
          </params>
          <reporter-output>
          </reporter-output>
        </test-method> <!-- Edit_and_Verify_Disposition_Changes -->
        <test-method is-config="true" signature="setupTest(java.lang.reflect.Method)[pri:0, instance:com.test.Disposition_masterModule.AllScenarios_Disposition_masterModule@70325e14]" started-at="2024-12-09T16:22:12 IST" name="setupTest" finished-at="2024-12-09T16:22:12 IST" duration-ms="0" status="PASS">
          <params>
            <param index="0">
              <value>
                <![CDATA[public void com.test.Disposition_masterModule.AllScenarios_Disposition_masterModule.Edit_and_Verify_Disposition_Changes(java.util.Map) throws java.lang.InterruptedException]]>
              </value>
            </param>
          </params>
          <reporter-output>
          </reporter-output>
        </test-method> <!-- setupTest -->
        <test-method is-config="true" signature="takeScreenshotOnFailure(org.testng.ITestResult)[pri:0, instance:com.test.Disposition_masterModule.AllScenarios_Disposition_masterModule@70325e14]" started-at="2024-12-09T16:22:24 IST" name="takeScreenshotOnFailure" finished-at="2024-12-09T16:22:24 IST" duration-ms="1" status="PASS">
          <params>
            <param index="0">
              <value>
                <![CDATA[[TestResult name=Edit_and_Verify_Disposition_Changes status=SUCCESS method=AllScenarios_Disposition_masterModule.Edit_and_Verify_Disposition_Changes(java.util.Map)[pri:28, instance:com.test.Disposition_masterModule.AllScenarios_Disposition_masterModule@70325e14] output={null}]]]>
              </value>
            </param>
          </params>
          <reporter-output>
          </reporter-output>
        </test-method> <!-- takeScreenshotOnFailure -->
        <test-method is-config="true" signature="setupTest(java.lang.reflect.Method)[pri:0, instance:com.test.Disposition_masterModule.AllScenarios_Disposition_masterModule@70325e14]" started-at="2024-12-09T16:22:24 IST" name="setupTest" finished-at="2024-12-09T16:22:24 IST" duration-ms="1" status="PASS">
          <params>
            <param index="0">
              <value>
                <![CDATA[public void com.test.Disposition_masterModule.AllScenarios_Disposition_masterModule.Deactivate_Disposition() throws java.lang.InterruptedException]]>
              </value>
            </param>
          </params>
          <reporter-output>
          </reporter-output>
        </test-method> <!-- setupTest -->
        <test-method signature="Deactivate_Disposition()[pri:29, instance:com.test.Disposition_masterModule.AllScenarios_Disposition_masterModule@70325e14]" started-at="2024-12-09T16:22:24 IST" name="Deactivate_Disposition" finished-at="2024-12-09T16:22:59 IST" duration-ms="35403" status="PASS">
          <reporter-output>
          </reporter-output>
        </test-method> <!-- Deactivate_Disposition -->
        <test-method is-config="true" signature="takeScreenshotOnFailure(org.testng.ITestResult)[pri:0, instance:com.test.Disposition_masterModule.AllScenarios_Disposition_masterModule@70325e14]" started-at="2024-12-09T16:22:59 IST" name="takeScreenshotOnFailure" finished-at="2024-12-09T16:22:59 IST" duration-ms="1" status="PASS">
          <params>
            <param index="0">
              <value>
                <![CDATA[[TestResult name=Deactivate_Disposition status=SUCCESS method=AllScenarios_Disposition_masterModule.Deactivate_Disposition()[pri:29, instance:com.test.Disposition_masterModule.AllScenarios_Disposition_masterModule@70325e14] output={null}]]]>
              </value>
            </param>
          </params>
          <reporter-output>
          </reporter-output>
        </test-method> <!-- takeScreenshotOnFailure -->
        <test-method is-config="true" signature="setupTest(java.lang.reflect.Method)[pri:0, instance:com.test.Disposition_masterModule.AllScenarios_Disposition_masterModule@70325e14]" started-at="2024-12-09T16:22:59 IST" name="setupTest" finished-at="2024-12-09T16:22:59 IST" duration-ms="1" status="PASS">
          <params>
            <param index="0">
              <value>
                <![CDATA[public void com.test.Disposition_masterModule.AllScenarios_Disposition_masterModule.Search_Deactivated_Disposition(java.util.Map) throws java.lang.InterruptedException]]>
              </value>
            </param>
          </params>
          <reporter-output>
          </reporter-output>
        </test-method> <!-- setupTest -->
        <test-method signature="Search_Deactivated_Disposition(java.util.Map)[pri:30, instance:com.test.Disposition_masterModule.AllScenarios_Disposition_masterModule@70325e14]" started-at="2024-12-09T16:22:59 IST" name="Search_Deactivated_Disposition" data-provider="TestData" finished-at="2024-12-09T16:23:15 IST" duration-ms="15274" status="PASS">
          <params>
            <param index="0">
              <value>
                <![CDATA[{ActionOwner=Internal User, ActionOwnerforsubdisposition=Call Centre, ActionOwners=Internal User | Collection Agency | Call Centre, ActionOwnerSearch=Call Centre, ActionOwnerUpdate=Call Centre, ActiveActionOwnerforsubdispositionSearch=Call Centre, ActiveDisposistionforsubdispositionSearch=Aaron, AssetCategories=NPA Category | SMA Category, AssetCategory=NPA Category, AssetCategoryUpdate=SMA Category, DeactivatedActionOwnerforsubdispositionSearch=Call Centre, DeactivatedDisposistionforsubdispositionSearch=Aaron, Disposistionforsubdisposition=Aaron, ExistingName=Irfan, ExistingNameforsubdisposition=abc, Name=Zephyr3, Nameforsubdisposition=Kael3, NameUpdate=Orion3, project=Beacon FCM, Run=Yes, TestScenario=Disposition_master, UpdateExistingName=Liora3, UpdateExistingNameofsubdispositiontoNew=Nyx3}]]>
              </value>
            </param>
          </params>
          <reporter-output>
          </reporter-output>
        </test-method> <!-- Search_Deactivated_Disposition -->
        <test-method is-config="true" signature="takeScreenshotOnFailure(org.testng.ITestResult)[pri:0, instance:com.test.Disposition_masterModule.AllScenarios_Disposition_masterModule@70325e14]" started-at="2024-12-09T16:23:15 IST" name="takeScreenshotOnFailure" finished-at="2024-12-09T16:23:15 IST" duration-ms="1" status="PASS">
          <params>
            <param index="0">
              <value>
                <![CDATA[[TestResult name=Search_Deactivated_Disposition status=SUCCESS method=AllScenarios_Disposition_masterModule.Search_Deactivated_Disposition(java.util.Map)[pri:30, instance:com.test.Disposition_masterModule.AllScenarios_Disposition_masterModule@70325e14] output={null}]]]>
              </value>
            </param>
          </params>
          <reporter-output>
          </reporter-output>
        </test-method> <!-- takeScreenshotOnFailure -->
        <test-method is-config="true" signature="setupTest(java.lang.reflect.Method)[pri:0, instance:com.test.Disposition_masterModule.AllScenarios_Disposition_masterModule@70325e14]" started-at="2024-12-09T16:23:15 IST" name="setupTest" finished-at="2024-12-09T16:23:15 IST" duration-ms="1" status="PASS">
          <params>
            <param index="0">
              <value>
                <![CDATA[public void com.test.Disposition_masterModule.AllScenarios_Disposition_masterModule.Activate_Deactivated_Disposition() throws java.lang.InterruptedException]]>
              </value>
            </param>
          </params>
          <reporter-output>
          </reporter-output>
        </test-method> <!-- setupTest -->
        <test-method signature="Activate_Deactivated_Disposition()[pri:31, instance:com.test.Disposition_masterModule.AllScenarios_Disposition_masterModule@70325e14]" started-at="2024-12-09T16:23:15 IST" name="Activate_Deactivated_Disposition" finished-at="2024-12-09T16:23:36 IST" duration-ms="21338" status="PASS">
          <reporter-output>
          </reporter-output>
        </test-method> <!-- Activate_Deactivated_Disposition -->
        <test-method is-config="true" signature="takeScreenshotOnFailure(org.testng.ITestResult)[pri:0, instance:com.test.Disposition_masterModule.AllScenarios_Disposition_masterModule@70325e14]" started-at="2024-12-09T16:23:36 IST" name="takeScreenshotOnFailure" finished-at="2024-12-09T16:23:36 IST" duration-ms="1" status="PASS">
          <params>
            <param index="0">
              <value>
                <![CDATA[[TestResult name=Activate_Deactivated_Disposition status=SUCCESS method=AllScenarios_Disposition_masterModule.Activate_Deactivated_Disposition()[pri:31, instance:com.test.Disposition_masterModule.AllScenarios_Disposition_masterModule@70325e14] output={null}]]]>
              </value>
            </param>
          </params>
          <reporter-output>
          </reporter-output>
        </test-method> <!-- takeScreenshotOnFailure -->
        <test-method is-config="true" signature="setupTest(java.lang.reflect.Method)[pri:0, instance:com.test.Disposition_masterModule.AllScenarios_Disposition_masterModule@70325e14]" started-at="2024-12-09T16:23:36 IST" name="setupTest" finished-at="2024-12-09T16:23:36 IST" duration-ms="0" status="PASS">
          <params>
            <param index="0">
              <value>
                <![CDATA[public void com.test.Disposition_masterModule.AllScenarios_Disposition_masterModule.Search_Active_Disposition(java.util.Map) throws java.lang.InterruptedException]]>
              </value>
            </param>
          </params>
          <reporter-output>
          </reporter-output>
        </test-method> <!-- setupTest -->
        <test-method signature="Search_Active_Disposition(java.util.Map)[pri:32, instance:com.test.Disposition_masterModule.AllScenarios_Disposition_masterModule@70325e14]" started-at="2024-12-09T16:23:36 IST" name="Search_Active_Disposition" data-provider="TestData" finished-at="2024-12-09T16:23:43 IST" duration-ms="7297" status="PASS">
          <params>
            <param index="0">
              <value>
                <![CDATA[{ActionOwner=Internal User, ActionOwnerforsubdisposition=Call Centre, ActionOwners=Internal User | Collection Agency | Call Centre, ActionOwnerSearch=Call Centre, ActionOwnerUpdate=Call Centre, ActiveActionOwnerforsubdispositionSearch=Call Centre, ActiveDisposistionforsubdispositionSearch=Aaron, AssetCategories=NPA Category | SMA Category, AssetCategory=NPA Category, AssetCategoryUpdate=SMA Category, DeactivatedActionOwnerforsubdispositionSearch=Call Centre, DeactivatedDisposistionforsubdispositionSearch=Aaron, Disposistionforsubdisposition=Aaron, ExistingName=Irfan, ExistingNameforsubdisposition=abc, Name=Zephyr3, Nameforsubdisposition=Kael3, NameUpdate=Orion3, project=Beacon FCM, Run=Yes, TestScenario=Disposition_master, UpdateExistingName=Liora3, UpdateExistingNameofsubdispositiontoNew=Nyx3}]]>
              </value>
            </param>
          </params>
          <reporter-output>
          </reporter-output>
        </test-method> <!-- Search_Active_Disposition -->
        <test-method is-config="true" signature="takeScreenshotOnFailure(org.testng.ITestResult)[pri:0, instance:com.test.Disposition_masterModule.AllScenarios_Disposition_masterModule@70325e14]" started-at="2024-12-09T16:23:43 IST" name="takeScreenshotOnFailure" finished-at="2024-12-09T16:23:43 IST" duration-ms="1" status="PASS">
          <params>
            <param index="0">
              <value>
                <![CDATA[[TestResult name=Search_Active_Disposition status=SUCCESS method=AllScenarios_Disposition_masterModule.Search_Active_Disposition(java.util.Map)[pri:32, instance:com.test.Disposition_masterModule.AllScenarios_Disposition_masterModule@70325e14] output={null}]]]>
              </value>
            </param>
          </params>
          <reporter-output>
          </reporter-output>
        </test-method> <!-- takeScreenshotOnFailure -->
        <test-method is-config="true" signature="setupTest(java.lang.reflect.Method)[pri:0, instance:com.test.Disposition_masterModule.AllScenarios_Disposition_masterModule@70325e14]" started-at="2024-12-09T16:23:43 IST" name="setupTest" finished-at="2024-12-09T16:23:43 IST" duration-ms="1" status="PASS">
          <params>
            <param index="0">
              <value>
                <![CDATA[public void com.test.Disposition_masterModule.AllScenarios_Disposition_masterModule.Verify_Sub_Disposition_Tab_UI_Elements() throws java.lang.InterruptedException]]>
              </value>
            </param>
          </params>
          <reporter-output>
          </reporter-output>
        </test-method> <!-- setupTest -->
        <test-method signature="Verify_Sub_Disposition_Tab_UI_Elements()[pri:33, instance:com.test.Disposition_masterModule.AllScenarios_Disposition_masterModule@70325e14]" started-at="2024-12-09T16:23:43 IST" name="Verify_Sub_Disposition_Tab_UI_Elements" finished-at="2024-12-09T16:23:47 IST" duration-ms="3338" status="PASS">
          <reporter-output>
          </reporter-output>
        </test-method> <!-- Verify_Sub_Disposition_Tab_UI_Elements -->
        <test-method is-config="true" signature="takeScreenshotOnFailure(org.testng.ITestResult)[pri:0, instance:com.test.Disposition_masterModule.AllScenarios_Disposition_masterModule@70325e14]" started-at="2024-12-09T16:23:47 IST" name="takeScreenshotOnFailure" finished-at="2024-12-09T16:23:47 IST" duration-ms="1" status="PASS">
          <params>
            <param index="0">
              <value>
                <![CDATA[[TestResult name=Verify_Sub_Disposition_Tab_UI_Elements status=SUCCESS method=AllScenarios_Disposition_masterModule.Verify_Sub_Disposition_Tab_UI_Elements()[pri:33, instance:com.test.Disposition_masterModule.AllScenarios_Disposition_masterModule@70325e14] output={null}]]]>
              </value>
            </param>
          </params>
          <reporter-output>
          </reporter-output>
        </test-method> <!-- takeScreenshotOnFailure -->
        <test-method is-config="true" signature="setupTest(java.lang.reflect.Method)[pri:0, instance:com.test.Disposition_masterModule.AllScenarios_Disposition_masterModule@70325e14]" started-at="2024-12-09T16:23:47 IST" name="setupTest" finished-at="2024-12-09T16:23:47 IST" duration-ms="1" status="PASS">
          <params>
            <param index="0">
              <value>
[...]
          <params>
            <param index="0">
              <value>
                <![CDATA[[TestResult name=Edit_Sub_Disposition_Popup_Display status=SUCCESS method=AllScenarios_Disposition_masterModule.Edit_Sub_Disposition_Popup_Display()[pri:38, instance:com.test.Disposition_masterModule.AllScenarios_Disposition_masterModule@70325e14] output={null}]]]>
              </value>
            </param>
          </params>
          <reporter-output>
          </reporter-output>
        </test-method> <!-- takeScreenshotOnFailure -->
        <test-method is-config="true" signature="setupTest(java.lang.reflect.Method)[pri:0, instance:com.test.Disposition_masterModule.AllScenarios_Disposition_masterModule@70325e14]" started-at="2024-12-09T16:24:58 IST" name="setupTest" finished-at="2024-12-09T16:24:58 IST" duration-ms="2" status="PASS">
          <params>
            <param index="0">
              <value>
                <![CDATA[public void com.test.Disposition_masterModule.AllScenarios_Disposition_masterModule.Update_Sub_Disposition_Without_Changes() throws java.lang.InterruptedException]]>
              </value>
            </param>
          </params>
          <reporter-output>
          </reporter-output>
        </test-method> <!-- setupTest -->
        <test-method signature="Update_Sub_Disposition_Without_Changes()[pri:39, instance:com.test.Disposition_masterModule.AllScenarios_Disposition_masterModule@70325e14]" started-at="2024-12-09T16:24:58 IST" name="Update_Sub_Disposition_Without_Changes" finished-at="2024-12-09T16:25:08 IST" duration-ms="10272" status="PASS">
          <reporter-output>
          </reporter-output>
        </test-method> <!-- Update_Sub_Disposition_Without_Changes -->
        <test-method is-config="true" signature="takeScreenshotOnFailure(org.testng.ITestResult)[pri:0, instance:com.test.Disposition_masterModule.AllScenarios_Disposition_masterModule@70325e14]" started-at="2024-12-09T16:25:08 IST" name="takeScreenshotOnFailure" finished-at="2024-12-09T16:25:08 IST" duration-ms="1" status="PASS">
          <params>
            <param index="0">
              <value>
                <![CDATA[[TestResult name=Update_Sub_Disposition_Without_Changes status=SUCCESS method=AllScenarios_Disposition_masterModule.Update_Sub_Disposition_Without_Changes()[pri:39, instance:com.test.Disposition_masterModule.AllScenarios_Disposition_masterModule@70325e14] output={null}]]]>
              </value>
            </param>
          </params>
          <reporter-output>
          </reporter-output>
        </test-method> <!-- takeScreenshotOnFailure -->
        <test-method is-config="true" signature="setupTest(java.lang.reflect.Method)[pri:0, instance:com.test.Disposition_masterModule.AllScenarios_Disposition_masterModule@70325e14]" started-at="2024-12-09T16:25:08 IST" name="setupTest" finished-at="2024-12-09T16:25:08 IST" duration-ms="2" status="PASS">
          <params>
            <param index="0">
              <value>
                <![CDATA[public void com.test.Disposition_masterModule.AllScenarios_Disposition_masterModule.Update_Sub_Disposition_with_Duplicate_Name(java.util.Map) throws java.lang.InterruptedException]]>
              </value>
            </param>
          </params>
          <reporter-output>
          </reporter-output>
        </test-method> <!-- setupTest -->
        <test-method signature="Update_Sub_Disposition_with_Duplicate_Name(java.util.Map)[pri:40, instance:com.test.Disposition_masterModule.AllScenarios_Disposition_masterModule@70325e14]" started-at="2024-12-09T16:25:08 IST" name="Update_Sub_Disposition_with_Duplicate_Name" data-provider="TestData" finished-at="2024-12-09T16:25:33 IST" duration-ms="24323" status="PASS">
          <params>
            <param index="0">
              <value>
                <![CDATA[{ActionOwner=Internal User, ActionOwnerforsubdisposition=Call Centre, ActionOwners=Internal User | Collection Agency | Call Centre, ActionOwnerSearch=Call Centre, ActionOwnerUpdate=Call Centre, ActiveActionOwnerforsubdispositionSearch=Call Centre, ActiveDisposistionforsubdispositionSearch=Aaron, AssetCategories=NPA Category | SMA Category, AssetCategory=NPA Category, AssetCategoryUpdate=SMA Category, DeactivatedActionOwnerforsubdispositionSearch=Call Centre, DeactivatedDisposistionforsubdispositionSearch=Aaron, Disposistionforsubdisposition=Aaron, ExistingName=Irfan, ExistingNameforsubdisposition=abc, Name=Zephyr3, Nameforsubdisposition=Kael3, NameUpdate=Orion3, project=Beacon FCM, Run=Yes, TestScenario=Disposition_master, UpdateExistingName=Liora3, UpdateExistingNameofsubdispositiontoNew=Nyx3}]]>
              </value>
            </param>
          </params>
          <reporter-output>
          </reporter-output>
        </test-method> <!-- Update_Sub_Disposition_with_Duplicate_Name -->
        <test-method is-config="true" signature="takeScreenshotOnFailure(org.testng.ITestResult)[pri:0, instance:com.test.Disposition_masterModule.AllScenarios_Disposition_masterModule@70325e14]" started-at="2024-12-09T16:25:33 IST" name="takeScreenshotOnFailure" finished-at="2024-12-09T16:25:33 IST" duration-ms="2" status="PASS">
          <params>
            <param index="0">
              <value>
                <![CDATA[[TestResult name=Update_Sub_Disposition_with_Duplicate_Name status=SUCCESS method=AllScenarios_Disposition_masterModule.Update_Sub_Disposition_with_Duplicate_Name(java.util.Map)[pri:40, instance:com.test.Disposition_masterModule.AllScenarios_Disposition_masterModule@70325e14] output={null}]]]>
              </value>
            </param>
          </params>
          <reporter-output>
          </reporter-output>
        </test-method> <!-- takeScreenshotOnFailure -->
        <test-method is-config="true" signature="setupTest(java.lang.reflect.Method)[pri:0, instance:com.test.Disposition_masterModule.AllScenarios_Disposition_masterModule@70325e14]" started-at="2024-12-09T16:25:33 IST" name="setupTest" finished-at="2024-12-09T16:25:33 IST" duration-ms="0" status="PASS">
          <params>
            <param index="0">
              <value>
                <![CDATA[public void com.test.Disposition_masterModule.AllScenarios_Disposition_masterModule.Update_Sub_Disposition_Successfully(java.util.Map) throws java.lang.InterruptedException]]>
              </value>
            </param>
          </params>
          <reporter-output>
          </reporter-output>
        </test-method> <!-- setupTest -->
        <test-method signature="Update_Sub_Disposition_Successfully(java.util.Map)[pri:41, instance:com.test.Disposition_masterModule.AllScenarios_Disposition_masterModule@70325e14]" started-at="2024-12-09T16:25:33 IST" name="Update_Sub_Disposition_Successfully" data-provider="TestData" finished-at="2024-12-09T16:25:53 IST" duration-ms="20632" status="PASS">
          <params>
            <param index="0">
              <value>
                <![CDATA[{ActionOwner=Internal User, ActionOwnerforsubdisposition=Call Centre, ActionOwners=Internal User | Collection Agency | Call Centre, ActionOwnerSearch=Call Centre, ActionOwnerUpdate=Call Centre, ActiveActionOwnerforsubdispositionSearch=Call Centre, ActiveDisposistionforsubdispositionSearch=Aaron, AssetCategories=NPA Category | SMA Category, AssetCategory=NPA Category, AssetCategoryUpdate=SMA Category, DeactivatedActionOwnerforsubdispositionSearch=Call Centre, DeactivatedDisposistionforsubdispositionSearch=Aaron, Disposistionforsubdisposition=Aaron, ExistingName=Irfan, ExistingNameforsubdisposition=abc, Name=Zephyr3, Nameforsubdisposition=Kael3, NameUpdate=Orion3, project=Beacon FCM, Run=Yes, TestScenario=Disposition_master, UpdateExistingName=Liora3, UpdateExistingNameofsubdispositiontoNew=Nyx3}]]>
              </value>
            </param>
          </params>
          <reporter-output>
          </reporter-output>
        </test-method> <!-- Update_Sub_Disposition_Successfully -->
        <test-method is-config="true" signature="takeScreenshotOnFailure(org.testng.ITestResult)[pri:0, instance:com.test.Disposition_masterModule.AllScenarios_Disposition_masterModule@70325e14]" started-at="2024-12-09T16:25:53 IST" name="takeScreenshotOnFailure" finished-at="2024-12-09T16:25:53 IST" duration-ms="1" status="PASS">
          <params>
            <param index="0">
              <value>
                <![CDATA[[TestResult name=Update_Sub_Disposition_Successfully status=SUCCESS method=AllScenarios_Disposition_masterModule.Update_Sub_Disposition_Successfully(java.util.Map)[pri:41, instance:com.test.Disposition_masterModule.AllScenarios_Disposition_masterModule@70325e14] output={null}]]]>
              </value>
            </param>
          </params>
          <reporter-output>
          </reporter-output>
        </test-method> <!-- takeScreenshotOnFailure -->
        <test-method is-config="true" signature="setupTest(java.lang.reflect.Method)[pri:0, instance:com.test.Disposition_masterModule.AllScenarios_Disposition_masterModule@70325e14]" started-at="2024-12-09T16:25:53 IST" name="setupTest" finished-at="2024-12-09T16:25:53 IST" duration-ms="1" status="PASS">
          <params>
            <param index="0">
              <value>
                <![CDATA[public void com.test.Disposition_masterModule.AllScenarios_Disposition_masterModule.Deactivate_Sub_Disposition() throws java.lang.InterruptedException]]>
              </value>
            </param>
          </params>
          <reporter-output>
          </reporter-output>
        </test-method> <!-- setupTest -->
        <test-method signature="Deactivate_Sub_Disposition()[pri:42, instance:com.test.Disposition_masterModule.AllScenarios_Disposition_masterModule@70325e14]" started-at="2024-12-09T16:25:53 IST" name="Deactivate_Sub_Disposition" finished-at="2024-12-09T16:26:12 IST" duration-ms="18237" status="PASS">
          <reporter-output>
          </reporter-output>
        </test-method> <!-- Deactivate_Sub_Disposition -->
        <test-method is-config="true" signature="takeScreenshotOnFailure(org.testng.ITestResult)[pri:0, instance:com.test.Disposition_masterModule.AllScenarios_Disposition_masterModule@70325e14]" started-at="2024-12-09T16:26:12 IST" name="takeScreenshotOnFailure" finished-at="2024-12-09T16:26:12 IST" duration-ms="1" status="PASS">
          <params>
            <param index="0">
              <value>
                <![CDATA[[TestResult name=Deactivate_Sub_Disposition status=SUCCESS method=AllScenarios_Disposition_masterModule.Deactivate_Sub_Disposition()[pri:42, instance:com.test.Disposition_masterModule.AllScenarios_Disposition_masterModule@70325e14] output={null}]]]>
              </value>
            </param>
          </params>
          <reporter-output>
          </reporter-output>
        </test-method> <!-- takeScreenshotOnFailure -->
        <test-method is-config="true" signature="setupTest(java.lang.reflect.Method)[pri:0, instance:com.test.Disposition_masterModule.AllScenarios_Disposition_masterModule@70325e14]" started-at="2024-12-09T16:26:12 IST" name="setupTest" finished-at="2024-12-09T16:26:12 IST" duration-ms="0" status="PASS">
          <params>
            <param index="0">
              <value>
                <![CDATA[public void com.test.Disposition_masterModule.AllScenarios_Disposition_masterModule.Search_Deactivated_Sub_Disposition(java.util.Map) throws java.lang.InterruptedException]]>
              </value>
            </param>
          </params>
          <reporter-output>
          </reporter-output>
        </test-method> <!-- setupTest -->
        <test-method signature="Search_Deactivated_Sub_Disposition(java.util.Map)[pri:43, instance:com.test.Disposition_masterModule.AllScenarios_Disposition_masterModule@70325e14]" started-at="2024-12-09T16:26:12 IST" name="Search_Deactivated_Sub_Disposition" data-provider="TestData" finished-at="2024-12-09T16:26:27 IST" duration-ms="15707" status="PASS">
          <params>
            <param index="0">
              <value>
                <![CDATA[{ActionOwner=Internal User, ActionOwnerforsubdisposition=Call Centre, ActionOwners=Internal User | Collection Agency | Call Centre, ActionOwnerSearch=Call Centre, ActionOwnerUpdate=Call Centre, ActiveActionOwnerforsubdispositionSearch=Call Centre, ActiveDisposistionforsubdispositionSearch=Aaron, AssetCategories=NPA Category | SMA Category, AssetCategory=NPA Category, AssetCategoryUpdate=SMA Category, DeactivatedActionOwnerforsubdispositionSearch=Call Centre, DeactivatedDisposistionforsubdispositionSearch=Aaron, Disposistionforsubdisposition=Aaron, ExistingName=Irfan, ExistingNameforsubdisposition=abc, Name=Zephyr3, Nameforsubdisposition=Kael3, NameUpdate=Orion3, project=Beacon FCM, Run=Yes, TestScenario=Disposition_master, UpdateExistingName=Liora3, UpdateExistingNameofsubdispositiontoNew=Nyx3}]]>
              </value>
            </param>
          </params>
          <reporter-output>
          </reporter-output>
        </test-method> <!-- Search_Deactivated_Sub_Disposition -->
        <test-method is-config="true" signature="takeScreenshotOnFailure(org.testng.ITestResult)[pri:0, instance:com.test.Disposition_masterModule.AllScenarios_Disposition_masterModule@70325e14]" started-at="2024-12-09T16:26:27 IST" name="takeScreenshotOnFailure" finished-at="2024-12-09T16:26:27 IST" duration-ms="0" status="PASS">
          <params>
            <param index="0">
              <value>
                <![CDATA[[TestResult name=Search_Deactivated_Sub_Disposition status=SUCCESS method=AllScenarios_Disposition_masterModule.Search_Deactivated_Sub_Disposition(java.util.Map)[pri:43, instance:com.test.Disposition_masterModule.AllScenarios_Disposition_masterModule@70325e14] output={null}]]]>
              </value>
            </param>
          </params>
          <reporter-output>
          </reporter-output>
        </test-method> <!-- takeScreenshotOnFailure -->
        <test-method is-config="true" signature="setupTest(java.lang.reflect.Method)[pri:0, instance:com.test.Disposition_masterModule.AllScenarios_Disposition_masterModule@70325e14]" started-at="2024-12-09T16:26:27 IST" name="setupTest" finished-at="2024-12-09T16:26:27 IST" duration-ms="0" status="PASS">
          <params>
            <param index="0">
              <value>
                <![CDATA[public void com.test.Disposition_masterModule.AllScenarios_Disposition_masterModule.Reactivate_Sub_Disposition() throws java.lang.InterruptedException]]>
              </value>
            </param>
          </params>
          <reporter-output>
          </reporter-output>
        </test-method> <!-- setupTest -->
        <test-method signature="Reactivate_Sub_Disposition()[pri:44, instance:com.test.Disposition_masterModule.AllScenarios_Disposition_masterModule@70325e14]" started-at="2024-12-09T16:26:27 IST" name="Reactivate_Sub_Disposition" finished-at="2024-12-09T16:26:50 IST" duration-ms="22686" status="PASS">
          <reporter-output>
          </reporter-output>
        </test-method> <!-- Reactivate_Sub_Disposition -->
        <test-method is-config="true" signature="takeScreenshotOnFailure(org.testng.ITestResult)[pri:0, instance:com.test.Disposition_masterModule.AllScenarios_Disposition_masterModule@70325e14]" started-at="2024-12-09T16:26:50 IST" name="takeScreenshotOnFailure" finished-at="2024-12-09T16:26:50 IST" duration-ms="1" status="PASS">
          <params>
            <param index="0">
              <value>
                <![CDATA[[TestResult name=Reactivate_Sub_Disposition status=SUCCESS method=AllScenarios_Disposition_masterModule.Reactivate_Sub_Disposition()[pri:44, instance:com.test.Disposition_masterModule.AllScenarios_Disposition_masterModule@70325e14] output={null}]]]>
              </value>
            </param>
          </params>
          <reporter-output>
          </reporter-output>
        </test-method> <!-- takeScreenshotOnFailure -->
        <test-method is-config="true" signature="setupTest(java.lang.reflect.Method)[pri:0, instance:com.test.Disposition_masterModule.AllScenarios_Disposition_masterModule@70325e14]" started-at="2024-12-09T16:26:50 IST" name="setupTest" finished-at="2024-12-09T16:26:50 IST" duration-ms="0" status="PASS">
          <params>
            <param index="0">
              <value>
                <![CDATA[public void com.test.Disposition_masterModule.AllScenarios_Disposition_masterModule.Search_Active_Sub_Disposition(java.util.Map) throws java.lang.InterruptedException]]>
              </value>
            </param>
          </params>
          <reporter-output>
          </reporter-output>
        </test-method> <!-- setupTest -->
        <test-method signature="Search_Active_Sub_Disposition(java.util.Map)[pri:45, instance:com.test.Disposition_masterModule.AllScenarios_Disposition_masterModule@70325e14]" started-at="2024-12-09T16:26:50 IST" name="Search_Active_Sub_Disposition" data-provider="TestData" finished-at="2024-12-09T16:27:09 IST" duration-ms="19036" status="PASS">
          <params>
            <param index="0">
              <value>
                <![CDATA[{ActionOwner=Internal User, ActionOwnerforsubdisposition=Call Centre, ActionOwners=Internal User | Collection Agency | Call Centre, ActionOwnerSearch=Call Centre, ActionOwnerUpdate=Call Centre, ActiveActionOwnerforsubdispositionSearch=Call Centre, ActiveDisposistionforsubdispositionSearch=Aaron, AssetCategories=NPA Category | SMA Category, AssetCategory=NPA Category, AssetCategoryUpdate=SMA Category, DeactivatedActionOwnerforsubdispositionSearch=Call Centre, DeactivatedDisposistionforsubdispositionSearch=Aaron, Disposistionforsubdisposition=Aaron, ExistingName=Irfan, ExistingNameforsubdisposition=abc, Name=Zephyr3, Nameforsubdisposition=Kael3, NameUpdate=Orion3, project=Beacon FCM, Run=Yes, TestScenario=Disposition_master, UpdateExistingName=Liora3, UpdateExistingNameofsubdispositiontoNew=Nyx3}]]>
              </value>
            </param>
          </params>
          <reporter-output>
          </reporter-output>
        </test-method> <!-- Search_Active_Sub_Disposition -->
        <test-method is-config="true" signature="takeScreenshotOnFailure(org.testng.ITestResult)[pri:0, instance:com.test.Disposition_masterModule.AllScenarios_Disposition_masterModule@70325e14]" started-at="2024-12-09T16:27:09 IST" name="takeScreenshotOnFailure" finished-at="2024-12-09T16:27:09 IST" duration-ms="1" status="PASS">
          <params>
            <param index="0">
              <value>
                <![CDATA[[TestResult name=Search_Active_Sub_Disposition status=SUCCESS method=AllScenarios_Disposition_masterModule.Search_Active_Sub_Disposition(java.util.Map)[pri:45, instance:com.test.Disposition_masterModule.AllScenarios_Disposition_masterModule@70325e14] output={null}]]]>
              </value>
            </param>
          </params>
          <reporter-output>
          </reporter-output>
        </test-method> <!-- takeScreenshotOnFailure -->
        <test-method is-config="true" signature="afterEachTest()[pri:0, instance:com.test.Disposition_masterModule.AllScenarios_Disposition_masterModule@70325e14]" started-at="2024-12-09T16:27:09 IST" name="afterEachTest" finished-at="2024-12-09T16:27:10 IST" duration-ms="508" status="PASS">
          <reporter-output>
          </reporter-output>
        </test-method> <!-- afterEachTest -->
      </class> <!-- com.test.Disposition_masterModule.AllScenarios_Disposition_masterModule -->
    </test> <!-- Default test -->
  </suite> <!-- Default suite -->
</testng-results>
