<?xml version="1.0" encoding="UTF-8"?>
<testng-results ignored="0" total="18" passed="18" failed="0" skipped="0">
  <reporter-output>
  </reporter-output>
  <suite started-at="2024-11-29T00:15:50 IST" name="Default suite" finished-at="2024-11-29T00:18:26 IST" duration-ms="156056">
    <groups>
    </groups>
    <test started-at="2024-11-29T00:15:50 IST" name="Default test" finished-at="2024-11-29T00:18:26 IST" duration-ms="156056">
      <class name="com.test.Disposition_masterModule.AllScenarios_Disposition_masterModule">
        <test-method is-config="true" signature="SetUp()[pri:0, instance:com.test.Disposition_masterModule.AllScenarios_Disposition_masterModule@3a52dba3]" started-at="2024-11-29T00:14:08 IST" name="SetUp" finished-at="2024-11-29T00:15:50 IST" duration-ms="101643" status="PASS">
          <reporter-output>
          </reporter-output>
        </test-method> <!-- SetUp -->
        <test-method signature="testDispositionMasterNavigation()[pri:1, instance:com.test.Disposition_masterModule.AllScenarios_Disposition_masterModule@3a52dba3]" started-at="2024-11-29T00:15:50 IST" name="testDispositionMasterNavigation" finished-at="2024-11-29T00:15:53 IST" duration-ms="3850" status="PASS">
          <reporter-output>
          </reporter-output>
        </test-method> <!-- testDispositionMasterNavigation -->
        <test-method is-config="true" signature="takeScreenshotOnFailure(org.testng.ITestResult)[pri:0, instance:com.test.Disposition_masterModule.AllScenarios_Disposition_masterModule@3a52dba3]" started-at="2024-11-29T00:15:53 IST" name="takeScreenshotOnFailure" finished-at="2024-11-29T00:15:54 IST" duration-ms="143" status="PASS">
          <params>
            <param index="0">
              <value>
                <![CDATA[[TestResult name=testDispositionMasterNavigation status=SUCCESS method=AllScenarios_Disposition_masterModule.testDispositionMasterNavigation()[pri:1, instance:com.test.Disposition_masterModule.AllScenarios_Disposition_masterModule@3a52dba3] output={null}]]]>
              </value>
            </param>
          </params>
          <reporter-output>
          </reporter-output>
        </test-method> <!-- takeScreenshotOnFailure -->
        <test-method signature="verifyInitialLoadOfActiveDispositions()[pri:2, instance:com.test.Disposition_masterModule.AllScenarios_Disposition_masterModule@3a52dba3]" started-at="2024-11-29T00:15:54 IST" name="verifyInitialLoadOfActiveDispositions" finished-at="2024-11-29T00:16:27 IST" duration-ms="33116" status="PASS">
          <reporter-output>
          </reporter-output>
        </test-method> <!-- verifyInitialLoadOfActiveDispositions -->
        <test-method is-config="true" signature="takeScreenshotOnFailure(org.testng.ITestResult)[pri:0, instance:com.test.Disposition_masterModule.AllScenarios_Disposition_masterModule@3a52dba3]" started-at="2024-11-29T00:16:27 IST" name="takeScreenshotOnFailure" finished-at="2024-11-29T00:16:27 IST" duration-ms="130" status="PASS">
          <params>
            <param index="0">
              <value>
                <![CDATA[[TestResult name=verifyInitialLoadOfActiveDispositions status=SUCCESS method=AllScenarios_Disposition_masterModule.verifyInitialLoadOfActiveDispositions()[pri:2, instance:com.test.Disposition_masterModule.AllScenarios_Disposition_masterModule@3a52dba3] output={null}]]]>
              </value>
            </param>
          </params>
          <reporter-output>
          </reporter-output>
        </test-method> <!-- takeScreenshotOnFailure -->
        <test-method signature="actionOwnerDropdownSelections()[pri:3, instance:com.test.Disposition_masterModule.AllScenarios_Disposition_masterModule@3a52dba3]" started-at="2024-11-29T00:16:27 IST" name="actionOwnerDropdownSelections" finished-at="2024-11-29T00:16:30 IST" duration-ms="3541" status="PASS">
          <reporter-output>
          </reporter-output>
        </test-method> <!-- actionOwnerDropdownSelections -->
        <test-method is-config="true" signature="takeScreenshotOnFailure(org.testng.ITestResult)[pri:0, instance:com.test.Disposition_masterModule.AllScenarios_Disposition_masterModule@3a52dba3]" started-at="2024-11-29T00:16:30 IST" name="takeScreenshotOnFailure" finished-at="2024-11-29T00:16:30 IST" duration-ms="135" status="PASS">
          <params>
            <param index="0">
              <value>
                <![CDATA[[TestResult name=actionOwnerDropdownSelections status=SUCCESS method=AllScenarios_Disposition_masterModule.actionOwnerDropdownSelections()[pri:3, instance:com.test.Disposition_masterModule.AllScenarios_Disposition_masterModule@3a52dba3] output={null}]]]>
              </value>
            </param>
          </params>
          <reporter-output>
          </reporter-output>
        </test-method> <!-- takeScreenshotOnFailure -->
        <test-method signature="testVerifyIsActiveCheckboxDefaultState()[pri:4, instance:com.test.Disposition_masterModule.AllScenarios_Disposition_masterModule@3a52dba3]" started-at="2024-11-29T00:16:30 IST" name="testVerifyIsActiveCheckboxDefaultState" finished-at="2024-11-29T00:16:34 IST" duration-ms="3049" status="PASS">
          <reporter-output>
          </reporter-output>
        </test-method> <!-- testVerifyIsActiveCheckboxDefaultState -->
        <test-method is-config="true" signature="takeScreenshotOnFailure(org.testng.ITestResult)[pri:0, instance:com.test.Disposition_masterModule.AllScenarios_Disposition_masterModule@3a52dba3]" started-at="2024-11-29T00:16:34 IST" name="takeScreenshotOnFailure" finished-at="2024-11-29T00:16:34 IST" duration-ms="133" status="PASS">
          <params>
            <param index="0">
              <value>
                <![CDATA[[TestResult name=testVerifyIsActiveCheckboxDefaultState status=SUCCESS method=AllScenarios_Disposition_masterModule.testVerifyIsActiveCheckboxDefaultState()[pri:4, instance:com.test.Disposition_masterModule.AllScenarios_Disposition_masterModule@3a52dba3] output={null}]]]>
              </value>
            </param>
          </params>
          <reporter-output>
          </reporter-output>
        </test-method> <!-- takeScreenshotOnFailure -->
        <test-method signature="verifyActionColumnOptions()[pri:5, instance:com.test.Disposition_masterModule.AllScenarios_Disposition_masterModule@3a52dba3]" started-at="2024-11-29T00:16:34 IST" name="verifyActionColumnOptions" finished-at="2024-11-29T00:16:37 IST" duration-ms="3207" status="PASS">
          <reporter-output>
          </reporter-output>
        </test-method> <!-- verifyActionColumnOptions -->
        <test-method is-config="true" signature="takeScreenshotOnFailure(org.testng.ITestResult)[pri:0, instance:com.test.Disposition_masterModule.AllScenarios_Disposition_masterModule@3a52dba3]" started-at="2024-11-29T00:16:37 IST" name="takeScreenshotOnFailure" finished-at="2024-11-29T00:16:37 IST" duration-ms="114" status="PASS">
          <params>
            <param index="0">
              <value>
                <![CDATA[[TestResult name=verifyActionColumnOptions status=SUCCESS method=AllScenarios_Disposition_masterModule.verifyActionColumnOptions()[pri:5, instance:com.test.Disposition_masterModule.AllScenarios_Disposition_masterModule@3a52dba3] output={null}]]]>
              </value>
            </param>
          </params>
          <reporter-output>
          </reporter-output>
        </test-method> <!-- takeScreenshotOnFailure -->
        <test-method signature="verifyStatusColumnAppearance()[pri:6, instance:com.test.Disposition_masterModule.AllScenarios_Disposition_masterModule@3a52dba3]" started-at="2024-11-29T00:16:37 IST" name="verifyStatusColumnAppearance" finished-at="2024-11-29T00:16:40 IST" duration-ms="3165" status="PASS">
          <reporter-output>
          </reporter-output>
        </test-method> <!-- verifyStatusColumnAppearance -->
        <test-method is-config="true" signature="takeScreenshotOnFailure(org.testng.ITestResult)[pri:0, instance:com.test.Disposition_masterModule.AllScenarios_Disposition_masterModule@3a52dba3]" started-at="2024-11-29T00:16:40 IST" name="takeScreenshotOnFailure" finished-at="2024-11-29T00:16:40 IST" duration-ms="138" status="PASS">
          <params>
            <param index="0">
              <value>
                <![CDATA[[TestResult name=verifyStatusColumnAppearance status=SUCCESS method=AllScenarios_Disposition_masterModule.verifyStatusColumnAppearance()[pri:6, instance:com.test.Disposition_masterModule.AllScenarios_Disposition_masterModule@3a52dba3] output={null}]]]>
              </value>
            </param>
          </params>
          <reporter-output>
          </reporter-output>
        </test-method> <!-- takeScreenshotOnFailure -->
        <test-method signature="validatePaginationInitialLoad()[pri:7, instance:com.test.Disposition_masterModule.AllScenarios_Disposition_masterModule@3a52dba3]" started-at="2024-11-29T00:16:40 IST" name="validatePaginationInitialLoad" finished-at="2024-11-29T00:16:44 IST" duration-ms="3225" status="PASS">
          <reporter-output>
          </reporter-output>
        </test-method> <!-- validatePaginationInitialLoad -->
        <test-method is-config="true" signature="takeScreenshotOnFailure(org.testng.ITestResult)[pri:0, instance:com.test.Disposition_masterModule.AllScenarios_Disposition_masterModule@3a52dba3]" started-at="2024-11-29T00:16:44 IST" name="takeScreenshotOnFailure" finished-at="2024-11-29T00:16:44 IST" duration-ms="129" status="PASS">
          <params>
            <param index="0">
              <value>
                <![CDATA[[TestResult name=validatePaginationInitialLoad status=SUCCESS method=AllScenarios_Disposition_masterModule.validatePaginationInitialLoad()[pri:7, instance:com.test.Disposition_masterModule.AllScenarios_Disposition_masterModule@3a52dba3] output={null}]]]>
              </value>
            </param>
          </params>
          <reporter-output>
          </reporter-output>
        </test-method> <!-- takeScreenshotOnFailure -->
        <test-method signature="testValidateNextButton()[pri:8, instance:com.test.Disposition_masterModule.AllScenarios_Disposition_masterModule@3a52dba3]" started-at="2024-11-29T00:16:44 IST" name="testValidateNextButton" finished-at="2024-11-29T00:16:48 IST" duration-ms="4458" status="PASS">
          <reporter-output>
          </reporter-output>
        </test-method> <!-- testValidateNextButton -->
        <test-method is-config="true" signature="takeScreenshotOnFailure(org.testng.ITestResult)[pri:0, instance:com.test.Disposition_masterModule.AllScenarios_Disposition_masterModule@3a52dba3]" started-at="2024-11-29T00:16:48 IST" name="takeScreenshotOnFailure" finished-at="2024-11-29T00:16:48 IST" duration-ms="165" status="PASS">
          <params>
            <param index="0">
              <value>
                <![CDATA[[TestResult name=testValidateNextButton status=SUCCESS method=AllScenarios_Disposition_masterModule.testValidateNextButton()[pri:8, instance:com.test.Disposition_masterModule.AllScenarios_Disposition_masterModule@3a52dba3] output={null}]]]>
              </value>
            </param>
          </params>
          <reporter-output>
          </reporter-output>
        </test-method> <!-- takeScreenshotOnFailure -->
        <test-method signature="testValidatePreviousButton()[pri:9, instance:com.test.Disposition_masterModule.AllScenarios_Disposition_masterModule@3a52dba3]" started-at="2024-11-29T00:16:48 IST" name="testValidatePreviousButton" finished-at="2024-11-29T00:16:52 IST" duration-ms="3893" status="PASS">
          <reporter-output>
          </reporter-output>
        </test-method> <!-- testValidatePreviousButton -->
        <test-method is-config="true" signature="takeScreenshotOnFailure(org.testng.ITestResult)[pri:0, instance:com.test.Disposition_masterModule.AllScenarios_Disposition_masterModule@3a52dba3]" started-at="2024-11-29T00:16:52 IST" name="takeScreenshotOnFailure" finished-at="2024-11-29T00:16:52 IST" duration-ms="148" status="PASS">
          <params>
            <param index="0">
              <value>
                <![CDATA[[TestResult name=testValidatePreviousButton status=SUCCESS method=AllScenarios_Disposition_masterModule.testValidatePreviousButton()[pri:9, instance:com.test.Disposition_masterModule.AllScenarios_Disposition_masterModule@3a52dba3] output={null}]]]>
              </value>
            </param>
          </params>
          <reporter-output>
          </reporter-output>
        </test-method> <!-- takeScreenshotOnFailure -->
        <test-method signature="testJumpToLastPage()[pri:10, instance:com.test.Disposition_masterModule.AllScenarios_Disposition_masterModule@3a52dba3]" started-at="2024-11-29T00:16:52 IST" name="testJumpToLastPage" finished-at="2024-11-29T00:17:11 IST" duration-ms="18830" status="PASS">
          <reporter-output>
          </reporter-output>
        </test-method> <!-- testJumpToLastPage -->
        <test-method is-config="true" signature="takeScreenshotOnFailure(org.testng.ITestResult)[pri:0, instance:com.test.Disposition_masterModule.AllScenarios_Disposition_masterModule@3a52dba3]" started-at="2024-11-29T00:17:11 IST" name="takeScreenshotOnFailure" finished-at="2024-11-29T00:17:11 IST" duration-ms="121" status="PASS">
          <params>
            <param index="0">
              <value>
                <![CDATA[[TestResult name=testJumpToLastPage status=SUCCESS method=AllScenarios_Disposition_masterModule.testJumpToLastPage()[pri:10, instance:com.test.Disposition_masterModule.AllScenarios_Disposition_masterModule@3a52dba3] output={null}]]]>
              </value>
            </param>
          </params>
          <reporter-output>
          </reporter-output>
        </test-method> <!-- takeScreenshotOnFailure -->
        <test-method signature="testJumpToFirstPage()[pri:11, instance:com.test.Disposition_masterModule.AllScenarios_Disposition_masterModule@3a52dba3]" started-at="2024-11-29T00:17:11 IST" name="testJumpToFirstPage" finished-at="2024-11-29T00:17:30 IST" duration-ms="18875" status="PASS">
          <reporter-output>
          </reporter-output>
        </test-method> <!-- testJumpToFirstPage -->
        <test-method is-config="true" signature="takeScreenshotOnFailure(org.testng.ITestResult)[pri:0, instance:com.test.Disposition_masterModule.AllScenarios_Disposition_masterModule@3a52dba3]" started-at="2024-11-29T00:17:30 IST" name="takeScreenshotOnFailure" finished-at="2024-11-29T00:17:30 IST" duration-ms="149" status="PASS">
          <params>
            <param index="0">
              <value>
                <![CDATA[[TestResult name=testJumpToFirstPage status=SUCCESS method=AllScenarios_Disposition_masterModule.testJumpToFirstPage()[pri:11, instance:com.test.Disposition_masterModule.AllScenarios_Disposition_masterModule@3a52dba3] output={null}]]]>
              </value>
            </param>
          </params>
          <reporter-output>
          </reporter-output>
        </test-method> <!-- takeScreenshotOnFailure -->
        <test-method signature="testOpenAddDispositionForm()[pri:12, instance:com.test.Disposition_masterModule.AllScenarios_Disposition_masterModule@3a52dba3]" started-at="2024-11-29T00:17:30 IST" name="testOpenAddDispositionForm" finished-at="2024-11-29T00:17:39 IST" duration-ms="9043" status="PASS">
          <reporter-output>
          </reporter-output>
        </test-method> <!-- testOpenAddDispositionForm -->
        <test-method is-config="true" signature="takeScreenshotOnFailure(org.testng.ITestResult)[pri:0, instance:com.test.Disposition_masterModule.AllScenarios_Disposition_masterModule@3a52dba3]" started-at="2024-11-29T00:17:39 IST" name="takeScreenshotOnFailure" finished-at="2024-11-29T00:17:40 IST" duration-ms="187" status="PASS">
          <params>
            <param index="0">
              <value>
                <![CDATA[[TestResult name=testOpenAddDispositionForm status=SUCCESS method=AllScenarios_Disposition_masterModule.testOpenAddDispositionForm()[pri:12, instance:com.test.Disposition_masterModule.AllScenarios_Disposition_masterModule@3a52dba3] output={null}]]]>
              </value>
            </param>
          </params>
          <reporter-output>
          </reporter-output>
        </test-method> <!-- takeScreenshotOnFailure -->
        <test-method signature="testCloseAddDispositionPopup()[pri:13, instance:com.test.Disposition_masterModule.AllScenarios_Disposition_masterModule@3a52dba3]" started-at="2024-11-29T00:17:40 IST" name="testCloseAddDispositionPopup" finished-at="2024-11-29T00:17:44 IST" duration-ms="4388" status="PASS">
          <reporter-output>
          </reporter-output>
        </test-method> <!-- testCloseAddDispositionPopup -->
        <test-method is-config="true" signature="takeScreenshotOnFailure(org.testng.ITestResult)[pri:0, instance:com.test.Disposition_masterModule.AllScenarios_Disposition_masterModule@3a52dba3]" started-at="2024-11-29T00:17:44 IST" name="takeScreenshotOnFailure" finished-at="2024-11-29T00:17:44 IST" duration-ms="132" status="PASS">
          <params>
            <param index="0">
              <value>
                <![CDATA[[TestResult name=testCloseAddDispositionPopup status=SUCCESS method=AllScenarios_Disposition_masterModule.testCloseAddDispositionPopup()[pri:13, instance:com.test.Disposition_masterModule.AllScenarios_Disposition_masterModule@3a52dba3] output={null}]]]>
              </value>
            </param>
          </params>
          <reporter-output>
          </reporter-output>
        </test-method> <!-- takeScreenshotOnFailure -->
        <test-method signature="testSubmitWithAllFieldsValid(java.util.Map)[pri:14, instance:com.test.Disposition_masterModule.AllScenarios_Disposition_masterModule@3a52dba3]" started-at="2024-11-29T00:17:45 IST" name="testSubmitWithAllFieldsValid" data-provider="TestData" finished-at="2024-11-29T00:17:57 IST" duration-ms="12011" status="PASS">
          <params>
            <param index="0">
              <value>
                <![CDATA[{ActionOwner=Call Centre, ActionOwners=Call Centre | Collection Agency | Internal User, AssetCategories=NPA Category | SMA Category, AssetCategory=NPA Category, Name=Jancy, project=Beacon FCM, Run=Yes, TestScenario=Disposition_master}]]>
              </value>
            </param>
          </params>
          <reporter-output>
          </reporter-output>
        </test-method> <!-- testSubmitWithAllFieldsValid -->
        <test-method is-config="true" signature="takeScreenshotOnFailure(org.testng.ITestResult)[pri:0, instance:com.test.Disposition_masterModule.AllScenarios_Disposition_masterModule@3a52dba3]" started-at="2024-11-29T00:17:57 IST" name="takeScreenshotOnFailure" finished-at="2024-11-29T00:17:57 IST" duration-ms="144" status="PASS">
          <params>
            <param index="0">
              <value>
                <![CDATA[[TestResult name=testSubmitWithAllFieldsValid status=SUCCESS method=AllScenarios_Disposition_masterModule.testSubmitWithAllFieldsValid(java.util.Map)[pri:14, instance:com.test.Disposition_masterModule.AllScenarios_Disposition_masterModule@3a52dba3] output={null}]]]>
              </value>
            </param>
          </params>
          <reporter-output>
          </reporter-output>
        </test-method> <!-- takeScreenshotOnFailure -->
        <test-method signature="testMultiSelectActionOwner(java.util.Map)[pri:15, instance:com.test.Disposition_masterModule.AllScenarios_Disposition_masterModule@3a52dba3]" started-at="2024-11-29T00:17:57 IST" name="testMultiSelectActionOwner" data-provider="TestData" finished-at="2024-11-29T00:18:11 IST" duration-ms="13254" status="PASS">
          <params>
            <param index="0">
              <value>
                <![CDATA[{ActionOwner=Call Centre, ActionOwners=Call Centre | Collection Agency | Internal User, AssetCategories=NPA Category | SMA Category, AssetCategory=NPA Category, Name=Jancy, project=Beacon FCM, Run=Yes, TestScenario=Disposition_master}]]>
              </value>
            </param>
          </params>
          <reporter-output>
          </reporter-output>
        </test-method> <!-- testMultiSelectActionOwner -->
        <test-method is-config="true" signature="takeScreenshotOnFailure(org.testng.ITestResult)[pri:0, instance:com.test.Disposition_masterModule.AllScenarios_Disposition_masterModule@3a52dba3]" started-at="2024-11-29T00:18:11 IST" name="takeScreenshotOnFailure" finished-at="2024-11-29T00:18:11 IST" duration-ms="142" status="PASS">
          <params>
            <param index="0">
              <value>
                <![CDATA[[TestResult name=testMultiSelectActionOwner status=SUCCESS method=AllScenarios_Disposition_masterModule.testMultiSelectActionOwner(java.util.Map)[pri:15, instance:com.test.Disposition_masterModule.AllScenarios_Disposition_masterModule@3a52dba3] output={null}]]]>
              </value>
            </param>
          </params>
          <reporter-output>
          </reporter-output>
        </test-method> <!-- takeScreenshotOnFailure -->
        <test-method signature="testMultiAssetCategory(java.util.Map)[pri:16, instance:com.test.Disposition_masterModule.AllScenarios_Disposition_masterModule@3a52dba3]" started-at="2024-11-29T00:18:11 IST" name="testMultiAssetCategory" data-provider="TestData" finished-at="2024-11-29T00:18:14 IST" duration-ms="3422" status="PASS">
          <params>
            <param index="0">
              <value>
                <![CDATA[{ActionOwner=Call Centre, ActionOwners=Call Centre | Collection Agency | Internal User, AssetCategories=NPA Category | SMA Category, AssetCategory=NPA Category, Name=Jancy, project=Beacon FCM, Run=Yes, TestScenario=Disposition_master}]]>
              </value>
            </param>
          </params>
          <reporter-output>
          </reporter-output>
        </test-method> <!-- testMultiAssetCategory -->
        <test-method is-config="true" signature="takeScreenshotOnFailure(org.testng.ITestResult)[pri:0, instance:com.test.Disposition_masterModule.AllScenarios_Disposition_masterModule@3a52dba3]" started-at="2024-11-29T00:18:14 IST" name="takeScreenshotOnFailure" finished-at="2024-11-29T00:18:14 IST" duration-ms="128" status="PASS">
          <params>
            <param index="0">
              <value>
                <![CDATA[[TestResult name=testMultiAssetCategory status=SUCCESS method=AllScenarios_Disposition_masterModule.testMultiAssetCategory(java.util.Map)[pri:16, instance:com.test.Disposition_masterModule.AllScenarios_Disposition_masterModule@3a52dba3] output={null}]]]>
              </value>
            </param>
          </params>
          <reporter-output>
          </reporter-output>
        </test-method> <!-- takeScreenshotOnFailure -->
        <test-method signature="testSelectAllFunctionality()[pri:17, instance:com.test.Disposition_masterModule.AllScenarios_Disposition_masterModule@3a52dba3]" started-at="2024-11-29T00:18:14 IST" name="testSelectAllFunctionality" finished-at="2024-11-29T00:18:22 IST" duration-ms="8006" status="PASS">
          <reporter-output>
          </reporter-output>
        </test-method> <!-- testSelectAllFunctionality -->
        <test-method is-config="true" signature="takeScreenshotOnFailure(org.testng.ITestResult)[pri:0, instance:com.test.Disposition_masterModule.AllScenarios_Disposition_masterModule@3a52dba3]" started-at="2024-11-29T00:18:22 IST" name="takeScreenshotOnFailure" finished-at="2024-11-29T00:18:22 IST" duration-ms="108" status="PASS">
          <params>
            <param index="0">
              <value>
                <![CDATA[[TestResult name=testSelectAllFunctionality status=SUCCESS method=AllScenarios_Disposition_masterModule.testSelectAllFunctionality()[pri:17, instance:com.test.Disposition_masterModule.AllScenarios_Disposition_masterModule@3a52dba3] output={null}]]]>
              </value>
            </param>
          </params>
          <reporter-output>
          </reporter-output>
        </test-method> <!-- takeScreenshotOnFailure -->
        <test-method signature="testDeselectAllOptions()[pri:18, instance:com.test.Disposition_masterModule.AllScenarios_Disposition_masterModule@3a52dba3]" started-at="2024-11-29T00:18:22 IST" name="testDeselectAllOptions" finished-at="2024-11-29T00:18:25 IST" duration-ms="3100" status="PASS">
          <reporter-output>
          </reporter-output>
        </test-method> <!-- testDeselectAllOptions -->
        <test-method is-config="true" signature="takeScreenshotOnFailure(org.testng.ITestResult)[pri:0, instance:com.test.Disposition_masterModule.AllScenarios_Disposition_masterModule@3a52dba3]" started-at="2024-11-29T00:18:25 IST" name="takeScreenshotOnFailure" finished-at="2024-11-29T00:18:26 IST" duration-ms="100" status="PASS">
          <params>
            <param index="0">
              <value>
                <![CDATA[[TestResult name=testDeselectAllOptions status=SUCCESS method=AllScenarios_Disposition_masterModule.testDeselectAllOptions()[pri:18, instance:com.test.Disposition_masterModule.AllScenarios_Disposition_masterModule@3a52dba3] output={null}]]]>
              </value>
            </param>
          </params>
          <reporter-output>
          </reporter-output>
        </test-method> <!-- takeScreenshotOnFailure -->
        <test-method is-config="true" signature="afterEachTest()[pri:0, instance:com.test.Disposition_masterModule.AllScenarios_Disposition_masterModule@3a52dba3]" started-at="2024-11-29T00:18:26 IST" name="afterEachTest" finished-at="2024-11-29T00:18:26 IST" duration-ms="415" status="PASS">
          <reporter-output>
          </reporter-output>
        </test-method> <!-- afterEachTest -->
      </class> <!-- com.test.Disposition_masterModule.AllScenarios_Disposition_masterModule -->
    </test> <!-- Default test -->
  </suite> <!-- Default suite -->
</testng-results>
