<?xml version="1.0" encoding="UTF-8"?>
<testng-results ignored="0" total="45" passed="43" failed="2" skipped="0">
  <reporter-output>
  </reporter-output>
  <suite started-at="2024-12-09T22:46:07 IST" name="Default suite" finished-at="2024-12-09T22:58:51 IST" duration-ms="764176">
    <groups>
    </groups>
    <test started-at="2024-12-09T22:46:07 IST" name="Default test" finished-at="2024-12-09T22:58:51 IST" duration-ms="764176">
      <class name="com.test.Disposition_masterModule.AllScenarios_Disposition_masterModule">
        <test-method is-config="true" signature="SetUp()[pri:0, instance:com.test.Disposition_masterModule.AllScenarios_Disposition_masterModule@70325e14]" started-at="2024-12-09T22:43:46 IST" name="SetUp" finished-at="2024-12-09T22:46:07 IST" duration-ms="140967" status="PASS">
          <reporter-output>
          </reporter-output>
        </test-method> <!-- SetUp -->
        <test-method is-config="true" signature="setupTest(java.lang.reflect.Method)[pri:0, instance:com.test.Disposition_masterModule.AllScenarios_Disposition_masterModule@70325e14]" started-at="2024-12-09T22:46:07 IST" name="setupTest" finished-at="2024-12-09T22:46:08 IST" duration-ms="237" status="PASS">
          <params>
            <param index="0">
              <value>
                <![CDATA[public void com.test.Disposition_masterModule.AllScenarios_Disposition_masterModule.Verify_Disposition_Master_Navigation() throws java.lang.InterruptedException]]>
              </value>
            </param>
          </params>
          <reporter-output>
          </reporter-output>
        </test-method> <!-- setupTest -->
        <test-method signature="Verify_Disposition_Master_Navigation()[pri:1, instance:com.test.Disposition_masterModule.AllScenarios_Disposition_masterModule@70325e14]" started-at="2024-12-09T22:46:08 IST" name="Verify_Disposition_Master_Navigation" finished-at="2024-12-09T22:46:14 IST" duration-ms="6705" status="PASS">
          <reporter-output>
          </reporter-output>
        </test-method> <!-- Verify_Disposition_Master_Navigation -->
        <test-method is-config="true" signature="takeScreenshotOnFailure(org.testng.ITestResult)[pri:0, instance:com.test.Disposition_masterModule.AllScenarios_Disposition_masterModule@70325e14]" started-at="2024-12-09T22:46:14 IST" name="takeScreenshotOnFailure" finished-at="2024-12-09T22:46:14 IST" duration-ms="2" status="PASS">
          <params>
            <param index="0">
              <value>
                <![CDATA[[TestResult name=Verify_Disposition_Master_Navigation status=SUCCESS method=AllScenarios_Disposition_masterModule.Verify_Disposition_Master_Navigation()[pri:1, instance:com.test.Disposition_masterModule.AllScenarios_Disposition_masterModule@70325e14] output={null}]]]>
              </value>
            </param>
          </params>
          <reporter-output>
          </reporter-output>
        </test-method> <!-- takeScreenshotOnFailure -->
        <test-method is-config="true" signature="setupTest(java.lang.reflect.Method)[pri:0, instance:com.test.Disposition_masterModule.AllScenarios_Disposition_masterModule@70325e14]" started-at="2024-12-09T22:46:14 IST" name="setupTest" finished-at="2024-12-09T22:46:14 IST" duration-ms="2" status="PASS">
          <params>
            <param index="0">
              <value>
                <![CDATA[public void com.test.Disposition_masterModule.AllScenarios_Disposition_masterModule.Verify_Initial_Load_of_Active_Dispositions() throws java.lang.InterruptedException]]>
              </value>
            </param>
          </params>
          <reporter-output>
          </reporter-output>
        </test-method> <!-- setupTest -->
        <test-method signature="Verify_Initial_Load_of_Active_Dispositions()[pri:2, instance:com.test.Disposition_masterModule.AllScenarios_Disposition_masterModule@70325e14]" started-at="2024-12-09T22:46:14 IST" name="Verify_Initial_Load_of_Active_Dispositions" finished-at="2024-12-09T22:46:47 IST" duration-ms="33175" status="PASS">
          <reporter-output>
          </reporter-output>
        </test-method> <!-- Verify_Initial_Load_of_Active_Dispositions -->
        <test-method is-config="true" signature="takeScreenshotOnFailure(org.testng.ITestResult)[pri:0, instance:com.test.Disposition_masterModule.AllScenarios_Disposition_masterModule@70325e14]" started-at="2024-12-09T22:46:47 IST" name="takeScreenshotOnFailure" finished-at="2024-12-09T22:46:47 IST" duration-ms="0" status="PASS">
          <params>
            <param index="0">
              <value>
                <![CDATA[[TestResult name=Verify_Initial_Load_of_Active_Dispositions status=SUCCESS method=AllScenarios_Disposition_masterModule.Verify_Initial_Load_of_Active_Dispositions()[pri:2, instance:com.test.Disposition_masterModule.AllScenarios_Disposition_masterModule@70325e14] output={null}]]]>
              </value>
            </param>
          </params>
          <reporter-output>
          </reporter-output>
        </test-method> <!-- takeScreenshotOnFailure -->
        <test-method is-config="true" signature="setupTest(java.lang.reflect.Method)[pri:0, instance:com.test.Disposition_masterModule.AllScenarios_Disposition_masterModule@70325e14]" started-at="2024-12-09T22:46:47 IST" name="setupTest" finished-at="2024-12-09T22:46:47 IST" duration-ms="1" status="PASS">
          <params>
            <param index="0">
              <value>
                <![CDATA[public void com.test.Disposition_masterModule.AllScenarios_Disposition_masterModule.Action_Owner_Dropdown_Selections() throws java.io.IOException,java.lang.InterruptedException]]>
              </value>
            </param>
          </params>
          <reporter-output>
          </reporter-output>
        </test-method> <!-- setupTest -->
        <test-method signature="Action_Owner_Dropdown_Selections()[pri:3, instance:com.test.Disposition_masterModule.AllScenarios_Disposition_masterModule@70325e14]" started-at="2024-12-09T22:46:47 IST" name="Action_Owner_Dropdown_Selections" finished-at="2024-12-09T22:46:51 IST" duration-ms="3677" status="PASS">
          <reporter-output>
          </reporter-output>
        </test-method> <!-- Action_Owner_Dropdown_Selections -->
        <test-method is-config="true" signature="takeScreenshotOnFailure(org.testng.ITestResult)[pri:0, instance:com.test.Disposition_masterModule.AllScenarios_Disposition_masterModule@70325e14]" started-at="2024-12-09T22:46:51 IST" name="takeScreenshotOnFailure" finished-at="2024-12-09T22:46:51 IST" duration-ms="1" status="PASS">
          <params>
            <param index="0">
              <value>
                <![CDATA[[TestResult name=Action_Owner_Dropdown_Selections status=SUCCESS method=AllScenarios_Disposition_masterModule.Action_Owner_Dropdown_Selections()[pri:3, instance:com.test.Disposition_masterModule.AllScenarios_Disposition_masterModule@70325e14] output={null}]]]>
              </value>
            </param>
          </params>
          <reporter-output>
          </reporter-output>
        </test-method> <!-- takeScreenshotOnFailure -->
        <test-method is-config="true" signature="setupTest(java.lang.reflect.Method)[pri:0, instance:com.test.Disposition_masterModule.AllScenarios_Disposition_masterModule@70325e14]" started-at="2024-12-09T22:46:51 IST" name="setupTest" finished-at="2024-12-09T22:46:51 IST" duration-ms="2" status="PASS">
          <params>
            <param index="0">
              <value>
                <![CDATA[public void com.test.Disposition_masterModule.AllScenarios_Disposition_masterModule.Verify_Is_Active_Checkbox_Default_State() throws java.lang.InterruptedException]]>
              </value>
            </param>
          </params>
          <reporter-output>
          </reporter-output>
        </test-method> <!-- setupTest -->
        <test-method signature="Verify_Is_Active_Checkbox_Default_State()[pri:4, instance:com.test.Disposition_masterModule.AllScenarios_Disposition_masterModule@70325e14]" started-at="2024-12-09T22:46:51 IST" name="Verify_Is_Active_Checkbox_Default_State" finished-at="2024-12-09T22:46:54 IST" duration-ms="3118" status="PASS">
          <reporter-output>
          </reporter-output>
        </test-method> <!-- Verify_Is_Active_Checkbox_Default_State -->
        <test-method is-config="true" signature="takeScreenshotOnFailure(org.testng.ITestResult)[pri:0, instance:com.test.Disposition_masterModule.AllScenarios_Disposition_masterModule@70325e14]" started-at="2024-12-09T22:46:54 IST" name="takeScreenshotOnFailure" finished-at="2024-12-09T22:46:54 IST" duration-ms="1" status="PASS">
          <params>
            <param index="0">
              <value>
                <![CDATA[[TestResult name=Verify_Is_Active_Checkbox_Default_State status=SUCCESS method=AllScenarios_Disposition_masterModule.Verify_Is_Active_Checkbox_Default_State()[pri:4, instance:com.test.Disposition_masterModule.AllScenarios_Disposition_masterModule@70325e14] output={null}]]]>
              </value>
            </param>
          </params>
          <reporter-output>
          </reporter-output>
        </test-method> <!-- takeScreenshotOnFailure -->
        <test-method is-config="true" signature="setupTest(java.lang.reflect.Method)[pri:0, instance:com.test.Disposition_masterModule.AllScenarios_Disposition_masterModule@70325e14]" started-at="2024-12-09T22:46:54 IST" name="setupTest" finished-at="2024-12-09T22:46:54 IST" duration-ms="1" status="PASS">
          <params>
            <param index="0">
              <value>
                <![CDATA[public void com.test.Disposition_masterModule.AllScenarios_Disposition_masterModule.Verify_Action_Column_Options() throws java.lang.InterruptedException]]>
              </value>
            </param>
          </params>
          <reporter-output>
          </reporter-output>
        </test-method> <!-- setupTest -->
        <test-method signature="Verify_Action_Column_Options()[pri:5, instance:com.test.Disposition_masterModule.AllScenarios_Disposition_masterModule@70325e14]" started-at="2024-12-09T22:46:54 IST" name="Verify_Action_Column_Options" finished-at="2024-12-09T22:46:58 IST" duration-ms="3330" status="PASS">
          <reporter-output>
          </reporter-output>
        </test-method> <!-- Verify_Action_Column_Options -->
        <test-method is-config="true" signature="takeScreenshotOnFailure(org.testng.ITestResult)[pri:0, instance:com.test.Disposition_masterModule.AllScenarios_Disposition_masterModule@70325e14]" started-at="2024-12-09T22:46:58 IST" name="takeScreenshotOnFailure" finished-at="2024-12-09T22:46:58 IST" duration-ms="1" status="PASS">
          <params>
            <param index="0">
              <value>
                <![CDATA[[TestResult name=Verify_Action_Column_Options status=SUCCESS method=AllScenarios_Disposition_masterModule.Verify_Action_Column_Options()[pri:5, instance:com.test.Disposition_masterModule.AllScenarios_Disposition_masterModule@70325e14] output={null}]]]>
              </value>
            </param>
          </params>
          <reporter-output>
          </reporter-output>
        </test-method> <!-- takeScreenshotOnFailure -->
        <test-method is-config="true" signature="setupTest(java.lang.reflect.Method)[pri:0, instance:com.test.Disposition_masterModule.AllScenarios_Disposition_masterModule@70325e14]" started-at="2024-12-09T22:46:58 IST" name="setupTest" finished-at="2024-12-09T22:46:58 IST" duration-ms="1" status="PASS">
          <params>
            <param index="0">
              <value>
                <![CDATA[public void com.test.Disposition_masterModule.AllScenarios_Disposition_masterModule.Verify_Status_Column_Appearance() throws java.lang.InterruptedException]]>
              </value>
            </param>
          </params>
          <reporter-output>
          </reporter-output>
        </test-method> <!-- setupTest -->
        <test-method signature="Verify_Status_Column_Appearance()[pri:6, instance:com.test.Disposition_masterModule.AllScenarios_Disposition_masterModule@70325e14]" started-at="2024-12-09T22:46:58 IST" name="Verify_Status_Column_Appearance" finished-at="2024-12-09T22:47:01 IST" duration-ms="3254" status="PASS">
          <reporter-output>
          </reporter-output>
        </test-method> <!-- Verify_Status_Column_Appearance -->
        <test-method is-config="true" signature="takeScreenshotOnFailure(org.testng.ITestResult)[pri:0, instance:com.test.Disposition_masterModule.AllScenarios_Disposition_masterModule@70325e14]" started-at="2024-12-09T22:47:01 IST" name="takeScreenshotOnFailure" finished-at="2024-12-09T22:47:01 IST" duration-ms="2" status="PASS">
          <params>
            <param index="0">
              <value>
                <![CDATA[[TestResult name=Verify_Status_Column_Appearance status=SUCCESS method=AllScenarios_Disposition_masterModule.Verify_Status_Column_Appearance()[pri:6, instance:com.test.Disposition_masterModule.AllScenarios_Disposition_masterModule@70325e14] output={null}]]]>
              </value>
            </param>
          </params>
          <reporter-output>
          </reporter-output>
        </test-method> <!-- takeScreenshotOnFailure -->
        <test-method is-config="true" signature="setupTest(java.lang.reflect.Method)[pri:0, instance:com.test.Disposition_masterModule.AllScenarios_Disposition_masterModule@70325e14]" started-at="2024-12-09T22:47:01 IST" name="setupTest" finished-at="2024-12-09T22:47:01 IST" duration-ms="1" status="PASS">
          <params>
            <param index="0">
              <value>
                <![CDATA[public void com.test.Disposition_masterModule.AllScenarios_Disposition_masterModule.Validate_Pagination__Initial_Load() throws java.lang.InterruptedException]]>
              </value>
            </param>
          </params>
          <reporter-output>
          </reporter-output>
        </test-method> <!-- setupTest -->
        <test-method signature="Validate_Pagination__Initial_Load()[pri:7, instance:com.test.Disposition_masterModule.AllScenarios_Disposition_masterModule@70325e14]" started-at="2024-12-09T22:47:01 IST" name="Validate_Pagination__Initial_Load" finished-at="2024-12-09T22:47:04 IST" duration-ms="3344" status="PASS">
          <reporter-output>
          </reporter-output>
        </test-method> <!-- Validate_Pagination__Initial_Load -->
        <test-method is-config="true" signature="takeScreenshotOnFailure(org.testng.ITestResult)[pri:0, instance:com.test.Disposition_masterModule.AllScenarios_Disposition_masterModule@70325e14]" started-at="2024-12-09T22:47:04 IST" name="takeScreenshotOnFailure" finished-at="2024-12-09T22:47:04 IST" duration-ms="1" status="PASS">
          <params>
            <param index="0">
              <value>
                <![CDATA[[TestResult name=Validate_Pagination__Initial_Load status=SUCCESS method=AllScenarios_Disposition_masterModule.Validate_Pagination__Initial_Load()[pri:7, instance:com.test.Disposition_masterModule.AllScenarios_Disposition_masterModule@70325e14] output={null}]]]>
              </value>
            </param>
          </params>
          <reporter-output>
          </reporter-output>
        </test-method> <!-- takeScreenshotOnFailure -->
        <test-method is-config="true" signature="setupTest(java.lang.reflect.Method)[pri:0, instance:com.test.Disposition_masterModule.AllScenarios_Disposition_masterModule@70325e14]" started-at="2024-12-09T22:47:04 IST" name="setupTest" finished-at="2024-12-09T22:47:04 IST" duration-ms="2" status="PASS">
          <params>
            <param index="0">
              <value>
                <![CDATA[public void com.test.Disposition_masterModule.AllScenarios_Disposition_masterModule.Validate_Next_Button() throws java.lang.InterruptedException]]>
              </value>
            </param>
          </params>
          <reporter-output>
          </reporter-output>
        </test-method> <!-- setupTest -->
        <test-method signature="Validate_Next_Button()[pri:8, instance:com.test.Disposition_masterModule.AllScenarios_Disposition_masterModule@70325e14]" started-at="2024-12-09T22:47:04 IST" name="Validate_Next_Button" finished-at="2024-12-09T22:47:29 IST" duration-ms="25168" status="PASS">
          <reporter-output>
          </reporter-output>
        </test-method> <!-- Validate_Next_Button -->
        <test-method is-config="true" signature="takeScreenshotOnFailure(org.testng.ITestResult)[pri:0, instance:com.test.Disposition_masterModule.AllScenarios_Disposition_masterModule@70325e14]" started-at="2024-12-09T22:47:29 IST" name="takeScreenshotOnFailure" finished-at="2024-12-09T22:47:29 IST" duration-ms="1" status="PASS">
          <params>
            <param index="0">
              <value>
                <![CDATA[[TestResult name=Validate_Next_Button status=SUCCESS method=AllScenarios_Disposition_masterModule.Validate_Next_Button()[pri:8, instance:com.test.Disposition_masterModule.AllScenarios_Disposition_masterModule@70325e14] output={null}]]]>
              </value>
            </param>
          </params>
          <reporter-output>
          </reporter-output>
        </test-method> <!-- takeScreenshotOnFailure -->
        <test-method is-config="true" signature="setupTest(java.lang.reflect.Method)[pri:0, instance:com.test.Disposition_masterModule.AllScenarios_Disposition_masterModule@70325e14]" started-at="2024-12-09T22:47:29 IST" name="setupTest" finished-at="2024-12-09T22:47:29 IST" duration-ms="1" status="PASS">
          <params>
            <param index="0">
              <value>
                <![CDATA[public void com.test.Disposition_masterModule.AllScenarios_Disposition_masterModule.Validate_Previous_Button() throws java.lang.InterruptedException]]>
              </value>
            </param>
          </params>
          <reporter-output>
          </reporter-output>
        </test-method> <!-- setupTest -->
        <test-method signature="Validate_Previous_Button()[pri:9, instance:com.test.Disposition_masterModule.AllScenarios_Disposition_masterModule@70325e14]" started-at="2024-12-09T22:47:29 IST" name="Validate_Previous_Button" finished-at="2024-12-09T22:47:44 IST" duration-ms="14560" status="PASS">
          <reporter-output>
          </reporter-output>
        </test-method> <!-- Validate_Previous_Button -->
        <test-method is-config="true" signature="takeScreenshotOnFailure(org.testng.ITestResult)[pri:0, instance:com.test.Disposition_masterModule.AllScenarios_Disposition_masterModule@70325e14]" started-at="2024-12-09T22:47:44 IST" name="takeScreenshotOnFailure" finished-at="2024-12-09T22:47:44 IST" duration-ms="1" status="PASS">
          <params>
            <param index="0">
              <value>
                <![CDATA[[TestResult name=Validate_Previous_Button status=SUCCESS method=AllScenarios_Disposition_masterModule.Validate_Previous_Button()[pri:9, instance:com.test.Disposition_masterModule.AllScenarios_Disposition_masterModule@70325e14] output={null}]]]>
              </value>
            </param>
          </params>
          <reporter-output>
          </reporter-output>
        </test-method> <!-- takeScreenshotOnFailure -->
        <test-method is-config="true" signature="setupTest(java.lang.reflect.Method)[pri:0, instance:com.test.Disposition_masterModule.AllScenarios_Disposition_masterModule@70325e14]" started-at="2024-12-09T22:47:44 IST" name="setupTest" finished-at="2024-12-09T22:47:44 IST" duration-ms="1" status="PASS">
          <params>
            <param index="0">
              <value>
                <![CDATA[public void com.test.Disposition_masterModule.AllScenarios_Disposition_masterModule.Validate_Button__Jump_to_Last_Page() throws java.lang.InterruptedException]]>
              </value>
            </param>
          </params>
          <reporter-output>
          </reporter-output>
        </test-method> <!-- setupTest -->
        <test-method signature="Validate_Button__Jump_to_Last_Page()[pri:10, instance:com.test.Disposition_masterModule.AllScenarios_Disposition_masterModule@70325e14]" started-at="2024-12-09T22:47:44 IST" name="Validate_Button__Jump_to_Last_Page" finished-at="2024-12-09T22:48:02 IST" duration-ms="18205" status="PASS">
          <reporter-output>
          </reporter-output>
        </test-method> <!-- Validate_Button__Jump_to_Last_Page -->
        <test-method is-config="true" signature="takeScreenshotOnFailure(org.testng.ITestResult)[pri:0, instance:com.test.Disposition_masterModule.AllScenarios_Disposition_masterModule@70325e14]" started-at="2024-12-09T22:48:02 IST" name="takeScreenshotOnFailure" finished-at="2024-12-09T22:48:02 IST" duration-ms="1" status="PASS">
          <params>
            <param index="0">
              <value>
                <![CDATA[[TestResult name=Validate_Button__Jump_to_Last_Page status=SUCCESS method=AllScenarios_Disposition_masterModule.Validate_Button__Jump_to_Last_Page()[pri:10, instance:com.test.Disposition_masterModule.AllScenarios_Disposition_masterModule@70325e14] output={null}]]]>
              </value>
            </param>
          </params>
          <reporter-output>
          </reporter-output>
        </test-method> <!-- takeScreenshotOnFailure -->
        <test-method is-config="true" signature="setupTest(java.lang.reflect.Method)[pri:0, instance:com.test.Disposition_masterModule.AllScenarios_Disposition_masterModule@70325e14]" started-at="2024-12-09T22:48:02 IST" name="setupTest" finished-at="2024-12-09T22:48:02 IST" duration-ms="1" status="PASS">
          <params>
            <param index="0">
              <value>
                <![CDATA[public void com.test.Disposition_masterModule.AllScenarios_Disposition_masterModule.Validate_Button__Jump_to_First_Page() throws java.lang.InterruptedException]]>
              </value>
            </param>
          </params>
          <reporter-output>
          </reporter-output>
        </test-method> <!-- setupTest -->
        <test-method signature="Validate_Button__Jump_to_First_Page()[pri:11, instance:com.test.Disposition_masterModule.AllScenarios_Disposition_masterModule@70325e14]" started-at="2024-12-09T22:48:02 IST" name="Validate_Button__Jump_to_First_Page" finished-at="2024-12-09T22:48:22 IST" duration-ms="19796" status="PASS">
          <reporter-output>
          </reporter-output>
        </test-method> <!-- Validate_Button__Jump_to_First_Page -->
        <test-method is-config="true" signature="takeScreenshotOnFailure(org.testng.ITestResult)[pri:0, instance:com.test.Disposition_masterModule.AllScenarios_Disposition_masterModule@70325e14]" started-at="2024-12-09T22:48:22 IST" name="takeScreenshotOnFailure" finished-at="2024-12-09T22:48:22 IST" duration-ms="1" status="PASS">
          <params>
            <param index="0">
              <value>
                <![CDATA[[TestResult name=Validate_Button__Jump_to_First_Page status=SUCCESS method=AllScenarios_Disposition_masterModule.Validate_Button__Jump_to_First_Page()[pri:11, instance:com.test.Disposition_masterModule.AllScenarios_Disposition_masterModule@70325e14] output={null}]]]>
              </value>
            </param>
          </params>
          <reporter-output>
          </reporter-output>
        </test-method> <!-- takeScreenshotOnFailure -->
        <test-method is-config="true" signature="setupTest(java.lang.reflect.Method)[pri:0, instance:com.test.Disposition_masterModule.AllScenarios_Disposition_masterModule@70325e14]" started-at="2024-12-09T22:48:22 IST" name="setupTest" finished-at="2024-12-09T22:48:22 IST" duration-ms="1" status="PASS">
          <params>
            <param index="0">
              <value>
                <![CDATA[public void com.test.Disposition_masterModule.AllScenarios_Disposition_masterModule.Open_Add_Disposition_Form() throws java.lang.InterruptedException]]>
              </value>
            </param>
          </params>
          <reporter-output>
          </reporter-output>
        </test-method> <!-- setupTest -->
        <test-method signature="Open_Add_Disposition_Form()[pri:12, instance:com.test.Disposition_masterModule.AllScenarios_Disposition_masterModule@70325e14]" started-at="2024-12-09T22:48:22 IST" name="Open_Add_Disposition_Form" finished-at="2024-12-09T22:48:25 IST" duration-ms="3457" status="PASS">
          <reporter-output>
          </reporter-output>
        </test-method> <!-- Open_Add_Disposition_Form -->
        <test-method is-config="true" signature="takeScreenshotOnFailure(org.testng.ITestResult)[pri:0, instance:com.test.Disposition_masterModule.AllScenarios_Disposition_masterModule@70325e14]" started-at="2024-12-09T22:48:25 IST" name="takeScreenshotOnFailure" finished-at="2024-12-09T22:48:25 IST" duration-ms="3" status="PASS">
          <params>
            <param index="0">
              <value>
                <![CDATA[[TestResult name=Open_Add_Disposition_Form status=SUCCESS method=AllScenarios_Disposition_masterModule.Open_Add_Disposition_Form()[pri:12, instance:com.test.Disposition_masterModule.AllScenarios_Disposition_masterModule@70325e14] output={null}]]]>
              </value>
            </param>
          </params>
          <reporter-output>
          </reporter-output>
        </test-method> <!-- takeScreenshotOnFailure -->
        <test-method is-config="true" signature="setupTest(java.lang.reflect.Method)[pri:0, instance:com.test.Disposition_masterModule.AllScenarios_Disposition_masterModule@70325e14]" started-at="2024-12-09T22:48:25 IST" name="setupTest" finished-at="2024-12-09T22:48:25 IST" duration-ms="2" status="PASS">
          <params>
            <param index="0">
              <value>
                <![CDATA[public void com.test.Disposition_masterModule.AllScenarios_Disposition_masterModule.Close_Add_Disposition_Form() throws java.lang.InterruptedException]]>
              </value>
            </param>
          </params>
          <reporter-output>
          </reporter-output>
        </test-method> <!-- setupTest -->
        <test-method signature="Close_Add_Disposition_Form()[pri:13, instance:com.test.Disposition_masterModule.AllScenarios_Disposition_masterModule@70325e14]" started-at="2024-12-09T22:48:25 IST" name="Close_Add_Disposition_Form" finished-at="2024-12-09T22:48:32 IST" duration-ms="6301" status="PASS">
          <reporter-output>
          </reporter-output>
        </test-method> <!-- Close_Add_Disposition_Form -->
        <test-method is-config="true" signature="takeScreenshotOnFailure(org.testng.ITestResult)[pri:0, instance:com.test.Disposition_masterModule.AllScenarios_Disposition_masterModule@70325e14]" started-at="2024-12-09T22:48:32 IST" name="takeScreenshotOnFailure" finished-at="2024-12-09T22:48:32 IST" duration-ms="1" status="PASS">
          <params>
            <param index="0">
              <value>
                <![CDATA[[TestResult name=Close_Add_Disposition_Form status=SUCCESS method=AllScenarios_Disposition_masterModule.Close_Add_Disposition_Form()[pri:13, instance:com.test.Disposition_masterModule.AllScenarios_Disposition_masterModule@70325e14] output={null}]]]>
              </value>
            </param>
          </params>
          <reporter-output>
          </reporter-output>
        </test-method> <!-- takeScreenshotOnFailure -->
        <test-method is-config="true" signature="setupTest(java.lang.reflect.Method)[pri:0, instance:com.test.Disposition_masterModule.AllScenarios_Disposition_masterModule@70325e14]" started-at="2024-12-09T22:48:33 IST" name="setupTest" finished-at="2024-12-09T22:48:33 IST" duration-ms="1" status="PASS">
          <params>
            <param index="0">
              <value>
                <![CDATA[public void com.test.Disposition_masterModule.AllScenarios_Disposition_masterModule.Add_Disposition__Submit_with_All_Fields_Valid(java.util.Map) throws java.lang.InterruptedException]]>
              </value>
            </param>
          </params>
          <reporter-output>
          </reporter-output>
        </test-method> <!-- setupTest -->
        <test-method signature="Add_Disposition__Submit_with_All_Fields_Valid(java.util.Map)[pri:14, instance:com.test.Disposition_masterModule.AllScenarios_Disposition_masterModule@70325e14]" started-at="2024-12-09T22:48:33 IST" name="Add_Disposition__Submit_with_All_Fields_Valid" data-provider="TestData" finished-at="2024-12-09T22:49:40 IST" duration-ms="66602" status="FAIL">
          <params>
            <param index="0">
              <value>
                <![CDATA[{ActionOwner=Internal User, ActionOwnerforsubdisposition=Call Centre, ActionOwners=Internal User | Collection Agency | Call Centre, ActionOwnerSearch=Call Centre, ActionOwnerUpdate=Call Centre, ActiveActionOwnerforsubdispositionSearch=Call Centre, ActiveDisposistionforsubdispositionSearch=Aaron, AssetCategories=NPA Category | SMA Category, AssetCategory=NPA Category, AssetCategoryUpdate=SMA Category, DeactivatedActionOwnerforsubdispositionSearch=Call Centre, DeactivatedDisposistionforsubdispositionSearch=Aaron, Disposistionforsubdisposition=Aaron, ExistingName=Irfan, ExistingNameforsubdisposition=abc, Name=Zephyr4, Nameforsubdisposition=Kael4, NameUpdate=Orion4, project=Beacon FCM, Run=Yes, TestScenario=Disposition_master, UpdateExistingName=Liora4, UpdateExistingNameofsubdispositiontoNew=Nyx4}]]>
              </value>
            </param>
          </params>
          <exception class="org.openqa.selenium.TimeoutException">
            <message>
              <![CDATA[Expected condition failed: waiting for visibility of element located by By.xpath: //div[@class='rz-growl-item']//div//span[contains(text(),'Success ')] (tried for 60 second(s) with 500 milliseconds interval)
Build info: version: '4.13.0', revision: 'ba948ece5b*'
System info: os.name: 'Windows 11', os.arch: 'amd64', os.version: '10.0', java.version: '23.0.1'
Driver info: org.openqa.selenium.chrome.ChromeDriver
Capabilities {acceptInsecureCerts: false, browserName: chrome, browserVersion: 131.0.6778.109, chrome: {chromedriverVersion: 131.0.6778.87 (ce31cae94873..., userDataDir: C:\Users\PINKU~1.PET\AppDat...}, fedcm:accounts: true, goog:chromeOptions: {debuggerAddress: localhost:57807}, networkConnectionEnabled: false, pageLoadStrategy: normal, platformName: windows, proxy: Proxy(), se:cdp: ws://localhost:57807/devtoo..., se:cdpVersion: 131.0.6778.109, setWindowRect: true, strictFileInteractability: false, timeouts: {implicit: 0, pageLoad: 300000, script: 30000}, unhandledPromptBehavior: dismiss and notify, webauthn:extension:credBlob: true, webauthn:extension:largeBlob: true, webauthn:extension:minPinLength: true, webauthn:extension:prf: true, webauthn:virtualAuthenticators: true}
Session ID: 85c645ddb18de1a97a4d9ac6582a64d9]]>
            </message>
            <full-stacktrace>
              <![CDATA[org.openqa.selenium.TimeoutException: Expected condition failed: waiting for visibility of element located by By.xpath: //div[@class='rz-growl-item']//div//span[contains(text(),'Success ')] (tried for 60 second(s) with 500 milliseconds interval)
Build info: version: '4.13.0', revision: 'ba948ece5b*'
System info: os.name: 'Windows 11', os.arch: 'amd64', os.version: '10.0', java.version: '23.0.1'
Driver info: org.openqa.selenium.chrome.ChromeDriver
Capabilities {acceptInsecureCerts: false, browserName: chrome, browserVersion: 131.0.6778.109, chrome: {chromedriverVersion: 131.0.6778.87 (ce31cae94873..., userDataDir: C:\Users\PINKU~1.PET\AppDat...}, fedcm:accounts: true, goog:chromeOptions: {debuggerAddress: localhost:57807}, networkConnectionEnabled: false, pageLoadStrategy: normal, platformName: windows, proxy: Proxy(), se:cdp: ws://localhost:57807/devtoo..., se:cdpVersion: 131.0.6778.109, setWindowRect: true, strictFileInteractability: false, timeouts: {implicit: 0, pageLoad: 300000, script: 30000}, unhandledPromptBehavior: dismiss and notify, webauthn:extension:credBlob: true, webauthn:extension:largeBlob: true, webauthn:extension:minPinLength: true, webauthn:extension:prf: true, webauthn:virtualAuthenticators: true}
Session ID: 85c645ddb18de1a97a4d9ac6582a64d9
at org.openqa.selenium.support.ui.WebDriverWait.timeoutException(WebDriverWait.java:84)
at org.openqa.selenium.support.ui.FluentWait.until(FluentWait.java:230)
at com.test.Disposition_masterModule.AllScenarios_Disposition_masterModule.Add_Disposition__Submit_with_All_Fields_Valid(AllScenarios_Disposition_masterModule.java:424)
at java.base/jdk.internal.reflect.DirectMethodHandleAccessor.invoke(DirectMethodHandleAccessor.java:103)
at java.base/java.lang.reflect.Method.invoke(Method.java:580)
at org.testng.internal.MethodInvocationHelper.invokeMethod(MethodInvocationHelper.java:133)
at org.testng.internal.TestInvoker.invokeMethod(TestInvoker.java:598)
at org.testng.internal.TestInvoker.invokeTestMethod(TestInvoker.java:173)
at org.testng.internal.MethodRunner.runInSequence(MethodRunner.java:46)
at org.testng.internal.TestInvoker$MethodInvocationAgent.invoke(TestInvoker.java:824)
at org.testng.internal.TestInvoker.invokeTestMethods(TestInvoker.java:146)
at org.testng.internal.TestMethodWorker.invokeTestMethods(TestMethodWorker.java:146)
at org.testng.internal.TestMethodWorker.run(TestMethodWorker.java:128)
at java.base/java.util.ArrayList.forEach(ArrayList.java:1597)
at org.testng.TestRunner.privateRun(TestRunner.java:794)
at org.testng.TestRunner.run(TestRunner.java:596)
at org.testng.SuiteRunner.runTest(SuiteRunner.java:377)
at org.testng.SuiteRunner.runSequentially(SuiteRunner.java:371)
at org.testng.SuiteRunner.privateRun(SuiteRunner.java:332)
at org.testng.SuiteRunner.run(SuiteRunner.java:276)
at org.testng.SuiteRunnerWorker.runSuite(SuiteRunnerWorker.java:53)
at org.testng.SuiteRunnerWorker.run(SuiteRunnerWorker.java:96)
at org.testng.TestNG.runSuitesSequentially(TestNG.java:1212)
at org.testng.TestNG.runSuitesLocally(TestNG.java:1134)
at org.testng.TestNG.runSuites(TestNG.java:1063)
at org.testng.TestNG.run(TestNG.java:1031)
at org.testng.remote.AbstractRemoteTestNG.run(AbstractRemoteTestNG.java:115)
at org.testng.remote.RemoteTestNG.initAndRun(RemoteTestNG.java:293)
at org.testng.remote.RemoteTestNG.main(RemoteTestNG.java:91)
]]>
            </full-stacktrace>
          </exception> <!-- org.openqa.selenium.TimeoutException -->
          <reporter-output>
          </reporter-output>
        </test-method> <!-- Add_Disposition__Submit_with_All_Fields_Valid -->
        <test-method is-config="true" signature="takeScreenshotOnFailure(org.testng.ITestResult)[pri:0, instance:com.test.Disposition_masterModule.AllScenarios_Disposition_masterModule@70325e14]" started-at="2024-12-09T22:49:40 IST" name="takeScreenshotOnFailure" finished-at="2024-12-09T22:49:40 IST" duration-ms="167" status="PASS">
          <params>
            <param index="0">
              <value>
                <![CDATA[[TestResult name=Add_Disposition__Submit_with_All_Fields_Valid status=FAILURE method=AllScenarios_Disposition_masterModule.Add_Disposition__Submit_with_All_Fields_Valid(java.util.Map)[pri:14, instance:com.test.Disposition_masterModule.AllScenarios_Disposition_masterModule@70325e14] output={null}]]]>
              </value>
            </param>
          </params>
          <reporter-output>
          </reporter-output>
        </test-method> <!-- takeScreenshotOnFailure -->
        <test-method is-config="true" signature="setupTest(java.lang.reflect.Method)[pri:0, instance:com.test.Disposition_masterModule.AllScenarios_Disposition_masterModule@70325e14]" started-at="2024-12-09T22:49:40 IST" name="setupTest" finished-at="2024-12-09T22:49:40 IST" duration-ms="1" status="PASS">
          <params>
            <param index="0">
              <value>
                <![CDATA[public void com.test.Disposition_masterModule.AllScenarios_Disposition_masterModule.Test_Disposition_Grid_Visibility(java.util.Map) throws java.lang.InterruptedException]]>
              </value>
            </param>
          </params>
          <reporter-output>
          </reporter-output>
        </test-method> <!-- setupTest -->
        <test-method signature="Test_Disposition_Grid_Visibility(java.util.Map)[pri:15, instance:com.test.Disposition_masterModule.AllScenarios_Disposition_masterModule@70325e14]" started-at="2024-12-09T22:49:40 IST" name="Test_Disposition_Grid_Visibility" data-provider="TestData" finished-at="2024-12-09T22:49:43 IST" duration-ms="3285" status="PASS">
          <params>
            <param index="0">
              <value>
                <![CDATA[{ActionOwner=Internal User, ActionOwnerforsubdisposition=Call Centre, ActionOwners=Internal User | Collection Agency | Call Centre, ActionOwnerSearch=Call Centre, ActionOwnerUpdate=Call Centre, ActiveActionOwnerforsubdispositionSearch=Call Centre, ActiveDisposistionforsubdispositionSearch=Aaron, AssetCategories=NPA Category | SMA Category, AssetCategory=NPA Category, AssetCategoryUpdate=SMA Category, DeactivatedActionOwnerforsubdispositionSearch=Call Centre, DeactivatedDisposistionforsubdispositionSearch=Aaron, Disposistionforsubdisposition=Aaron, ExistingName=Irfan, ExistingNameforsubdisposition=abc, Name=Zephyr4, Nameforsubdisposition=Kael4, NameUpdate=Orion4, project=Beacon FCM, Run=Yes, TestScenario=Disposition_master, UpdateExistingName=Liora4, UpdateExistingNameofsubdispositiontoNew=Nyx4}]]>
              </value>
            </param>
          </params>
          <reporter-output>
          </reporter-output>
        </test-method> <!-- Test_Disposition_Grid_Visibility -->
        <test-method is-config="true" signature="takeScreenshotOnFailure(org.testng.ITestResult)[pri:0, instance:com.test.Disposition_masterModule.AllScenarios_Disposition_masterModule@70325e14]" started-at="2024-12-09T22:49:43 IST" name="takeScreenshotOnFailure" finished-at="2024-12-09T22:49:43 IST" duration-ms="1" status="PASS">
          <params>
            <param index="0">
              <value>
                <![CDATA[[TestResult name=Test_Disposition_Grid_Visibility status=SUCCESS method=AllScenarios_Disposition_masterModule.Test_Disposition_Grid_Visibility(java.util.Map)[pri:15, instance:com.test.Disposition_masterModule.AllScenarios_Disposition_masterModule@70325e14] output={null}]]]>
              </value>
            </param>
          </params>
          <reporter-output>
          </reporter-output>
        </test-method> <!-- takeScreenshotOnFailure -->
        <test-method is-config="true" signature="setupTest(java.lang.reflect.Method)[pri:0, instance:com.test.Disposition_masterModule.AllScenarios_Disposition_masterModule@70325e14]" started-at="2024-12-09T22:49:43 IST" name="setupTest" finished-at="2024-12-09T22:49:43 IST" duration-ms="1" status="PASS">
          <params>
            <param index="0">
              <value>
                <![CDATA[public void com.test.Disposition_masterModule.AllScenarios_Disposition_masterModule.Action_Owner_Multi_select_Functionality(java.util.Map) throws java.lang.InterruptedException]]>
              </value>
            </param>
          </params>
          <reporter-output>
          </reporter-output>
        </test-method> <!-- setupTest -->
        <test-method signature="Action_Owner_Multi_select_Functionality(java.util.Map)[pri:16, instance:com.test.Disposition_masterModule.AllScenarios_Disposition_masterModule@70325e14]" started-at="2024-12-09T22:49:43 IST" name="Action_Owner_Multi_select_Functionality" data-provider="TestData" finished-at="2024-12-09T22:49:52 IST" duration-ms="8539" status="PASS">
          <params>
            <param index="0">
              <value>
                <![CDATA[{ActionOwner=Internal User, ActionOwnerforsubdisposition=Call Centre, ActionOwners=Internal User | Collection Agency | Call Centre, ActionOwnerSearch=Call Centre, ActionOwnerUpdate=Call Centre, ActiveActionOwnerforsubdispositionSearch=Call Centre, ActiveDisposistionforsubdispositionSearch=Aaron, AssetCategories=NPA Category | SMA Category, AssetCategory=NPA Category, AssetCategoryUpdate=SMA Category, DeactivatedActionOwnerforsubdispositionSearch=Call Centre, DeactivatedDisposistionforsubdispositionSearch=Aaron, Disposistionforsubdisposition=Aaron, ExistingName=Irfan, ExistingNameforsubdisposition=abc, Name=Zephyr4, Nameforsubdisposition=Kael4, NameUpdate=Orion4, project=Beacon FCM, Run=Yes, TestScenario=Disposition_master, UpdateExistingName=Liora4, UpdateExistingNameofsubdispositiontoNew=Nyx4}]]>
              </value>
            </param>
          </params>
          <reporter-output>
          </reporter-output>
        </test-method> <!-- Action_Owner_Multi_select_Functionality -->
        <test-method is-config="true" signature="takeScreenshotOnFailure(org.testng.ITestResult)[pri:0, instance:com.test.Disposition_masterModule.AllScenarios_Disposition_masterModule@70325e14]" started-at="2024-12-09T22:49:52 IST" name="takeScreenshotOnFailure" finished-at="2024-12-09T22:49:52 IST" duration-ms="1" status="PASS">
          <params>
            <param index="0">
              <value>
                <![CDATA[[TestResult name=Action_Owner_Multi_select_Functionality status=SUCCESS method=AllScenarios_Disposition_masterModule.Action_Owner_Multi_select_Functionality(java.util.Map)[pri:16, instance:com.test.Disposition_masterModule.AllScenarios_Disposition_masterModule@70325e14] output={null}]]]>
              </value>
            </param>
          </params>
          <reporter-output>
          </reporter-output>
        </test-method> <!-- takeScreenshotOnFailure -->
        <test-method is-config="true" signature="setupTest(java.lang.reflect.Method)[pri:0, instance:com.test.Disposition_masterModule.AllScenarios_Disposition_masterModule@70325e14]" started-at="2024-12-09T22:49:52 IST" name="setupTest" finished-at="2024-12-09T22:49:52 IST" duration-ms="1" status="PASS">
          <params>
            <param index="0">
              <value>
                <![CDATA[public void com.test.Disposition_masterModule.AllScenarios_Disposition_masterModule.Asset_Category_Multi_select_Functionality(java.util.Map) throws java.lang.InterruptedException]]>
              </value>
            </param>
          </params>
          <reporter-output>
          </reporter-output>
        </test-method> <!-- setupTest -->
        <test-method signature="Asset_Category_Multi_select_Functionality(java.util.Map)[pri:17, instance:com.test.Disposition_masterModule.AllScenarios_Disposition_masterModule@70325e14]" started-at="2024-12-09T22:49:52 IST" name="Asset_Category_Multi_select_Functionality" data-provider="TestData" finished-at="2024-12-09T22:49:55 IST" duration-ms="3473" status="PASS">
          <params>
            <param index="0">
              <value>
                <![CDATA[{ActionOwner=Internal User, ActionOwnerforsubdisposition=Call Centre, ActionOwners=Internal User | Collection Agency | Call Centre, ActionOwnerSearch=Call Centre, ActionOwnerUpdate=Call Centre, ActiveActionOwnerforsubdispositionSearch=Call Centre, ActiveDisposistionforsubdispositionSearch=Aaron, AssetCategories=NPA Category | SMA Category, AssetCategory=NPA Category, AssetCategoryUpdate=SMA Category, DeactivatedActionOwnerforsubdispositionSearch=Call Centre, DeactivatedDisposistionforsubdispositionSearch=Aaron, Disposistionforsubdisposition=Aaron, ExistingName=Irfan, ExistingNameforsubdisposition=abc, Name=Zephyr4, Nameforsubdisposition=Kael4, NameUpdate=Orion4, project=Beacon FCM, Run=Yes, TestScenario=Disposition_master, UpdateExistingName=Liora4, UpdateExistingNameofsubdispositiontoNew=Nyx4}]]>
              </value>
            </param>
          </params>
          <reporter-output>
          </reporter-output>
        </test-method> <!-- Asset_Category_Multi_select_Functionality -->
        <test-method is-config="true" signature="takeScreenshotOnFailure(org.testng.ITestResult)[pri:0, instance:com.test.Disposition_masterModule.AllScenarios_Disposition_masterModule@70325e14]" started-at="2024-12-09T22:49:55 IST" name="takeScreenshotOnFailure" finished-at="2024-12-09T22:49:55 IST" duration-ms="1" status="PASS">
          <params>
            <param index="0">
              <value>
                <![CDATA[[TestResult name=Asset_Category_Multi_select_Functionality status=SUCCESS method=AllScenarios_Disposition_masterModule.Asset_Category_Multi_select_Functionality(java.util.Map)[pri:17, instance:com.test.Disposition_masterModule.AllScenarios_Disposition_masterModule@70325e14] output={null}]]]>
              </value>
            </param>
          </params>
          <reporter-output>
          </reporter-output>
        </test-method> <!-- takeScreenshotOnFailure -->
        <test-method is-config="true" signature="setupTest(java.lang.reflect.Method)[pri:0, instance:com.test.Disposition_masterModule.AllScenarios_Disposition_masterModule@70325e14]" started-at="2024-12-09T22:49:55 IST" name="setupTest" finished-at="2024-12-09T22:49:55 IST" duration-ms="1" status="PASS">
          <params>
            <param index="0">
              <value>
                <![CDATA[public void com.test.Disposition_masterModule.AllScenarios_Disposition_masterModule.Select_All_Functionality__Action_Owner() throws java.lang.InterruptedException]]>
              </value>
            </param>
          </params>
          <reporter-output>
          </reporter-output>
        </test-method> <!-- setupTest -->
        <test-method signature="Select_All_Functionality__Action_Owner()[pri:18, instance:com.test.Disposition_masterModule.AllScenarios_Disposition_masterModule@70325e14]" started-at="2024-12-09T22:49:55 IST" name="Select_All_Functionality__Action_Owner" finished-at="2024-12-09T22:50:05 IST" duration-ms="9558" status="PASS">
          <reporter-output>
          </reporter-output>
        </test-method> <!-- Select_All_Functionality__Action_Owner -->
        <test-method is-config="true" signature="takeScreenshotOnFailure(org.testng.ITestResult)[pri:0, instance:com.test.Disposition_masterModule.AllScenarios_Disposition_masterModule@70325e14]" started-at="2024-12-09T22:50:05 IST" name="takeScreenshotOnFailure" finished-at="2024-12-09T22:50:05 IST" duration-ms="0" status="PASS">
          <params>
            <param index="0">
              <value>
                <![CDATA[[TestResult name=Select_All_Functionality__Action_Owner status=SUCCESS method=AllScenarios_Disposition_masterModule.Select_All_Functionality__Action_Owner()[pri:18, instance:com.test.Disposition_masterModule.AllScenarios_Disposition_masterModule@70325e14] output={null}]]]>
              </value>
            </param>
          </params>
          <reporter-output>
          </reporter-output>
        </test-method> <!-- takeScreenshotOnFailure -->
        <test-method is-config="true" signature="setupTest(java.lang.reflect.Method)[pri:0, instance:com.test.Disposition_masterModule.AllScenarios_Disposition_masterModule@70325e14]" started-at="2024-12-09T22:50:05 IST" name="setupTest" finished-at="2024-12-09T22:50:05 IST" duration-ms="1" status="PASS">
          <params>
            <param index="0">
              <value>
                <![CDATA[public void com.test.Disposition_masterModule.AllScenarios_Disposition_masterModule.Deselecting_Via_Multi_select__Action_Owner() throws java.lang.InterruptedException]]>
              </value>
            </param>
          </params>
          <reporter-output>
          </reporter-output>
        </test-method> <!-- setupTest -->
        <test-method signature="Deselecting_Via_Multi_select__Action_Owner()[pri:19, instance:com.test.Disposition_masterModule.AllScenarios_Disposition_masterModule@70325e14]" started-at="2024-12-09T22:50:05 IST" name="Deselecting_Via_Multi_select__Action_Owner" finished-at="2024-12-09T22:50:08 IST" duration-ms="3201" status="PASS">
          <reporter-output>
          </reporter-output>
        </test-method> <!-- Deselecting_Via_Multi_select__Action_Owner -->
        <test-method is-config="true" signature="takeScreenshotOnFailure(org.testng.ITestResult)[pri:0, instance:com.test.Disposition_masterModule.AllScenarios_Disposition_masterModule@70325e14]" started-at="2024-12-09T22:50:08 IST" name="takeScreenshotOnFailure" finished-at="2024-12-09T22:50:08 IST" duration-ms="2" status="PASS">
          <params>
            <param index="0">
              <value>
                <![CDATA[[TestResult name=Deselecting_Via_Multi_select__Action_Owner status=SUCCESS method=AllScenarios_Disposition_masterModule.Deselecting_Via_Multi_select__Action_Owner()[pri:19, instance:com.test.Disposition_masterModule.AllScenarios_Disposition_masterModule@70325e14] output={null}]]]>
              </value>
            </param>
          </params>
          <reporter-output>
          </reporter-output>
        </test-method> <!-- takeScreenshotOnFailure -->
        <test-method is-config="true" signature="setupTest(java.lang.reflect.Method)[pri:0, instance:com.test.Disposition_masterModule.AllScenarios_Disposition_masterModule@70325e14]" started-at="2024-12-09T22:50:08 IST" name="setupTest" finished-at="2024-12-09T22:50:08 IST" duration-ms="1" status="PASS">
          <params>
            <param index="0">
              <value>
                <![CDATA[public void com.test.Disposition_masterModule.AllScenarios_Disposition_masterModule.Select_All_Functionality__Asset_Category() throws java.lang.InterruptedException]]>
              </value>
            </param>
          </params>
          <reporter-output>
          </reporter-output>
        </test-method> <!-- setupTest -->
        <test-method signature="Select_All_Functionality__Asset_Category()[pri:20, instance:com.test.Disposition_masterModule.AllScenarios_Disposition_masterModule@70325e14]" started-at="2024-12-09T22:50:08 IST" name="Select_All_Functionality__Asset_Category" finished-at="2024-12-09T22:50:12 IST" duration-ms="3408" status="PASS">
          <reporter-output>
          </reporter-output>
        </test-method> <!-- Select_All_Functionality__Asset_Category -->
        <test-method is-config="true" signature="takeScreenshotOnFailure(org.testng.ITestResult)[pri:0, instance:com.test.Disposition_masterModule.AllScenarios_Disposition_masterModule@70325e14]" started-at="2024-12-09T22:50:12 IST" name="takeScreenshotOnFailure" finished-at="2024-12-09T22:50:12 IST" duration-ms="1" status="PASS">
          <params>
            <param index="0">
              <value>
                <![CDATA[[TestResult name=Select_All_Functionality__Asset_Category status=SUCCESS method=AllScenarios_Disposition_masterModule.Select_All_Functionality__Asset_Category()[pri:20, instance:com.test.Disposition_masterModule.AllScenarios_Disposition_masterModule@70325e14] output={null}]]]>
              </value>
            </param>
          </params>
          <reporter-output>
          </reporter-output>
        </test-method> <!-- takeScreenshotOnFailure -->
        <test-method is-config="true" signature="setupTest(java.lang.reflect.Method)[pri:0, instance:com.test.Disposition_masterModule.AllScenarios_Disposition_masterModule@70325e14]" started-at="2024-12-09T22:50:12 IST" name="setupTest" finished-at="2024-12-09T22:50:12 IST" duration-ms="1" status="PASS">
          <params>
            <param index="0">
              <value>
                <![CDATA[public void com.test.Disposition_masterModule.AllScenarios_Disposition_masterModule.Deselecting_Via_Multi_select__Asset_Category() throws java.lang.InterruptedException]]>
              </value>
            </param>
          </params>
          <reporter-output>
          </reporter-output>
        </test-method> <!-- setupTest -->
        <test-method signature="Deselecting_Via_Multi_select__Asset_Category()[pri:21, instance:com.test.Disposition_masterModule.AllScenarios_Disposition_masterModule@70325e14]" started-at="2024-12-09T22:50:12 IST" name="Deselecting_Via_Multi_select__Asset_Category" finished-at="2024-12-09T22:50:15 IST" duration-ms="3251" status="PASS">
          <reporter-output>
          </reporter-output>
        </test-method> <!-- Deselecting_Via_Multi_select__Asset_Category -->
        <test-method is-config="true" signature="takeScreenshotOnFailure(org.testng.ITestResult)[pri:0, instance:com.test.Disposition_masterModule.AllScenarios_Disposition_masterModule@70325e14]" started-at="2024-12-09T22:50:15 IST" name="takeScreenshotOnFailure" finished-at="2024-12-09T22:50:15 IST" duration-ms="1" status="PASS">
          <params>
            <param index="0">
              <value>
                <![CDATA[[TestResult name=Deselecting_Via_Multi_select__Asset_Category status=SUCCESS method=AllScenarios_Disposition_masterModule.Deselecting_Via_Multi_select__Asset_Category()[pri:21, instance:com.test.Disposition_masterModule.AllScenarios_Disposition_masterModule@70325e14] output={null}]]]>
              </value>
            </param>
          </params>
          <reporter-output>
          </reporter-output>
        </test-method> <!-- takeScreenshotOnFailure -->
        <test-method is-config="true" signature="setupTest(java.lang.reflect.Method)[pri:0, instance:com.test.Disposition_masterModule.AllScenarios_Disposition_masterModule@70325e14]" started-at="2024-12-09T22:50:15 IST" name="setupTest" finished-at="2024-12-09T22:50:15 IST" duration-ms="1" status="PASS">
          <params>
            <param index="0">
              <value>
                <![CDATA[public void com.test.Disposition_masterModule.AllScenarios_Disposition_masterModule.Verify_Add_Disposition_without_Selection() throws java.lang.InterruptedException]]>
              </value>
            </param>
          </params>
          <reporter-output>
          </reporter-output>
        </test-method> <!-- setupTest -->
        <test-method signature="Verify_Add_Disposition_without_Selection()[pri:22, instance:com.test.Disposition_masterModule.AllScenarios_Disposition_masterModule@70325e14]" started-at="2024-12-09T22:50:15 IST" name="Verify_Add_Disposition_without_Selection" finished-at="2024-12-09T22:50:24 IST" duration-ms="8921" status="PASS">
          <reporter-output>
          </reporter-output>
        </test-method> <!-- Verify_Add_Disposition_without_Selection -->
        <test-method is-config="true" signature="takeScreenshotOnFailure(org.testng.ITestResult)[pri:0, instance:com.test.Disposition_masterModule.AllScenarios_Disposition_masterModule@70325e14]" started-at="2024-12-09T22:50:24 IST" name="takeScreenshotOnFailure" finished-at="2024-12-09T22:50:24 IST" duration-ms="1" status="PASS">
          <params>
            <param index="0">
              <value>
                <![CDATA[[TestResult name=Verify_Add_Disposition_without_Selection status=SUCCESS method=AllScenarios_Disposition_masterModule.Verify_Add_Disposition_without_Selection()[pri:22, instance:com.test.Disposition_masterModule.AllScenarios_Disposition_masterModule@70325e14] output={null}]]]>
              </value>
            </param>
          </params>
          <reporter-output>
          </reporter-output>
        </test-method> <!-- takeScreenshotOnFailure -->
        <test-method is-config="true" signature="setupTest(java.lang.reflect.Method)[pri:0, instance:com.test.Disposition_masterModule.AllScenarios_Disposition_masterModule@70325e14]" started-at="2024-12-09T22:50:24 IST" name="setupTest" finished-at="2024-12-09T22:50:24 IST" duration-ms="0" status="PASS">
          <params>
            <param index="0">
              <value>
                <![CDATA[public void com.test.Disposition_masterModule.AllScenarios_Disposition_masterModule.Add_Disposition_with_Existing_Name(java.util.Map) throws java.lang.InterruptedException]]>
              </value>
            </param>
          </params>
          <reporter-output>
          </reporter-output>
        </test-method> <!-- setupTest -->
        <test-method signature="Add_Disposition_with_Existing_Name(java.util.Map)[pri:23, instance:com.test.Disposition_masterModule.AllScenarios_Disposition_masterModule@70325e14]" started-at="2024-12-09T22:50:24 IST" name="Add_Disposition_with_Existing_Name" data-provider="TestData" finished-at="2024-12-09T22:50:39 IST" duration-ms="14669" status="PASS">
          <params>
            <param index="0">
              <value>
                <![CDATA[{ActionOwner=Internal User, ActionOwnerforsubdisposition=Call Centre, ActionOwners=Internal User | Collection Agency | Call Centre, ActionOwnerSearch=Call Centre, ActionOwnerUpdate=Call Centre, ActiveActionOwnerforsubdispositionSearch=Call Centre, ActiveDisposistionforsubdispositionSearch=Aaron, AssetCategories=NPA Category | SMA Category, AssetCategory=NPA Category, AssetCategoryUpdate=SMA Category, DeactivatedActionOwnerforsubdispositionSearch=Call Centre, DeactivatedDisposistionforsubdispositionSearch=Aaron, Disposistionforsubdisposition=Aaron, ExistingName=Irfan, ExistingNameforsubdisposition=abc, Name=Zephyr4, Nameforsubdisposition=Kael4, NameUpdate=Orion4, project=Beacon FCM, Run=Yes, TestScenario=Disposition_master, UpdateExistingName=Liora4, UpdateExistingNameofsubdispositiontoNew=Nyx4}]]>
              </value>
            </param>
          </params>
          <reporter-output>
          </reporter-output>
        </test-method> <!-- Add_Disposition_with_Existing_Name -->
        <test-method is-config="true" signature="takeScreenshotOnFailure(org.testng.ITestResult)[pri:0, instance:com.test.Disposition_masterModule.AllScenarios_Disposition_masterModule@70325e14]" started-at="2024-12-09T22:50:39 IST" name="takeScreenshotOnFailure" finished-at="2024-12-09T22:50:39 IST" duration-ms="1" status="PASS">
          <params>
            <param index="0">
              <value>
                <![CDATA[[TestResult name=Add_Disposition_with_Existing_Name status=SUCCESS method=AllScenarios_Disposition_masterModule.Add_Disposition_with_Existing_Name(java.util.Map)[pri:23, instance:com.test.Disposition_masterModule.AllScenarios_Disposition_masterModule@70325e14] output={null}]]]>
              </value>
            </param>
          </params>
          <reporter-output>
          </reporter-output>
        </test-method> <!-- takeScreenshotOnFailure -->
        <test-method is-config="true" signature="setupTest(java.lang.reflect.Method)[pri:0, instance:com.test.Disposition_masterModule.AllScenarios_Disposition_masterModule@70325e14]" started-at="2024-12-09T22:50:39 IST" name="setupTest" finished-at="2024-12-09T22:50:39 IST" duration-ms="1" status="PASS">
          <params>
            <param index="0">
              <value>
                <![CDATA[public void com.test.Disposition_masterModule.AllScenarios_Disposition_masterModule.Edit_Disposition_Popup_Display() throws java.lang.InterruptedException]]>
              </value>
            </param>
          </params>
          <reporter-output>
          </reporter-output>
        </test-method> <!-- setupTest -->
        <test-method signature="Edit_Disposition_Popup_Display()[pri:24, instance:com.test.Disposition_masterModule.AllScenarios_Disposition_masterModule@70325e14]" started-at="2024-12-09T22:50:39 IST" name="Edit_Disposition_Popup_Display" finished-at="2024-12-09T22:50:52 IST" duration-ms="12929" status="PASS">
          <reporter-output>
          </reporter-output>
        </test-method> <!-- Edit_Disposition_Popup_Display -->
        <test-method is-config="true" signature="takeScreenshotOnFailure(org.testng.ITestResult)[pri:0, instance:com.test.Disposition_masterModule.AllScenarios_Disposition_masterModule@70325e14]" started-at="2024-12-09T22:50:52 IST" name="takeScreenshotOnFailure" finished-at="2024-12-09T22:50:52 IST" duration-ms="1" status="PASS">
          <params>
            <param index="0">
              <value>
                <![CDATA[[TestResult name=Edit_Disposition_Popup_Display status=SUCCESS method=AllScenarios_Disposition_masterModule.Edit_Disposition_Popup_Display()[pri:24, instance:com.test.Disposition_masterModule.AllScenarios_Disposition_masterModule@70325e14] output={null}]]]>
              </value>
            </param>
          </params>
          <reporter-output>
          </reporter-output>
        </test-method> <!-- takeScreenshotOnFailure -->
        <test-method is-config="true" signature="setupTest(java.lang.reflect.Method)[pri:0, instance:com.test.Disposition_masterModule.AllScenarios_Disposition_masterModule@70325e14]" started-at="2024-12-09T22:50:52 IST" name="setupTest" finished-at="2024-12-09T22:50:52 IST" duration-ms="1" status="PASS">
          <params>
            <param index="0">
              <value>
                <![CDATA[public void com.test.Disposition_masterModule.AllScenarios_Disposition_masterModule.Update_Without_Changes() throws java.lang.InterruptedException]]>
              </value>
            </param>
          </params>
          <reporter-output>
          </reporter-output>
        </test-method> <!-- setupTest -->
        <test-method signature="Update_Without_Changes()[pri:25, instance:com.test.Disposition_masterModule.AllScenarios_Disposition_masterModule@70325e14]" started-at="2024-12-09T22:50:52 IST" name="Update_Without_Changes" finished-at="2024-12-09T22:51:03 IST" duration-ms="10968" status="PASS">
          <reporter-output>
          </reporter-output>
        </test-method> <!-- Update_Without_Changes -->
        <test-method is-config="true" signature="takeScreenshotOnFailure(org.testng.ITestResult)[pri:0, instance:com.test.Disposition_masterModule.AllScenarios_Disposition_masterModule@70325e14]" started-at="2024-12-09T22:51:03 IST" name="takeScreenshotOnFailure" finished-at="2024-12-09T22:51:03 IST" duration-ms="1" status="PASS">
          <params>
            <param index="0">
              <value>
                <![CDATA[[TestResult name=Update_Without_Changes status=SUCCESS method=AllScenarios_Disposition_masterModule.Update_Without_Changes()[pri:25, instance:com.test.Disposition_masterModule.AllScenarios_Disposition_masterModule@70325e14] output={null}]]]>
              </value>
            </param>
          </params>
          <reporter-output>
          </reporter-output>
        </test-method> <!-- takeScreenshotOnFailure -->
        <test-method is-config="true" signature="setupTest(java.lang.reflect.Method)[pri:0, instance:com.test.Disposition_masterModule.AllScenarios_Disposition_masterModule@70325e14]" started-at="2024-12-09T22:51:03 IST" name="setupTest" finished-at="2024-12-09T22:51:03 IST" duration-ms="0" status="PASS">
          <params>
            <param index="0">
              <value>
                <![CDATA[public void com.test.Disposition_masterModule.AllScenarios_Disposition_masterModule.Verify_Add_Disposition_with_Valid_Data(java.util.Map) throws java.lang.InterruptedException]]>
              </value>
            </param>
          </params>
          <reporter-output>
          </reporter-output>
        </test-method> <!-- setupTest -->
        <test-method signature="Verify_Add_Disposition_with_Valid_Data(java.util.Map)[pri:26, instance:com.test.Disposition_masterModule.AllScenarios_Disposition_masterModule@70325e14]" started-at="2024-12-09T22:51:03 IST" name="Verify_Add_Disposition_with_Valid_Data" data-provider="TestData" finished-at="2024-12-09T22:52:20 IST" duration-ms="77466" status="FAIL">
          <params>
            <param index="0">
              <value>
                <![CDATA[{ActionOwner=Internal User, ActionOwnerforsubdisposition=Call Centre, ActionOwners=Internal User | Collection Agency | Call Centre, ActionOwnerSearch=Call Centre, ActionOwnerUpdate=Call Centre, ActiveActionOwnerforsubdispositionSearch=Call Centre, ActiveDisposistionforsubdispositionSearch=Aaron, AssetCategories=NPA Category | SMA Category, AssetCategory=NPA Category, AssetCategoryUpdate=SMA Category, DeactivatedActionOwnerforsubdispositionSearch=Call Centre, DeactivatedDisposistionforsubdispositionSearch=Aaron, Disposistionforsubdisposition=Aaron, ExistingName=Irfan, ExistingNameforsubdisposition=abc, Name=Zephyr4, Nameforsubdisposition=Kael4, NameUpdate=Orion4, project=Beacon FCM, Run=Yes, TestScenario=Disposition_master, UpdateExistingName=Liora4, UpdateExistingNameofsubdispositiontoNew=Nyx4}]]>
              </value>
            </param>
          </params>
          <exception class="org.openqa.selenium.TimeoutException">
            <message>
              <![CDATA[Expected condition failed: waiting for visibility of element located by By.xpath: //div[@class='rz-growl-item']//div//span[contains(text(),'Success ')]//following::p (tried for 60 second(s) with 500 milliseconds interval)
Build info: version: '4.13.0', revision: 'ba948ece5b*'
System info: os.name: 'Windows 11', os.arch: 'amd64', os.version: '10.0', java.version: '23.0.1'
Driver info: org.openqa.selenium.chrome.ChromeDriver
Capabilities {acceptInsecureCerts: false, browserName: chrome, browserVersion: 131.0.6778.109, chrome: {chromedriverVersion: 131.0.6778.87 (ce31cae94873..., userDataDir: C:\Users\PINKU~1.PET\AppDat...}, fedcm:accounts: true, goog:chromeOptions: {debuggerAddress: localhost:57807}, networkConnectionEnabled: false, pageLoadStrategy: normal, platformName: windows, proxy: Proxy(), se:cdp: ws://localhost:57807/devtoo..., se:cdpVersion: 131.0.6778.109, setWindowRect: true, strictFileInteractability: false, timeouts: {implicit: 0, pageLoad: 300000, script: 30000}, unhandledPromptBehavior: dismiss and notify, webauthn:extension:credBlob: true, webauthn:extension:largeBlob: true, webauthn:extension:minPinLength: true, webauthn:extension:prf: true, webauthn:virtualAuthenticators: true}
Session ID: 85c645ddb18de1a97a4d9ac6582a64d9]]>
            </message>
            <full-stacktrace>
              <![CDATA[org.openqa.selenium.TimeoutException: Expected condition failed: waiting for visibility of element located by By.xpath: //div[@class='rz-growl-item']//div//span[contains(text(),'Success ')]//following::p (tried for 60 second(s) with 500 milliseconds interval)
Build info: version: '4.13.0', revision: 'ba948ece5b*'
System info: os.name: 'Windows 11', os.arch: 'amd64', os.version: '10.0', java.version: '23.0.1'
Driver info: org.openqa.selenium.chrome.ChromeDriver
Capabilities {acceptInsecureCerts: false, browserName: chrome, browserVersion: 131.0.6778.109, chrome: {chromedriverVersion: 131.0.6778.87 (ce31cae94873..., userDataDir: C:\Users\PINKU~1.PET\AppDat...}, fedcm:accounts: true, goog:chromeOptions: {debuggerAddress: localhost:57807}, networkConnectionEnabled: false, pageLoadStrategy: normal, platformName: windows, proxy: Proxy(), se:cdp: ws://localhost:57807/devtoo..., se:cdpVersion: 131.0.6778.109, setWindowRect: true, strictFileInteractability: false, timeouts: {implicit: 0, pageLoad: 300000, script: 30000}, unhandledPromptBehavior: dismiss and notify, webauthn:extension:credBlob: true, webauthn:extension:largeBlob: true, webauthn:extension:minPinLength: true, webauthn:extension:prf: true, webauthn:virtualAuthenticators: true}
Session ID: 85c645ddb18de1a97a4d9ac6582a64d9
at org.openqa.selenium.support.ui.WebDriverWait.timeoutException(WebDriverWait.java:84)
at org.openqa.selenium.support.ui.FluentWait.until(FluentWait.java:230)
at com.testautomation.pages.DispositionMasterPage.SuccessMessageDisplayed(DispositionMasterPage.java:563)
at com.test.Disposition_masterModule.AllScenarios_Disposition_masterModule.Verify_Add_Disposition_with_Valid_Data(AllScenarios_Disposition_masterModule.java:747)
at java.base/jdk.internal.reflect.DirectMethodHandleAccessor.invoke(DirectMethodHandleAccessor.java:103)
at java.base/java.lang.reflect.Method.invoke(Method.java:580)
at org.testng.internal.MethodInvocationHelper.invokeMethod(MethodInvocationHelper.java:133)
at org.testng.internal.TestInvoker.invokeMethod(TestInvoker.java:598)
at org.testng.internal.TestInvoker.invokeTestMethod(TestInvoker.java:173)
at org.testng.internal.MethodRunner.runInSequence(MethodRunner.java:46)
at org.testng.internal.TestInvoker$MethodInvocationAgent.invoke(TestInvoker.java:824)
at org.testng.internal.TestInvoker.invokeTestMethods(TestInvoker.java:146)
at org.testng.internal.TestMethodWorker.invokeTestMethods(TestMethodWorker.java:146)
at org.testng.internal.TestMethodWorker.run(TestMethodWorker.java:128)
at java.base/java.util.ArrayList.forEach(ArrayList.java:1597)
at org.testng.TestRunner.privateRun(TestRunner.java:794)
at org.testng.TestRunner.run(TestRunner.java:596)
at org.testng.SuiteRunner.runTest(SuiteRunner.java:377)
at org.testng.SuiteRunner.runSequentially(SuiteRunner.java:371)
at org.testng.SuiteRunner.privateRun(SuiteRunner.java:332)
at org.testng.SuiteRunner.run(SuiteRunner.java:276)
at org.testng.SuiteRunnerWorker.runSuite(SuiteRunnerWorker.java:53)
at org.testng.SuiteRunnerWorker.run(SuiteRunnerWorker.java:96)
at org.testng.TestNG.runSuitesSequentially(TestNG.java:1212)
at org.testng.TestNG.runSuitesLocally(TestNG.java:1134)
at org.testng.TestNG.runSuites(TestNG.java:1063)
at org.testng.TestNG.run(TestNG.java:1031)
at org.testng.remote.AbstractRemoteTestNG.run(AbstractRemoteTestNG.java:115)
at org.testng.remote.RemoteTestNG.initAndRun(RemoteTestNG.java:293)
at org.testng.remote.RemoteTestNG.main(RemoteTestNG.java:91)
]]>
            </full-stacktrace>
          </exception> <!-- org.openqa.selenium.TimeoutException -->
          <reporter-output>
          </reporter-output>
        </test-method> <!-- Verify_Add_Disposition_with_Valid_Data -->
        <test-method is-config="true" signature="takeScreenshotOnFailure(org.testng.ITestResult)[pri:0, instance:com.test.Disposition_masterModule.AllScenarios_Disposition_masterModule@70325e14]" started-at="2024-12-09T22:52:20 IST" name="takeScreenshotOnFailure" finished-at="2024-12-09T22:52:20 IST" duration-ms="129" status="PASS">
          <params>
            <param index="0">
              <value>
                <![CDATA[[TestResult name=Verify_Add_Disposition_with_Valid_Data status=FAILURE method=AllScenarios_Disposition_masterModule.Verify_Add_Disposition_with_Valid_Data(java.util.Map)[pri:26, instance:com.test.Disposition_masterModule.AllScenarios_Disposition_masterModule@70325e14] output={null}]]]>
              </value>
            </param>
          </params>
          <reporter-output>
          </reporter-output>
        </test-method> <!-- takeScreenshotOnFailure -->
        <test-method is-config="true" signature="setupTest(java.lang.reflect.Method)[pri:0, instance:com.test.Disposition_masterModule.AllScenarios_Disposition_masterModule@70325e14]" started-at="2024-12-09T22:52:20 IST" name="setupTest" finished-at="2024-12-09T22:52:20 IST" duration-ms="0" status="PASS">
          <params>
            <param index="0">
              <value>
                <![CDATA[public void com.test.Disposition_masterModule.AllScenarios_Disposition_masterModule.Change_Name_to_Existing_and_Update(java.util.Map) throws java.lang.InterruptedException]]>
              </value>
            </param>
          </params>
          <reporter-output>
          </reporter-output>
        </test-method> <!-- setupTest -->
        <test-method signature="Change_Name_to_Existing_and_Update(java.util.Map)[pri:27, instance:com.test.Disposition_masterModule.AllScenarios_Disposition_masterModule@70325e14]" started-at="2024-12-09T22:52:20 IST" name="Change_Name_to_Existing_and_Update" data-provider="TestData" finished-at="2024-12-09T22:52:35 IST" duration-ms="14865" status="PASS">
          <params>
            <param index="0">
              <value>
                <![CDATA[{ActionOwner=Internal User, ActionOwnerforsubdisposition=Call Centre, ActionOwners=Internal User | Collection Agency | Call Centre, ActionOwnerSearch=Call Centre, ActionOwnerUpdate=Call Centre, ActiveActionOwnerforsubdispositionSearch=Call Centre, ActiveDisposistionforsubdispositionSearch=Aaron, AssetCategories=NPA Category | SMA Category, AssetCategory=NPA Category, AssetCategoryUpdate=SMA Category, DeactivatedActionOwnerforsubdispositionSearch=Call Centre, DeactivatedDisposistionforsubdispositionSearch=Aaron, Disposistionforsubdisposition=Aaron, ExistingName=Irfan, ExistingNameforsubdisposition=abc, Name=Zephyr4, Nameforsubdisposition=Kael4, NameUpdate=Orion4, project=Beacon FCM, Run=Yes, TestScenario=Disposition_master, UpdateExistingName=Liora4, UpdateExistingNameofsubdispositiontoNew=Nyx4}]]>
              </value>
            </param>
          </params>
          <reporter-output>
          </reporter-output>
        </test-method> <!-- Change_Name_to_Existing_and_Update -->
        <test-method is-config="true" signature="takeScreenshotOnFailure(org.testng.ITestResult)[pri:0, instance:com.test.Disposition_masterModule.AllScenarios_Disposition_masterModule@70325e14]" started-at="2024-12-09T22:52:35 IST" name="takeScreenshotOnFailure" finished-at="2024-12-09T22:52:35 IST" duration-ms="0" status="PASS">
          <params>
            <param index="0">
              <value>
                <![CDATA[[TestResult name=Change_Name_to_Existing_and_Update status=SUCCESS method=AllScenarios_Disposition_masterModule.Change_Name_to_Existing_and_Update(java.util.Map)[pri:27, instance:com.test.Disposition_masterModule.AllScenarios_Disposition_masterModule@70325e14] output={null}]]]>
              </value>
            </param>
          </params>
          <reporter-output>
          </reporter-output>
        </test-method> <!-- takeScreenshotOnFailure -->
        <test-method is-config="true" signature="setupTest(java.lang.reflect.Method)[pri:0, instance:com.test.Disposition_masterModule.AllScenarios_Disposition_masterModule@70325e14]" started-at="2024-12-09T22:52:35 IST" name="setupTest" finished-at="2024-12-09T22:52:35 IST" duration-ms="0" status="PASS">
          <params>
            <param index="0">
              <value>
                <![CDATA[public void com.test.Disposition_masterModule.AllScenarios_Disposition_masterModule.Edit_and_Verify_Disposition_Changes(java.util.Map) throws java.lang.InterruptedException]]>
              </value>
            </param>
          </params>
          <reporter-output>
          </reporter-output>
        </test-method> <!-- setupTest -->
        <test-method signature="Edit_and_Verify_Disposition_Changes(java.util.Map)[pri:28, instance:com.test.Disposition_masterModule.AllScenarios_Disposition_masterModule@70325e14]" started-at="2024-12-09T22:52:35 IST" name="Edit_and_Verify_Disposition_Changes" data-provider="TestData" finished-at="2024-12-09T22:52:54 IST" duration-ms="18896" status="PASS">
          <params>
            <param index="0">
              <value>
                <![CDATA[{ActionOwner=Internal User, ActionOwnerforsubdisposition=Call Centre, ActionOwners=Internal User | Collection Agency | Call Centre, ActionOwnerSearch=Call Centre, ActionOwnerUpdate=Call Centre, ActiveActionOwnerforsubdispositionSearch=Call Centre, ActiveDisposistionforsubdispositionSearch=Aaron, AssetCategories=NPA Category | SMA Category, AssetCategory=NPA Category, AssetCategoryUpdate=SMA Category, DeactivatedActionOwnerforsubdispositionSearch=Call Centre, DeactivatedDisposistionforsubdispositionSearch=Aaron, Disposistionforsubdisposition=Aaron, ExistingName=Irfan, ExistingNameforsubdisposition=abc, Name=Zephyr4, Nameforsubdisposition=Kael4, NameUpdate=Orion4, project=Beacon FCM, Run=Yes, TestScenario=Disposition_master, UpdateExistingName=Liora4, UpdateExistingNameofsubdispositiontoNew=Nyx4}]]>
              </value>
            </param>
          </params>
          <reporter-output>
          </reporter-output>
        </test-method> <!-- Edit_and_Verify_Disposition_Changes -->
        <test-method is-config="true" signature="takeScreenshotOnFailure(org.testng.ITestResult)[pri:0, instance:com.test.Disposition_masterModule.AllScenarios_Disposition_masterModule@70325e14]" started-at="2024-12-09T22:52:54 IST" name="takeScreenshotOnFailure" finished-at="2024-12-09T22:52:54 IST" duration-ms="1" status="PASS">
          <params>
            <param index="0">
              <value>
                <![CDATA[[TestResult name=Edit_and_Verify_Disposition_Changes status=SUCCESS method=AllScenarios_Disposition_masterModule.Edit_and_Verify_Disposition_Changes(java.util.Map)[pri:28, instance:com.test.Disposition_masterModule.AllScenarios_Disposition_masterModule@70325e14] output={null}]]]>
              </value>
            </param>
          </params>
          <reporter-output>
          </reporter-output>
        </test-method> <!-- takeScreenshotOnFailure -->
        <test-method is-config="true" signature="setupTest(java.lang.reflect.Method)[pri:0, instance:com.test.Disposition_masterModule.AllScenarios_Disposition_masterModule@70325e14]" started-at="2024-12-09T22:52:54 IST" name="setupTest" finished-at="2024-12-09T22:52:54 IST" duration-ms="1" status="PASS">
          <params>
            <param index="0">
              <value>
                <![CDATA[public void com.test.Disposition_masterModule.AllScenarios_Disposition_masterModule.Deactivate_Disposition() throws java.lang.InterruptedException]]>
              </value>
            </param>
          </params>
          <reporter-output>
          </reporter-output>
        </test-method> <!-- setupTest -->
        <test-method signature="Deactivate_Disposition()[pri:29, instance:com.test.Disposition_masterModule.AllScenarios_Disposition_masterModule@70325e14]" started-at="2024-12-09T22:52:54 IST" name="Deactivate_Disposition" finished-at="2024-12-09T22:53:29 IST" duration-ms="35159" status="PASS">
          <reporter-output>
          </reporter-output>
        </test-method> <!-- Deactivate_Disposition -->
        <test-method is-config="true" signature="takeScreenshotOnFailure(org.testng.ITestResult)[pri:0, instance:com.test.Disposition_masterModule.AllScenarios_Disposition_masterModule@70325e14]" started-at="2024-12-09T22:53:29 IST" name="takeScreenshotOnFailure" finished-at="2024-12-09T22:53:29 IST" duration-ms="0" status="PASS">
          <params>
            <param index="0">
              <value>
                <![CDATA[[TestResult name=Deactivate_Disposition status=SUCCESS method=AllScenarios_Disposition_masterModule.Deactivate_Disposition()[pri:29, instance:com.test.Disposition_masterModule.AllScenarios_Disposition_masterModule@70325e14] output={null}]]]>
              </value>
            </param>
          </params>
          <reporter-output>
          </reporter-output>
        </test-method> <!-- takeScreenshotOnFailure -->
        <test-method is-config="true" signature="setupTest(java.lang.reflect.Method)[pri:0, instance:com.test.Disposition_masterModule.AllScenarios_Disposition_masterModule@70325e14]" started-at="2024-12-09T22:53:29 IST" name="setupTest" finished-at="2024-12-09T22:53:29 IST" duration-ms="0" status="PASS">
          <params>
            <param index="0">
              <value>
                <![CDATA[public void com.test.Disposition_masterModule.AllScenarios_Disposition_masterModule.Search_Deactivated_Disposition(java.util.Map) throws java.lang.InterruptedException]]>
              </value>
            </param>
          </params>
          <reporter-output>
          </reporter-output>
        </test-method> <!-- setupTest -->
[...]
          <params>
            <param index="0">
              <value>
                <![CDATA[[TestResult name=Edit_Sub_Disposition_Popup_Display status=SUCCESS method=AllScenarios_Disposition_masterModule.Edit_Sub_Disposition_Popup_Display()[pri:38, instance:com.test.Disposition_masterModule.AllScenarios_Disposition_masterModule@70325e14] output={null}]]]>
              </value>
            </param>
          </params>
          <reporter-output>
          </reporter-output>
        </test-method> <!-- takeScreenshotOnFailure -->
        <test-method is-config="true" signature="setupTest(java.lang.reflect.Method)[pri:0, instance:com.test.Disposition_masterModule.AllScenarios_Disposition_masterModule@70325e14]" started-at="2024-12-09T22:55:39 IST" name="setupTest" finished-at="2024-12-09T22:55:39 IST" duration-ms="1" status="PASS">
          <params>
            <param index="0">
              <value>
                <![CDATA[public void com.test.Disposition_masterModule.AllScenarios_Disposition_masterModule.Update_Sub_Disposition_Without_Changes() throws java.lang.InterruptedException]]>
              </value>
            </param>
          </params>
          <reporter-output>
          </reporter-output>
        </test-method> <!-- setupTest -->
        <test-method signature="Update_Sub_Disposition_Without_Changes()[pri:39, instance:com.test.Disposition_masterModule.AllScenarios_Disposition_masterModule@70325e14]" started-at="2024-12-09T22:55:39 IST" name="Update_Sub_Disposition_Without_Changes" finished-at="2024-12-09T22:55:55 IST" duration-ms="15866" status="PASS">
          <reporter-output>
          </reporter-output>
        </test-method> <!-- Update_Sub_Disposition_Without_Changes -->
        <test-method is-config="true" signature="takeScreenshotOnFailure(org.testng.ITestResult)[pri:0, instance:com.test.Disposition_masterModule.AllScenarios_Disposition_masterModule@70325e14]" started-at="2024-12-09T22:55:55 IST" name="takeScreenshotOnFailure" finished-at="2024-12-09T22:55:55 IST" duration-ms="0" status="PASS">
          <params>
            <param index="0">
              <value>
                <![CDATA[[TestResult name=Update_Sub_Disposition_Without_Changes status=SUCCESS method=AllScenarios_Disposition_masterModule.Update_Sub_Disposition_Without_Changes()[pri:39, instance:com.test.Disposition_masterModule.AllScenarios_Disposition_masterModule@70325e14] output={null}]]]>
              </value>
            </param>
          </params>
          <reporter-output>
          </reporter-output>
        </test-method> <!-- takeScreenshotOnFailure -->
        <test-method is-config="true" signature="setupTest(java.lang.reflect.Method)[pri:0, instance:com.test.Disposition_masterModule.AllScenarios_Disposition_masterModule@70325e14]" started-at="2024-12-09T22:55:55 IST" name="setupTest" finished-at="2024-12-09T22:55:55 IST" duration-ms="1" status="PASS">
          <params>
            <param index="0">
              <value>
                <![CDATA[public void com.test.Disposition_masterModule.AllScenarios_Disposition_masterModule.Update_Sub_Disposition_with_Duplicate_Name(java.util.Map) throws java.lang.InterruptedException]]>
              </value>
            </param>
          </params>
          <reporter-output>
          </reporter-output>
        </test-method> <!-- setupTest -->
        <test-method signature="Update_Sub_Disposition_with_Duplicate_Name(java.util.Map)[pri:40, instance:com.test.Disposition_masterModule.AllScenarios_Disposition_masterModule@70325e14]" started-at="2024-12-09T22:55:55 IST" name="Update_Sub_Disposition_with_Duplicate_Name" data-provider="TestData" finished-at="2024-12-09T22:56:27 IST" duration-ms="32447" status="PASS">
          <params>
            <param index="0">
              <value>
                <![CDATA[{ActionOwner=Internal User, ActionOwnerforsubdisposition=Call Centre, ActionOwners=Internal User | Collection Agency | Call Centre, ActionOwnerSearch=Call Centre, ActionOwnerUpdate=Call Centre, ActiveActionOwnerforsubdispositionSearch=Call Centre, ActiveDisposistionforsubdispositionSearch=Aaron, AssetCategories=NPA Category | SMA Category, AssetCategory=NPA Category, AssetCategoryUpdate=SMA Category, DeactivatedActionOwnerforsubdispositionSearch=Call Centre, DeactivatedDisposistionforsubdispositionSearch=Aaron, Disposistionforsubdisposition=Aaron, ExistingName=Irfan, ExistingNameforsubdisposition=abc, Name=Zephyr4, Nameforsubdisposition=Kael4, NameUpdate=Orion4, project=Beacon FCM, Run=Yes, TestScenario=Disposition_master, UpdateExistingName=Liora4, UpdateExistingNameofsubdispositiontoNew=Nyx4}]]>
              </value>
            </param>
          </params>
          <reporter-output>
          </reporter-output>
        </test-method> <!-- Update_Sub_Disposition_with_Duplicate_Name -->
        <test-method is-config="true" signature="takeScreenshotOnFailure(org.testng.ITestResult)[pri:0, instance:com.test.Disposition_masterModule.AllScenarios_Disposition_masterModule@70325e14]" started-at="2024-12-09T22:56:27 IST" name="takeScreenshotOnFailure" finished-at="2024-12-09T22:56:27 IST" duration-ms="0" status="PASS">
          <params>
            <param index="0">
              <value>
                <![CDATA[[TestResult name=Update_Sub_Disposition_with_Duplicate_Name status=SUCCESS method=AllScenarios_Disposition_masterModule.Update_Sub_Disposition_with_Duplicate_Name(java.util.Map)[pri:40, instance:com.test.Disposition_masterModule.AllScenarios_Disposition_masterModule@70325e14] output={null}]]]>
              </value>
            </param>
          </params>
          <reporter-output>
          </reporter-output>
        </test-method> <!-- takeScreenshotOnFailure -->
        <test-method is-config="true" signature="setupTest(java.lang.reflect.Method)[pri:0, instance:com.test.Disposition_masterModule.AllScenarios_Disposition_masterModule@70325e14]" started-at="2024-12-09T22:56:27 IST" name="setupTest" finished-at="2024-12-09T22:56:27 IST" duration-ms="0" status="PASS">
          <params>
            <param index="0">
              <value>
                <![CDATA[public void com.test.Disposition_masterModule.AllScenarios_Disposition_masterModule.Update_Sub_Disposition_Successfully(java.util.Map) throws java.lang.InterruptedException]]>
              </value>
            </param>
          </params>
          <reporter-output>
          </reporter-output>
        </test-method> <!-- setupTest -->
        <test-method signature="Update_Sub_Disposition_Successfully(java.util.Map)[pri:41, instance:com.test.Disposition_masterModule.AllScenarios_Disposition_masterModule@70325e14]" started-at="2024-12-09T22:56:27 IST" name="Update_Sub_Disposition_Successfully" data-provider="TestData" finished-at="2024-12-09T22:56:49 IST" duration-ms="21683" status="PASS">
          <params>
            <param index="0">
              <value>
                <![CDATA[{ActionOwner=Internal User, ActionOwnerforsubdisposition=Call Centre, ActionOwners=Internal User | Collection Agency | Call Centre, ActionOwnerSearch=Call Centre, ActionOwnerUpdate=Call Centre, ActiveActionOwnerforsubdispositionSearch=Call Centre, ActiveDisposistionforsubdispositionSearch=Aaron, AssetCategories=NPA Category | SMA Category, AssetCategory=NPA Category, AssetCategoryUpdate=SMA Category, DeactivatedActionOwnerforsubdispositionSearch=Call Centre, DeactivatedDisposistionforsubdispositionSearch=Aaron, Disposistionforsubdisposition=Aaron, ExistingName=Irfan, ExistingNameforsubdisposition=abc, Name=Zephyr4, Nameforsubdisposition=Kael4, NameUpdate=Orion4, project=Beacon FCM, Run=Yes, TestScenario=Disposition_master, UpdateExistingName=Liora4, UpdateExistingNameofsubdispositiontoNew=Nyx4}]]>
              </value>
            </param>
          </params>
          <reporter-output>
          </reporter-output>
        </test-method> <!-- Update_Sub_Disposition_Successfully -->
        <test-method is-config="true" signature="takeScreenshotOnFailure(org.testng.ITestResult)[pri:0, instance:com.test.Disposition_masterModule.AllScenarios_Disposition_masterModule@70325e14]" started-at="2024-12-09T22:56:49 IST" name="takeScreenshotOnFailure" finished-at="2024-12-09T22:56:49 IST" duration-ms="1" status="PASS">
          <params>
            <param index="0">
              <value>
                <![CDATA[[TestResult name=Update_Sub_Disposition_Successfully status=SUCCESS method=AllScenarios_Disposition_masterModule.Update_Sub_Disposition_Successfully(java.util.Map)[pri:41, instance:com.test.Disposition_masterModule.AllScenarios_Disposition_masterModule@70325e14] output={null}]]]>
              </value>
            </param>
          </params>
          <reporter-output>
          </reporter-output>
        </test-method> <!-- takeScreenshotOnFailure -->
        <test-method is-config="true" signature="setupTest(java.lang.reflect.Method)[pri:0, instance:com.test.Disposition_masterModule.AllScenarios_Disposition_masterModule@70325e14]" started-at="2024-12-09T22:56:49 IST" name="setupTest" finished-at="2024-12-09T22:56:49 IST" duration-ms="0" status="PASS">
          <params>
            <param index="0">
              <value>
                <![CDATA[public void com.test.Disposition_masterModule.AllScenarios_Disposition_masterModule.Deactivate_Sub_Disposition() throws java.lang.InterruptedException]]>
              </value>
            </param>
          </params>
          <reporter-output>
          </reporter-output>
        </test-method> <!-- setupTest -->
        <test-method signature="Deactivate_Sub_Disposition()[pri:42, instance:com.test.Disposition_masterModule.AllScenarios_Disposition_masterModule@70325e14]" started-at="2024-12-09T22:56:49 IST" name="Deactivate_Sub_Disposition" finished-at="2024-12-09T22:57:25 IST" duration-ms="36086" status="PASS">
          <reporter-output>
          </reporter-output>
        </test-method> <!-- Deactivate_Sub_Disposition -->
        <test-method is-config="true" signature="takeScreenshotOnFailure(org.testng.ITestResult)[pri:0, instance:com.test.Disposition_masterModule.AllScenarios_Disposition_masterModule@70325e14]" started-at="2024-12-09T22:57:25 IST" name="takeScreenshotOnFailure" finished-at="2024-12-09T22:57:25 IST" duration-ms="0" status="PASS">
          <params>
            <param index="0">
              <value>
                <![CDATA[[TestResult name=Deactivate_Sub_Disposition status=SUCCESS method=AllScenarios_Disposition_masterModule.Deactivate_Sub_Disposition()[pri:42, instance:com.test.Disposition_masterModule.AllScenarios_Disposition_masterModule@70325e14] output={null}]]]>
              </value>
            </param>
          </params>
          <reporter-output>
          </reporter-output>
        </test-method> <!-- takeScreenshotOnFailure -->
        <test-method is-config="true" signature="setupTest(java.lang.reflect.Method)[pri:0, instance:com.test.Disposition_masterModule.AllScenarios_Disposition_masterModule@70325e14]" started-at="2024-12-09T22:57:25 IST" name="setupTest" finished-at="2024-12-09T22:57:25 IST" duration-ms="0" status="PASS">
          <params>
            <param index="0">
              <value>
                <![CDATA[public void com.test.Disposition_masterModule.AllScenarios_Disposition_masterModule.Search_Deactivated_Sub_Disposition(java.util.Map) throws java.lang.InterruptedException]]>
              </value>
            </param>
          </params>
          <reporter-output>
          </reporter-output>
        </test-method> <!-- setupTest -->
        <test-method signature="Search_Deactivated_Sub_Disposition(java.util.Map)[pri:43, instance:com.test.Disposition_masterModule.AllScenarios_Disposition_masterModule@70325e14]" started-at="2024-12-09T22:57:25 IST" name="Search_Deactivated_Sub_Disposition" data-provider="TestData" finished-at="2024-12-09T22:57:49 IST" duration-ms="24253" status="PASS">
          <params>
            <param index="0">
              <value>
                <![CDATA[{ActionOwner=Internal User, ActionOwnerforsubdisposition=Call Centre, ActionOwners=Internal User | Collection Agency | Call Centre, ActionOwnerSearch=Call Centre, ActionOwnerUpdate=Call Centre, ActiveActionOwnerforsubdispositionSearch=Call Centre, ActiveDisposistionforsubdispositionSearch=Aaron, AssetCategories=NPA Category | SMA Category, AssetCategory=NPA Category, AssetCategoryUpdate=SMA Category, DeactivatedActionOwnerforsubdispositionSearch=Call Centre, DeactivatedDisposistionforsubdispositionSearch=Aaron, Disposistionforsubdisposition=Aaron, ExistingName=Irfan, ExistingNameforsubdisposition=abc, Name=Zephyr4, Nameforsubdisposition=Kael4, NameUpdate=Orion4, project=Beacon FCM, Run=Yes, TestScenario=Disposition_master, UpdateExistingName=Liora4, UpdateExistingNameofsubdispositiontoNew=Nyx4}]]>
              </value>
            </param>
          </params>
          <reporter-output>
          </reporter-output>
        </test-method> <!-- Search_Deactivated_Sub_Disposition -->
        <test-method is-config="true" signature="takeScreenshotOnFailure(org.testng.ITestResult)[pri:0, instance:com.test.Disposition_masterModule.AllScenarios_Disposition_masterModule@70325e14]" started-at="2024-12-09T22:57:49 IST" name="takeScreenshotOnFailure" finished-at="2024-12-09T22:57:49 IST" duration-ms="0" status="PASS">
          <params>
            <param index="0">
              <value>
                <![CDATA[[TestResult name=Search_Deactivated_Sub_Disposition status=SUCCESS method=AllScenarios_Disposition_masterModule.Search_Deactivated_Sub_Disposition(java.util.Map)[pri:43, instance:com.test.Disposition_masterModule.AllScenarios_Disposition_masterModule@70325e14] output={null}]]]>
              </value>
            </param>
          </params>
          <reporter-output>
          </reporter-output>
        </test-method> <!-- takeScreenshotOnFailure -->
        <test-method is-config="true" signature="setupTest(java.lang.reflect.Method)[pri:0, instance:com.test.Disposition_masterModule.AllScenarios_Disposition_masterModule@70325e14]" started-at="2024-12-09T22:57:49 IST" name="setupTest" finished-at="2024-12-09T22:57:49 IST" duration-ms="0" status="PASS">
          <params>
            <param index="0">
              <value>
                <![CDATA[public void com.test.Disposition_masterModule.AllScenarios_Disposition_masterModule.Reactivate_Sub_Disposition() throws java.lang.InterruptedException]]>
              </value>
            </param>
          </params>
          <reporter-output>
          </reporter-output>
        </test-method> <!-- setupTest -->
        <test-method signature="Reactivate_Sub_Disposition()[pri:44, instance:com.test.Disposition_masterModule.AllScenarios_Disposition_masterModule@70325e14]" started-at="2024-12-09T22:57:49 IST" name="Reactivate_Sub_Disposition" finished-at="2024-12-09T22:58:22 IST" duration-ms="32722" status="PASS">
          <reporter-output>
          </reporter-output>
        </test-method> <!-- Reactivate_Sub_Disposition -->
        <test-method is-config="true" signature="takeScreenshotOnFailure(org.testng.ITestResult)[pri:0, instance:com.test.Disposition_masterModule.AllScenarios_Disposition_masterModule@70325e14]" started-at="2024-12-09T22:58:22 IST" name="takeScreenshotOnFailure" finished-at="2024-12-09T22:58:22 IST" duration-ms="1" status="PASS">
          <params>
            <param index="0">
              <value>
                <![CDATA[[TestResult name=Reactivate_Sub_Disposition status=SUCCESS method=AllScenarios_Disposition_masterModule.Reactivate_Sub_Disposition()[pri:44, instance:com.test.Disposition_masterModule.AllScenarios_Disposition_masterModule@70325e14] output={null}]]]>
              </value>
            </param>
          </params>
          <reporter-output>
          </reporter-output>
        </test-method> <!-- takeScreenshotOnFailure -->
        <test-method is-config="true" signature="setupTest(java.lang.reflect.Method)[pri:0, instance:com.test.Disposition_masterModule.AllScenarios_Disposition_masterModule@70325e14]" started-at="2024-12-09T22:58:22 IST" name="setupTest" finished-at="2024-12-09T22:58:22 IST" duration-ms="1" status="PASS">
          <params>
            <param index="0">
              <value>
                <![CDATA[public void com.test.Disposition_masterModule.AllScenarios_Disposition_masterModule.Search_Active_Sub_Disposition(java.util.Map) throws java.lang.InterruptedException]]>
              </value>
            </param>
          </params>
          <reporter-output>
          </reporter-output>
        </test-method> <!-- setupTest -->
        <test-method signature="Search_Active_Sub_Disposition(java.util.Map)[pri:45, instance:com.test.Disposition_masterModule.AllScenarios_Disposition_masterModule@70325e14]" started-at="2024-12-09T22:58:22 IST" name="Search_Active_Sub_Disposition" data-provider="TestData" finished-at="2024-12-09T22:58:51 IST" duration-ms="29373" status="PASS">
          <params>
            <param index="0">
              <value>
                <![CDATA[{ActionOwner=Internal User, ActionOwnerforsubdisposition=Call Centre, ActionOwners=Internal User | Collection Agency | Call Centre, ActionOwnerSearch=Call Centre, ActionOwnerUpdate=Call Centre, ActiveActionOwnerforsubdispositionSearch=Call Centre, ActiveDisposistionforsubdispositionSearch=Aaron, AssetCategories=NPA Category | SMA Category, AssetCategory=NPA Category, AssetCategoryUpdate=SMA Category, DeactivatedActionOwnerforsubdispositionSearch=Call Centre, DeactivatedDisposistionforsubdispositionSearch=Aaron, Disposistionforsubdisposition=Aaron, ExistingName=Irfan, ExistingNameforsubdisposition=abc, Name=Zephyr4, Nameforsubdisposition=Kael4, NameUpdate=Orion4, project=Beacon FCM, Run=Yes, TestScenario=Disposition_master, UpdateExistingName=Liora4, UpdateExistingNameofsubdispositiontoNew=Nyx4}]]>
              </value>
            </param>
          </params>
          <reporter-output>
          </reporter-output>
        </test-method> <!-- Search_Active_Sub_Disposition -->
        <test-method is-config="true" signature="takeScreenshotOnFailure(org.testng.ITestResult)[pri:0, instance:com.test.Disposition_masterModule.AllScenarios_Disposition_masterModule@70325e14]" started-at="2024-12-09T22:58:51 IST" name="takeScreenshotOnFailure" finished-at="2024-12-09T22:58:51 IST" duration-ms="1" status="PASS">
          <params>
            <param index="0">
              <value>
                <![CDATA[[TestResult name=Search_Active_Sub_Disposition status=SUCCESS method=AllScenarios_Disposition_masterModule.Search_Active_Sub_Disposition(java.util.Map)[pri:45, instance:com.test.Disposition_masterModule.AllScenarios_Disposition_masterModule@70325e14] output={null}]]]>
              </value>
            </param>
          </params>
          <reporter-output>
          </reporter-output>
        </test-method> <!-- takeScreenshotOnFailure -->
        <test-method is-config="true" signature="afterEachTest()[pri:0, instance:com.test.Disposition_masterModule.AllScenarios_Disposition_masterModule@70325e14]" started-at="2024-12-09T22:58:52 IST" name="afterEachTest" finished-at="2024-12-09T22:58:52 IST" duration-ms="685" status="PASS">
          <reporter-output>
          </reporter-output>
        </test-method> <!-- afterEachTest -->
      </class> <!-- com.test.Disposition_masterModule.AllScenarios_Disposition_masterModule -->
    </test> <!-- Default test -->
  </suite> <!-- Default suite -->
</testng-results>
