<?xml version="1.0" encoding="UTF-8"?>
<testng-results ignored="0" total="17" passed="17" failed="0" skipped="0">
  <reporter-output>
  </reporter-output>
  <suite started-at="2025-02-20T11:28:00 IST" name="Default suite" finished-at="2025-02-20T11:37:47 IST" duration-ms="587017">
    <groups>
    </groups>
    <test started-at="2025-02-20T11:28:00 IST" name="Default test" finished-at="2025-02-20T11:37:47 IST" duration-ms="587017">
      <class name="CollectionAgencyDisposition_Module.AllScenarios_CollectionAgencyDispositionModule">
        <test-method is-config="true" signature="SetUp()[pri:0, instance:CollectionAgencyDisposition_Module.AllScenarios_CollectionAgencyDispositionModule@3a52dba3]" started-at="2025-02-20T11:26:19 IST" name="SetUp" finished-at="2025-02-20T11:28:00 IST" duration-ms="100768" status="PASS">
          <reporter-output>
          </reporter-output>
        </test-method> <!-- SetUp -->
        <test-method is-config="true" signature="setupTest(java.lang.reflect.Method)[pri:0, instance:CollectionAgencyDisposition_Module.AllScenarios_CollectionAgencyDispositionModule@3a52dba3]" started-at="2025-02-20T11:28:00 IST" name="setupTest" finished-at="2025-02-20T11:28:00 IST" duration-ms="151" status="PASS">
          <params>
            <param index="0">
              <value>
                <![CDATA[public void CollectionAgencyDisposition_Module.AllScenarios_CollectionAgencyDispositionModule.Login_to_core_application_and_navigate_to_agency_account_agency_menu() throws java.lang.InterruptedException]]>
              </value>
            </param>
          </params>
          <reporter-output>
          </reporter-output>
        </test-method> <!-- setupTest -->
        <test-method signature="Login_to_core_application_and_navigate_to_agency_account_agency_menu()[pri:1, instance:CollectionAgencyDisposition_Module.AllScenarios_CollectionAgencyDispositionModule@3a52dba3]" started-at="2025-02-20T11:28:00 IST" name="Login_to_core_application_and_navigate_to_agency_account_agency_menu" finished-at="2025-02-20T11:29:23 IST" duration-ms="82711" status="PASS">
          <reporter-output>
          </reporter-output>
        </test-method> <!-- Login_to_core_application_and_navigate_to_agency_account_agency_menu -->
        <test-method is-config="true" signature="takeScreenshotOnFailure(org.testng.ITestResult)[pri:0, instance:CollectionAgencyDisposition_Module.AllScenarios_CollectionAgencyDispositionModule@3a52dba3]" started-at="2025-02-20T11:29:23 IST" name="takeScreenshotOnFailure" finished-at="2025-02-20T11:29:23 IST" duration-ms="2" status="PASS">
          <params>
            <param index="0">
              <value>
                <![CDATA[[TestResult name=Login_to_core_application_and_navigate_to_agency_account_agency_menu status=SUCCESS method=AllScenarios_CollectionAgencyDispositionModule.Login_to_core_application_and_navigate_to_agency_account_agency_menu()[pri:1, instance:CollectionAgencyDisposition_Module.AllScenarios_CollectionAgencyDispositionModule@3a52dba3] output={null}]]]>
              </value>
            </param>
          </params>
          <reporter-output>
          </reporter-output>
        </test-method> <!-- takeScreenshotOnFailure -->
        <test-method is-config="true" signature="setupTest(java.lang.reflect.Method)[pri:0, instance:CollectionAgencyDisposition_Module.AllScenarios_CollectionAgencyDispositionModule@3a52dba3]" started-at="2025-02-20T11:29:23 IST" name="setupTest" finished-at="2025-02-20T11:29:23 IST" duration-ms="4" status="PASS">
          <params>
            <param index="0">
              <value>
                <![CDATA[public void CollectionAgencyDisposition_Module.AllScenarios_CollectionAgencyDispositionModule.Truncate_mst_col_agency_acc_allocated_and_delete_data_from_trn_account_followup_where_disposition_date__today() throws java.lang.ClassNotFoundException,java.io.IOException,java.sql.SQLException,java.lang.InterruptedException]]>
              </value>
            </param>
          </params>
          <reporter-output>
          </reporter-output>
        </test-method> <!-- setupTest -->
        <test-method signature="Truncate_mst_col_agency_acc_allocated_and_delete_data_from_trn_account_followup_where_disposition_date__today()[pri:2, instance:CollectionAgencyDisposition_Module.AllScenarios_CollectionAgencyDispositionModule@3a52dba3]" started-at="2025-02-20T11:29:23 IST" name="Truncate_mst_col_agency_acc_allocated_and_delete_data_from_trn_account_followup_where_disposition_date__today" finished-at="2025-02-20T11:29:28 IST" duration-ms="4717" status="PASS">
          <reporter-output>
          </reporter-output>
        </test-method> <!-- Truncate_mst_col_agency_acc_allocated_and_delete_data_from_trn_account_followup_where_disposition_date__today -->
        <test-method is-config="true" signature="takeScreenshotOnFailure(org.testng.ITestResult)[pri:0, instance:CollectionAgencyDisposition_Module.AllScenarios_CollectionAgencyDispositionModule@3a52dba3]" started-at="2025-02-20T11:29:28 IST" name="takeScreenshotOnFailure" finished-at="2025-02-20T11:29:28 IST" duration-ms="1" status="PASS">
          <params>
            <param index="0">
              <value>
                <![CDATA[[TestResult name=Truncate_mst_col_agency_acc_allocated_and_delete_data_from_trn_account_followup_where_disposition_date__today status=SUCCESS method=AllScenarios_CollectionAgencyDispositionModule.Truncate_mst_col_agency_acc_allocated_and_delete_data_from_trn_account_followup_where_disposition_date__today()[pri:2, instance:CollectionAgencyDisposition_Module.AllScenarios_CollectionAgencyDispositionModule@3a52dba3] output={null}]]]>
              </value>
            </param>
          </params>
          <reporter-output>
          </reporter-output>
        </test-method> <!-- takeScreenshotOnFailure -->
        <test-method signature="Allocating_accounts_to_collection_agency(java.util.Map)[pri:3, instance:CollectionAgencyDisposition_Module.AllScenarios_CollectionAgencyDispositionModule@3a52dba3]" started-at="2025-02-20T11:29:29 IST" name="Allocating_accounts_to_collection_agency" data-provider="TestData" finished-at="2025-02-20T11:32:39 IST" duration-ms="190261" status="PASS">
          <params>
            <param index="0">
              <value>
                <![CDATA[{AccountType=Not Allocated, AllocateTo=Call Centre, CommittedAmount=1000000000, Disposition=Meeting, DPDDays=5, DPDDaysOperator==, NextActionDate=21, NextActionOwner=Collection Agency, NPACategory=SUB-STANDARD, OutstandingBalance=25000, OutstandingBalanceOperator==, Region=Mumbai I, Remarks=test, Run=Yes, SelectCallCentre=CallCentre 1, SMACategory=SMA 0 (01-30 Days), SubDisposition=Not able to pay, TestScenario=CollectionAgencyDispositionPage, To=Call Centre}]]>
              </value>
            </param>
          </params>
          <reporter-output>
          </reporter-output>
        </test-method> <!-- Allocating_accounts_to_collection_agency -->
        <test-method is-config="true" signature="setupTest(java.lang.reflect.Method)[pri:0, instance:CollectionAgencyDisposition_Module.AllScenarios_CollectionAgencyDispositionModule@3a52dba3]" started-at="2025-02-20T11:29:29 IST" name="setupTest" finished-at="2025-02-20T11:29:29 IST" duration-ms="0" status="PASS">
          <params>
            <param index="0">
              <value>
                <![CDATA[public void CollectionAgencyDisposition_Module.AllScenarios_CollectionAgencyDispositionModule.Allocating_accounts_to_collection_agency(java.util.Map) throws java.io.IOException,java.lang.InterruptedException]]>
              </value>
            </param>
          </params>
          <reporter-output>
          </reporter-output>
        </test-method> <!-- setupTest -->
        <test-method is-config="true" signature="takeScreenshotOnFailure(org.testng.ITestResult)[pri:0, instance:CollectionAgencyDisposition_Module.AllScenarios_CollectionAgencyDispositionModule@3a52dba3]" started-at="2025-02-20T11:32:39 IST" name="takeScreenshotOnFailure" finished-at="2025-02-20T11:32:39 IST" duration-ms="1" status="PASS">
          <params>
            <param index="0">
              <value>
                <![CDATA[[TestResult name=Allocating_accounts_to_collection_agency status=SUCCESS method=AllScenarios_CollectionAgencyDispositionModule.Allocating_accounts_to_collection_agency(java.util.Map)[pri:3, instance:CollectionAgencyDisposition_Module.AllScenarios_CollectionAgencyDispositionModule@3a52dba3] output={null}]]]>
              </value>
            </param>
          </params>
          <reporter-output>
          </reporter-output>
        </test-method> <!-- takeScreenshotOnFailure -->
        <test-method is-config="true" signature="setupTest(java.lang.reflect.Method)[pri:0, instance:CollectionAgencyDisposition_Module.AllScenarios_CollectionAgencyDispositionModule@3a52dba3]" started-at="2025-02-20T11:32:39 IST" name="setupTest" finished-at="2025-02-20T11:32:39 IST" duration-ms="1" status="PASS">
          <params>
            <param index="0">
              <value>
                <![CDATA[public void CollectionAgencyDisposition_Module.AllScenarios_CollectionAgencyDispositionModule.Fetch_a_not_allocated_account_number_in_selected_collection_agency() throws java.io.IOException,java.lang.InterruptedException,java.lang.ClassNotFoundException,java.sql.SQLException]]>
              </value>
            </param>
          </params>
          <reporter-output>
          </reporter-output>
        </test-method> <!-- setupTest -->
        <test-method signature="Fetch_a_not_allocated_account_number_in_selected_collection_agency()[pri:4, instance:CollectionAgencyDisposition_Module.AllScenarios_CollectionAgencyDispositionModule@3a52dba3]" started-at="2025-02-20T11:32:39 IST" name="Fetch_a_not_allocated_account_number_in_selected_collection_agency" finished-at="2025-02-20T11:32:43 IST" duration-ms="3624" status="PASS">
          <reporter-output>
          </reporter-output>
        </test-method> <!-- Fetch_a_not_allocated_account_number_in_selected_collection_agency -->
        <test-method is-config="true" signature="takeScreenshotOnFailure(org.testng.ITestResult)[pri:0, instance:CollectionAgencyDisposition_Module.AllScenarios_CollectionAgencyDispositionModule@3a52dba3]" started-at="2025-02-20T11:32:43 IST" name="takeScreenshotOnFailure" finished-at="2025-02-20T11:32:43 IST" duration-ms="1" status="PASS">
          <params>
            <param index="0">
              <value>
                <![CDATA[[TestResult name=Fetch_a_not_allocated_account_number_in_selected_collection_agency status=SUCCESS method=AllScenarios_CollectionAgencyDispositionModule.Fetch_a_not_allocated_account_number_in_selected_collection_agency()[pri:4, instance:CollectionAgencyDisposition_Module.AllScenarios_CollectionAgencyDispositionModule@3a52dba3] output={null}]]]>
              </value>
            </param>
          </params>
          <reporter-output>
          </reporter-output>
        </test-method> <!-- takeScreenshotOnFailure -->
        <test-method is-config="true" signature="setupTest(java.lang.reflect.Method)[pri:0, instance:CollectionAgencyDisposition_Module.AllScenarios_CollectionAgencyDispositionModule@3a52dba3]" started-at="2025-02-20T11:32:43 IST" name="setupTest" finished-at="2025-02-20T11:32:43 IST" duration-ms="1" status="PASS">
          <params>
            <param index="0">
              <value>
                <![CDATA[public void CollectionAgencyDisposition_Module.AllScenarios_CollectionAgencyDispositionModule.Login_to_allocated_collection_agency_from_collection_agency_application() throws java.lang.Exception]]>
              </value>
            </param>
          </params>
          <reporter-output>
          </reporter-output>
        </test-method> <!-- setupTest -->
        <test-method signature="Login_to_allocated_collection_agency_from_collection_agency_application()[pri:5, instance:CollectionAgencyDisposition_Module.AllScenarios_CollectionAgencyDispositionModule@3a52dba3]" started-at="2025-02-20T11:32:43 IST" name="Login_to_allocated_collection_agency_from_collection_agency_application" finished-at="2025-02-20T11:33:35 IST" duration-ms="52669" status="PASS">
          <reporter-output>
          </reporter-output>
        </test-method> <!-- Login_to_allocated_collection_agency_from_collection_agency_application -->
        <test-method is-config="true" signature="takeScreenshotOnFailure(org.testng.ITestResult)[pri:0, instance:CollectionAgencyDisposition_Module.AllScenarios_CollectionAgencyDispositionModule@3a52dba3]" started-at="2025-02-20T11:33:35 IST" name="takeScreenshotOnFailure" finished-at="2025-02-20T11:33:35 IST" duration-ms="1" status="PASS">
          <params>
            <param index="0">
              <value>
                <![CDATA[[TestResult name=Login_to_allocated_collection_agency_from_collection_agency_application status=SUCCESS method=AllScenarios_CollectionAgencyDispositionModule.Login_to_allocated_collection_agency_from_collection_agency_application()[pri:5, instance:CollectionAgencyDisposition_Module.AllScenarios_CollectionAgencyDispositionModule@3a52dba3] output={null}]]]>
              </value>
            </param>
          </params>
          <reporter-output>
          </reporter-output>
        </test-method> <!-- takeScreenshotOnFailure -->
        <test-method is-config="true" signature="setupTest(java.lang.reflect.Method)[pri:0, instance:CollectionAgencyDisposition_Module.AllScenarios_CollectionAgencyDispositionModule@3a52dba3]" started-at="2025-02-20T11:33:35 IST" name="setupTest" finished-at="2025-02-20T11:33:35 IST" duration-ms="1" status="PASS">
          <params>
            <param index="0">
              <value>
                <![CDATA[public void CollectionAgencyDisposition_Module.AllScenarios_CollectionAgencyDispositionModule.Doing_Disposition_against_Agency_allocated_accounts() throws java.lang.InterruptedException]]>
              </value>
            </param>
          </params>
          <reporter-output>
          </reporter-output>
        </test-method> <!-- setupTest -->
        <test-method signature="Doing_Disposition_against_Agency_allocated_accounts()[pri:6, instance:CollectionAgencyDisposition_Module.AllScenarios_CollectionAgencyDispositionModule@3a52dba3]" started-at="2025-02-20T11:33:35 IST" name="Doing_Disposition_against_Agency_allocated_accounts" finished-at="2025-02-20T11:34:10 IST" duration-ms="34422" status="PASS">
          <reporter-output>
          </reporter-output>
        </test-method> <!-- Doing_Disposition_against_Agency_allocated_accounts -->
        <test-method is-config="true" signature="takeScreenshotOnFailure(org.testng.ITestResult)[pri:0, instance:CollectionAgencyDisposition_Module.AllScenarios_CollectionAgencyDispositionModule@3a52dba3]" started-at="2025-02-20T11:34:10 IST" name="takeScreenshotOnFailure" finished-at="2025-02-20T11:34:10 IST" duration-ms="0" status="PASS">
          <params>
            <param index="0">
              <value>
                <![CDATA[[TestResult name=Doing_Disposition_against_Agency_allocated_accounts status=SUCCESS method=AllScenarios_CollectionAgencyDispositionModule.Doing_Disposition_against_Agency_allocated_accounts()[pri:6, instance:CollectionAgencyDisposition_Module.AllScenarios_CollectionAgencyDispositionModule@3a52dba3] output={null}]]]>
              </value>
            </param>
          </params>
          <reporter-output>
          </reporter-output>
        </test-method> <!-- takeScreenshotOnFailure -->
        <test-method signature="Customer_Details_Grid_Data_Integrity()[pri:7, instance:CollectionAgencyDisposition_Module.AllScenarios_CollectionAgencyDispositionModule@3a52dba3]" started-at="2025-02-20T11:34:10 IST" name="Customer_Details_Grid_Data_Integrity" finished-at="2025-02-20T11:34:13 IST" duration-ms="3219" status="PASS">
          <reporter-output>
          </reporter-output>
        </test-method> <!-- Customer_Details_Grid_Data_Integrity -->
        <test-method is-config="true" signature="setupTest(java.lang.reflect.Method)[pri:0, instance:CollectionAgencyDisposition_Module.AllScenarios_CollectionAgencyDispositionModule@3a52dba3]" started-at="2025-02-20T11:34:10 IST" name="setupTest" finished-at="2025-02-20T11:34:10 IST" duration-ms="0" status="PASS">
          <params>
            <param index="0">
              <value>
                <![CDATA[public void CollectionAgencyDisposition_Module.AllScenarios_CollectionAgencyDispositionModule.Customer_Details_Grid_Data_Integrity() throws java.lang.InterruptedException]]>
              </value>
            </param>
          </params>
          <reporter-output>
          </reporter-output>
        </test-method> <!-- setupTest -->
        <test-method is-config="true" signature="takeScreenshotOnFailure(org.testng.ITestResult)[pri:0, instance:CollectionAgencyDisposition_Module.AllScenarios_CollectionAgencyDispositionModule@3a52dba3]" started-at="2025-02-20T11:34:13 IST" name="takeScreenshotOnFailure" finished-at="2025-02-20T11:34:13 IST" duration-ms="1" status="PASS">
          <params>
            <param index="0">
              <value>
                <![CDATA[[TestResult name=Customer_Details_Grid_Data_Integrity status=SUCCESS method=AllScenarios_CollectionAgencyDispositionModule.Customer_Details_Grid_Data_Integrity()[pri:7, instance:CollectionAgencyDisposition_Module.AllScenarios_CollectionAgencyDispositionModule@3a52dba3] output={null}]]]>
              </value>
            </param>
          </params>
          <reporter-output>
          </reporter-output>
        </test-method> <!-- takeScreenshotOnFailure -->
        <test-method is-config="true" signature="setupTest(java.lang.reflect.Method)[pri:0, instance:CollectionAgencyDisposition_Module.AllScenarios_CollectionAgencyDispositionModule@3a52dba3]" started-at="2025-02-20T11:34:13 IST" name="setupTest" finished-at="2025-02-20T11:34:13 IST" duration-ms="1" status="PASS">
          <params>
            <param index="0">
              <value>
                <![CDATA[public void CollectionAgencyDisposition_Module.AllScenarios_CollectionAgencyDispositionModule.Risk_Column_Data_Consistency() throws java.lang.InterruptedException]]>
              </value>
            </param>
          </params>
          <reporter-output>
          </reporter-output>
        </test-method> <!-- setupTest -->
        <test-method signature="Risk_Column_Data_Consistency()[pri:8, instance:CollectionAgencyDisposition_Module.AllScenarios_CollectionAgencyDispositionModule@3a52dba3]" started-at="2025-02-20T11:34:13 IST" name="Risk_Column_Data_Consistency" finished-at="2025-02-20T11:34:16 IST" duration-ms="3062" status="PASS">
          <reporter-output>
          </reporter-output>
        </test-method> <!-- Risk_Column_Data_Consistency -->
        <test-method is-config="true" signature="takeScreenshotOnFailure(org.testng.ITestResult)[pri:0, instance:CollectionAgencyDisposition_Module.AllScenarios_CollectionAgencyDispositionModule@3a52dba3]" started-at="2025-02-20T11:34:16 IST" name="takeScreenshotOnFailure" finished-at="2025-02-20T11:34:16 IST" duration-ms="1" status="PASS">
          <params>
            <param index="0">
              <value>
                <![CDATA[[TestResult name=Risk_Column_Data_Consistency status=SUCCESS method=AllScenarios_CollectionAgencyDispositionModule.Risk_Column_Data_Consistency()[pri:8, instance:CollectionAgencyDisposition_Module.AllScenarios_CollectionAgencyDispositionModule@3a52dba3] output={null}]]]>
              </value>
            </param>
          </params>
          <reporter-output>
          </reporter-output>
        </test-method> <!-- takeScreenshotOnFailure -->
        <test-method is-config="true" signature="setupTest(java.lang.reflect.Method)[pri:0, instance:CollectionAgencyDisposition_Module.AllScenarios_CollectionAgencyDispositionModule@3a52dba3]" started-at="2025-02-20T11:34:16 IST" name="setupTest" finished-at="2025-02-20T11:34:16 IST" duration-ms="1" status="PASS">
          <params>
            <param index="0">
              <value>
                <![CDATA[public void CollectionAgencyDisposition_Module.AllScenarios_CollectionAgencyDispositionModule.Security_Details_View_Open_Grid() throws java.lang.InterruptedException]]>
              </value>
            </param>
          </params>
          <reporter-output>
          </reporter-output>
        </test-method> <!-- setupTest -->
        <test-method signature="Security_Details_View_Open_Grid()[pri:9, instance:CollectionAgencyDisposition_Module.AllScenarios_CollectionAgencyDispositionModule@3a52dba3]" started-at="2025-02-20T11:34:16 IST" name="Security_Details_View_Open_Grid" finished-at="2025-02-20T11:34:26 IST" duration-ms="9630" status="PASS">
          <reporter-output>
          </reporter-output>
        </test-method> <!-- Security_Details_View_Open_Grid -->
        <test-method is-config="true" signature="takeScreenshotOnFailure(org.testng.ITestResult)[pri:0, instance:CollectionAgencyDisposition_Module.AllScenarios_CollectionAgencyDispositionModule@3a52dba3]" started-at="2025-02-20T11:34:26 IST" name="takeScreenshotOnFailure" finished-at="2025-02-20T11:34:26 IST" duration-ms="1" status="PASS">
          <params>
            <param index="0">
              <value>
                <![CDATA[[TestResult name=Security_Details_View_Open_Grid status=SUCCESS method=AllScenarios_CollectionAgencyDispositionModule.Security_Details_View_Open_Grid()[pri:9, instance:CollectionAgencyDisposition_Module.AllScenarios_CollectionAgencyDispositionModule@3a52dba3] output={null}]]]>
              </value>
            </param>
          </params>
          <reporter-output>
          </reporter-output>
        </test-method> <!-- takeScreenshotOnFailure -->
        <test-method is-config="true" signature="setupTest(java.lang.reflect.Method)[pri:0, instance:CollectionAgencyDisposition_Module.AllScenarios_CollectionAgencyDispositionModule@3a52dba3]" started-at="2025-02-20T11:34:26 IST" name="setupTest" finished-at="2025-02-20T11:34:26 IST" duration-ms="0" status="PASS">
          <params>
            <param index="0">
              <value>
                <![CDATA[public void CollectionAgencyDisposition_Module.AllScenarios_CollectionAgencyDispositionModule.Next_Action_Owner_Dropdown_Selection(java.util.Map) throws java.lang.InterruptedException]]>
              </value>
            </param>
          </params>
          <reporter-output>
          </reporter-output>
        </test-method> <!-- setupTest -->
        <test-method signature="Next_Action_Owner_Dropdown_Selection(java.util.Map)[pri:10, instance:CollectionAgencyDisposition_Module.AllScenarios_CollectionAgencyDispositionModule@3a52dba3]" started-at="2025-02-20T11:34:26 IST" name="Next_Action_Owner_Dropdown_Selection" data-provider="TestData" finished-at="2025-02-20T11:34:29 IST" duration-ms="3376" status="PASS">
          <params>
            <param index="0">
              <value>
                <![CDATA[{AccountType=Not Allocated, AllocateTo=Call Centre, CommittedAmount=1000000000, Disposition=Meeting, DPDDays=5, DPDDaysOperator==, NextActionDate=21, NextActionOwner=Collection Agency, NPACategory=SUB-STANDARD, OutstandingBalance=25000, OutstandingBalanceOperator==, Region=Mumbai I, Remarks=test, Run=Yes, SelectCallCentre=CallCentre 1, SMACategory=SMA 0 (01-30 Days), SubDisposition=Not able to pay, TestScenario=CollectionAgencyDispositionPage, To=Call Centre}]]>
              </value>
            </param>
          </params>
          <reporter-output>
          </reporter-output>
        </test-method> <!-- Next_Action_Owner_Dropdown_Selection -->
        <test-method is-config="true" signature="takeScreenshotOnFailure(org.testng.ITestResult)[pri:0, instance:CollectionAgencyDisposition_Module.AllScenarios_CollectionAgencyDispositionModule@3a52dba3]" started-at="2025-02-20T11:34:29 IST" name="takeScreenshotOnFailure" finished-at="2025-02-20T11:34:29 IST" duration-ms="1" status="PASS">
          <params>
            <param index="0">
              <value>
                <![CDATA[[TestResult name=Next_Action_Owner_Dropdown_Selection status=SUCCESS method=AllScenarios_CollectionAgencyDispositionModule.Next_Action_Owner_Dropdown_Selection(java.util.Map)[pri:10, instance:CollectionAgencyDisposition_Module.AllScenarios_CollectionAgencyDispositionModule@3a52dba3] output={null}]]]>
              </value>
            </param>
          </params>
          <reporter-output>
          </reporter-output>
        </test-method> <!-- takeScreenshotOnFailure -->
        <test-method is-config="true" signature="setupTest(java.lang.reflect.Method)[pri:0, instance:CollectionAgencyDisposition_Module.AllScenarios_CollectionAgencyDispositionModule@3a52dba3]" started-at="2025-02-20T11:34:29 IST" name="setupTest" finished-at="2025-02-20T11:34:29 IST" duration-ms="1" status="PASS">
          <params>
            <param index="0">
              <value>
                <![CDATA[public void CollectionAgencyDisposition_Module.AllScenarios_CollectionAgencyDispositionModule.Cancel_Button_Functionality_in_Add_New_Interaction_Details(java.util.Map) throws java.lang.InterruptedException]]>
              </value>
            </param>
          </params>
          <reporter-output>
          </reporter-output>
        </test-method> <!-- setupTest -->
        <test-method signature="Cancel_Button_Functionality_in_Add_New_Interaction_Details(java.util.Map)[pri:11, instance:CollectionAgencyDisposition_Module.AllScenarios_CollectionAgencyDispositionModule@3a52dba3]" started-at="2025-02-20T11:34:29 IST" name="Cancel_Button_Functionality_in_Add_New_Interaction_Details" data-provider="TestData" finished-at="2025-02-20T11:34:40 IST" duration-ms="10241" status="PASS">
          <params>
            <param index="0">
              <value>
                <![CDATA[{AccountType=Not Allocated, AllocateTo=Call Centre, CommittedAmount=1000000000, Disposition=Meeting, DPDDays=5, DPDDaysOperator==, NextActionDate=21, NextActionOwner=Collection Agency, NPACategory=SUB-STANDARD, OutstandingBalance=25000, OutstandingBalanceOperator==, Region=Mumbai I, Remarks=test, Run=Yes, SelectCallCentre=CallCentre 1, SMACategory=SMA 0 (01-30 Days), SubDisposition=Not able to pay, TestScenario=CollectionAgencyDispositionPage, To=Call Centre}]]>
              </value>
            </param>
          </params>
          <reporter-output>
          </reporter-output>
        </test-method> <!-- Cancel_Button_Functionality_in_Add_New_Interaction_Details -->
        <test-method is-config="true" signature="takeScreenshotOnFailure(org.testng.ITestResult)[pri:0, instance:CollectionAgencyDisposition_Module.AllScenarios_CollectionAgencyDispositionModule@3a52dba3]" started-at="2025-02-20T11:34:40 IST" name="takeScreenshotOnFailure" finished-at="2025-02-20T11:34:40 IST" duration-ms="1" status="PASS">
          <params>
            <param index="0">
              <value>
                <![CDATA[[TestResult name=Cancel_Button_Functionality_in_Add_New_Interaction_Details status=SUCCESS method=AllScenarios_CollectionAgencyDispositionModule.Cancel_Button_Functionality_in_Add_New_Interaction_Details(java.util.Map)[pri:11, instance:CollectionAgencyDisposition_Module.AllScenarios_CollectionAgencyDispositionModule@3a52dba3] output={null}]]]>
              </value>
            </param>
          </params>
          <reporter-output>
          </reporter-output>
        </test-method> <!-- takeScreenshotOnFailure -->
        <test-method is-config="true" signature="setupTest(java.lang.reflect.Method)[pri:0, instance:CollectionAgencyDisposition_Module.AllScenarios_CollectionAgencyDispositionModule@3a52dba3]" started-at="2025-02-20T11:34:40 IST" name="setupTest" finished-at="2025-02-20T11:34:40 IST" duration-ms="0" status="PASS">
          <params>
            <param index="0">
              <value>
                <![CDATA[public void CollectionAgencyDisposition_Module.AllScenarios_CollectionAgencyDispositionModule.Error_Guessing_Empty_Remarks_Field(java.util.Map) throws java.lang.InterruptedException]]>
              </value>
            </param>
          </params>
          <reporter-output>
          </reporter-output>
        </test-method> <!-- setupTest -->
        <test-method signature="Error_Guessing_Empty_Remarks_Field(java.util.Map)[pri:12, instance:CollectionAgencyDisposition_Module.AllScenarios_CollectionAgencyDispositionModule@3a52dba3]" started-at="2025-02-20T11:34:40 IST" name="Error_Guessing_Empty_Remarks_Field" data-provider="TestData" finished-at="2025-02-20T11:34:57 IST" duration-ms="17010" status="PASS">
          <params>
            <param index="0">
              <value>
                <![CDATA[{AccountType=Not Allocated, AllocateTo=Call Centre, CommittedAmount=1000000000, Disposition=Meeting, DPDDays=5, DPDDaysOperator==, NextActionDate=21, NextActionOwner=Collection Agency, NPACategory=SUB-STANDARD, OutstandingBalance=25000, OutstandingBalanceOperator==, Region=Mumbai I, Remarks=test, Run=Yes, SelectCallCentre=CallCentre 1, SMACategory=SMA 0 (01-30 Days), SubDisposition=Not able to pay, TestScenario=CollectionAgencyDispositionPage, To=Call Centre}]]>
              </value>
            </param>
          </params>
          <reporter-output>
          </reporter-output>
        </test-method> <!-- Error_Guessing_Empty_Remarks_Field -->
        <test-method is-config="true" signature="takeScreenshotOnFailure(org.testng.ITestResult)[pri:0, instance:CollectionAgencyDisposition_Module.AllScenarios_CollectionAgencyDispositionModule@3a52dba3]" started-at="2025-02-20T11:34:57 IST" name="takeScreenshotOnFailure" finished-at="2025-02-20T11:34:57 IST" duration-ms="1" status="PASS">
          <params>
            <param index="0">
              <value>
                <![CDATA[[TestResult name=Error_Guessing_Empty_Remarks_Field status=SUCCESS method=AllScenarios_CollectionAgencyDispositionModule.Error_Guessing_Empty_Remarks_Field(java.util.Map)[pri:12, instance:CollectionAgencyDisposition_Module.AllScenarios_CollectionAgencyDispositionModule@3a52dba3] output={null}]]]>
              </value>
            </param>
          </params>
          <reporter-output>
          </reporter-output>
        </test-method> <!-- takeScreenshotOnFailure -->
        <test-method is-config="true" signature="setupTest(java.lang.reflect.Method)[pri:0, instance:CollectionAgencyDisposition_Module.AllScenarios_CollectionAgencyDispositionModule@3a52dba3]" started-at="2025-02-20T11:34:57 IST" name="setupTest" finished-at="2025-02-20T11:34:57 IST" duration-ms="1" status="PASS">
          <params>
            <param index="0">
              <value>
                <![CDATA[public void CollectionAgencyDisposition_Module.AllScenarios_CollectionAgencyDispositionModule.Committed_Amount_Field_BVA_Validations(java.util.Map) throws java.lang.InterruptedException]]>
              </value>
            </param>
          </params>
          <reporter-output>
          </reporter-output>
        </test-method> <!-- setupTest -->
        <test-method signature="Committed_Amount_Field_BVA_Validations(java.util.Map)[pri:13, instance:CollectionAgencyDisposition_Module.AllScenarios_CollectionAgencyDispositionModule@3a52dba3]" started-at="2025-02-20T11:34:57 IST" name="Committed_Amount_Field_BVA_Validations" data-provider="TestData" finished-at="2025-02-20T11:35:02 IST" duration-ms="5172" status="PASS">
          <params>
            <param index="0">
              <value>
                <![CDATA[{AccountType=Not Allocated, AllocateTo=Call Centre, CommittedAmount=1000000000, Disposition=Meeting, DPDDays=5, DPDDaysOperator==, NextActionDate=21, NextActionOwner=Collection Agency, NPACategory=SUB-STANDARD, OutstandingBalance=25000, OutstandingBalanceOperator==, Region=Mumbai I, Remarks=test, Run=Yes, SelectCallCentre=CallCentre 1, SMACategory=SMA 0 (01-30 Days), SubDisposition=Not able to pay, TestScenario=CollectionAgencyDispositionPage, To=Call Centre}]]>
              </value>
            </param>
          </params>
          <reporter-output>
          </reporter-output>
        </test-method> <!-- Committed_Amount_Field_BVA_Validations -->
        <test-method signature="Customer_Details_Data_Accuracy()[pri:14, instance:CollectionAgencyDisposition_Module.AllScenarios_CollectionAgencyDispositionModule@3a52dba3]" started-at="2025-02-20T11:35:02 IST" name="Customer_Details_Data_Accuracy" finished-at="2025-02-20T11:35:10 IST" duration-ms="8385" status="PASS">
          <reporter-output>
          </reporter-output>
        </test-method> <!-- Customer_Details_Data_Accuracy -->
        <test-method is-config="true" signature="takeScreenshotOnFailure(org.testng.ITestResult)[pri:0, instance:CollectionAgencyDisposition_Module.AllScenarios_CollectionAgencyDispositionModule@3a52dba3]" started-at="2025-02-20T11:35:02 IST" name="takeScreenshotOnFailure" finished-at="2025-02-20T11:35:02 IST" duration-ms="0" status="PASS">
          <params>
            <param index="0">
              <value>
                <![CDATA[[TestResult name=Committed_Amount_Field_BVA_Validations status=SUCCESS method=AllScenarios_CollectionAgencyDispositionModule.Committed_Amount_Field_BVA_Validations(java.util.Map)[pri:13, instance:CollectionAgencyDisposition_Module.AllScenarios_CollectionAgencyDispositionModule@3a52dba3] output={null}]]]>
              </value>
            </param>
          </params>
          <reporter-output>
          </reporter-output>
        </test-method> <!-- takeScreenshotOnFailure -->
        <test-method is-config="true" signature="setupTest(java.lang.reflect.Method)[pri:0, instance:CollectionAgencyDisposition_Module.AllScenarios_CollectionAgencyDispositionModule@3a52dba3]" started-at="2025-02-20T11:35:02 IST" name="setupTest" finished-at="2025-02-20T11:35:02 IST" duration-ms="0" status="PASS">
          <params>
            <param index="0">
              <value>
                <![CDATA[public void CollectionAgencyDisposition_Module.AllScenarios_CollectionAgencyDispositionModule.Customer_Details_Data_Accuracy() throws java.lang.InterruptedException]]>
              </value>
            </param>
          </params>
          <reporter-output>
          </reporter-output>
        </test-method> <!-- setupTest -->
        <test-method is-config="true" signature="takeScreenshotOnFailure(org.testng.ITestResult)[pri:0, instance:CollectionAgencyDisposition_Module.AllScenarios_CollectionAgencyDispositionModule@3a52dba3]" started-at="2025-02-20T11:35:10 IST" name="takeScreenshotOnFailure" finished-at="2025-02-20T11:35:10 IST" duration-ms="0" status="PASS">
          <params>
            <param index="0">
              <value>
                <![CDATA[[TestResult name=Customer_Details_Data_Accuracy status=SUCCESS method=AllScenarios_CollectionAgencyDispositionModule.Customer_Details_Data_Accuracy()[pri:14, instance:CollectionAgencyDisposition_Module.AllScenarios_CollectionAgencyDispositionModule@3a52dba3] output={null}]]]>
              </value>
            </param>
          </params>
          <reporter-output>
          </reporter-output>
        </test-method> <!-- takeScreenshotOnFailure -->
        <test-method is-config="true" signature="setupTest(java.lang.reflect.Method)[pri:0, instance:CollectionAgencyDisposition_Module.AllScenarios_CollectionAgencyDispositionModule@3a52dba3]" started-at="2025-02-20T11:35:10 IST" name="setupTest" finished-at="2025-02-20T11:35:10 IST" duration-ms="1" status="PASS">
          <params>
            <param index="0">
              <value>
                <![CDATA[public void CollectionAgencyDisposition_Module.AllScenarios_CollectionAgencyDispositionModule.Other_Account_Details_Grid_Validation() throws java.lang.InterruptedException]]>
              </value>
            </param>
          </params>
          <reporter-output>
          </reporter-output>
        </test-method> <!-- setupTest -->
        <test-method signature="Other_Account_Details_Grid_Validation()[pri:15, instance:CollectionAgencyDisposition_Module.AllScenarios_CollectionAgencyDispositionModule@3a52dba3]" started-at="2025-02-20T11:35:10 IST" name="Other_Account_Details_Grid_Validation" finished-at="2025-02-20T11:35:19 IST" duration-ms="8229" status="PASS">
          <reporter-output>
          </reporter-output>
        </test-method> <!-- Other_Account_Details_Grid_Validation -->
        <test-method is-config="true" signature="takeScreenshotOnFailure(org.testng.ITestResult)[pri:0, instance:CollectionAgencyDisposition_Module.AllScenarios_CollectionAgencyDispositionModule@3a52dba3]" started-at="2025-02-20T11:35:19 IST" name="takeScreenshotOnFailure" finished-at="2025-02-20T11:35:19 IST" duration-ms="1" status="PASS">
          <params>
            <param index="0">
              <value>
                <![CDATA[[TestResult name=Other_Account_Details_Grid_Validation status=SUCCESS method=AllScenarios_CollectionAgencyDispositionModule.Other_Account_Details_Grid_Validation()[pri:15, instance:CollectionAgencyDisposition_Module.AllScenarios_CollectionAgencyDispositionModule@3a52dba3] output={null}]]]>
              </value>
            </param>
          </params>
          <reporter-output>
          </reporter-output>
        </test-method> <!-- takeScreenshotOnFailure -->
        <test-method is-config="true" signature="setupTest(java.lang.reflect.Method)[pri:0, instance:CollectionAgencyDisposition_Module.AllScenarios_CollectionAgencyDispositionModule@3a52dba3]" started-at="2025-02-20T11:35:19 IST" name="setupTest" finished-at="2025-02-20T11:35:19 IST" duration-ms="2" status="PASS">
          <params>
            <param index="0">
              <value>
                <![CDATA[public void CollectionAgencyDisposition_Module.AllScenarios_CollectionAgencyDispositionModule.Disposition_and_Sub_Disposition_Valid_Selections(java.util.Map) throws java.lang.InterruptedException]]>
              </value>
            </param>
          </params>
          <reporter-output>
          </reporter-output>
        </test-method> <!-- setupTest -->
        <test-method signature="Disposition_and_Sub_Disposition_Valid_Selections(java.util.Map)[pri:16, instance:CollectionAgencyDisposition_Module.AllScenarios_CollectionAgencyDispositionModule@3a52dba3]" started-at="2025-02-20T11:35:19 IST" name="Disposition_and_Sub_Disposition_Valid_Selections" data-provider="TestData" finished-at="2025-02-20T11:35:36 IST" duration-ms="16911" status="PASS">
          <params>
            <param index="0">
              <value>
                <![CDATA[{AccountType=Not Allocated, AllocateTo=Call Centre, CommittedAmount=1000000000, Disposition=Meeting, DPDDays=5, DPDDaysOperator==, NextActionDate=21, NextActionOwner=Collection Agency, NPACategory=SUB-STANDARD, OutstandingBalance=25000, OutstandingBalanceOperator==, Region=Mumbai I, Remarks=test, Run=Yes, SelectCallCentre=CallCentre 1, SMACategory=SMA 0 (01-30 Days), SubDisposition=Not able to pay, TestScenario=CollectionAgencyDispositionPage, To=Call Centre}]]>
              </value>
            </param>
          </params>
          <reporter-output>
          </reporter-output>
        </test-method> <!-- Disposition_and_Sub_Disposition_Valid_Selections -->
        <test-method is-config="true" signature="takeScreenshotOnFailure(org.testng.ITestResult)[pri:0, instance:CollectionAgencyDisposition_Module.AllScenarios_CollectionAgencyDispositionModule@3a52dba3]" started-at="2025-02-20T11:35:36 IST" name="takeScreenshotOnFailure" finished-at="2025-02-20T11:35:36 IST" duration-ms="1" status="PASS">
          <params>
            <param index="0">
              <value>
                <![CDATA[[TestResult name=Disposition_and_Sub_Disposition_Valid_Selections status=SUCCESS method=AllScenarios_CollectionAgencyDispositionModule.Disposition_and_Sub_Disposition_Valid_Selections(java.util.Map)[pri:16, instance:CollectionAgencyDisposition_Module.AllScenarios_CollectionAgencyDispositionModule@3a52dba3] output={null}]]]>
              </value>
            </param>
          </params>
          <reporter-output>
          </reporter-output>
        </test-method> <!-- takeScreenshotOnFailure -->
        <test-method is-config="true" signature="setupTest(java.lang.reflect.Method)[pri:0, instance:CollectionAgencyDisposition_Module.AllScenarios_CollectionAgencyDispositionModule@3a52dba3]" started-at="2025-02-20T11:35:36 IST" name="setupTest" finished-at="2025-02-20T11:35:36 IST" duration-ms="2" status="PASS">
          <params>
            <param index="0">
              <value>
                <![CDATA[public void CollectionAgencyDisposition_Module.AllScenarios_CollectionAgencyDispositionModule.Search_Functionality_Invalid_Input() throws java.lang.InterruptedException]]>
              </value>
            </param>
          </params>
          <reporter-output>
          </reporter-output>
        </test-method> <!-- setupTest -->
        <test-method signature="Search_Functionality_Invalid_Input()[pri:17, instance:CollectionAgencyDisposition_Module.AllScenarios_CollectionAgencyDispositionModule@3a52dba3]" started-at="2025-02-20T11:35:36 IST" name="Search_Functionality_Invalid_Input" finished-at="2025-02-20T11:37:47 IST" duration-ms="131604" status="PASS">
          <reporter-output>
          </reporter-output>
        </test-method> <!-- Search_Functionality_Invalid_Input -->
        <test-method is-config="true" signature="takeScreenshotOnFailure(org.testng.ITestResult)[pri:0, instance:CollectionAgencyDisposition_Module.AllScenarios_CollectionAgencyDispositionModule@3a52dba3]" started-at="2025-02-20T11:37:47 IST" name="takeScreenshotOnFailure" finished-at="2025-02-20T11:37:47 IST" duration-ms="2" status="PASS">
          <params>
            <param index="0">
              <value>
                <![CDATA[[TestResult name=Search_Functionality_Invalid_Input status=SUCCESS method=AllScenarios_CollectionAgencyDispositionModule.Search_Functionality_Invalid_Input()[pri:17, instance:CollectionAgencyDisposition_Module.AllScenarios_CollectionAgencyDispositionModule@3a52dba3] output={null}]]]>
              </value>
            </param>
          </params>
          <reporter-output>
          </reporter-output>
        </test-method> <!-- takeScreenshotOnFailure -->
        <test-method is-config="true" signature="afterEachTest()[pri:0, instance:CollectionAgencyDisposition_Module.AllScenarios_CollectionAgencyDispositionModule@3a52dba3]" started-at="2025-02-20T11:37:47 IST" name="afterEachTest" finished-at="2025-02-20T11:37:49 IST" duration-ms="1559" status="PASS">
          <reporter-output>
          </reporter-output>
        </test-method> <!-- afterEachTest -->
      </class> <!-- CollectionAgencyDisposition_Module.AllScenarios_CollectionAgencyDispositionModule -->
    </test> <!-- Default test -->
  </suite> <!-- Default suite -->
</testng-results>
