<?xml version="1.0" encoding="UTF-8"?>
<testng-results ignored="0" total="11" passed="11" failed="0" skipped="0">
  <reporter-output>
  </reporter-output>
  <suite started-at="2025-03-09T20:07:08 IST" name="Default suite" finished-at="2025-03-09T20:14:59 IST" duration-ms="470668">
    <groups>
    </groups>
    <test started-at="2025-03-09T20:07:08 IST" name="Default test" finished-at="2025-03-09T20:14:59 IST" duration-ms="470668">
      <class name="core.Configurations.CollectionOfficerConfig_TestClass">
        <test-method is-config="true" signature="SetUp()[pri:0, instance:core.Configurations.CollectionOfficerConfig_TestClass@1ce24091]" started-at="2025-03-09T20:07:08 IST" name="SetUp" finished-at="2025-03-09T20:08:55 IST" duration-ms="107182" status="PASS">
          <reporter-output>
          </reporter-output>
        </test-method> <!-- SetUp -->
        <test-method is-config="true" signature="setupTest(java.lang.reflect.Method)[pri:0, instance:core.Configurations.CollectionOfficerConfig_TestClass@1ce24091]" started-at="2025-03-09T20:08:55 IST" name="setupTest" finished-at="2025-03-09T20:08:55 IST" duration-ms="147" status="PASS">
          <params>
            <param index="0">
              <value>
                <![CDATA[public void core.Configurations.CollectionOfficerConfig_TestClass.Add_core_users_to_mst_employee_table() throws java.lang.InterruptedException]]>
              </value>
            </param>
          </params>
          <reporter-output>
          </reporter-output>
        </test-method> <!-- setupTest -->
        <test-method signature="Add_core_users_to_mst_employee_table()[pri:1, instance:core.Configurations.CollectionOfficerConfig_TestClass@1ce24091]" started-at="2025-03-09T20:08:55 IST" name="Add_core_users_to_mst_employee_table" finished-at="2025-03-09T20:08:59 IST" duration-ms="3673" status="PASS">
          <reporter-output>
          </reporter-output>
        </test-method> <!-- Add_core_users_to_mst_employee_table -->
        <test-method is-config="true" signature="takeScreenshotOnFailure(org.testng.ITestResult)[pri:0, instance:core.Configurations.CollectionOfficerConfig_TestClass@1ce24091]" started-at="2025-03-09T20:08:59 IST" name="takeScreenshotOnFailure" finished-at="2025-03-09T20:08:59 IST" duration-ms="3" status="PASS">
          <params>
            <param index="0">
              <value>
                <![CDATA[[TestResult name=Add_core_users_to_mst_employee_table status=SUCCESS method=CollectionOfficerConfig_TestClass.Add_core_users_to_mst_employee_table()[pri:1, instance:core.Configurations.CollectionOfficerConfig_TestClass@1ce24091] output={null}]]]>
              </value>
            </param>
          </params>
          <reporter-output>
          </reporter-output>
        </test-method> <!-- takeScreenshotOnFailure -->
        <test-method is-config="true" signature="setupTest(java.lang.reflect.Method)[pri:0, instance:core.Configurations.CollectionOfficerConfig_TestClass@1ce24091]" started-at="2025-03-09T20:08:59 IST" name="setupTest" finished-at="2025-03-09T20:08:59 IST" duration-ms="1" status="PASS">
          <params>
            <param index="0">
              <value>
                <![CDATA[public void core.Configurations.CollectionOfficerConfig_TestClass.Test_Collection_Officer_Configurations_Page_Basic_Accessibility() throws java.lang.InterruptedException]]>
              </value>
            </param>
          </params>
          <reporter-output>
          </reporter-output>
        </test-method> <!-- setupTest -->
        <test-method signature="Test_Collection_Officer_Configurations_Page_Basic_Accessibility()[pri:2, instance:core.Configurations.CollectionOfficerConfig_TestClass@1ce24091]" started-at="2025-03-09T20:08:59 IST" name="Test_Collection_Officer_Configurations_Page_Basic_Accessibility" finished-at="2025-03-09T20:09:15 IST" duration-ms="16232" status="PASS">
          <reporter-output>
          </reporter-output>
        </test-method> <!-- Test_Collection_Officer_Configurations_Page_Basic_Accessibility -->
        <test-method is-config="true" signature="takeScreenshotOnFailure(org.testng.ITestResult)[pri:0, instance:core.Configurations.CollectionOfficerConfig_TestClass@1ce24091]" started-at="2025-03-09T20:09:15 IST" name="takeScreenshotOnFailure" finished-at="2025-03-09T20:09:15 IST" duration-ms="0" status="PASS">
          <params>
            <param index="0">
              <value>
                <![CDATA[[TestResult name=Test_Collection_Officer_Configurations_Page_Basic_Accessibility status=SUCCESS method=CollectionOfficerConfig_TestClass.Test_Collection_Officer_Configurations_Page_Basic_Accessibility()[pri:2, instance:core.Configurations.CollectionOfficerConfig_TestClass@1ce24091] output={null}]]]>
              </value>
            </param>
          </params>
          <reporter-output>
          </reporter-output>
        </test-method> <!-- takeScreenshotOnFailure -->
        <test-method signature="Test_Collection_Officer_Configurations_Page_Parameters()[pri:3, instance:core.Configurations.CollectionOfficerConfig_TestClass@1ce24091]" started-at="2025-03-09T20:09:15 IST" name="Test_Collection_Officer_Configurations_Page_Parameters" finished-at="2025-03-09T20:09:32 IST" duration-ms="16549" status="PASS">
          <reporter-output>
          </reporter-output>
        </test-method> <!-- Test_Collection_Officer_Configurations_Page_Parameters -->
        <test-method is-config="true" signature="setupTest(java.lang.reflect.Method)[pri:0, instance:core.Configurations.CollectionOfficerConfig_TestClass@1ce24091]" started-at="2025-03-09T20:09:15 IST" name="setupTest" finished-at="2025-03-09T20:09:15 IST" duration-ms="0" status="PASS">
          <params>
            <param index="0">
              <value>
                <![CDATA[public void core.Configurations.CollectionOfficerConfig_TestClass.Test_Collection_Officer_Configurations_Page_Parameters() throws java.lang.InterruptedException]]>
              </value>
            </param>
          </params>
          <reporter-output>
          </reporter-output>
        </test-method> <!-- setupTest -->
        <test-method is-config="true" signature="takeScreenshotOnFailure(org.testng.ITestResult)[pri:0, instance:core.Configurations.CollectionOfficerConfig_TestClass@1ce24091]" started-at="2025-03-09T20:09:32 IST" name="takeScreenshotOnFailure" finished-at="2025-03-09T20:09:32 IST" duration-ms="1" status="PASS">
          <params>
            <param index="0">
              <value>
                <![CDATA[[TestResult name=Test_Collection_Officer_Configurations_Page_Parameters status=SUCCESS method=CollectionOfficerConfig_TestClass.Test_Collection_Officer_Configurations_Page_Parameters()[pri:3, instance:core.Configurations.CollectionOfficerConfig_TestClass@1ce24091] output={null}]]]>
              </value>
            </param>
          </params>
          <reporter-output>
          </reporter-output>
        </test-method> <!-- takeScreenshotOnFailure -->
        <test-method is-config="true" signature="setupTest(java.lang.reflect.Method)[pri:0, instance:core.Configurations.CollectionOfficerConfig_TestClass@1ce24091]" started-at="2025-03-09T20:09:32 IST" name="setupTest" finished-at="2025-03-09T20:09:32 IST" duration-ms="2" status="PASS">
          <params>
            <param index="0">
              <value>
                <![CDATA[public void core.Configurations.CollectionOfficerConfig_TestClass.Test_Search_Functionality() throws java.lang.InterruptedException]]>
              </value>
            </param>
          </params>
          <reporter-output>
          </reporter-output>
        </test-method> <!-- setupTest -->
        <test-method signature="Test_Search_Functionality()[pri:4, instance:core.Configurations.CollectionOfficerConfig_TestClass@1ce24091]" started-at="2025-03-09T20:09:32 IST" name="Test_Search_Functionality" finished-at="2025-03-09T20:10:16 IST" duration-ms="44522" status="PASS">
          <reporter-output>
          </reporter-output>
        </test-method> <!-- Test_Search_Functionality -->
        <test-method is-config="true" signature="takeScreenshotOnFailure(org.testng.ITestResult)[pri:0, instance:core.Configurations.CollectionOfficerConfig_TestClass@1ce24091]" started-at="2025-03-09T20:10:16 IST" name="takeScreenshotOnFailure" finished-at="2025-03-09T20:10:16 IST" duration-ms="1" status="PASS">
          <params>
            <param index="0">
              <value>
                <![CDATA[[TestResult name=Test_Search_Functionality status=SUCCESS method=CollectionOfficerConfig_TestClass.Test_Search_Functionality()[pri:4, instance:core.Configurations.CollectionOfficerConfig_TestClass@1ce24091] output={null}]]]>
              </value>
            </param>
          </params>
          <reporter-output>
          </reporter-output>
        </test-method> <!-- takeScreenshotOnFailure -->
        <test-method is-config="true" signature="setupTest(java.lang.reflect.Method)[pri:0, instance:core.Configurations.CollectionOfficerConfig_TestClass@1ce24091]" started-at="2025-03-09T20:10:16 IST" name="setupTest" finished-at="2025-03-09T20:10:16 IST" duration-ms="1" status="PASS">
          <params>
            <param index="0">
              <value>
                <![CDATA[public void core.Configurations.CollectionOfficerConfig_TestClass.Test_Save_Configurations_Functionality() throws java.lang.ClassNotFoundException,java.sql.SQLException,java.io.IOException,java.lang.InterruptedException]]>
              </value>
            </param>
          </params>
          <reporter-output>
          </reporter-output>
        </test-method> <!-- setupTest -->
        <test-method signature="Test_Save_Configurations_Functionality()[pri:5, instance:core.Configurations.CollectionOfficerConfig_TestClass@1ce24091]" started-at="2025-03-09T20:10:16 IST" name="Test_Save_Configurations_Functionality" finished-at="2025-03-09T20:10:36 IST" duration-ms="19551" status="PASS">
          <reporter-output>
          </reporter-output>
        </test-method> <!-- Test_Save_Configurations_Functionality -->
        <test-method is-config="true" signature="takeScreenshotOnFailure(org.testng.ITestResult)[pri:0, instance:core.Configurations.CollectionOfficerConfig_TestClass@1ce24091]" started-at="2025-03-09T20:10:36 IST" name="takeScreenshotOnFailure" finished-at="2025-03-09T20:10:36 IST" duration-ms="1" status="PASS">
          <params>
            <param index="0">
              <value>
                <![CDATA[[TestResult name=Test_Save_Configurations_Functionality status=SUCCESS method=CollectionOfficerConfig_TestClass.Test_Save_Configurations_Functionality()[pri:5, instance:core.Configurations.CollectionOfficerConfig_TestClass@1ce24091] output={null}]]]>
              </value>
            </param>
          </params>
          <reporter-output>
          </reporter-output>
        </test-method> <!-- takeScreenshotOnFailure -->
        <test-method is-config="true" signature="setupTest(java.lang.reflect.Method)[pri:0, instance:core.Configurations.CollectionOfficerConfig_TestClass@1ce24091]" started-at="2025-03-09T20:10:36 IST" name="setupTest" finished-at="2025-03-09T20:10:36 IST" duration-ms="0" status="PASS">
          <params>
            <param index="0">
              <value>
                <![CDATA[public void core.Configurations.CollectionOfficerConfig_TestClass.Test_Excel_Download_Functionality() throws java.lang.InterruptedException,java.io.IOException]]>
              </value>
            </param>
          </params>
          <reporter-output>
          </reporter-output>
        </test-method> <!-- setupTest -->
        <test-method signature="Test_Excel_Download_Functionality()[pri:6, instance:core.Configurations.CollectionOfficerConfig_TestClass@1ce24091]" started-at="2025-03-09T20:10:36 IST" name="Test_Excel_Download_Functionality" finished-at="2025-03-09T20:10:54 IST" duration-ms="17904" status="PASS">
          <reporter-output>
          </reporter-output>
        </test-method> <!-- Test_Excel_Download_Functionality -->
        <test-method is-config="true" signature="takeScreenshotOnFailure(org.testng.ITestResult)[pri:0, instance:core.Configurations.CollectionOfficerConfig_TestClass@1ce24091]" started-at="2025-03-09T20:10:54 IST" name="takeScreenshotOnFailure" finished-at="2025-03-09T20:10:54 IST" duration-ms="0" status="PASS">
          <params>
            <param index="0">
              <value>
                <![CDATA[[TestResult name=Test_Excel_Download_Functionality status=SUCCESS method=CollectionOfficerConfig_TestClass.Test_Excel_Download_Functionality()[pri:6, instance:core.Configurations.CollectionOfficerConfig_TestClass@1ce24091] output={null}]]]>
              </value>
            </param>
          </params>
          <reporter-output>
          </reporter-output>
        </test-method> <!-- takeScreenshotOnFailure -->
        <test-method is-config="true" signature="setupTest(java.lang.reflect.Method)[pri:0, instance:core.Configurations.CollectionOfficerConfig_TestClass@1ce24091]" started-at="2025-03-09T20:10:54 IST" name="setupTest" finished-at="2025-03-09T20:10:54 IST" duration-ms="1" status="PASS">
          <params>
            <param index="0">
              <value>
                <![CDATA[public void core.Configurations.CollectionOfficerConfig_TestClass.Test_Failed_Save_Configurations_without_Selections() throws java.lang.InterruptedException]]>
              </value>
            </param>
          </params>
          <reporter-output>
          </reporter-output>
        </test-method> <!-- setupTest -->
        <test-method signature="Test_Failed_Save_Configurations_without_Selections()[pri:7, instance:core.Configurations.CollectionOfficerConfig_TestClass@1ce24091]" started-at="2025-03-09T20:10:54 IST" name="Test_Failed_Save_Configurations_without_Selections" finished-at="2025-03-09T20:10:57 IST" duration-ms="3144" status="PASS">
          <reporter-output>
          </reporter-output>
        </test-method> <!-- Test_Failed_Save_Configurations_without_Selections -->
        <test-method is-config="true" signature="takeScreenshotOnFailure(org.testng.ITestResult)[pri:0, instance:core.Configurations.CollectionOfficerConfig_TestClass@1ce24091]" started-at="2025-03-09T20:10:57 IST" name="takeScreenshotOnFailure" finished-at="2025-03-09T20:10:57 IST" duration-ms="0" status="PASS">
          <params>
            <param index="0">
              <value>
                <![CDATA[[TestResult name=Test_Failed_Save_Configurations_without_Selections status=SUCCESS method=CollectionOfficerConfig_TestClass.Test_Failed_Save_Configurations_without_Selections()[pri:7, instance:core.Configurations.CollectionOfficerConfig_TestClass@1ce24091] output={null}]]]>
              </value>
            </param>
          </params>
          <reporter-output>
          </reporter-output>
        </test-method> <!-- takeScreenshotOnFailure -->
        <test-method is-config="true" signature="setupTest(java.lang.reflect.Method)[pri:0, instance:core.Configurations.CollectionOfficerConfig_TestClass@1ce24091]" started-at="2025-03-09T20:10:57 IST" name="setupTest" finished-at="2025-03-09T20:10:57 IST" duration-ms="2" status="PASS">
          <params>
            <param index="0">
              <value>
                <![CDATA[public void core.Configurations.CollectionOfficerConfig_TestClass.Test_Reset_Functionality() throws java.lang.InterruptedException]]>
              </value>
            </param>
          </params>
          <reporter-output>
          </reporter-output>
        </test-method> <!-- setupTest -->
        <test-method signature="Test_Reset_Functionality()[pri:8, instance:core.Configurations.CollectionOfficerConfig_TestClass@1ce24091]" started-at="2025-03-09T20:10:57 IST" name="Test_Reset_Functionality" finished-at="2025-03-09T20:11:13 IST" duration-ms="15736" status="PASS">
          <reporter-output>
          </reporter-output>
        </test-method> <!-- Test_Reset_Functionality -->
        <test-method is-config="true" signature="takeScreenshotOnFailure(org.testng.ITestResult)[pri:0, instance:core.Configurations.CollectionOfficerConfig_TestClass@1ce24091]" started-at="2025-03-09T20:11:13 IST" name="takeScreenshotOnFailure" finished-at="2025-03-09T20:11:13 IST" duration-ms="1" status="PASS">
          <params>
            <param index="0">
              <value>
                <![CDATA[[TestResult name=Test_Reset_Functionality status=SUCCESS method=CollectionOfficerConfig_TestClass.Test_Reset_Functionality()[pri:8, instance:core.Configurations.CollectionOfficerConfig_TestClass@1ce24091] output={null}]]]>
              </value>
            </param>
          </params>
          <reporter-output>
          </reporter-output>
        </test-method> <!-- takeScreenshotOnFailure -->
        <test-method is-config="true" signature="setupTest(java.lang.reflect.Method)[pri:0, instance:core.Configurations.CollectionOfficerConfig_TestClass@1ce24091]" started-at="2025-03-09T20:11:13 IST" name="setupTest" finished-at="2025-03-09T20:11:13 IST" duration-ms="1" status="PASS">
          <params>
            <param index="0">
              <value>
                <![CDATA[public void core.Configurations.CollectionOfficerConfig_TestClass.Verify_My_Desk_Unassigned_accounts_Tile() throws java.lang.InterruptedException]]>
              </value>
            </param>
          </params>
          <reporter-output>
          </reporter-output>
        </test-method> <!-- setupTest -->
        <test-method signature="Verify_My_Desk_Unassigned_accounts_Tile()[pri:9, instance:core.Configurations.CollectionOfficerConfig_TestClass@1ce24091]" started-at="2025-03-09T20:11:13 IST" name="Verify_My_Desk_Unassigned_accounts_Tile" finished-at="2025-03-09T20:12:19 IST" duration-ms="65838" status="PASS">
          <reporter-output>
          </reporter-output>
        </test-method> <!-- Verify_My_Desk_Unassigned_accounts_Tile -->
        <test-method is-config="true" signature="takeScreenshotOnFailure(org.testng.ITestResult)[pri:0, instance:core.Configurations.CollectionOfficerConfig_TestClass@1ce24091]" started-at="2025-03-09T20:12:19 IST" name="takeScreenshotOnFailure" finished-at="2025-03-09T20:12:19 IST" duration-ms="1" status="PASS">
          <params>
            <param index="0">
              <value>
                <![CDATA[[TestResult name=Verify_My_Desk_Unassigned_accounts_Tile status=SUCCESS method=CollectionOfficerConfig_TestClass.Verify_My_Desk_Unassigned_accounts_Tile()[pri:9, instance:core.Configurations.CollectionOfficerConfig_TestClass@1ce24091] output={null}]]]>
              </value>
            </param>
          </params>
          <reporter-output>
          </reporter-output>
        </test-method> <!-- takeScreenshotOnFailure -->
        <test-method is-config="true" signature="setupTest(java.lang.reflect.Method)[pri:0, instance:core.Configurations.CollectionOfficerConfig_TestClass@1ce24091]" started-at="2025-03-09T20:12:19 IST" name="setupTest" finished-at="2025-03-09T20:12:19 IST" duration-ms="1" status="PASS">
          <params>
            <param index="0">
              <value>
                <![CDATA[public void core.Configurations.CollectionOfficerConfig_TestClass.Verify_My_Desk_Branch_Attention_Required_Tile() throws java.lang.InterruptedException]]>
              </value>
            </param>
          </params>
          <reporter-output>
          </reporter-output>
        </test-method> <!-- setupTest -->
        <test-method signature="Verify_My_Desk_Branch_Attention_Required_Tile()[pri:10, instance:core.Configurations.CollectionOfficerConfig_TestClass@1ce24091]" started-at="2025-03-09T20:12:19 IST" name="Verify_My_Desk_Branch_Attention_Required_Tile" finished-at="2025-03-09T20:13:12 IST" duration-ms="52985" status="PASS">
          <reporter-output>
          </reporter-output>
        </test-method> <!-- Verify_My_Desk_Branch_Attention_Required_Tile -->
        <test-method is-config="true" signature="takeScreenshotOnFailure(org.testng.ITestResult)[pri:0, instance:core.Configurations.CollectionOfficerConfig_TestClass@1ce24091]" started-at="2025-03-09T20:13:12 IST" name="takeScreenshotOnFailure" finished-at="2025-03-09T20:13:12 IST" duration-ms="1" status="PASS">
          <params>
            <param index="0">
              <value>
                <![CDATA[[TestResult name=Verify_My_Desk_Branch_Attention_Required_Tile status=SUCCESS method=CollectionOfficerConfig_TestClass.Verify_My_Desk_Branch_Attention_Required_Tile()[pri:10, instance:core.Configurations.CollectionOfficerConfig_TestClass@1ce24091] output={null}]]]>
              </value>
            </param>
          </params>
          <reporter-output>
          </reporter-output>
        </test-method> <!-- takeScreenshotOnFailure -->
        <test-method is-config="true" signature="setupTest(java.lang.reflect.Method)[pri:0, instance:core.Configurations.CollectionOfficerConfig_TestClass@1ce24091]" started-at="2025-03-09T20:13:12 IST" name="setupTest" finished-at="2025-03-09T20:13:12 IST" duration-ms="1" status="PASS">
          <params>
            <param index="0">
              <value>
                <![CDATA[public void core.Configurations.CollectionOfficerConfig_TestClass.Test_Uncheck_Collection_Officer_Functionality() throws java.lang.ClassNotFoundException,java.sql.SQLException,java.io.IOException,java.lang.InterruptedException]]>
              </value>
            </param>
          </params>
          <reporter-output>
          </reporter-output>
        </test-method> <!-- setupTest -->
        <test-method signature="Test_Uncheck_Collection_Officer_Functionality()[pri:11, instance:core.Configurations.CollectionOfficerConfig_TestClass@1ce24091]" started-at="2025-03-09T20:13:12 IST" name="Test_Uncheck_Collection_Officer_Functionality" finished-at="2025-03-09T20:14:59 IST" duration-ms="107117" status="PASS">
          <reporter-output>
          </reporter-output>
        </test-method> <!-- Test_Uncheck_Collection_Officer_Functionality -->
        <test-method is-config="true" signature="takeScreenshotOnFailure(org.testng.ITestResult)[pri:0, instance:core.Configurations.CollectionOfficerConfig_TestClass@1ce24091]" started-at="2025-03-09T20:14:59 IST" name="takeScreenshotOnFailure" finished-at="2025-03-09T20:14:59 IST" duration-ms="0" status="PASS">
          <params>
            <param index="0">
              <value>
                <![CDATA[[TestResult name=Test_Uncheck_Collection_Officer_Functionality status=SUCCESS method=CollectionOfficerConfig_TestClass.Test_Uncheck_Collection_Officer_Functionality()[pri:11, instance:core.Configurations.CollectionOfficerConfig_TestClass@1ce24091] output={null}]]]>
              </value>
            </param>
          </params>
          <reporter-output>
          </reporter-output>
        </test-method> <!-- takeScreenshotOnFailure -->
        <test-method is-config="true" signature="afterEachTest()[pri:0, instance:core.Configurations.CollectionOfficerConfig_TestClass@1ce24091]" started-at="2025-03-09T20:14:59 IST" name="afterEachTest" finished-at="2025-03-09T20:15:00 IST" duration-ms="1242" status="PASS">
          <reporter-output>
          </reporter-output>
        </test-method> <!-- afterEachTest -->
      </class> <!-- core.Configurations.CollectionOfficerConfig_TestClass -->
    </test> <!-- Default test -->
  </suite> <!-- Default suite -->
</testng-results>
